[2024-11-26T17:54:01.244+0000] {processor.py:186} INFO - Started process (PID=119) to work on /home/airflow/.local/lib/python3.12/site-packages/airflow/example_dags/example_branch_python_dop_operator_3.py
[2024-11-26T17:54:01.245+0000] {processor.py:914} INFO - Processing file /home/airflow/.local/lib/python3.12/site-packages/airflow/example_dags/example_branch_python_dop_operator_3.py for tasks to queue
[2024-11-26T17:54:01.247+0000] {logging_mixin.py:190} INFO - [2024-11-26T17:54:01.246+0000] {dagbag.py:588} INFO - Filling up the DagBag from /home/airflow/.local/lib/python3.12/site-packages/airflow/example_dags/example_branch_python_dop_operator_3.py
[2024-11-26T17:54:01.256+0000] {processor.py:925} INFO - DAG(s) 'example_branch_dop_operator_v3' retrieved from /home/airflow/.local/lib/python3.12/site-packages/airflow/example_dags/example_branch_python_dop_operator_3.py
[2024-11-26T17:54:01.343+0000] {logging_mixin.py:190} INFO - [2024-11-26T17:54:01.342+0000] {override.py:1911} INFO - Created Permission View: can read on DAG:example_branch_dop_operator_v3
[2024-11-26T17:54:01.351+0000] {logging_mixin.py:190} INFO - [2024-11-26T17:54:01.351+0000] {override.py:1911} INFO - Created Permission View: can delete on DAG:example_branch_dop_operator_v3
[2024-11-26T17:54:01.358+0000] {logging_mixin.py:190} INFO - [2024-11-26T17:54:01.358+0000] {override.py:1911} INFO - Created Permission View: can edit on DAG:example_branch_dop_operator_v3
[2024-11-26T17:54:01.365+0000] {logging_mixin.py:190} INFO - [2024-11-26T17:54:01.365+0000] {override.py:1911} INFO - Created Permission View: can create on DAG Run:example_branch_dop_operator_v3
[2024-11-26T17:54:01.371+0000] {logging_mixin.py:190} INFO - [2024-11-26T17:54:01.371+0000] {override.py:1911} INFO - Created Permission View: can read on DAG Run:example_branch_dop_operator_v3
[2024-11-26T17:54:01.379+0000] {logging_mixin.py:190} INFO - [2024-11-26T17:54:01.379+0000] {override.py:1911} INFO - Created Permission View: can delete on DAG Run:example_branch_dop_operator_v3
[2024-11-26T17:54:01.389+0000] {logging_mixin.py:190} INFO - [2024-11-26T17:54:01.389+0000] {override.py:1911} INFO - Created Permission View: menu access on DAG Run:example_branch_dop_operator_v3
[2024-11-26T17:54:01.390+0000] {logging_mixin.py:190} INFO - [2024-11-26T17:54:01.390+0000] {dag.py:3239} INFO - Sync 1 DAGs
[2024-11-26T17:54:01.403+0000] {logging_mixin.py:190} INFO - [2024-11-26T17:54:01.403+0000] {dag.py:3262} INFO - Creating ORM DAG for example_branch_dop_operator_v3
[2024-11-26T17:54:01.418+0000] {logging_mixin.py:190} INFO - [2024-11-26T17:54:01.418+0000] {dag.py:4180} INFO - Setting next_dagrun for example_branch_dop_operator_v3 to 2024-11-26 17:53:00+00:00, run_after=2024-11-26 17:54:00+00:00
[2024-11-26T17:54:01.437+0000] {processor.py:208} INFO - Processing /home/airflow/.local/lib/python3.12/site-packages/airflow/example_dags/example_branch_python_dop_operator_3.py took 0.198 seconds
[2024-11-26T17:54:31.483+0000] {processor.py:186} INFO - Started process (PID=182) to work on /home/airflow/.local/lib/python3.12/site-packages/airflow/example_dags/example_branch_python_dop_operator_3.py
[2024-11-26T17:54:31.484+0000] {processor.py:914} INFO - Processing file /home/airflow/.local/lib/python3.12/site-packages/airflow/example_dags/example_branch_python_dop_operator_3.py for tasks to queue
[2024-11-26T17:54:31.486+0000] {logging_mixin.py:190} INFO - [2024-11-26T17:54:31.485+0000] {dagbag.py:588} INFO - Filling up the DagBag from /home/airflow/.local/lib/python3.12/site-packages/airflow/example_dags/example_branch_python_dop_operator_3.py
[2024-11-26T17:54:31.493+0000] {processor.py:925} INFO - DAG(s) 'example_branch_dop_operator_v3' retrieved from /home/airflow/.local/lib/python3.12/site-packages/airflow/example_dags/example_branch_python_dop_operator_3.py
[2024-11-26T17:54:31.512+0000] {logging_mixin.py:190} INFO - [2024-11-26T17:54:31.511+0000] {dag.py:3239} INFO - Sync 1 DAGs
[2024-11-26T17:54:31.538+0000] {logging_mixin.py:190} INFO - [2024-11-26T17:54:31.538+0000] {dag.py:4180} INFO - Setting next_dagrun for example_branch_dop_operator_v3 to 2024-11-26 17:53:00+00:00, run_after=2024-11-26 17:54:00+00:00
[2024-11-26T17:54:31.565+0000] {processor.py:208} INFO - Processing /home/airflow/.local/lib/python3.12/site-packages/airflow/example_dags/example_branch_python_dop_operator_3.py took 0.086 seconds
[2024-11-26T17:55:02.017+0000] {processor.py:186} INFO - Started process (PID=245) to work on /home/airflow/.local/lib/python3.12/site-packages/airflow/example_dags/example_branch_python_dop_operator_3.py
[2024-11-26T17:55:02.018+0000] {processor.py:914} INFO - Processing file /home/airflow/.local/lib/python3.12/site-packages/airflow/example_dags/example_branch_python_dop_operator_3.py for tasks to queue
[2024-11-26T17:55:02.020+0000] {logging_mixin.py:190} INFO - [2024-11-26T17:55:02.019+0000] {dagbag.py:588} INFO - Filling up the DagBag from /home/airflow/.local/lib/python3.12/site-packages/airflow/example_dags/example_branch_python_dop_operator_3.py
[2024-11-26T17:55:02.027+0000] {processor.py:925} INFO - DAG(s) 'example_branch_dop_operator_v3' retrieved from /home/airflow/.local/lib/python3.12/site-packages/airflow/example_dags/example_branch_python_dop_operator_3.py
[2024-11-26T17:55:02.044+0000] {logging_mixin.py:190} INFO - [2024-11-26T17:55:02.044+0000] {dag.py:3239} INFO - Sync 1 DAGs
[2024-11-26T17:55:02.066+0000] {logging_mixin.py:190} INFO - [2024-11-26T17:55:02.065+0000] {dag.py:4180} INFO - Setting next_dagrun for example_branch_dop_operator_v3 to 2024-11-26 17:54:00+00:00, run_after=2024-11-26 17:55:00+00:00
[2024-11-26T17:55:02.081+0000] {processor.py:208} INFO - Processing /home/airflow/.local/lib/python3.12/site-packages/airflow/example_dags/example_branch_python_dop_operator_3.py took 0.068 seconds
[2024-11-26T17:55:32.601+0000] {processor.py:186} INFO - Started process (PID=308) to work on /home/airflow/.local/lib/python3.12/site-packages/airflow/example_dags/example_branch_python_dop_operator_3.py
[2024-11-26T17:55:32.602+0000] {processor.py:914} INFO - Processing file /home/airflow/.local/lib/python3.12/site-packages/airflow/example_dags/example_branch_python_dop_operator_3.py for tasks to queue
[2024-11-26T17:55:32.603+0000] {logging_mixin.py:190} INFO - [2024-11-26T17:55:32.603+0000] {dagbag.py:588} INFO - Filling up the DagBag from /home/airflow/.local/lib/python3.12/site-packages/airflow/example_dags/example_branch_python_dop_operator_3.py
[2024-11-26T17:55:32.610+0000] {processor.py:925} INFO - DAG(s) 'example_branch_dop_operator_v3' retrieved from /home/airflow/.local/lib/python3.12/site-packages/airflow/example_dags/example_branch_python_dop_operator_3.py
[2024-11-26T17:55:32.625+0000] {logging_mixin.py:190} INFO - [2024-11-26T17:55:32.625+0000] {dag.py:3239} INFO - Sync 1 DAGs
[2024-11-26T17:55:32.646+0000] {logging_mixin.py:190} INFO - [2024-11-26T17:55:32.646+0000] {dag.py:4180} INFO - Setting next_dagrun for example_branch_dop_operator_v3 to 2024-11-26 17:54:00+00:00, run_after=2024-11-26 17:55:00+00:00
[2024-11-26T17:55:32.660+0000] {processor.py:208} INFO - Processing /home/airflow/.local/lib/python3.12/site-packages/airflow/example_dags/example_branch_python_dop_operator_3.py took 0.063 seconds
[2024-11-26T17:56:03.408+0000] {processor.py:186} INFO - Started process (PID=371) to work on /home/airflow/.local/lib/python3.12/site-packages/airflow/example_dags/example_branch_python_dop_operator_3.py
[2024-11-26T17:56:03.409+0000] {processor.py:914} INFO - Processing file /home/airflow/.local/lib/python3.12/site-packages/airflow/example_dags/example_branch_python_dop_operator_3.py for tasks to queue
[2024-11-26T17:56:03.410+0000] {logging_mixin.py:190} INFO - [2024-11-26T17:56:03.410+0000] {dagbag.py:588} INFO - Filling up the DagBag from /home/airflow/.local/lib/python3.12/site-packages/airflow/example_dags/example_branch_python_dop_operator_3.py
[2024-11-26T17:56:03.418+0000] {processor.py:925} INFO - DAG(s) 'example_branch_dop_operator_v3' retrieved from /home/airflow/.local/lib/python3.12/site-packages/airflow/example_dags/example_branch_python_dop_operator_3.py
[2024-11-26T17:56:03.433+0000] {logging_mixin.py:190} INFO - [2024-11-26T17:56:03.433+0000] {dag.py:3239} INFO - Sync 1 DAGs
[2024-11-26T17:56:03.453+0000] {logging_mixin.py:190} INFO - [2024-11-26T17:56:03.453+0000] {dag.py:4180} INFO - Setting next_dagrun for example_branch_dop_operator_v3 to 2024-11-26 17:55:00+00:00, run_after=2024-11-26 17:56:00+00:00
[2024-11-26T17:56:03.468+0000] {processor.py:208} INFO - Processing /home/airflow/.local/lib/python3.12/site-packages/airflow/example_dags/example_branch_python_dop_operator_3.py took 0.064 seconds
[2024-11-26T17:56:34.298+0000] {processor.py:186} INFO - Started process (PID=434) to work on /home/airflow/.local/lib/python3.12/site-packages/airflow/example_dags/example_branch_python_dop_operator_3.py
[2024-11-26T17:56:34.299+0000] {processor.py:914} INFO - Processing file /home/airflow/.local/lib/python3.12/site-packages/airflow/example_dags/example_branch_python_dop_operator_3.py for tasks to queue
[2024-11-26T17:56:34.300+0000] {logging_mixin.py:190} INFO - [2024-11-26T17:56:34.300+0000] {dagbag.py:588} INFO - Filling up the DagBag from /home/airflow/.local/lib/python3.12/site-packages/airflow/example_dags/example_branch_python_dop_operator_3.py
[2024-11-26T17:56:34.308+0000] {processor.py:925} INFO - DAG(s) 'example_branch_dop_operator_v3' retrieved from /home/airflow/.local/lib/python3.12/site-packages/airflow/example_dags/example_branch_python_dop_operator_3.py
[2024-11-26T17:56:34.323+0000] {logging_mixin.py:190} INFO - [2024-11-26T17:56:34.323+0000] {dag.py:3239} INFO - Sync 1 DAGs
[2024-11-26T17:56:34.343+0000] {logging_mixin.py:190} INFO - [2024-11-26T17:56:34.343+0000] {dag.py:4180} INFO - Setting next_dagrun for example_branch_dop_operator_v3 to 2024-11-26 17:55:00+00:00, run_after=2024-11-26 17:56:00+00:00
[2024-11-26T17:56:34.359+0000] {processor.py:208} INFO - Processing /home/airflow/.local/lib/python3.12/site-packages/airflow/example_dags/example_branch_python_dop_operator_3.py took 0.065 seconds
[2024-11-26T17:57:05.245+0000] {processor.py:186} INFO - Started process (PID=497) to work on /home/airflow/.local/lib/python3.12/site-packages/airflow/example_dags/example_branch_python_dop_operator_3.py
[2024-11-26T17:57:05.245+0000] {processor.py:914} INFO - Processing file /home/airflow/.local/lib/python3.12/site-packages/airflow/example_dags/example_branch_python_dop_operator_3.py for tasks to queue
[2024-11-26T17:57:05.247+0000] {logging_mixin.py:190} INFO - [2024-11-26T17:57:05.247+0000] {dagbag.py:588} INFO - Filling up the DagBag from /home/airflow/.local/lib/python3.12/site-packages/airflow/example_dags/example_branch_python_dop_operator_3.py
[2024-11-26T17:57:05.257+0000] {processor.py:925} INFO - DAG(s) 'example_branch_dop_operator_v3' retrieved from /home/airflow/.local/lib/python3.12/site-packages/airflow/example_dags/example_branch_python_dop_operator_3.py
[2024-11-26T17:57:05.273+0000] {logging_mixin.py:190} INFO - [2024-11-26T17:57:05.273+0000] {dag.py:3239} INFO - Sync 1 DAGs
[2024-11-26T17:57:05.292+0000] {logging_mixin.py:190} INFO - [2024-11-26T17:57:05.292+0000] {dag.py:4180} INFO - Setting next_dagrun for example_branch_dop_operator_v3 to 2024-11-26 17:56:00+00:00, run_after=2024-11-26 17:57:00+00:00
[2024-11-26T17:57:05.307+0000] {processor.py:208} INFO - Processing /home/airflow/.local/lib/python3.12/site-packages/airflow/example_dags/example_branch_python_dop_operator_3.py took 0.067 seconds
[2024-11-26T17:57:36.219+0000] {processor.py:186} INFO - Started process (PID=560) to work on /home/airflow/.local/lib/python3.12/site-packages/airflow/example_dags/example_branch_python_dop_operator_3.py
[2024-11-26T17:57:36.220+0000] {processor.py:914} INFO - Processing file /home/airflow/.local/lib/python3.12/site-packages/airflow/example_dags/example_branch_python_dop_operator_3.py for tasks to queue
[2024-11-26T17:57:36.221+0000] {logging_mixin.py:190} INFO - [2024-11-26T17:57:36.221+0000] {dagbag.py:588} INFO - Filling up the DagBag from /home/airflow/.local/lib/python3.12/site-packages/airflow/example_dags/example_branch_python_dop_operator_3.py
[2024-11-26T17:57:36.229+0000] {processor.py:925} INFO - DAG(s) 'example_branch_dop_operator_v3' retrieved from /home/airflow/.local/lib/python3.12/site-packages/airflow/example_dags/example_branch_python_dop_operator_3.py
[2024-11-26T17:57:36.245+0000] {logging_mixin.py:190} INFO - [2024-11-26T17:57:36.245+0000] {dag.py:3239} INFO - Sync 1 DAGs
[2024-11-26T17:57:36.266+0000] {logging_mixin.py:190} INFO - [2024-11-26T17:57:36.266+0000] {dag.py:4180} INFO - Setting next_dagrun for example_branch_dop_operator_v3 to 2024-11-26 17:56:00+00:00, run_after=2024-11-26 17:57:00+00:00
[2024-11-26T17:57:36.281+0000] {processor.py:208} INFO - Processing /home/airflow/.local/lib/python3.12/site-packages/airflow/example_dags/example_branch_python_dop_operator_3.py took 0.067 seconds
[2024-11-26T17:58:07.304+0000] {processor.py:186} INFO - Started process (PID=623) to work on /home/airflow/.local/lib/python3.12/site-packages/airflow/example_dags/example_branch_python_dop_operator_3.py
[2024-11-26T17:58:07.305+0000] {processor.py:914} INFO - Processing file /home/airflow/.local/lib/python3.12/site-packages/airflow/example_dags/example_branch_python_dop_operator_3.py for tasks to queue
[2024-11-26T17:58:07.307+0000] {logging_mixin.py:190} INFO - [2024-11-26T17:58:07.307+0000] {dagbag.py:588} INFO - Filling up the DagBag from /home/airflow/.local/lib/python3.12/site-packages/airflow/example_dags/example_branch_python_dop_operator_3.py
[2024-11-26T17:58:07.315+0000] {processor.py:925} INFO - DAG(s) 'example_branch_dop_operator_v3' retrieved from /home/airflow/.local/lib/python3.12/site-packages/airflow/example_dags/example_branch_python_dop_operator_3.py
[2024-11-26T17:58:07.330+0000] {logging_mixin.py:190} INFO - [2024-11-26T17:58:07.330+0000] {dag.py:3239} INFO - Sync 1 DAGs
[2024-11-26T17:58:07.352+0000] {logging_mixin.py:190} INFO - [2024-11-26T17:58:07.351+0000] {dag.py:4180} INFO - Setting next_dagrun for example_branch_dop_operator_v3 to 2024-11-26 17:57:00+00:00, run_after=2024-11-26 17:58:00+00:00
[2024-11-26T17:58:07.366+0000] {processor.py:208} INFO - Processing /home/airflow/.local/lib/python3.12/site-packages/airflow/example_dags/example_branch_python_dop_operator_3.py took 0.066 seconds
[2024-11-26T17:58:38.100+0000] {processor.py:186} INFO - Started process (PID=686) to work on /home/airflow/.local/lib/python3.12/site-packages/airflow/example_dags/example_branch_python_dop_operator_3.py
[2024-11-26T17:58:38.100+0000] {processor.py:914} INFO - Processing file /home/airflow/.local/lib/python3.12/site-packages/airflow/example_dags/example_branch_python_dop_operator_3.py for tasks to queue
[2024-11-26T17:58:38.102+0000] {logging_mixin.py:190} INFO - [2024-11-26T17:58:38.102+0000] {dagbag.py:588} INFO - Filling up the DagBag from /home/airflow/.local/lib/python3.12/site-packages/airflow/example_dags/example_branch_python_dop_operator_3.py
[2024-11-26T17:58:38.109+0000] {processor.py:925} INFO - DAG(s) 'example_branch_dop_operator_v3' retrieved from /home/airflow/.local/lib/python3.12/site-packages/airflow/example_dags/example_branch_python_dop_operator_3.py
[2024-11-26T17:58:38.125+0000] {logging_mixin.py:190} INFO - [2024-11-26T17:58:38.124+0000] {dag.py:3239} INFO - Sync 1 DAGs
[2024-11-26T17:58:38.145+0000] {logging_mixin.py:190} INFO - [2024-11-26T17:58:38.145+0000] {dag.py:4180} INFO - Setting next_dagrun for example_branch_dop_operator_v3 to 2024-11-26 17:57:00+00:00, run_after=2024-11-26 17:58:00+00:00
[2024-11-26T17:58:38.162+0000] {processor.py:208} INFO - Processing /home/airflow/.local/lib/python3.12/site-packages/airflow/example_dags/example_branch_python_dop_operator_3.py took 0.066 seconds
[2024-11-26T17:59:08.819+0000] {processor.py:186} INFO - Started process (PID=749) to work on /home/airflow/.local/lib/python3.12/site-packages/airflow/example_dags/example_branch_python_dop_operator_3.py
[2024-11-26T17:59:08.820+0000] {processor.py:914} INFO - Processing file /home/airflow/.local/lib/python3.12/site-packages/airflow/example_dags/example_branch_python_dop_operator_3.py for tasks to queue
[2024-11-26T17:59:08.821+0000] {logging_mixin.py:190} INFO - [2024-11-26T17:59:08.821+0000] {dagbag.py:588} INFO - Filling up the DagBag from /home/airflow/.local/lib/python3.12/site-packages/airflow/example_dags/example_branch_python_dop_operator_3.py
[2024-11-26T17:59:08.829+0000] {processor.py:925} INFO - DAG(s) 'example_branch_dop_operator_v3' retrieved from /home/airflow/.local/lib/python3.12/site-packages/airflow/example_dags/example_branch_python_dop_operator_3.py
[2024-11-26T17:59:08.844+0000] {logging_mixin.py:190} INFO - [2024-11-26T17:59:08.844+0000] {dag.py:3239} INFO - Sync 1 DAGs
[2024-11-26T17:59:08.864+0000] {logging_mixin.py:190} INFO - [2024-11-26T17:59:08.864+0000] {dag.py:4180} INFO - Setting next_dagrun for example_branch_dop_operator_v3 to 2024-11-26 17:58:00+00:00, run_after=2024-11-26 17:59:00+00:00
[2024-11-26T17:59:08.879+0000] {processor.py:208} INFO - Processing /home/airflow/.local/lib/python3.12/site-packages/airflow/example_dags/example_branch_python_dop_operator_3.py took 0.064 seconds
[2024-11-26T18:06:09.387+0000] {processor.py:186} INFO - Started process (PID=114) to work on /home/airflow/.local/lib/python3.12/site-packages/airflow/example_dags/example_branch_python_dop_operator_3.py
[2024-11-26T18:06:09.388+0000] {processor.py:914} INFO - Processing file /home/airflow/.local/lib/python3.12/site-packages/airflow/example_dags/example_branch_python_dop_operator_3.py for tasks to queue
[2024-11-26T18:06:09.389+0000] {logging_mixin.py:190} INFO - [2024-11-26T18:06:09.389+0000] {dagbag.py:588} INFO - Filling up the DagBag from /home/airflow/.local/lib/python3.12/site-packages/airflow/example_dags/example_branch_python_dop_operator_3.py
[2024-11-26T18:06:09.401+0000] {processor.py:925} INFO - DAG(s) 'example_branch_dop_operator_v3' retrieved from /home/airflow/.local/lib/python3.12/site-packages/airflow/example_dags/example_branch_python_dop_operator_3.py
[2024-11-26T18:06:09.418+0000] {logging_mixin.py:190} INFO - [2024-11-26T18:06:09.418+0000] {dag.py:3239} INFO - Sync 1 DAGs
[2024-11-26T18:06:09.439+0000] {logging_mixin.py:190} INFO - [2024-11-26T18:06:09.439+0000] {dag.py:4180} INFO - Setting next_dagrun for example_branch_dop_operator_v3 to 2024-11-26 18:05:00+00:00, run_after=2024-11-26 18:06:00+00:00
[2024-11-26T18:06:09.453+0000] {processor.py:208} INFO - Processing /home/airflow/.local/lib/python3.12/site-packages/airflow/example_dags/example_branch_python_dop_operator_3.py took 0.070 seconds
[2024-11-26T18:06:40.534+0000] {processor.py:186} INFO - Started process (PID=178) to work on /home/airflow/.local/lib/python3.12/site-packages/airflow/example_dags/example_branch_python_dop_operator_3.py
[2024-11-26T18:06:40.535+0000] {processor.py:914} INFO - Processing file /home/airflow/.local/lib/python3.12/site-packages/airflow/example_dags/example_branch_python_dop_operator_3.py for tasks to queue
[2024-11-26T18:06:40.537+0000] {logging_mixin.py:190} INFO - [2024-11-26T18:06:40.537+0000] {dagbag.py:588} INFO - Filling up the DagBag from /home/airflow/.local/lib/python3.12/site-packages/airflow/example_dags/example_branch_python_dop_operator_3.py
[2024-11-26T18:06:40.546+0000] {processor.py:925} INFO - DAG(s) 'example_branch_dop_operator_v3' retrieved from /home/airflow/.local/lib/python3.12/site-packages/airflow/example_dags/example_branch_python_dop_operator_3.py
[2024-11-26T18:06:40.562+0000] {logging_mixin.py:190} INFO - [2024-11-26T18:06:40.562+0000] {dag.py:3239} INFO - Sync 1 DAGs
[2024-11-26T18:06:40.583+0000] {logging_mixin.py:190} INFO - [2024-11-26T18:06:40.583+0000] {dag.py:4180} INFO - Setting next_dagrun for example_branch_dop_operator_v3 to 2024-11-26 18:05:00+00:00, run_after=2024-11-26 18:06:00+00:00
[2024-11-26T18:06:40.598+0000] {processor.py:208} INFO - Processing /home/airflow/.local/lib/python3.12/site-packages/airflow/example_dags/example_branch_python_dop_operator_3.py took 0.068 seconds
[2024-11-26T18:07:11.494+0000] {processor.py:186} INFO - Started process (PID=242) to work on /home/airflow/.local/lib/python3.12/site-packages/airflow/example_dags/example_branch_python_dop_operator_3.py
[2024-11-26T18:07:11.495+0000] {processor.py:914} INFO - Processing file /home/airflow/.local/lib/python3.12/site-packages/airflow/example_dags/example_branch_python_dop_operator_3.py for tasks to queue
[2024-11-26T18:07:11.496+0000] {logging_mixin.py:190} INFO - [2024-11-26T18:07:11.496+0000] {dagbag.py:588} INFO - Filling up the DagBag from /home/airflow/.local/lib/python3.12/site-packages/airflow/example_dags/example_branch_python_dop_operator_3.py
[2024-11-26T18:07:11.504+0000] {processor.py:925} INFO - DAG(s) 'example_branch_dop_operator_v3' retrieved from /home/airflow/.local/lib/python3.12/site-packages/airflow/example_dags/example_branch_python_dop_operator_3.py
[2024-11-26T18:07:11.517+0000] {logging_mixin.py:190} INFO - [2024-11-26T18:07:11.517+0000] {dag.py:3239} INFO - Sync 1 DAGs
[2024-11-26T18:07:11.540+0000] {logging_mixin.py:190} INFO - [2024-11-26T18:07:11.540+0000] {dag.py:4180} INFO - Setting next_dagrun for example_branch_dop_operator_v3 to 2024-11-26 18:06:00+00:00, run_after=2024-11-26 18:07:00+00:00
[2024-11-26T18:07:11.555+0000] {processor.py:208} INFO - Processing /home/airflow/.local/lib/python3.12/site-packages/airflow/example_dags/example_branch_python_dop_operator_3.py took 0.064 seconds
[2024-11-26T18:07:42.113+0000] {processor.py:186} INFO - Started process (PID=306) to work on /home/airflow/.local/lib/python3.12/site-packages/airflow/example_dags/example_branch_python_dop_operator_3.py
[2024-11-26T18:07:42.114+0000] {processor.py:914} INFO - Processing file /home/airflow/.local/lib/python3.12/site-packages/airflow/example_dags/example_branch_python_dop_operator_3.py for tasks to queue
[2024-11-26T18:07:42.115+0000] {logging_mixin.py:190} INFO - [2024-11-26T18:07:42.115+0000] {dagbag.py:588} INFO - Filling up the DagBag from /home/airflow/.local/lib/python3.12/site-packages/airflow/example_dags/example_branch_python_dop_operator_3.py
[2024-11-26T18:07:42.122+0000] {processor.py:925} INFO - DAG(s) 'example_branch_dop_operator_v3' retrieved from /home/airflow/.local/lib/python3.12/site-packages/airflow/example_dags/example_branch_python_dop_operator_3.py
[2024-11-26T18:07:42.137+0000] {logging_mixin.py:190} INFO - [2024-11-26T18:07:42.136+0000] {dag.py:3239} INFO - Sync 1 DAGs
[2024-11-26T18:07:42.156+0000] {logging_mixin.py:190} INFO - [2024-11-26T18:07:42.156+0000] {dag.py:4180} INFO - Setting next_dagrun for example_branch_dop_operator_v3 to 2024-11-26 18:06:00+00:00, run_after=2024-11-26 18:07:00+00:00
[2024-11-26T18:07:42.170+0000] {processor.py:208} INFO - Processing /home/airflow/.local/lib/python3.12/site-packages/airflow/example_dags/example_branch_python_dop_operator_3.py took 0.061 seconds
[2024-11-26T18:08:12.847+0000] {processor.py:186} INFO - Started process (PID=370) to work on /home/airflow/.local/lib/python3.12/site-packages/airflow/example_dags/example_branch_python_dop_operator_3.py
[2024-11-26T18:08:12.848+0000] {processor.py:914} INFO - Processing file /home/airflow/.local/lib/python3.12/site-packages/airflow/example_dags/example_branch_python_dop_operator_3.py for tasks to queue
[2024-11-26T18:08:12.850+0000] {logging_mixin.py:190} INFO - [2024-11-26T18:08:12.849+0000] {dagbag.py:588} INFO - Filling up the DagBag from /home/airflow/.local/lib/python3.12/site-packages/airflow/example_dags/example_branch_python_dop_operator_3.py
[2024-11-26T18:08:12.857+0000] {processor.py:925} INFO - DAG(s) 'example_branch_dop_operator_v3' retrieved from /home/airflow/.local/lib/python3.12/site-packages/airflow/example_dags/example_branch_python_dop_operator_3.py
[2024-11-26T18:08:12.872+0000] {logging_mixin.py:190} INFO - [2024-11-26T18:08:12.872+0000] {dag.py:3239} INFO - Sync 1 DAGs
[2024-11-26T18:08:12.892+0000] {logging_mixin.py:190} INFO - [2024-11-26T18:08:12.891+0000] {dag.py:4180} INFO - Setting next_dagrun for example_branch_dop_operator_v3 to 2024-11-26 18:07:00+00:00, run_after=2024-11-26 18:08:00+00:00
[2024-11-26T18:08:12.907+0000] {processor.py:208} INFO - Processing /home/airflow/.local/lib/python3.12/site-packages/airflow/example_dags/example_branch_python_dop_operator_3.py took 0.064 seconds
[2024-11-26T18:08:43.652+0000] {processor.py:186} INFO - Started process (PID=434) to work on /home/airflow/.local/lib/python3.12/site-packages/airflow/example_dags/example_branch_python_dop_operator_3.py
[2024-11-26T18:08:43.653+0000] {processor.py:914} INFO - Processing file /home/airflow/.local/lib/python3.12/site-packages/airflow/example_dags/example_branch_python_dop_operator_3.py for tasks to queue
[2024-11-26T18:08:43.655+0000] {logging_mixin.py:190} INFO - [2024-11-26T18:08:43.655+0000] {dagbag.py:588} INFO - Filling up the DagBag from /home/airflow/.local/lib/python3.12/site-packages/airflow/example_dags/example_branch_python_dop_operator_3.py
[2024-11-26T18:08:43.662+0000] {processor.py:925} INFO - DAG(s) 'example_branch_dop_operator_v3' retrieved from /home/airflow/.local/lib/python3.12/site-packages/airflow/example_dags/example_branch_python_dop_operator_3.py
[2024-11-26T18:08:43.677+0000] {logging_mixin.py:190} INFO - [2024-11-26T18:08:43.677+0000] {dag.py:3239} INFO - Sync 1 DAGs
[2024-11-26T18:08:43.698+0000] {logging_mixin.py:190} INFO - [2024-11-26T18:08:43.698+0000] {dag.py:4180} INFO - Setting next_dagrun for example_branch_dop_operator_v3 to 2024-11-26 18:07:00+00:00, run_after=2024-11-26 18:08:00+00:00
[2024-11-26T18:08:43.713+0000] {processor.py:208} INFO - Processing /home/airflow/.local/lib/python3.12/site-packages/airflow/example_dags/example_branch_python_dop_operator_3.py took 0.065 seconds
[2024-11-26T18:09:14.650+0000] {processor.py:186} INFO - Started process (PID=499) to work on /home/airflow/.local/lib/python3.12/site-packages/airflow/example_dags/example_branch_python_dop_operator_3.py
[2024-11-26T18:09:14.651+0000] {processor.py:914} INFO - Processing file /home/airflow/.local/lib/python3.12/site-packages/airflow/example_dags/example_branch_python_dop_operator_3.py for tasks to queue
[2024-11-26T18:09:14.653+0000] {logging_mixin.py:190} INFO - [2024-11-26T18:09:14.653+0000] {dagbag.py:588} INFO - Filling up the DagBag from /home/airflow/.local/lib/python3.12/site-packages/airflow/example_dags/example_branch_python_dop_operator_3.py
[2024-11-26T18:09:14.662+0000] {processor.py:925} INFO - DAG(s) 'example_branch_dop_operator_v3' retrieved from /home/airflow/.local/lib/python3.12/site-packages/airflow/example_dags/example_branch_python_dop_operator_3.py
[2024-11-26T18:09:14.678+0000] {logging_mixin.py:190} INFO - [2024-11-26T18:09:14.678+0000] {dag.py:3239} INFO - Sync 1 DAGs
[2024-11-26T18:09:14.699+0000] {logging_mixin.py:190} INFO - [2024-11-26T18:09:14.699+0000] {dag.py:4180} INFO - Setting next_dagrun for example_branch_dop_operator_v3 to 2024-11-26 18:08:00+00:00, run_after=2024-11-26 18:09:00+00:00
[2024-11-26T18:09:14.713+0000] {processor.py:208} INFO - Processing /home/airflow/.local/lib/python3.12/site-packages/airflow/example_dags/example_branch_python_dop_operator_3.py took 0.068 seconds
[2024-11-26T18:09:45.452+0000] {processor.py:186} INFO - Started process (PID=563) to work on /home/airflow/.local/lib/python3.12/site-packages/airflow/example_dags/example_branch_python_dop_operator_3.py
[2024-11-26T18:09:45.452+0000] {processor.py:914} INFO - Processing file /home/airflow/.local/lib/python3.12/site-packages/airflow/example_dags/example_branch_python_dop_operator_3.py for tasks to queue
[2024-11-26T18:09:45.454+0000] {logging_mixin.py:190} INFO - [2024-11-26T18:09:45.454+0000] {dagbag.py:588} INFO - Filling up the DagBag from /home/airflow/.local/lib/python3.12/site-packages/airflow/example_dags/example_branch_python_dop_operator_3.py
[2024-11-26T18:09:45.461+0000] {processor.py:925} INFO - DAG(s) 'example_branch_dop_operator_v3' retrieved from /home/airflow/.local/lib/python3.12/site-packages/airflow/example_dags/example_branch_python_dop_operator_3.py
[2024-11-26T18:09:45.476+0000] {logging_mixin.py:190} INFO - [2024-11-26T18:09:45.476+0000] {dag.py:3239} INFO - Sync 1 DAGs
[2024-11-26T18:09:45.495+0000] {logging_mixin.py:190} INFO - [2024-11-26T18:09:45.495+0000] {dag.py:4180} INFO - Setting next_dagrun for example_branch_dop_operator_v3 to 2024-11-26 18:08:00+00:00, run_after=2024-11-26 18:09:00+00:00
[2024-11-26T18:09:45.510+0000] {processor.py:208} INFO - Processing /home/airflow/.local/lib/python3.12/site-packages/airflow/example_dags/example_branch_python_dop_operator_3.py took 0.062 seconds
[2024-11-26T18:10:16.581+0000] {processor.py:186} INFO - Started process (PID=626) to work on /home/airflow/.local/lib/python3.12/site-packages/airflow/example_dags/example_branch_python_dop_operator_3.py
[2024-11-26T18:10:16.583+0000] {processor.py:914} INFO - Processing file /home/airflow/.local/lib/python3.12/site-packages/airflow/example_dags/example_branch_python_dop_operator_3.py for tasks to queue
[2024-11-26T18:10:16.584+0000] {logging_mixin.py:190} INFO - [2024-11-26T18:10:16.584+0000] {dagbag.py:588} INFO - Filling up the DagBag from /home/airflow/.local/lib/python3.12/site-packages/airflow/example_dags/example_branch_python_dop_operator_3.py
[2024-11-26T18:10:16.592+0000] {processor.py:925} INFO - DAG(s) 'example_branch_dop_operator_v3' retrieved from /home/airflow/.local/lib/python3.12/site-packages/airflow/example_dags/example_branch_python_dop_operator_3.py
[2024-11-26T18:10:16.609+0000] {logging_mixin.py:190} INFO - [2024-11-26T18:10:16.609+0000] {dag.py:3239} INFO - Sync 1 DAGs
[2024-11-26T18:10:16.631+0000] {logging_mixin.py:190} INFO - [2024-11-26T18:10:16.631+0000] {dag.py:4180} INFO - Setting next_dagrun for example_branch_dop_operator_v3 to 2024-11-26 18:09:00+00:00, run_after=2024-11-26 18:10:00+00:00
[2024-11-26T18:10:16.646+0000] {processor.py:208} INFO - Processing /home/airflow/.local/lib/python3.12/site-packages/airflow/example_dags/example_branch_python_dop_operator_3.py took 0.069 seconds
[2024-11-26T18:10:47.632+0000] {processor.py:186} INFO - Started process (PID=689) to work on /home/airflow/.local/lib/python3.12/site-packages/airflow/example_dags/example_branch_python_dop_operator_3.py
[2024-11-26T18:10:47.632+0000] {processor.py:914} INFO - Processing file /home/airflow/.local/lib/python3.12/site-packages/airflow/example_dags/example_branch_python_dop_operator_3.py for tasks to queue
[2024-11-26T18:10:47.633+0000] {logging_mixin.py:190} INFO - [2024-11-26T18:10:47.633+0000] {dagbag.py:588} INFO - Filling up the DagBag from /home/airflow/.local/lib/python3.12/site-packages/airflow/example_dags/example_branch_python_dop_operator_3.py
[2024-11-26T18:10:47.640+0000] {processor.py:925} INFO - DAG(s) 'example_branch_dop_operator_v3' retrieved from /home/airflow/.local/lib/python3.12/site-packages/airflow/example_dags/example_branch_python_dop_operator_3.py
[2024-11-26T18:10:47.655+0000] {logging_mixin.py:190} INFO - [2024-11-26T18:10:47.655+0000] {dag.py:3239} INFO - Sync 1 DAGs
[2024-11-26T18:10:47.676+0000] {logging_mixin.py:190} INFO - [2024-11-26T18:10:47.676+0000] {dag.py:4180} INFO - Setting next_dagrun for example_branch_dop_operator_v3 to 2024-11-26 18:09:00+00:00, run_after=2024-11-26 18:10:00+00:00
[2024-11-26T18:10:47.690+0000] {processor.py:208} INFO - Processing /home/airflow/.local/lib/python3.12/site-packages/airflow/example_dags/example_branch_python_dop_operator_3.py took 0.064 seconds
[2024-11-26T18:11:18.359+0000] {processor.py:186} INFO - Started process (PID=753) to work on /home/airflow/.local/lib/python3.12/site-packages/airflow/example_dags/example_branch_python_dop_operator_3.py
[2024-11-26T18:11:18.359+0000] {processor.py:914} INFO - Processing file /home/airflow/.local/lib/python3.12/site-packages/airflow/example_dags/example_branch_python_dop_operator_3.py for tasks to queue
[2024-11-26T18:11:18.360+0000] {logging_mixin.py:190} INFO - [2024-11-26T18:11:18.360+0000] {dagbag.py:588} INFO - Filling up the DagBag from /home/airflow/.local/lib/python3.12/site-packages/airflow/example_dags/example_branch_python_dop_operator_3.py
[2024-11-26T18:11:18.367+0000] {processor.py:925} INFO - DAG(s) 'example_branch_dop_operator_v3' retrieved from /home/airflow/.local/lib/python3.12/site-packages/airflow/example_dags/example_branch_python_dop_operator_3.py
[2024-11-26T18:11:18.386+0000] {logging_mixin.py:190} INFO - [2024-11-26T18:11:18.385+0000] {dag.py:3239} INFO - Sync 1 DAGs
[2024-11-26T18:11:18.422+0000] {logging_mixin.py:190} INFO - [2024-11-26T18:11:18.421+0000] {dag.py:4180} INFO - Setting next_dagrun for example_branch_dop_operator_v3 to 2024-11-26 18:10:00+00:00, run_after=2024-11-26 18:11:00+00:00
[2024-11-26T18:11:18.445+0000] {processor.py:208} INFO - Processing /home/airflow/.local/lib/python3.12/site-packages/airflow/example_dags/example_branch_python_dop_operator_3.py took 0.090 seconds
[2024-11-26T18:12:34.026+0000] {processor.py:186} INFO - Started process (PID=108) to work on /home/airflow/.local/lib/python3.12/site-packages/airflow/example_dags/example_branch_python_dop_operator_3.py
[2024-11-26T18:12:34.027+0000] {processor.py:914} INFO - Processing file /home/airflow/.local/lib/python3.12/site-packages/airflow/example_dags/example_branch_python_dop_operator_3.py for tasks to queue
[2024-11-26T18:12:34.028+0000] {logging_mixin.py:190} INFO - [2024-11-26T18:12:34.028+0000] {dagbag.py:588} INFO - Filling up the DagBag from /home/airflow/.local/lib/python3.12/site-packages/airflow/example_dags/example_branch_python_dop_operator_3.py
[2024-11-26T18:12:34.035+0000] {processor.py:925} INFO - DAG(s) 'example_branch_dop_operator_v3' retrieved from /home/airflow/.local/lib/python3.12/site-packages/airflow/example_dags/example_branch_python_dop_operator_3.py
[2024-11-26T18:12:34.049+0000] {logging_mixin.py:190} INFO - [2024-11-26T18:12:34.049+0000] {dag.py:3239} INFO - Sync 1 DAGs
[2024-11-26T18:12:34.067+0000] {logging_mixin.py:190} INFO - [2024-11-26T18:12:34.067+0000] {dag.py:4180} INFO - Setting next_dagrun for example_branch_dop_operator_v3 to 2024-11-26 18:11:00+00:00, run_after=2024-11-26 18:12:00+00:00
[2024-11-26T18:12:34.081+0000] {processor.py:208} INFO - Processing /home/airflow/.local/lib/python3.12/site-packages/airflow/example_dags/example_branch_python_dop_operator_3.py took 0.058 seconds
[2024-11-26T18:13:04.721+0000] {processor.py:186} INFO - Started process (PID=172) to work on /home/airflow/.local/lib/python3.12/site-packages/airflow/example_dags/example_branch_python_dop_operator_3.py
[2024-11-26T18:13:04.722+0000] {processor.py:914} INFO - Processing file /home/airflow/.local/lib/python3.12/site-packages/airflow/example_dags/example_branch_python_dop_operator_3.py for tasks to queue
[2024-11-26T18:13:04.724+0000] {logging_mixin.py:190} INFO - [2024-11-26T18:13:04.724+0000] {dagbag.py:588} INFO - Filling up the DagBag from /home/airflow/.local/lib/python3.12/site-packages/airflow/example_dags/example_branch_python_dop_operator_3.py
[2024-11-26T18:13:04.731+0000] {processor.py:925} INFO - DAG(s) 'example_branch_dop_operator_v3' retrieved from /home/airflow/.local/lib/python3.12/site-packages/airflow/example_dags/example_branch_python_dop_operator_3.py
[2024-11-26T18:13:04.748+0000] {logging_mixin.py:190} INFO - [2024-11-26T18:13:04.748+0000] {dag.py:3239} INFO - Sync 1 DAGs
[2024-11-26T18:13:04.769+0000] {logging_mixin.py:190} INFO - [2024-11-26T18:13:04.769+0000] {dag.py:4180} INFO - Setting next_dagrun for example_branch_dop_operator_v3 to 2024-11-26 18:12:00+00:00, run_after=2024-11-26 18:13:00+00:00
[2024-11-26T18:13:04.784+0000] {processor.py:208} INFO - Processing /home/airflow/.local/lib/python3.12/site-packages/airflow/example_dags/example_branch_python_dop_operator_3.py took 0.066 seconds
[2024-11-26T18:13:35.834+0000] {processor.py:186} INFO - Started process (PID=236) to work on /home/airflow/.local/lib/python3.12/site-packages/airflow/example_dags/example_branch_python_dop_operator_3.py
[2024-11-26T18:13:35.835+0000] {processor.py:914} INFO - Processing file /home/airflow/.local/lib/python3.12/site-packages/airflow/example_dags/example_branch_python_dop_operator_3.py for tasks to queue
[2024-11-26T18:13:35.836+0000] {logging_mixin.py:190} INFO - [2024-11-26T18:13:35.836+0000] {dagbag.py:588} INFO - Filling up the DagBag from /home/airflow/.local/lib/python3.12/site-packages/airflow/example_dags/example_branch_python_dop_operator_3.py
[2024-11-26T18:13:35.844+0000] {processor.py:925} INFO - DAG(s) 'example_branch_dop_operator_v3' retrieved from /home/airflow/.local/lib/python3.12/site-packages/airflow/example_dags/example_branch_python_dop_operator_3.py
[2024-11-26T18:13:35.859+0000] {logging_mixin.py:190} INFO - [2024-11-26T18:13:35.858+0000] {dag.py:3239} INFO - Sync 1 DAGs
[2024-11-26T18:13:35.879+0000] {logging_mixin.py:190} INFO - [2024-11-26T18:13:35.878+0000] {dag.py:4180} INFO - Setting next_dagrun for example_branch_dop_operator_v3 to 2024-11-26 18:12:00+00:00, run_after=2024-11-26 18:13:00+00:00
[2024-11-26T18:13:35.893+0000] {processor.py:208} INFO - Processing /home/airflow/.local/lib/python3.12/site-packages/airflow/example_dags/example_branch_python_dop_operator_3.py took 0.062 seconds
[2024-11-26T18:14:07.012+0000] {processor.py:186} INFO - Started process (PID=300) to work on /home/airflow/.local/lib/python3.12/site-packages/airflow/example_dags/example_branch_python_dop_operator_3.py
[2024-11-26T18:14:07.012+0000] {processor.py:914} INFO - Processing file /home/airflow/.local/lib/python3.12/site-packages/airflow/example_dags/example_branch_python_dop_operator_3.py for tasks to queue
[2024-11-26T18:14:07.014+0000] {logging_mixin.py:190} INFO - [2024-11-26T18:14:07.014+0000] {dagbag.py:588} INFO - Filling up the DagBag from /home/airflow/.local/lib/python3.12/site-packages/airflow/example_dags/example_branch_python_dop_operator_3.py
[2024-11-26T18:14:07.022+0000] {processor.py:925} INFO - DAG(s) 'example_branch_dop_operator_v3' retrieved from /home/airflow/.local/lib/python3.12/site-packages/airflow/example_dags/example_branch_python_dop_operator_3.py
[2024-11-26T18:14:07.038+0000] {logging_mixin.py:190} INFO - [2024-11-26T18:14:07.038+0000] {dag.py:3239} INFO - Sync 1 DAGs
[2024-11-26T18:14:07.061+0000] {logging_mixin.py:190} INFO - [2024-11-26T18:14:07.061+0000] {dag.py:4180} INFO - Setting next_dagrun for example_branch_dop_operator_v3 to 2024-11-26 18:13:00+00:00, run_after=2024-11-26 18:14:00+00:00
[2024-11-26T18:14:07.080+0000] {processor.py:208} INFO - Processing /home/airflow/.local/lib/python3.12/site-packages/airflow/example_dags/example_branch_python_dop_operator_3.py took 0.073 seconds
[2024-11-26T18:14:37.903+0000] {processor.py:186} INFO - Started process (PID=364) to work on /home/airflow/.local/lib/python3.12/site-packages/airflow/example_dags/example_branch_python_dop_operator_3.py
[2024-11-26T18:14:37.904+0000] {processor.py:914} INFO - Processing file /home/airflow/.local/lib/python3.12/site-packages/airflow/example_dags/example_branch_python_dop_operator_3.py for tasks to queue
[2024-11-26T18:14:37.906+0000] {logging_mixin.py:190} INFO - [2024-11-26T18:14:37.906+0000] {dagbag.py:588} INFO - Filling up the DagBag from /home/airflow/.local/lib/python3.12/site-packages/airflow/example_dags/example_branch_python_dop_operator_3.py
[2024-11-26T18:14:37.914+0000] {processor.py:925} INFO - DAG(s) 'example_branch_dop_operator_v3' retrieved from /home/airflow/.local/lib/python3.12/site-packages/airflow/example_dags/example_branch_python_dop_operator_3.py
[2024-11-26T18:14:37.930+0000] {logging_mixin.py:190} INFO - [2024-11-26T18:14:37.930+0000] {dag.py:3239} INFO - Sync 1 DAGs
[2024-11-26T18:14:37.952+0000] {logging_mixin.py:190} INFO - [2024-11-26T18:14:37.952+0000] {dag.py:4180} INFO - Setting next_dagrun for example_branch_dop_operator_v3 to 2024-11-26 18:13:00+00:00, run_after=2024-11-26 18:14:00+00:00
[2024-11-26T18:14:37.969+0000] {processor.py:208} INFO - Processing /home/airflow/.local/lib/python3.12/site-packages/airflow/example_dags/example_branch_python_dop_operator_3.py took 0.072 seconds
[2024-11-26T18:15:08.643+0000] {processor.py:186} INFO - Started process (PID=428) to work on /home/airflow/.local/lib/python3.12/site-packages/airflow/example_dags/example_branch_python_dop_operator_3.py
[2024-11-26T18:15:08.643+0000] {processor.py:914} INFO - Processing file /home/airflow/.local/lib/python3.12/site-packages/airflow/example_dags/example_branch_python_dop_operator_3.py for tasks to queue
[2024-11-26T18:15:08.645+0000] {logging_mixin.py:190} INFO - [2024-11-26T18:15:08.645+0000] {dagbag.py:588} INFO - Filling up the DagBag from /home/airflow/.local/lib/python3.12/site-packages/airflow/example_dags/example_branch_python_dop_operator_3.py
[2024-11-26T18:15:08.652+0000] {processor.py:925} INFO - DAG(s) 'example_branch_dop_operator_v3' retrieved from /home/airflow/.local/lib/python3.12/site-packages/airflow/example_dags/example_branch_python_dop_operator_3.py
[2024-11-26T18:15:08.665+0000] {logging_mixin.py:190} INFO - [2024-11-26T18:15:08.665+0000] {dag.py:3239} INFO - Sync 1 DAGs
[2024-11-26T18:15:08.684+0000] {logging_mixin.py:190} INFO - [2024-11-26T18:15:08.684+0000] {dag.py:4180} INFO - Setting next_dagrun for example_branch_dop_operator_v3 to 2024-11-26 18:14:00+00:00, run_after=2024-11-26 18:15:00+00:00
[2024-11-26T18:15:08.700+0000] {processor.py:208} INFO - Processing /home/airflow/.local/lib/python3.12/site-packages/airflow/example_dags/example_branch_python_dop_operator_3.py took 0.060 seconds
[2024-11-26T18:15:39.499+0000] {processor.py:186} INFO - Started process (PID=492) to work on /home/airflow/.local/lib/python3.12/site-packages/airflow/example_dags/example_branch_python_dop_operator_3.py
[2024-11-26T18:15:39.500+0000] {processor.py:914} INFO - Processing file /home/airflow/.local/lib/python3.12/site-packages/airflow/example_dags/example_branch_python_dop_operator_3.py for tasks to queue
[2024-11-26T18:15:39.502+0000] {logging_mixin.py:190} INFO - [2024-11-26T18:15:39.502+0000] {dagbag.py:588} INFO - Filling up the DagBag from /home/airflow/.local/lib/python3.12/site-packages/airflow/example_dags/example_branch_python_dop_operator_3.py
[2024-11-26T18:15:39.510+0000] {processor.py:925} INFO - DAG(s) 'example_branch_dop_operator_v3' retrieved from /home/airflow/.local/lib/python3.12/site-packages/airflow/example_dags/example_branch_python_dop_operator_3.py
[2024-11-26T18:15:39.524+0000] {logging_mixin.py:190} INFO - [2024-11-26T18:15:39.524+0000] {dag.py:3239} INFO - Sync 1 DAGs
[2024-11-26T18:15:39.546+0000] {logging_mixin.py:190} INFO - [2024-11-26T18:15:39.545+0000] {dag.py:4180} INFO - Setting next_dagrun for example_branch_dop_operator_v3 to 2024-11-26 18:14:00+00:00, run_after=2024-11-26 18:15:00+00:00
[2024-11-26T18:15:39.560+0000] {processor.py:208} INFO - Processing /home/airflow/.local/lib/python3.12/site-packages/airflow/example_dags/example_branch_python_dop_operator_3.py took 0.065 seconds
[2024-11-26T18:16:10.147+0000] {processor.py:186} INFO - Started process (PID=556) to work on /home/airflow/.local/lib/python3.12/site-packages/airflow/example_dags/example_branch_python_dop_operator_3.py
[2024-11-26T18:16:10.148+0000] {processor.py:914} INFO - Processing file /home/airflow/.local/lib/python3.12/site-packages/airflow/example_dags/example_branch_python_dop_operator_3.py for tasks to queue
[2024-11-26T18:16:10.149+0000] {logging_mixin.py:190} INFO - [2024-11-26T18:16:10.149+0000] {dagbag.py:588} INFO - Filling up the DagBag from /home/airflow/.local/lib/python3.12/site-packages/airflow/example_dags/example_branch_python_dop_operator_3.py
[2024-11-26T18:16:10.156+0000] {processor.py:925} INFO - DAG(s) 'example_branch_dop_operator_v3' retrieved from /home/airflow/.local/lib/python3.12/site-packages/airflow/example_dags/example_branch_python_dop_operator_3.py
[2024-11-26T18:16:10.169+0000] {logging_mixin.py:190} INFO - [2024-11-26T18:16:10.169+0000] {dag.py:3239} INFO - Sync 1 DAGs
[2024-11-26T18:16:10.188+0000] {logging_mixin.py:190} INFO - [2024-11-26T18:16:10.188+0000] {dag.py:4180} INFO - Setting next_dagrun for example_branch_dop_operator_v3 to 2024-11-26 18:15:00+00:00, run_after=2024-11-26 18:16:00+00:00
[2024-11-26T18:16:10.202+0000] {processor.py:208} INFO - Processing /home/airflow/.local/lib/python3.12/site-packages/airflow/example_dags/example_branch_python_dop_operator_3.py took 0.058 seconds
[2024-11-26T18:16:40.824+0000] {processor.py:186} INFO - Started process (PID=620) to work on /home/airflow/.local/lib/python3.12/site-packages/airflow/example_dags/example_branch_python_dop_operator_3.py
[2024-11-26T18:16:40.825+0000] {processor.py:914} INFO - Processing file /home/airflow/.local/lib/python3.12/site-packages/airflow/example_dags/example_branch_python_dop_operator_3.py for tasks to queue
[2024-11-26T18:16:40.827+0000] {logging_mixin.py:190} INFO - [2024-11-26T18:16:40.827+0000] {dagbag.py:588} INFO - Filling up the DagBag from /home/airflow/.local/lib/python3.12/site-packages/airflow/example_dags/example_branch_python_dop_operator_3.py
[2024-11-26T18:16:40.836+0000] {processor.py:925} INFO - DAG(s) 'example_branch_dop_operator_v3' retrieved from /home/airflow/.local/lib/python3.12/site-packages/airflow/example_dags/example_branch_python_dop_operator_3.py
[2024-11-26T18:16:40.853+0000] {logging_mixin.py:190} INFO - [2024-11-26T18:16:40.853+0000] {dag.py:3239} INFO - Sync 1 DAGs
[2024-11-26T18:16:40.874+0000] {logging_mixin.py:190} INFO - [2024-11-26T18:16:40.874+0000] {dag.py:4180} INFO - Setting next_dagrun for example_branch_dop_operator_v3 to 2024-11-26 18:15:00+00:00, run_after=2024-11-26 18:16:00+00:00
[2024-11-26T18:16:40.889+0000] {processor.py:208} INFO - Processing /home/airflow/.local/lib/python3.12/site-packages/airflow/example_dags/example_branch_python_dop_operator_3.py took 0.070 seconds
[2024-11-26T18:17:11.641+0000] {processor.py:186} INFO - Started process (PID=684) to work on /home/airflow/.local/lib/python3.12/site-packages/airflow/example_dags/example_branch_python_dop_operator_3.py
[2024-11-26T18:17:11.641+0000] {processor.py:914} INFO - Processing file /home/airflow/.local/lib/python3.12/site-packages/airflow/example_dags/example_branch_python_dop_operator_3.py for tasks to queue
[2024-11-26T18:17:11.643+0000] {logging_mixin.py:190} INFO - [2024-11-26T18:17:11.643+0000] {dagbag.py:588} INFO - Filling up the DagBag from /home/airflow/.local/lib/python3.12/site-packages/airflow/example_dags/example_branch_python_dop_operator_3.py
[2024-11-26T18:17:11.650+0000] {processor.py:925} INFO - DAG(s) 'example_branch_dop_operator_v3' retrieved from /home/airflow/.local/lib/python3.12/site-packages/airflow/example_dags/example_branch_python_dop_operator_3.py
[2024-11-26T18:17:11.664+0000] {logging_mixin.py:190} INFO - [2024-11-26T18:17:11.664+0000] {dag.py:3239} INFO - Sync 1 DAGs
[2024-11-26T18:17:11.682+0000] {logging_mixin.py:190} INFO - [2024-11-26T18:17:11.682+0000] {dag.py:4180} INFO - Setting next_dagrun for example_branch_dop_operator_v3 to 2024-11-26 18:16:00+00:00, run_after=2024-11-26 18:17:00+00:00
[2024-11-26T18:17:11.696+0000] {processor.py:208} INFO - Processing /home/airflow/.local/lib/python3.12/site-packages/airflow/example_dags/example_branch_python_dop_operator_3.py took 0.059 seconds
[2024-11-26T18:17:42.674+0000] {processor.py:186} INFO - Started process (PID=748) to work on /home/airflow/.local/lib/python3.12/site-packages/airflow/example_dags/example_branch_python_dop_operator_3.py
[2024-11-26T18:17:42.675+0000] {processor.py:914} INFO - Processing file /home/airflow/.local/lib/python3.12/site-packages/airflow/example_dags/example_branch_python_dop_operator_3.py for tasks to queue
[2024-11-26T18:17:42.676+0000] {logging_mixin.py:190} INFO - [2024-11-26T18:17:42.676+0000] {dagbag.py:588} INFO - Filling up the DagBag from /home/airflow/.local/lib/python3.12/site-packages/airflow/example_dags/example_branch_python_dop_operator_3.py
[2024-11-26T18:17:42.684+0000] {processor.py:925} INFO - DAG(s) 'example_branch_dop_operator_v3' retrieved from /home/airflow/.local/lib/python3.12/site-packages/airflow/example_dags/example_branch_python_dop_operator_3.py
[2024-11-26T18:17:42.698+0000] {logging_mixin.py:190} INFO - [2024-11-26T18:17:42.698+0000] {dag.py:3239} INFO - Sync 1 DAGs
[2024-11-26T18:17:42.718+0000] {logging_mixin.py:190} INFO - [2024-11-26T18:17:42.718+0000] {dag.py:4180} INFO - Setting next_dagrun for example_branch_dop_operator_v3 to 2024-11-26 18:16:00+00:00, run_after=2024-11-26 18:17:00+00:00
[2024-11-26T18:17:42.732+0000] {processor.py:208} INFO - Processing /home/airflow/.local/lib/python3.12/site-packages/airflow/example_dags/example_branch_python_dop_operator_3.py took 0.062 seconds
[2024-11-26T18:18:13.380+0000] {processor.py:186} INFO - Started process (PID=812) to work on /home/airflow/.local/lib/python3.12/site-packages/airflow/example_dags/example_branch_python_dop_operator_3.py
[2024-11-26T18:18:13.381+0000] {processor.py:914} INFO - Processing file /home/airflow/.local/lib/python3.12/site-packages/airflow/example_dags/example_branch_python_dop_operator_3.py for tasks to queue
[2024-11-26T18:18:13.383+0000] {logging_mixin.py:190} INFO - [2024-11-26T18:18:13.383+0000] {dagbag.py:588} INFO - Filling up the DagBag from /home/airflow/.local/lib/python3.12/site-packages/airflow/example_dags/example_branch_python_dop_operator_3.py
[2024-11-26T18:18:13.390+0000] {processor.py:925} INFO - DAG(s) 'example_branch_dop_operator_v3' retrieved from /home/airflow/.local/lib/python3.12/site-packages/airflow/example_dags/example_branch_python_dop_operator_3.py
[2024-11-26T18:18:13.405+0000] {logging_mixin.py:190} INFO - [2024-11-26T18:18:13.405+0000] {dag.py:3239} INFO - Sync 1 DAGs
[2024-11-26T18:18:13.425+0000] {logging_mixin.py:190} INFO - [2024-11-26T18:18:13.425+0000] {dag.py:4180} INFO - Setting next_dagrun for example_branch_dop_operator_v3 to 2024-11-26 18:17:00+00:00, run_after=2024-11-26 18:18:00+00:00
[2024-11-26T18:18:13.442+0000] {processor.py:208} INFO - Processing /home/airflow/.local/lib/python3.12/site-packages/airflow/example_dags/example_branch_python_dop_operator_3.py took 0.065 seconds
[2024-11-26T18:44:13.369+0000] {processor.py:186} INFO - Started process (PID=125) to work on /home/airflow/.local/lib/python3.12/site-packages/airflow/example_dags/example_branch_python_dop_operator_3.py
[2024-11-26T18:44:13.370+0000] {processor.py:914} INFO - Processing file /home/airflow/.local/lib/python3.12/site-packages/airflow/example_dags/example_branch_python_dop_operator_3.py for tasks to queue
[2024-11-26T18:44:13.371+0000] {logging_mixin.py:190} INFO - [2024-11-26T18:44:13.371+0000] {dagbag.py:588} INFO - Filling up the DagBag from /home/airflow/.local/lib/python3.12/site-packages/airflow/example_dags/example_branch_python_dop_operator_3.py
[2024-11-26T18:44:13.379+0000] {processor.py:925} INFO - DAG(s) 'example_branch_dop_operator_v3' retrieved from /home/airflow/.local/lib/python3.12/site-packages/airflow/example_dags/example_branch_python_dop_operator_3.py
[2024-11-26T18:44:13.394+0000] {logging_mixin.py:190} INFO - [2024-11-26T18:44:13.394+0000] {dag.py:3239} INFO - Sync 1 DAGs
[2024-11-26T18:44:13.415+0000] {logging_mixin.py:190} INFO - [2024-11-26T18:44:13.415+0000] {dag.py:4180} INFO - Setting next_dagrun for example_branch_dop_operator_v3 to 2024-11-26 18:43:00+00:00, run_after=2024-11-26 18:44:00+00:00
[2024-11-26T18:44:13.430+0000] {processor.py:208} INFO - Processing /home/airflow/.local/lib/python3.12/site-packages/airflow/example_dags/example_branch_python_dop_operator_3.py took 0.065 seconds
[2024-11-26T18:44:44.658+0000] {processor.py:186} INFO - Started process (PID=200) to work on /home/airflow/.local/lib/python3.12/site-packages/airflow/example_dags/example_branch_python_dop_operator_3.py
[2024-11-26T18:44:44.658+0000] {processor.py:914} INFO - Processing file /home/airflow/.local/lib/python3.12/site-packages/airflow/example_dags/example_branch_python_dop_operator_3.py for tasks to queue
[2024-11-26T18:44:44.660+0000] {logging_mixin.py:190} INFO - [2024-11-26T18:44:44.660+0000] {dagbag.py:588} INFO - Filling up the DagBag from /home/airflow/.local/lib/python3.12/site-packages/airflow/example_dags/example_branch_python_dop_operator_3.py
[2024-11-26T18:44:44.667+0000] {processor.py:925} INFO - DAG(s) 'example_branch_dop_operator_v3' retrieved from /home/airflow/.local/lib/python3.12/site-packages/airflow/example_dags/example_branch_python_dop_operator_3.py
[2024-11-26T18:44:44.681+0000] {logging_mixin.py:190} INFO - [2024-11-26T18:44:44.681+0000] {dag.py:3239} INFO - Sync 1 DAGs
[2024-11-26T18:44:44.700+0000] {logging_mixin.py:190} INFO - [2024-11-26T18:44:44.699+0000] {dag.py:4180} INFO - Setting next_dagrun for example_branch_dop_operator_v3 to 2024-11-26 18:43:00+00:00, run_after=2024-11-26 18:44:00+00:00
[2024-11-26T18:44:44.712+0000] {processor.py:208} INFO - Processing /home/airflow/.local/lib/python3.12/site-packages/airflow/example_dags/example_branch_python_dop_operator_3.py took 0.059 seconds
[2024-11-26T18:45:16.149+0000] {processor.py:186} INFO - Started process (PID=275) to work on /home/airflow/.local/lib/python3.12/site-packages/airflow/example_dags/example_branch_python_dop_operator_3.py
[2024-11-26T18:45:16.150+0000] {processor.py:914} INFO - Processing file /home/airflow/.local/lib/python3.12/site-packages/airflow/example_dags/example_branch_python_dop_operator_3.py for tasks to queue
[2024-11-26T18:45:16.152+0000] {logging_mixin.py:190} INFO - [2024-11-26T18:45:16.151+0000] {dagbag.py:588} INFO - Filling up the DagBag from /home/airflow/.local/lib/python3.12/site-packages/airflow/example_dags/example_branch_python_dop_operator_3.py
[2024-11-26T18:45:16.159+0000] {processor.py:925} INFO - DAG(s) 'example_branch_dop_operator_v3' retrieved from /home/airflow/.local/lib/python3.12/site-packages/airflow/example_dags/example_branch_python_dop_operator_3.py
[2024-11-26T18:45:16.177+0000] {logging_mixin.py:190} INFO - [2024-11-26T18:45:16.176+0000] {dag.py:3239} INFO - Sync 1 DAGs
[2024-11-26T18:45:16.201+0000] {logging_mixin.py:190} INFO - [2024-11-26T18:45:16.200+0000] {dag.py:4180} INFO - Setting next_dagrun for example_branch_dop_operator_v3 to 2024-11-26 18:44:00+00:00, run_after=2024-11-26 18:45:00+00:00
[2024-11-26T18:45:16.218+0000] {processor.py:208} INFO - Processing /home/airflow/.local/lib/python3.12/site-packages/airflow/example_dags/example_branch_python_dop_operator_3.py took 0.074 seconds
[2024-11-26T18:45:46.958+0000] {processor.py:186} INFO - Started process (PID=350) to work on /home/airflow/.local/lib/python3.12/site-packages/airflow/example_dags/example_branch_python_dop_operator_3.py
[2024-11-26T18:45:46.959+0000] {processor.py:914} INFO - Processing file /home/airflow/.local/lib/python3.12/site-packages/airflow/example_dags/example_branch_python_dop_operator_3.py for tasks to queue
[2024-11-26T18:45:46.961+0000] {logging_mixin.py:190} INFO - [2024-11-26T18:45:46.961+0000] {dagbag.py:588} INFO - Filling up the DagBag from /home/airflow/.local/lib/python3.12/site-packages/airflow/example_dags/example_branch_python_dop_operator_3.py
[2024-11-26T18:45:46.975+0000] {processor.py:925} INFO - DAG(s) 'example_branch_dop_operator_v3' retrieved from /home/airflow/.local/lib/python3.12/site-packages/airflow/example_dags/example_branch_python_dop_operator_3.py
[2024-11-26T18:45:46.998+0000] {logging_mixin.py:190} INFO - [2024-11-26T18:45:46.997+0000] {dag.py:3239} INFO - Sync 1 DAGs
[2024-11-26T18:45:47.033+0000] {logging_mixin.py:190} INFO - [2024-11-26T18:45:47.033+0000] {dag.py:4180} INFO - Setting next_dagrun for example_branch_dop_operator_v3 to 2024-11-26 18:44:00+00:00, run_after=2024-11-26 18:45:00+00:00
[2024-11-26T18:45:47.060+0000] {processor.py:208} INFO - Processing /home/airflow/.local/lib/python3.12/site-packages/airflow/example_dags/example_branch_python_dop_operator_3.py took 0.107 seconds
[2024-11-26T18:46:17.667+0000] {processor.py:186} INFO - Started process (PID=425) to work on /home/airflow/.local/lib/python3.12/site-packages/airflow/example_dags/example_branch_python_dop_operator_3.py
[2024-11-26T18:46:17.668+0000] {processor.py:914} INFO - Processing file /home/airflow/.local/lib/python3.12/site-packages/airflow/example_dags/example_branch_python_dop_operator_3.py for tasks to queue
[2024-11-26T18:46:17.670+0000] {logging_mixin.py:190} INFO - [2024-11-26T18:46:17.669+0000] {dagbag.py:588} INFO - Filling up the DagBag from /home/airflow/.local/lib/python3.12/site-packages/airflow/example_dags/example_branch_python_dop_operator_3.py
[2024-11-26T18:46:17.677+0000] {processor.py:925} INFO - DAG(s) 'example_branch_dop_operator_v3' retrieved from /home/airflow/.local/lib/python3.12/site-packages/airflow/example_dags/example_branch_python_dop_operator_3.py
[2024-11-26T18:46:17.692+0000] {logging_mixin.py:190} INFO - [2024-11-26T18:46:17.692+0000] {dag.py:3239} INFO - Sync 1 DAGs
[2024-11-26T18:46:17.712+0000] {logging_mixin.py:190} INFO - [2024-11-26T18:46:17.711+0000] {dag.py:4180} INFO - Setting next_dagrun for example_branch_dop_operator_v3 to 2024-11-26 18:45:00+00:00, run_after=2024-11-26 18:46:00+00:00
[2024-11-26T18:46:17.726+0000] {processor.py:208} INFO - Processing /home/airflow/.local/lib/python3.12/site-packages/airflow/example_dags/example_branch_python_dop_operator_3.py took 0.063 seconds
[2024-11-26T18:46:48.384+0000] {processor.py:186} INFO - Started process (PID=500) to work on /home/airflow/.local/lib/python3.12/site-packages/airflow/example_dags/example_branch_python_dop_operator_3.py
[2024-11-26T18:46:48.385+0000] {processor.py:914} INFO - Processing file /home/airflow/.local/lib/python3.12/site-packages/airflow/example_dags/example_branch_python_dop_operator_3.py for tasks to queue
[2024-11-26T18:46:48.387+0000] {logging_mixin.py:190} INFO - [2024-11-26T18:46:48.387+0000] {dagbag.py:588} INFO - Filling up the DagBag from /home/airflow/.local/lib/python3.12/site-packages/airflow/example_dags/example_branch_python_dop_operator_3.py
[2024-11-26T18:46:48.394+0000] {processor.py:925} INFO - DAG(s) 'example_branch_dop_operator_v3' retrieved from /home/airflow/.local/lib/python3.12/site-packages/airflow/example_dags/example_branch_python_dop_operator_3.py
[2024-11-26T18:46:48.410+0000] {logging_mixin.py:190} INFO - [2024-11-26T18:46:48.409+0000] {dag.py:3239} INFO - Sync 1 DAGs
[2024-11-26T18:46:48.429+0000] {logging_mixin.py:190} INFO - [2024-11-26T18:46:48.429+0000] {dag.py:4180} INFO - Setting next_dagrun for example_branch_dop_operator_v3 to 2024-11-26 18:45:00+00:00, run_after=2024-11-26 18:46:00+00:00
[2024-11-26T18:46:48.443+0000] {processor.py:208} INFO - Processing /home/airflow/.local/lib/python3.12/site-packages/airflow/example_dags/example_branch_python_dop_operator_3.py took 0.063 seconds
[2024-11-26T18:47:19.799+0000] {processor.py:186} INFO - Started process (PID=575) to work on /home/airflow/.local/lib/python3.12/site-packages/airflow/example_dags/example_branch_python_dop_operator_3.py
[2024-11-26T18:47:19.799+0000] {processor.py:914} INFO - Processing file /home/airflow/.local/lib/python3.12/site-packages/airflow/example_dags/example_branch_python_dop_operator_3.py for tasks to queue
[2024-11-26T18:47:19.801+0000] {logging_mixin.py:190} INFO - [2024-11-26T18:47:19.801+0000] {dagbag.py:588} INFO - Filling up the DagBag from /home/airflow/.local/lib/python3.12/site-packages/airflow/example_dags/example_branch_python_dop_operator_3.py
[2024-11-26T18:47:19.808+0000] {processor.py:925} INFO - DAG(s) 'example_branch_dop_operator_v3' retrieved from /home/airflow/.local/lib/python3.12/site-packages/airflow/example_dags/example_branch_python_dop_operator_3.py
[2024-11-26T18:47:19.823+0000] {logging_mixin.py:190} INFO - [2024-11-26T18:47:19.823+0000] {dag.py:3239} INFO - Sync 1 DAGs
[2024-11-26T18:47:19.843+0000] {logging_mixin.py:190} INFO - [2024-11-26T18:47:19.842+0000] {dag.py:4180} INFO - Setting next_dagrun for example_branch_dop_operator_v3 to 2024-11-26 18:46:00+00:00, run_after=2024-11-26 18:47:00+00:00
[2024-11-26T18:47:19.857+0000] {processor.py:208} INFO - Processing /home/airflow/.local/lib/python3.12/site-packages/airflow/example_dags/example_branch_python_dop_operator_3.py took 0.063 seconds
[2024-11-26T18:47:51.708+0000] {processor.py:186} INFO - Started process (PID=650) to work on /home/airflow/.local/lib/python3.12/site-packages/airflow/example_dags/example_branch_python_dop_operator_3.py
[2024-11-26T18:47:51.709+0000] {processor.py:914} INFO - Processing file /home/airflow/.local/lib/python3.12/site-packages/airflow/example_dags/example_branch_python_dop_operator_3.py for tasks to queue
[2024-11-26T18:47:51.718+0000] {logging_mixin.py:190} INFO - [2024-11-26T18:47:51.717+0000] {dagbag.py:588} INFO - Filling up the DagBag from /home/airflow/.local/lib/python3.12/site-packages/airflow/example_dags/example_branch_python_dop_operator_3.py
[2024-11-26T18:47:51.730+0000] {processor.py:925} INFO - DAG(s) 'example_branch_dop_operator_v3' retrieved from /home/airflow/.local/lib/python3.12/site-packages/airflow/example_dags/example_branch_python_dop_operator_3.py
[2024-11-26T18:47:51.756+0000] {logging_mixin.py:190} INFO - [2024-11-26T18:47:51.756+0000] {dag.py:3239} INFO - Sync 1 DAGs
[2024-11-26T18:47:51.782+0000] {logging_mixin.py:190} INFO - [2024-11-26T18:47:51.782+0000] {dag.py:4180} INFO - Setting next_dagrun for example_branch_dop_operator_v3 to 2024-11-26 18:46:00+00:00, run_after=2024-11-26 18:47:00+00:00
[2024-11-26T18:47:51.798+0000] {processor.py:208} INFO - Processing /home/airflow/.local/lib/python3.12/site-packages/airflow/example_dags/example_branch_python_dop_operator_3.py took 0.095 seconds
[2024-11-26T18:48:22.414+0000] {processor.py:186} INFO - Started process (PID=725) to work on /home/airflow/.local/lib/python3.12/site-packages/airflow/example_dags/example_branch_python_dop_operator_3.py
[2024-11-26T18:48:22.415+0000] {processor.py:914} INFO - Processing file /home/airflow/.local/lib/python3.12/site-packages/airflow/example_dags/example_branch_python_dop_operator_3.py for tasks to queue
[2024-11-26T18:48:22.417+0000] {logging_mixin.py:190} INFO - [2024-11-26T18:48:22.416+0000] {dagbag.py:588} INFO - Filling up the DagBag from /home/airflow/.local/lib/python3.12/site-packages/airflow/example_dags/example_branch_python_dop_operator_3.py
[2024-11-26T18:48:22.424+0000] {processor.py:925} INFO - DAG(s) 'example_branch_dop_operator_v3' retrieved from /home/airflow/.local/lib/python3.12/site-packages/airflow/example_dags/example_branch_python_dop_operator_3.py
[2024-11-26T18:48:22.439+0000] {logging_mixin.py:190} INFO - [2024-11-26T18:48:22.438+0000] {dag.py:3239} INFO - Sync 1 DAGs
[2024-11-26T18:48:22.458+0000] {logging_mixin.py:190} INFO - [2024-11-26T18:48:22.458+0000] {dag.py:4180} INFO - Setting next_dagrun for example_branch_dop_operator_v3 to 2024-11-26 18:47:00+00:00, run_after=2024-11-26 18:48:00+00:00
[2024-11-26T18:48:22.471+0000] {processor.py:208} INFO - Processing /home/airflow/.local/lib/python3.12/site-packages/airflow/example_dags/example_branch_python_dop_operator_3.py took 0.062 seconds
[2024-11-26T18:48:52.527+0000] {processor.py:186} INFO - Started process (PID=799) to work on /home/airflow/.local/lib/python3.12/site-packages/airflow/example_dags/example_branch_python_dop_operator_3.py
[2024-11-26T18:48:52.528+0000] {processor.py:914} INFO - Processing file /home/airflow/.local/lib/python3.12/site-packages/airflow/example_dags/example_branch_python_dop_operator_3.py for tasks to queue
[2024-11-26T18:48:52.530+0000] {logging_mixin.py:190} INFO - [2024-11-26T18:48:52.529+0000] {dagbag.py:588} INFO - Filling up the DagBag from /home/airflow/.local/lib/python3.12/site-packages/airflow/example_dags/example_branch_python_dop_operator_3.py
[2024-11-26T18:48:52.537+0000] {processor.py:925} INFO - DAG(s) 'example_branch_dop_operator_v3' retrieved from /home/airflow/.local/lib/python3.12/site-packages/airflow/example_dags/example_branch_python_dop_operator_3.py
[2024-11-26T18:48:52.552+0000] {logging_mixin.py:190} INFO - [2024-11-26T18:48:52.552+0000] {dag.py:3239} INFO - Sync 1 DAGs
[2024-11-26T18:48:52.571+0000] {logging_mixin.py:190} INFO - [2024-11-26T18:48:52.571+0000] {dag.py:4180} INFO - Setting next_dagrun for example_branch_dop_operator_v3 to 2024-11-26 18:47:00+00:00, run_after=2024-11-26 18:48:00+00:00
[2024-11-26T18:48:52.585+0000] {processor.py:208} INFO - Processing /home/airflow/.local/lib/python3.12/site-packages/airflow/example_dags/example_branch_python_dop_operator_3.py took 0.062 seconds
[2024-11-26T18:49:23.875+0000] {processor.py:186} INFO - Started process (PID=874) to work on /home/airflow/.local/lib/python3.12/site-packages/airflow/example_dags/example_branch_python_dop_operator_3.py
[2024-11-26T18:49:23.876+0000] {processor.py:914} INFO - Processing file /home/airflow/.local/lib/python3.12/site-packages/airflow/example_dags/example_branch_python_dop_operator_3.py for tasks to queue
[2024-11-26T18:49:23.878+0000] {logging_mixin.py:190} INFO - [2024-11-26T18:49:23.878+0000] {dagbag.py:588} INFO - Filling up the DagBag from /home/airflow/.local/lib/python3.12/site-packages/airflow/example_dags/example_branch_python_dop_operator_3.py
[2024-11-26T18:49:23.886+0000] {processor.py:925} INFO - DAG(s) 'example_branch_dop_operator_v3' retrieved from /home/airflow/.local/lib/python3.12/site-packages/airflow/example_dags/example_branch_python_dop_operator_3.py
[2024-11-26T18:49:23.904+0000] {logging_mixin.py:190} INFO - [2024-11-26T18:49:23.904+0000] {dag.py:3239} INFO - Sync 1 DAGs
[2024-11-26T18:49:23.926+0000] {logging_mixin.py:190} INFO - [2024-11-26T18:49:23.925+0000] {dag.py:4180} INFO - Setting next_dagrun for example_branch_dop_operator_v3 to 2024-11-26 18:48:00+00:00, run_after=2024-11-26 18:49:00+00:00
[2024-11-26T18:49:23.942+0000] {processor.py:208} INFO - Processing /home/airflow/.local/lib/python3.12/site-packages/airflow/example_dags/example_branch_python_dop_operator_3.py took 0.071 seconds
[2024-11-26T18:49:54.689+0000] {processor.py:186} INFO - Started process (PID=949) to work on /home/airflow/.local/lib/python3.12/site-packages/airflow/example_dags/example_branch_python_dop_operator_3.py
[2024-11-26T18:49:54.690+0000] {processor.py:914} INFO - Processing file /home/airflow/.local/lib/python3.12/site-packages/airflow/example_dags/example_branch_python_dop_operator_3.py for tasks to queue
[2024-11-26T18:49:54.692+0000] {logging_mixin.py:190} INFO - [2024-11-26T18:49:54.692+0000] {dagbag.py:588} INFO - Filling up the DagBag from /home/airflow/.local/lib/python3.12/site-packages/airflow/example_dags/example_branch_python_dop_operator_3.py
[2024-11-26T18:49:54.700+0000] {processor.py:925} INFO - DAG(s) 'example_branch_dop_operator_v3' retrieved from /home/airflow/.local/lib/python3.12/site-packages/airflow/example_dags/example_branch_python_dop_operator_3.py
[2024-11-26T18:49:54.716+0000] {logging_mixin.py:190} INFO - [2024-11-26T18:49:54.715+0000] {dag.py:3239} INFO - Sync 1 DAGs
[2024-11-26T18:49:54.737+0000] {logging_mixin.py:190} INFO - [2024-11-26T18:49:54.736+0000] {dag.py:4180} INFO - Setting next_dagrun for example_branch_dop_operator_v3 to 2024-11-26 18:48:00+00:00, run_after=2024-11-26 18:49:00+00:00
[2024-11-26T18:49:54.751+0000] {processor.py:208} INFO - Processing /home/airflow/.local/lib/python3.12/site-packages/airflow/example_dags/example_branch_python_dop_operator_3.py took 0.066 seconds
[2024-11-26T18:50:25.439+0000] {processor.py:186} INFO - Started process (PID=1024) to work on /home/airflow/.local/lib/python3.12/site-packages/airflow/example_dags/example_branch_python_dop_operator_3.py
[2024-11-26T18:50:25.440+0000] {processor.py:914} INFO - Processing file /home/airflow/.local/lib/python3.12/site-packages/airflow/example_dags/example_branch_python_dop_operator_3.py for tasks to queue
[2024-11-26T18:50:25.442+0000] {logging_mixin.py:190} INFO - [2024-11-26T18:50:25.442+0000] {dagbag.py:588} INFO - Filling up the DagBag from /home/airflow/.local/lib/python3.12/site-packages/airflow/example_dags/example_branch_python_dop_operator_3.py
[2024-11-26T18:50:25.450+0000] {processor.py:925} INFO - DAG(s) 'example_branch_dop_operator_v3' retrieved from /home/airflow/.local/lib/python3.12/site-packages/airflow/example_dags/example_branch_python_dop_operator_3.py
[2024-11-26T18:50:25.465+0000] {logging_mixin.py:190} INFO - [2024-11-26T18:50:25.465+0000] {dag.py:3239} INFO - Sync 1 DAGs
[2024-11-26T18:50:25.485+0000] {logging_mixin.py:190} INFO - [2024-11-26T18:50:25.485+0000] {dag.py:4180} INFO - Setting next_dagrun for example_branch_dop_operator_v3 to 2024-11-26 18:49:00+00:00, run_after=2024-11-26 18:50:00+00:00
[2024-11-26T18:50:25.500+0000] {processor.py:208} INFO - Processing /home/airflow/.local/lib/python3.12/site-packages/airflow/example_dags/example_branch_python_dop_operator_3.py took 0.065 seconds
[2024-11-26T18:50:57.156+0000] {processor.py:186} INFO - Started process (PID=1100) to work on /home/airflow/.local/lib/python3.12/site-packages/airflow/example_dags/example_branch_python_dop_operator_3.py
[2024-11-26T18:50:57.157+0000] {processor.py:914} INFO - Processing file /home/airflow/.local/lib/python3.12/site-packages/airflow/example_dags/example_branch_python_dop_operator_3.py for tasks to queue
[2024-11-26T18:50:57.159+0000] {logging_mixin.py:190} INFO - [2024-11-26T18:50:57.159+0000] {dagbag.py:588} INFO - Filling up the DagBag from /home/airflow/.local/lib/python3.12/site-packages/airflow/example_dags/example_branch_python_dop_operator_3.py
[2024-11-26T18:50:57.168+0000] {processor.py:925} INFO - DAG(s) 'example_branch_dop_operator_v3' retrieved from /home/airflow/.local/lib/python3.12/site-packages/airflow/example_dags/example_branch_python_dop_operator_3.py
[2024-11-26T18:50:57.190+0000] {logging_mixin.py:190} INFO - [2024-11-26T18:50:57.190+0000] {dag.py:3239} INFO - Sync 1 DAGs
[2024-11-26T18:50:57.213+0000] {logging_mixin.py:190} INFO - [2024-11-26T18:50:57.213+0000] {dag.py:4180} INFO - Setting next_dagrun for example_branch_dop_operator_v3 to 2024-11-26 18:49:00+00:00, run_after=2024-11-26 18:50:00+00:00
[2024-11-26T18:50:57.233+0000] {processor.py:208} INFO - Processing /home/airflow/.local/lib/python3.12/site-packages/airflow/example_dags/example_branch_python_dop_operator_3.py took 0.083 seconds
[2024-11-26T18:51:27.751+0000] {processor.py:186} INFO - Started process (PID=1175) to work on /home/airflow/.local/lib/python3.12/site-packages/airflow/example_dags/example_branch_python_dop_operator_3.py
[2024-11-26T18:51:27.754+0000] {processor.py:914} INFO - Processing file /home/airflow/.local/lib/python3.12/site-packages/airflow/example_dags/example_branch_python_dop_operator_3.py for tasks to queue
[2024-11-26T18:51:27.759+0000] {logging_mixin.py:190} INFO - [2024-11-26T18:51:27.758+0000] {dagbag.py:588} INFO - Filling up the DagBag from /home/airflow/.local/lib/python3.12/site-packages/airflow/example_dags/example_branch_python_dop_operator_3.py
[2024-11-26T18:51:27.769+0000] {processor.py:925} INFO - DAG(s) 'example_branch_dop_operator_v3' retrieved from /home/airflow/.local/lib/python3.12/site-packages/airflow/example_dags/example_branch_python_dop_operator_3.py
[2024-11-26T18:51:27.788+0000] {logging_mixin.py:190} INFO - [2024-11-26T18:51:27.787+0000] {dag.py:3239} INFO - Sync 1 DAGs
[2024-11-26T18:51:27.814+0000] {logging_mixin.py:190} INFO - [2024-11-26T18:51:27.814+0000] {dag.py:4180} INFO - Setting next_dagrun for example_branch_dop_operator_v3 to 2024-11-26 18:50:00+00:00, run_after=2024-11-26 18:51:00+00:00
[2024-11-26T18:51:27.831+0000] {processor.py:208} INFO - Processing /home/airflow/.local/lib/python3.12/site-packages/airflow/example_dags/example_branch_python_dop_operator_3.py took 0.085 seconds
[2024-11-26T18:51:59.003+0000] {processor.py:186} INFO - Started process (PID=1250) to work on /home/airflow/.local/lib/python3.12/site-packages/airflow/example_dags/example_branch_python_dop_operator_3.py
[2024-11-26T18:51:59.004+0000] {processor.py:914} INFO - Processing file /home/airflow/.local/lib/python3.12/site-packages/airflow/example_dags/example_branch_python_dop_operator_3.py for tasks to queue
[2024-11-26T18:51:59.006+0000] {logging_mixin.py:190} INFO - [2024-11-26T18:51:59.006+0000] {dagbag.py:588} INFO - Filling up the DagBag from /home/airflow/.local/lib/python3.12/site-packages/airflow/example_dags/example_branch_python_dop_operator_3.py
[2024-11-26T18:51:59.013+0000] {processor.py:925} INFO - DAG(s) 'example_branch_dop_operator_v3' retrieved from /home/airflow/.local/lib/python3.12/site-packages/airflow/example_dags/example_branch_python_dop_operator_3.py
[2024-11-26T18:51:59.028+0000] {logging_mixin.py:190} INFO - [2024-11-26T18:51:59.028+0000] {dag.py:3239} INFO - Sync 1 DAGs
[2024-11-26T18:51:59.047+0000] {logging_mixin.py:190} INFO - [2024-11-26T18:51:59.047+0000] {dag.py:4180} INFO - Setting next_dagrun for example_branch_dop_operator_v3 to 2024-11-26 18:50:00+00:00, run_after=2024-11-26 18:51:00+00:00
[2024-11-26T18:51:59.064+0000] {processor.py:208} INFO - Processing /home/airflow/.local/lib/python3.12/site-packages/airflow/example_dags/example_branch_python_dop_operator_3.py took 0.065 seconds
[2024-11-26T18:52:30.016+0000] {processor.py:186} INFO - Started process (PID=1325) to work on /home/airflow/.local/lib/python3.12/site-packages/airflow/example_dags/example_branch_python_dop_operator_3.py
[2024-11-26T18:52:30.017+0000] {processor.py:914} INFO - Processing file /home/airflow/.local/lib/python3.12/site-packages/airflow/example_dags/example_branch_python_dop_operator_3.py for tasks to queue
[2024-11-26T18:52:30.019+0000] {logging_mixin.py:190} INFO - [2024-11-26T18:52:30.019+0000] {dagbag.py:588} INFO - Filling up the DagBag from /home/airflow/.local/lib/python3.12/site-packages/airflow/example_dags/example_branch_python_dop_operator_3.py
[2024-11-26T18:52:30.026+0000] {processor.py:925} INFO - DAG(s) 'example_branch_dop_operator_v3' retrieved from /home/airflow/.local/lib/python3.12/site-packages/airflow/example_dags/example_branch_python_dop_operator_3.py
[2024-11-26T18:52:30.041+0000] {logging_mixin.py:190} INFO - [2024-11-26T18:52:30.040+0000] {dag.py:3239} INFO - Sync 1 DAGs
[2024-11-26T18:52:30.060+0000] {logging_mixin.py:190} INFO - [2024-11-26T18:52:30.059+0000] {dag.py:4180} INFO - Setting next_dagrun for example_branch_dop_operator_v3 to 2024-11-26 18:51:00+00:00, run_after=2024-11-26 18:52:00+00:00
[2024-11-26T18:52:30.074+0000] {processor.py:208} INFO - Processing /home/airflow/.local/lib/python3.12/site-packages/airflow/example_dags/example_branch_python_dop_operator_3.py took 0.061 seconds
[2024-11-26T18:53:01.735+0000] {processor.py:186} INFO - Started process (PID=1400) to work on /home/airflow/.local/lib/python3.12/site-packages/airflow/example_dags/example_branch_python_dop_operator_3.py
[2024-11-26T18:53:01.735+0000] {processor.py:914} INFO - Processing file /home/airflow/.local/lib/python3.12/site-packages/airflow/example_dags/example_branch_python_dop_operator_3.py for tasks to queue
[2024-11-26T18:53:01.737+0000] {logging_mixin.py:190} INFO - [2024-11-26T18:53:01.737+0000] {dagbag.py:588} INFO - Filling up the DagBag from /home/airflow/.local/lib/python3.12/site-packages/airflow/example_dags/example_branch_python_dop_operator_3.py
[2024-11-26T18:53:01.745+0000] {processor.py:925} INFO - DAG(s) 'example_branch_dop_operator_v3' retrieved from /home/airflow/.local/lib/python3.12/site-packages/airflow/example_dags/example_branch_python_dop_operator_3.py
[2024-11-26T18:53:01.760+0000] {logging_mixin.py:190} INFO - [2024-11-26T18:53:01.760+0000] {dag.py:3239} INFO - Sync 1 DAGs
[2024-11-26T18:53:01.779+0000] {logging_mixin.py:190} INFO - [2024-11-26T18:53:01.779+0000] {dag.py:4180} INFO - Setting next_dagrun for example_branch_dop_operator_v3 to 2024-11-26 18:52:00+00:00, run_after=2024-11-26 18:53:00+00:00
[2024-11-26T18:53:01.796+0000] {processor.py:208} INFO - Processing /home/airflow/.local/lib/python3.12/site-packages/airflow/example_dags/example_branch_python_dop_operator_3.py took 0.065 seconds
[2024-11-26T18:53:33.582+0000] {processor.py:186} INFO - Started process (PID=1475) to work on /home/airflow/.local/lib/python3.12/site-packages/airflow/example_dags/example_branch_python_dop_operator_3.py
[2024-11-26T18:53:33.583+0000] {processor.py:914} INFO - Processing file /home/airflow/.local/lib/python3.12/site-packages/airflow/example_dags/example_branch_python_dop_operator_3.py for tasks to queue
[2024-11-26T18:53:33.584+0000] {logging_mixin.py:190} INFO - [2024-11-26T18:53:33.584+0000] {dagbag.py:588} INFO - Filling up the DagBag from /home/airflow/.local/lib/python3.12/site-packages/airflow/example_dags/example_branch_python_dop_operator_3.py
[2024-11-26T18:53:33.592+0000] {processor.py:925} INFO - DAG(s) 'example_branch_dop_operator_v3' retrieved from /home/airflow/.local/lib/python3.12/site-packages/airflow/example_dags/example_branch_python_dop_operator_3.py
[2024-11-26T18:53:33.607+0000] {logging_mixin.py:190} INFO - [2024-11-26T18:53:33.607+0000] {dag.py:3239} INFO - Sync 1 DAGs
[2024-11-26T18:53:33.627+0000] {logging_mixin.py:190} INFO - [2024-11-26T18:53:33.627+0000] {dag.py:4180} INFO - Setting next_dagrun for example_branch_dop_operator_v3 to 2024-11-26 18:52:00+00:00, run_after=2024-11-26 18:53:00+00:00
[2024-11-26T18:53:33.641+0000] {processor.py:208} INFO - Processing /home/airflow/.local/lib/python3.12/site-packages/airflow/example_dags/example_branch_python_dop_operator_3.py took 0.064 seconds
[2024-11-26T18:54:03.998+0000] {processor.py:186} INFO - Started process (PID=1550) to work on /home/airflow/.local/lib/python3.12/site-packages/airflow/example_dags/example_branch_python_dop_operator_3.py
[2024-11-26T18:54:03.999+0000] {processor.py:914} INFO - Processing file /home/airflow/.local/lib/python3.12/site-packages/airflow/example_dags/example_branch_python_dop_operator_3.py for tasks to queue
[2024-11-26T18:54:04.001+0000] {logging_mixin.py:190} INFO - [2024-11-26T18:54:04.000+0000] {dagbag.py:588} INFO - Filling up the DagBag from /home/airflow/.local/lib/python3.12/site-packages/airflow/example_dags/example_branch_python_dop_operator_3.py
[2024-11-26T18:54:04.008+0000] {processor.py:925} INFO - DAG(s) 'example_branch_dop_operator_v3' retrieved from /home/airflow/.local/lib/python3.12/site-packages/airflow/example_dags/example_branch_python_dop_operator_3.py
[2024-11-26T18:54:04.023+0000] {logging_mixin.py:190} INFO - [2024-11-26T18:54:04.023+0000] {dag.py:3239} INFO - Sync 1 DAGs
[2024-11-26T18:54:04.044+0000] {logging_mixin.py:190} INFO - [2024-11-26T18:54:04.044+0000] {dag.py:4180} INFO - Setting next_dagrun for example_branch_dop_operator_v3 to 2024-11-26 18:53:00+00:00, run_after=2024-11-26 18:54:00+00:00
[2024-11-26T18:54:04.060+0000] {processor.py:208} INFO - Processing /home/airflow/.local/lib/python3.12/site-packages/airflow/example_dags/example_branch_python_dop_operator_3.py took 0.067 seconds
[2024-11-26T18:54:35.419+0000] {processor.py:186} INFO - Started process (PID=1625) to work on /home/airflow/.local/lib/python3.12/site-packages/airflow/example_dags/example_branch_python_dop_operator_3.py
[2024-11-26T18:54:35.420+0000] {processor.py:914} INFO - Processing file /home/airflow/.local/lib/python3.12/site-packages/airflow/example_dags/example_branch_python_dop_operator_3.py for tasks to queue
[2024-11-26T18:54:35.421+0000] {logging_mixin.py:190} INFO - [2024-11-26T18:54:35.421+0000] {dagbag.py:588} INFO - Filling up the DagBag from /home/airflow/.local/lib/python3.12/site-packages/airflow/example_dags/example_branch_python_dop_operator_3.py
[2024-11-26T18:54:35.430+0000] {processor.py:925} INFO - DAG(s) 'example_branch_dop_operator_v3' retrieved from /home/airflow/.local/lib/python3.12/site-packages/airflow/example_dags/example_branch_python_dop_operator_3.py
[2024-11-26T18:54:35.445+0000] {logging_mixin.py:190} INFO - [2024-11-26T18:54:35.445+0000] {dag.py:3239} INFO - Sync 1 DAGs
[2024-11-26T18:54:35.465+0000] {logging_mixin.py:190} INFO - [2024-11-26T18:54:35.465+0000] {dag.py:4180} INFO - Setting next_dagrun for example_branch_dop_operator_v3 to 2024-11-26 18:53:00+00:00, run_after=2024-11-26 18:54:00+00:00
[2024-11-26T18:54:35.483+0000] {processor.py:208} INFO - Processing /home/airflow/.local/lib/python3.12/site-packages/airflow/example_dags/example_branch_python_dop_operator_3.py took 0.068 seconds
[2024-11-26T18:55:06.511+0000] {processor.py:186} INFO - Started process (PID=1700) to work on /home/airflow/.local/lib/python3.12/site-packages/airflow/example_dags/example_branch_python_dop_operator_3.py
[2024-11-26T18:55:06.512+0000] {processor.py:914} INFO - Processing file /home/airflow/.local/lib/python3.12/site-packages/airflow/example_dags/example_branch_python_dop_operator_3.py for tasks to queue
[2024-11-26T18:55:06.513+0000] {logging_mixin.py:190} INFO - [2024-11-26T18:55:06.513+0000] {dagbag.py:588} INFO - Filling up the DagBag from /home/airflow/.local/lib/python3.12/site-packages/airflow/example_dags/example_branch_python_dop_operator_3.py
[2024-11-26T18:55:06.521+0000] {processor.py:925} INFO - DAG(s) 'example_branch_dop_operator_v3' retrieved from /home/airflow/.local/lib/python3.12/site-packages/airflow/example_dags/example_branch_python_dop_operator_3.py
[2024-11-26T18:55:06.536+0000] {logging_mixin.py:190} INFO - [2024-11-26T18:55:06.536+0000] {dag.py:3239} INFO - Sync 1 DAGs
[2024-11-26T18:55:06.556+0000] {logging_mixin.py:190} INFO - [2024-11-26T18:55:06.555+0000] {dag.py:4180} INFO - Setting next_dagrun for example_branch_dop_operator_v3 to 2024-11-26 18:54:00+00:00, run_after=2024-11-26 18:55:00+00:00
[2024-11-26T18:55:06.569+0000] {processor.py:208} INFO - Processing /home/airflow/.local/lib/python3.12/site-packages/airflow/example_dags/example_branch_python_dop_operator_3.py took 0.062 seconds
[2024-11-26T18:55:37.977+0000] {processor.py:186} INFO - Started process (PID=1775) to work on /home/airflow/.local/lib/python3.12/site-packages/airflow/example_dags/example_branch_python_dop_operator_3.py
[2024-11-26T18:55:37.978+0000] {processor.py:914} INFO - Processing file /home/airflow/.local/lib/python3.12/site-packages/airflow/example_dags/example_branch_python_dop_operator_3.py for tasks to queue
[2024-11-26T18:55:37.979+0000] {logging_mixin.py:190} INFO - [2024-11-26T18:55:37.979+0000] {dagbag.py:588} INFO - Filling up the DagBag from /home/airflow/.local/lib/python3.12/site-packages/airflow/example_dags/example_branch_python_dop_operator_3.py
[2024-11-26T18:55:37.986+0000] {processor.py:925} INFO - DAG(s) 'example_branch_dop_operator_v3' retrieved from /home/airflow/.local/lib/python3.12/site-packages/airflow/example_dags/example_branch_python_dop_operator_3.py
[2024-11-26T18:55:38.000+0000] {logging_mixin.py:190} INFO - [2024-11-26T18:55:38.000+0000] {dag.py:3239} INFO - Sync 1 DAGs
[2024-11-26T18:55:38.020+0000] {logging_mixin.py:190} INFO - [2024-11-26T18:55:38.020+0000] {dag.py:4180} INFO - Setting next_dagrun for example_branch_dop_operator_v3 to 2024-11-26 18:54:00+00:00, run_after=2024-11-26 18:55:00+00:00
[2024-11-26T18:55:38.036+0000] {processor.py:208} INFO - Processing /home/airflow/.local/lib/python3.12/site-packages/airflow/example_dags/example_branch_python_dop_operator_3.py took 0.063 seconds
[2024-11-26T18:56:09.399+0000] {processor.py:186} INFO - Started process (PID=1849) to work on /home/airflow/.local/lib/python3.12/site-packages/airflow/example_dags/example_branch_python_dop_operator_3.py
[2024-11-26T18:56:09.400+0000] {processor.py:914} INFO - Processing file /home/airflow/.local/lib/python3.12/site-packages/airflow/example_dags/example_branch_python_dop_operator_3.py for tasks to queue
[2024-11-26T18:56:09.402+0000] {logging_mixin.py:190} INFO - [2024-11-26T18:56:09.401+0000] {dagbag.py:588} INFO - Filling up the DagBag from /home/airflow/.local/lib/python3.12/site-packages/airflow/example_dags/example_branch_python_dop_operator_3.py
[2024-11-26T18:56:09.409+0000] {processor.py:925} INFO - DAG(s) 'example_branch_dop_operator_v3' retrieved from /home/airflow/.local/lib/python3.12/site-packages/airflow/example_dags/example_branch_python_dop_operator_3.py
[2024-11-26T18:56:09.424+0000] {logging_mixin.py:190} INFO - [2024-11-26T18:56:09.424+0000] {dag.py:3239} INFO - Sync 1 DAGs
[2024-11-26T18:56:09.443+0000] {logging_mixin.py:190} INFO - [2024-11-26T18:56:09.443+0000] {dag.py:4180} INFO - Setting next_dagrun for example_branch_dop_operator_v3 to 2024-11-26 18:55:00+00:00, run_after=2024-11-26 18:56:00+00:00
[2024-11-26T18:56:09.462+0000] {processor.py:208} INFO - Processing /home/airflow/.local/lib/python3.12/site-packages/airflow/example_dags/example_branch_python_dop_operator_3.py took 0.068 seconds
[2024-11-26T18:56:40.989+0000] {processor.py:186} INFO - Started process (PID=1924) to work on /home/airflow/.local/lib/python3.12/site-packages/airflow/example_dags/example_branch_python_dop_operator_3.py
[2024-11-26T18:56:40.990+0000] {processor.py:914} INFO - Processing file /home/airflow/.local/lib/python3.12/site-packages/airflow/example_dags/example_branch_python_dop_operator_3.py for tasks to queue
[2024-11-26T18:56:40.992+0000] {logging_mixin.py:190} INFO - [2024-11-26T18:56:40.991+0000] {dagbag.py:588} INFO - Filling up the DagBag from /home/airflow/.local/lib/python3.12/site-packages/airflow/example_dags/example_branch_python_dop_operator_3.py
[2024-11-26T18:56:40.999+0000] {processor.py:925} INFO - DAG(s) 'example_branch_dop_operator_v3' retrieved from /home/airflow/.local/lib/python3.12/site-packages/airflow/example_dags/example_branch_python_dop_operator_3.py
[2024-11-26T18:56:41.014+0000] {logging_mixin.py:190} INFO - [2024-11-26T18:56:41.014+0000] {dag.py:3239} INFO - Sync 1 DAGs
[2024-11-26T18:56:41.033+0000] {logging_mixin.py:190} INFO - [2024-11-26T18:56:41.033+0000] {dag.py:4180} INFO - Setting next_dagrun for example_branch_dop_operator_v3 to 2024-11-26 18:55:00+00:00, run_after=2024-11-26 18:56:00+00:00
[2024-11-26T18:56:41.048+0000] {processor.py:208} INFO - Processing /home/airflow/.local/lib/python3.12/site-packages/airflow/example_dags/example_branch_python_dop_operator_3.py took 0.063 seconds
[2024-11-26T18:57:11.642+0000] {processor.py:186} INFO - Started process (PID=2005) to work on /home/airflow/.local/lib/python3.12/site-packages/airflow/example_dags/example_branch_python_dop_operator_3.py
[2024-11-26T18:57:11.642+0000] {processor.py:914} INFO - Processing file /home/airflow/.local/lib/python3.12/site-packages/airflow/example_dags/example_branch_python_dop_operator_3.py for tasks to queue
[2024-11-26T18:57:11.644+0000] {logging_mixin.py:190} INFO - [2024-11-26T18:57:11.644+0000] {dagbag.py:588} INFO - Filling up the DagBag from /home/airflow/.local/lib/python3.12/site-packages/airflow/example_dags/example_branch_python_dop_operator_3.py
[2024-11-26T18:57:11.651+0000] {processor.py:925} INFO - DAG(s) 'example_branch_dop_operator_v3' retrieved from /home/airflow/.local/lib/python3.12/site-packages/airflow/example_dags/example_branch_python_dop_operator_3.py
[2024-11-26T18:57:11.666+0000] {logging_mixin.py:190} INFO - [2024-11-26T18:57:11.666+0000] {dag.py:3239} INFO - Sync 1 DAGs
[2024-11-26T18:57:11.684+0000] {logging_mixin.py:190} INFO - [2024-11-26T18:57:11.684+0000] {dag.py:4180} INFO - Setting next_dagrun for example_branch_dop_operator_v3 to 2024-11-26 18:56:00+00:00, run_after=2024-11-26 18:57:00+00:00
[2024-11-26T18:57:11.698+0000] {processor.py:208} INFO - Processing /home/airflow/.local/lib/python3.12/site-packages/airflow/example_dags/example_branch_python_dop_operator_3.py took 0.061 seconds
[2024-11-26T18:57:42.722+0000] {processor.py:186} INFO - Started process (PID=2080) to work on /home/airflow/.local/lib/python3.12/site-packages/airflow/example_dags/example_branch_python_dop_operator_3.py
[2024-11-26T18:57:42.722+0000] {processor.py:914} INFO - Processing file /home/airflow/.local/lib/python3.12/site-packages/airflow/example_dags/example_branch_python_dop_operator_3.py for tasks to queue
[2024-11-26T18:57:42.724+0000] {logging_mixin.py:190} INFO - [2024-11-26T18:57:42.724+0000] {dagbag.py:588} INFO - Filling up the DagBag from /home/airflow/.local/lib/python3.12/site-packages/airflow/example_dags/example_branch_python_dop_operator_3.py
[2024-11-26T18:57:42.731+0000] {processor.py:925} INFO - DAG(s) 'example_branch_dop_operator_v3' retrieved from /home/airflow/.local/lib/python3.12/site-packages/airflow/example_dags/example_branch_python_dop_operator_3.py
[2024-11-26T18:57:42.746+0000] {logging_mixin.py:190} INFO - [2024-11-26T18:57:42.746+0000] {dag.py:3239} INFO - Sync 1 DAGs
[2024-11-26T18:57:42.766+0000] {logging_mixin.py:190} INFO - [2024-11-26T18:57:42.765+0000] {dag.py:4180} INFO - Setting next_dagrun for example_branch_dop_operator_v3 to 2024-11-26 18:56:00+00:00, run_after=2024-11-26 18:57:00+00:00
[2024-11-26T18:57:42.780+0000] {processor.py:208} INFO - Processing /home/airflow/.local/lib/python3.12/site-packages/airflow/example_dags/example_branch_python_dop_operator_3.py took 0.062 seconds
[2024-11-26T18:58:14.100+0000] {processor.py:186} INFO - Started process (PID=2155) to work on /home/airflow/.local/lib/python3.12/site-packages/airflow/example_dags/example_branch_python_dop_operator_3.py
[2024-11-26T18:58:14.101+0000] {processor.py:914} INFO - Processing file /home/airflow/.local/lib/python3.12/site-packages/airflow/example_dags/example_branch_python_dop_operator_3.py for tasks to queue
[2024-11-26T18:58:14.103+0000] {logging_mixin.py:190} INFO - [2024-11-26T18:58:14.102+0000] {dagbag.py:588} INFO - Filling up the DagBag from /home/airflow/.local/lib/python3.12/site-packages/airflow/example_dags/example_branch_python_dop_operator_3.py
[2024-11-26T18:58:14.110+0000] {processor.py:925} INFO - DAG(s) 'example_branch_dop_operator_v3' retrieved from /home/airflow/.local/lib/python3.12/site-packages/airflow/example_dags/example_branch_python_dop_operator_3.py
[2024-11-26T18:58:14.126+0000] {logging_mixin.py:190} INFO - [2024-11-26T18:58:14.126+0000] {dag.py:3239} INFO - Sync 1 DAGs
[2024-11-26T18:58:14.150+0000] {logging_mixin.py:190} INFO - [2024-11-26T18:58:14.150+0000] {dag.py:4180} INFO - Setting next_dagrun for example_branch_dop_operator_v3 to 2024-11-26 18:57:00+00:00, run_after=2024-11-26 18:58:00+00:00
[2024-11-26T18:58:14.166+0000] {processor.py:208} INFO - Processing /home/airflow/.local/lib/python3.12/site-packages/airflow/example_dags/example_branch_python_dop_operator_3.py took 0.070 seconds
[2024-11-26T18:58:44.668+0000] {processor.py:186} INFO - Started process (PID=2230) to work on /home/airflow/.local/lib/python3.12/site-packages/airflow/example_dags/example_branch_python_dop_operator_3.py
[2024-11-26T18:58:44.669+0000] {processor.py:914} INFO - Processing file /home/airflow/.local/lib/python3.12/site-packages/airflow/example_dags/example_branch_python_dop_operator_3.py for tasks to queue
[2024-11-26T18:58:44.670+0000] {logging_mixin.py:190} INFO - [2024-11-26T18:58:44.670+0000] {dagbag.py:588} INFO - Filling up the DagBag from /home/airflow/.local/lib/python3.12/site-packages/airflow/example_dags/example_branch_python_dop_operator_3.py
[2024-11-26T18:58:44.677+0000] {processor.py:925} INFO - DAG(s) 'example_branch_dop_operator_v3' retrieved from /home/airflow/.local/lib/python3.12/site-packages/airflow/example_dags/example_branch_python_dop_operator_3.py
[2024-11-26T18:58:44.692+0000] {logging_mixin.py:190} INFO - [2024-11-26T18:58:44.692+0000] {dag.py:3239} INFO - Sync 1 DAGs
[2024-11-26T18:58:44.711+0000] {logging_mixin.py:190} INFO - [2024-11-26T18:58:44.711+0000] {dag.py:4180} INFO - Setting next_dagrun for example_branch_dop_operator_v3 to 2024-11-26 18:57:00+00:00, run_after=2024-11-26 18:58:00+00:00
[2024-11-26T18:58:44.725+0000] {processor.py:208} INFO - Processing /home/airflow/.local/lib/python3.12/site-packages/airflow/example_dags/example_branch_python_dop_operator_3.py took 0.061 seconds
[2024-11-26T18:59:15.448+0000] {processor.py:186} INFO - Started process (PID=2305) to work on /home/airflow/.local/lib/python3.12/site-packages/airflow/example_dags/example_branch_python_dop_operator_3.py
[2024-11-26T18:59:15.449+0000] {processor.py:914} INFO - Processing file /home/airflow/.local/lib/python3.12/site-packages/airflow/example_dags/example_branch_python_dop_operator_3.py for tasks to queue
[2024-11-26T18:59:15.450+0000] {logging_mixin.py:190} INFO - [2024-11-26T18:59:15.450+0000] {dagbag.py:588} INFO - Filling up the DagBag from /home/airflow/.local/lib/python3.12/site-packages/airflow/example_dags/example_branch_python_dop_operator_3.py
[2024-11-26T18:59:15.458+0000] {processor.py:925} INFO - DAG(s) 'example_branch_dop_operator_v3' retrieved from /home/airflow/.local/lib/python3.12/site-packages/airflow/example_dags/example_branch_python_dop_operator_3.py
[2024-11-26T18:59:15.473+0000] {logging_mixin.py:190} INFO - [2024-11-26T18:59:15.473+0000] {dag.py:3239} INFO - Sync 1 DAGs
[2024-11-26T18:59:15.491+0000] {logging_mixin.py:190} INFO - [2024-11-26T18:59:15.491+0000] {dag.py:4180} INFO - Setting next_dagrun for example_branch_dop_operator_v3 to 2024-11-26 18:58:00+00:00, run_after=2024-11-26 18:59:00+00:00
[2024-11-26T18:59:15.505+0000] {processor.py:208} INFO - Processing /home/airflow/.local/lib/python3.12/site-packages/airflow/example_dags/example_branch_python_dop_operator_3.py took 0.060 seconds
[2024-11-26T18:59:46.331+0000] {processor.py:186} INFO - Started process (PID=2381) to work on /home/airflow/.local/lib/python3.12/site-packages/airflow/example_dags/example_branch_python_dop_operator_3.py
[2024-11-26T18:59:46.332+0000] {processor.py:914} INFO - Processing file /home/airflow/.local/lib/python3.12/site-packages/airflow/example_dags/example_branch_python_dop_operator_3.py for tasks to queue
[2024-11-26T18:59:46.335+0000] {logging_mixin.py:190} INFO - [2024-11-26T18:59:46.334+0000] {dagbag.py:588} INFO - Filling up the DagBag from /home/airflow/.local/lib/python3.12/site-packages/airflow/example_dags/example_branch_python_dop_operator_3.py
[2024-11-26T18:59:46.344+0000] {processor.py:925} INFO - DAG(s) 'example_branch_dop_operator_v3' retrieved from /home/airflow/.local/lib/python3.12/site-packages/airflow/example_dags/example_branch_python_dop_operator_3.py
[2024-11-26T18:59:46.363+0000] {logging_mixin.py:190} INFO - [2024-11-26T18:59:46.362+0000] {dag.py:3239} INFO - Sync 1 DAGs
[2024-11-26T18:59:46.386+0000] {logging_mixin.py:190} INFO - [2024-11-26T18:59:46.386+0000] {dag.py:4180} INFO - Setting next_dagrun for example_branch_dop_operator_v3 to 2024-11-26 18:58:00+00:00, run_after=2024-11-26 18:59:00+00:00
[2024-11-26T18:59:46.402+0000] {processor.py:208} INFO - Processing /home/airflow/.local/lib/python3.12/site-packages/airflow/example_dags/example_branch_python_dop_operator_3.py took 0.076 seconds
[2024-11-26T19:00:17.024+0000] {processor.py:186} INFO - Started process (PID=2456) to work on /home/airflow/.local/lib/python3.12/site-packages/airflow/example_dags/example_branch_python_dop_operator_3.py
[2024-11-26T19:00:17.025+0000] {processor.py:914} INFO - Processing file /home/airflow/.local/lib/python3.12/site-packages/airflow/example_dags/example_branch_python_dop_operator_3.py for tasks to queue
[2024-11-26T19:00:17.027+0000] {logging_mixin.py:190} INFO - [2024-11-26T19:00:17.027+0000] {dagbag.py:588} INFO - Filling up the DagBag from /home/airflow/.local/lib/python3.12/site-packages/airflow/example_dags/example_branch_python_dop_operator_3.py
[2024-11-26T19:00:17.037+0000] {processor.py:925} INFO - DAG(s) 'example_branch_dop_operator_v3' retrieved from /home/airflow/.local/lib/python3.12/site-packages/airflow/example_dags/example_branch_python_dop_operator_3.py
[2024-11-26T19:00:17.057+0000] {logging_mixin.py:190} INFO - [2024-11-26T19:00:17.056+0000] {dag.py:3239} INFO - Sync 1 DAGs
[2024-11-26T19:00:17.077+0000] {logging_mixin.py:190} INFO - [2024-11-26T19:00:17.077+0000] {dag.py:4180} INFO - Setting next_dagrun for example_branch_dop_operator_v3 to 2024-11-26 18:59:00+00:00, run_after=2024-11-26 19:00:00+00:00
[2024-11-26T19:00:17.092+0000] {processor.py:208} INFO - Processing /home/airflow/.local/lib/python3.12/site-packages/airflow/example_dags/example_branch_python_dop_operator_3.py took 0.072 seconds
[2024-11-26T19:00:47.753+0000] {processor.py:186} INFO - Started process (PID=2531) to work on /home/airflow/.local/lib/python3.12/site-packages/airflow/example_dags/example_branch_python_dop_operator_3.py
[2024-11-26T19:00:47.754+0000] {processor.py:914} INFO - Processing file /home/airflow/.local/lib/python3.12/site-packages/airflow/example_dags/example_branch_python_dop_operator_3.py for tasks to queue
[2024-11-26T19:00:47.756+0000] {logging_mixin.py:190} INFO - [2024-11-26T19:00:47.755+0000] {dagbag.py:588} INFO - Filling up the DagBag from /home/airflow/.local/lib/python3.12/site-packages/airflow/example_dags/example_branch_python_dop_operator_3.py
[2024-11-26T19:00:47.763+0000] {processor.py:925} INFO - DAG(s) 'example_branch_dop_operator_v3' retrieved from /home/airflow/.local/lib/python3.12/site-packages/airflow/example_dags/example_branch_python_dop_operator_3.py
[2024-11-26T19:00:47.777+0000] {logging_mixin.py:190} INFO - [2024-11-26T19:00:47.777+0000] {dag.py:3239} INFO - Sync 1 DAGs
[2024-11-26T19:00:47.796+0000] {logging_mixin.py:190} INFO - [2024-11-26T19:00:47.795+0000] {dag.py:4180} INFO - Setting next_dagrun for example_branch_dop_operator_v3 to 2024-11-26 18:59:00+00:00, run_after=2024-11-26 19:00:00+00:00
[2024-11-26T19:00:47.810+0000] {processor.py:208} INFO - Processing /home/airflow/.local/lib/python3.12/site-packages/airflow/example_dags/example_branch_python_dop_operator_3.py took 0.060 seconds
[2024-11-26T19:01:18.545+0000] {processor.py:186} INFO - Started process (PID=2606) to work on /home/airflow/.local/lib/python3.12/site-packages/airflow/example_dags/example_branch_python_dop_operator_3.py
[2024-11-26T19:01:18.546+0000] {processor.py:914} INFO - Processing file /home/airflow/.local/lib/python3.12/site-packages/airflow/example_dags/example_branch_python_dop_operator_3.py for tasks to queue
[2024-11-26T19:01:18.549+0000] {logging_mixin.py:190} INFO - [2024-11-26T19:01:18.548+0000] {dagbag.py:588} INFO - Filling up the DagBag from /home/airflow/.local/lib/python3.12/site-packages/airflow/example_dags/example_branch_python_dop_operator_3.py
[2024-11-26T19:01:18.556+0000] {processor.py:925} INFO - DAG(s) 'example_branch_dop_operator_v3' retrieved from /home/airflow/.local/lib/python3.12/site-packages/airflow/example_dags/example_branch_python_dop_operator_3.py
[2024-11-26T19:01:18.571+0000] {logging_mixin.py:190} INFO - [2024-11-26T19:01:18.570+0000] {dag.py:3239} INFO - Sync 1 DAGs
[2024-11-26T19:01:18.590+0000] {logging_mixin.py:190} INFO - [2024-11-26T19:01:18.589+0000] {dag.py:4180} INFO - Setting next_dagrun for example_branch_dop_operator_v3 to 2024-11-26 19:00:00+00:00, run_after=2024-11-26 19:01:00+00:00
[2024-11-26T19:01:18.604+0000] {processor.py:208} INFO - Processing /home/airflow/.local/lib/python3.12/site-packages/airflow/example_dags/example_branch_python_dop_operator_3.py took 0.062 seconds
