[2024-11-26T17:53:54.913+0000] {processor.py:186} INFO - Started process (PID=71) to work on /home/airflow/.local/lib/python3.12/site-packages/airflow/example_dags/example_python_operator.py
[2024-11-26T17:53:54.914+0000] {processor.py:914} INFO - Processing file /home/airflow/.local/lib/python3.12/site-packages/airflow/example_dags/example_python_operator.py for tasks to queue
[2024-11-26T17:53:54.915+0000] {logging_mixin.py:190} INFO - [2024-11-26T17:53:54.915+0000] {dagbag.py:588} INFO - Filling up the DagBag from /home/airflow/.local/lib/python3.12/site-packages/airflow/example_dags/example_python_operator.py
[2024-11-26T17:53:54.934+0000] {processor.py:925} INFO - DAG(s) 'example_python_operator' retrieved from /home/airflow/.local/lib/python3.12/site-packages/airflow/example_dags/example_python_operator.py
[2024-11-26T17:53:55.030+0000] {logging_mixin.py:190} INFO - [2024-11-26T17:53:55.030+0000] {override.py:1911} INFO - Created Permission View: can read on DAG:example_python_operator
[2024-11-26T17:53:55.039+0000] {logging_mixin.py:190} INFO - [2024-11-26T17:53:55.039+0000] {override.py:1911} INFO - Created Permission View: can delete on DAG:example_python_operator
[2024-11-26T17:53:55.046+0000] {logging_mixin.py:190} INFO - [2024-11-26T17:53:55.046+0000] {override.py:1911} INFO - Created Permission View: can edit on DAG:example_python_operator
[2024-11-26T17:53:55.054+0000] {logging_mixin.py:190} INFO - [2024-11-26T17:53:55.054+0000] {override.py:1911} INFO - Created Permission View: can create on DAG Run:example_python_operator
[2024-11-26T17:53:55.062+0000] {logging_mixin.py:190} INFO - [2024-11-26T17:53:55.061+0000] {override.py:1911} INFO - Created Permission View: can read on DAG Run:example_python_operator
[2024-11-26T17:53:55.068+0000] {logging_mixin.py:190} INFO - [2024-11-26T17:53:55.067+0000] {override.py:1911} INFO - Created Permission View: can delete on DAG Run:example_python_operator
[2024-11-26T17:53:55.075+0000] {logging_mixin.py:190} INFO - [2024-11-26T17:53:55.075+0000] {override.py:1911} INFO - Created Permission View: menu access on DAG Run:example_python_operator
[2024-11-26T17:53:55.075+0000] {logging_mixin.py:190} INFO - [2024-11-26T17:53:55.075+0000] {dag.py:3239} INFO - Sync 1 DAGs
[2024-11-26T17:53:55.086+0000] {logging_mixin.py:190} INFO - [2024-11-26T17:53:55.086+0000] {dag.py:3262} INFO - Creating ORM DAG for example_python_operator
[2024-11-26T17:53:55.087+0000] {logging_mixin.py:190} INFO - [2024-11-26T17:53:55.087+0000] {dag.py:4180} INFO - Setting next_dagrun for example_python_operator to None, run_after=None
[2024-11-26T17:53:55.104+0000] {processor.py:208} INFO - Processing /home/airflow/.local/lib/python3.12/site-packages/airflow/example_dags/example_python_operator.py took 0.196 seconds
[2024-11-26T17:54:25.212+0000] {processor.py:186} INFO - Started process (PID=133) to work on /home/airflow/.local/lib/python3.12/site-packages/airflow/example_dags/example_python_operator.py
[2024-11-26T17:54:25.213+0000] {processor.py:914} INFO - Processing file /home/airflow/.local/lib/python3.12/site-packages/airflow/example_dags/example_python_operator.py for tasks to queue
[2024-11-26T17:54:25.214+0000] {logging_mixin.py:190} INFO - [2024-11-26T17:54:25.214+0000] {dagbag.py:588} INFO - Filling up the DagBag from /home/airflow/.local/lib/python3.12/site-packages/airflow/example_dags/example_python_operator.py
[2024-11-26T17:54:25.223+0000] {processor.py:925} INFO - DAG(s) 'example_python_operator' retrieved from /home/airflow/.local/lib/python3.12/site-packages/airflow/example_dags/example_python_operator.py
[2024-11-26T17:54:25.239+0000] {logging_mixin.py:190} INFO - [2024-11-26T17:54:25.239+0000] {dag.py:3239} INFO - Sync 1 DAGs
[2024-11-26T17:54:25.249+0000] {logging_mixin.py:190} INFO - [2024-11-26T17:54:25.249+0000] {dag.py:4180} INFO - Setting next_dagrun for example_python_operator to None, run_after=None
[2024-11-26T17:54:25.263+0000] {processor.py:208} INFO - Processing /home/airflow/.local/lib/python3.12/site-packages/airflow/example_dags/example_python_operator.py took 0.054 seconds
[2024-11-26T17:54:55.314+0000] {processor.py:186} INFO - Started process (PID=196) to work on /home/airflow/.local/lib/python3.12/site-packages/airflow/example_dags/example_python_operator.py
[2024-11-26T17:54:55.315+0000] {processor.py:914} INFO - Processing file /home/airflow/.local/lib/python3.12/site-packages/airflow/example_dags/example_python_operator.py for tasks to queue
[2024-11-26T17:54:55.316+0000] {logging_mixin.py:190} INFO - [2024-11-26T17:54:55.316+0000] {dagbag.py:588} INFO - Filling up the DagBag from /home/airflow/.local/lib/python3.12/site-packages/airflow/example_dags/example_python_operator.py
[2024-11-26T17:54:55.325+0000] {processor.py:925} INFO - DAG(s) 'example_python_operator' retrieved from /home/airflow/.local/lib/python3.12/site-packages/airflow/example_dags/example_python_operator.py
[2024-11-26T17:54:55.342+0000] {logging_mixin.py:190} INFO - [2024-11-26T17:54:55.342+0000] {dag.py:3239} INFO - Sync 1 DAGs
[2024-11-26T17:54:55.354+0000] {logging_mixin.py:190} INFO - [2024-11-26T17:54:55.353+0000] {dag.py:4180} INFO - Setting next_dagrun for example_python_operator to None, run_after=None
[2024-11-26T17:54:55.368+0000] {processor.py:208} INFO - Processing /home/airflow/.local/lib/python3.12/site-packages/airflow/example_dags/example_python_operator.py took 0.058 seconds
[2024-11-26T17:55:25.775+0000] {processor.py:186} INFO - Started process (PID=259) to work on /home/airflow/.local/lib/python3.12/site-packages/airflow/example_dags/example_python_operator.py
[2024-11-26T17:55:25.776+0000] {processor.py:914} INFO - Processing file /home/airflow/.local/lib/python3.12/site-packages/airflow/example_dags/example_python_operator.py for tasks to queue
[2024-11-26T17:55:25.778+0000] {logging_mixin.py:190} INFO - [2024-11-26T17:55:25.778+0000] {dagbag.py:588} INFO - Filling up the DagBag from /home/airflow/.local/lib/python3.12/site-packages/airflow/example_dags/example_python_operator.py
[2024-11-26T17:55:25.788+0000] {processor.py:925} INFO - DAG(s) 'example_python_operator' retrieved from /home/airflow/.local/lib/python3.12/site-packages/airflow/example_dags/example_python_operator.py
[2024-11-26T17:55:25.806+0000] {logging_mixin.py:190} INFO - [2024-11-26T17:55:25.805+0000] {dag.py:3239} INFO - Sync 1 DAGs
[2024-11-26T17:55:25.817+0000] {logging_mixin.py:190} INFO - [2024-11-26T17:55:25.817+0000] {dag.py:4180} INFO - Setting next_dagrun for example_python_operator to None, run_after=None
[2024-11-26T17:55:25.833+0000] {processor.py:208} INFO - Processing /home/airflow/.local/lib/python3.12/site-packages/airflow/example_dags/example_python_operator.py took 0.061 seconds
[2024-11-26T17:55:56.295+0000] {processor.py:186} INFO - Started process (PID=322) to work on /home/airflow/.local/lib/python3.12/site-packages/airflow/example_dags/example_python_operator.py
[2024-11-26T17:55:56.296+0000] {processor.py:914} INFO - Processing file /home/airflow/.local/lib/python3.12/site-packages/airflow/example_dags/example_python_operator.py for tasks to queue
[2024-11-26T17:55:56.297+0000] {logging_mixin.py:190} INFO - [2024-11-26T17:55:56.297+0000] {dagbag.py:588} INFO - Filling up the DagBag from /home/airflow/.local/lib/python3.12/site-packages/airflow/example_dags/example_python_operator.py
[2024-11-26T17:55:56.306+0000] {processor.py:925} INFO - DAG(s) 'example_python_operator' retrieved from /home/airflow/.local/lib/python3.12/site-packages/airflow/example_dags/example_python_operator.py
[2024-11-26T17:55:56.323+0000] {logging_mixin.py:190} INFO - [2024-11-26T17:55:56.323+0000] {dag.py:3239} INFO - Sync 1 DAGs
[2024-11-26T17:55:56.334+0000] {logging_mixin.py:190} INFO - [2024-11-26T17:55:56.334+0000] {dag.py:4180} INFO - Setting next_dagrun for example_python_operator to None, run_after=None
[2024-11-26T17:55:56.347+0000] {processor.py:208} INFO - Processing /home/airflow/.local/lib/python3.12/site-packages/airflow/example_dags/example_python_operator.py took 0.056 seconds
[2024-11-26T17:56:27.105+0000] {processor.py:186} INFO - Started process (PID=391) to work on /home/airflow/.local/lib/python3.12/site-packages/airflow/example_dags/example_python_operator.py
[2024-11-26T17:56:27.105+0000] {processor.py:914} INFO - Processing file /home/airflow/.local/lib/python3.12/site-packages/airflow/example_dags/example_python_operator.py for tasks to queue
[2024-11-26T17:56:27.107+0000] {logging_mixin.py:190} INFO - [2024-11-26T17:56:27.107+0000] {dagbag.py:588} INFO - Filling up the DagBag from /home/airflow/.local/lib/python3.12/site-packages/airflow/example_dags/example_python_operator.py
[2024-11-26T17:56:27.115+0000] {processor.py:925} INFO - DAG(s) 'example_python_operator' retrieved from /home/airflow/.local/lib/python3.12/site-packages/airflow/example_dags/example_python_operator.py
[2024-11-26T17:56:27.132+0000] {logging_mixin.py:190} INFO - [2024-11-26T17:56:27.131+0000] {dag.py:3239} INFO - Sync 1 DAGs
[2024-11-26T17:56:27.143+0000] {logging_mixin.py:190} INFO - [2024-11-26T17:56:27.143+0000] {dag.py:4180} INFO - Setting next_dagrun for example_python_operator to None, run_after=None
[2024-11-26T17:56:27.159+0000] {processor.py:208} INFO - Processing /home/airflow/.local/lib/python3.12/site-packages/airflow/example_dags/example_python_operator.py took 0.058 seconds
[2024-11-26T17:56:58.098+0000] {processor.py:186} INFO - Started process (PID=454) to work on /home/airflow/.local/lib/python3.12/site-packages/airflow/example_dags/example_python_operator.py
[2024-11-26T17:56:58.099+0000] {processor.py:914} INFO - Processing file /home/airflow/.local/lib/python3.12/site-packages/airflow/example_dags/example_python_operator.py for tasks to queue
[2024-11-26T17:56:58.100+0000] {logging_mixin.py:190} INFO - [2024-11-26T17:56:58.100+0000] {dagbag.py:588} INFO - Filling up the DagBag from /home/airflow/.local/lib/python3.12/site-packages/airflow/example_dags/example_python_operator.py
[2024-11-26T17:56:58.110+0000] {processor.py:925} INFO - DAG(s) 'example_python_operator' retrieved from /home/airflow/.local/lib/python3.12/site-packages/airflow/example_dags/example_python_operator.py
[2024-11-26T17:56:58.127+0000] {logging_mixin.py:190} INFO - [2024-11-26T17:56:58.127+0000] {dag.py:3239} INFO - Sync 1 DAGs
[2024-11-26T17:56:58.138+0000] {logging_mixin.py:190} INFO - [2024-11-26T17:56:58.138+0000] {dag.py:4180} INFO - Setting next_dagrun for example_python_operator to None, run_after=None
[2024-11-26T17:56:58.152+0000] {processor.py:208} INFO - Processing /home/airflow/.local/lib/python3.12/site-packages/airflow/example_dags/example_python_operator.py took 0.059 seconds
[2024-11-26T17:57:28.904+0000] {processor.py:186} INFO - Started process (PID=517) to work on /home/airflow/.local/lib/python3.12/site-packages/airflow/example_dags/example_python_operator.py
[2024-11-26T17:57:28.906+0000] {processor.py:914} INFO - Processing file /home/airflow/.local/lib/python3.12/site-packages/airflow/example_dags/example_python_operator.py for tasks to queue
[2024-11-26T17:57:28.907+0000] {logging_mixin.py:190} INFO - [2024-11-26T17:57:28.907+0000] {dagbag.py:588} INFO - Filling up the DagBag from /home/airflow/.local/lib/python3.12/site-packages/airflow/example_dags/example_python_operator.py
[2024-11-26T17:57:28.916+0000] {processor.py:925} INFO - DAG(s) 'example_python_operator' retrieved from /home/airflow/.local/lib/python3.12/site-packages/airflow/example_dags/example_python_operator.py
[2024-11-26T17:57:28.933+0000] {logging_mixin.py:190} INFO - [2024-11-26T17:57:28.932+0000] {dag.py:3239} INFO - Sync 1 DAGs
[2024-11-26T17:57:28.943+0000] {logging_mixin.py:190} INFO - [2024-11-26T17:57:28.943+0000] {dag.py:4180} INFO - Setting next_dagrun for example_python_operator to None, run_after=None
[2024-11-26T17:57:28.957+0000] {processor.py:208} INFO - Processing /home/airflow/.local/lib/python3.12/site-packages/airflow/example_dags/example_python_operator.py took 0.058 seconds
[2024-11-26T17:57:59.769+0000] {processor.py:186} INFO - Started process (PID=580) to work on /home/airflow/.local/lib/python3.12/site-packages/airflow/example_dags/example_python_operator.py
[2024-11-26T17:57:59.770+0000] {processor.py:914} INFO - Processing file /home/airflow/.local/lib/python3.12/site-packages/airflow/example_dags/example_python_operator.py for tasks to queue
[2024-11-26T17:57:59.771+0000] {logging_mixin.py:190} INFO - [2024-11-26T17:57:59.771+0000] {dagbag.py:588} INFO - Filling up the DagBag from /home/airflow/.local/lib/python3.12/site-packages/airflow/example_dags/example_python_operator.py
[2024-11-26T17:57:59.780+0000] {processor.py:925} INFO - DAG(s) 'example_python_operator' retrieved from /home/airflow/.local/lib/python3.12/site-packages/airflow/example_dags/example_python_operator.py
[2024-11-26T17:57:59.797+0000] {logging_mixin.py:190} INFO - [2024-11-26T17:57:59.797+0000] {dag.py:3239} INFO - Sync 1 DAGs
[2024-11-26T17:57:59.808+0000] {logging_mixin.py:190} INFO - [2024-11-26T17:57:59.807+0000] {dag.py:4180} INFO - Setting next_dagrun for example_python_operator to None, run_after=None
[2024-11-26T17:57:59.824+0000] {processor.py:208} INFO - Processing /home/airflow/.local/lib/python3.12/site-packages/airflow/example_dags/example_python_operator.py took 0.059 seconds
[2024-11-26T17:58:30.070+0000] {processor.py:186} INFO - Started process (PID=643) to work on /home/airflow/.local/lib/python3.12/site-packages/airflow/example_dags/example_python_operator.py
[2024-11-26T17:58:30.070+0000] {processor.py:914} INFO - Processing file /home/airflow/.local/lib/python3.12/site-packages/airflow/example_dags/example_python_operator.py for tasks to queue
[2024-11-26T17:58:30.072+0000] {logging_mixin.py:190} INFO - [2024-11-26T17:58:30.072+0000] {dagbag.py:588} INFO - Filling up the DagBag from /home/airflow/.local/lib/python3.12/site-packages/airflow/example_dags/example_python_operator.py
[2024-11-26T17:58:30.082+0000] {processor.py:925} INFO - DAG(s) 'example_python_operator' retrieved from /home/airflow/.local/lib/python3.12/site-packages/airflow/example_dags/example_python_operator.py
[2024-11-26T17:58:30.100+0000] {logging_mixin.py:190} INFO - [2024-11-26T17:58:30.100+0000] {dag.py:3239} INFO - Sync 1 DAGs
[2024-11-26T17:58:30.111+0000] {logging_mixin.py:190} INFO - [2024-11-26T17:58:30.111+0000] {dag.py:4180} INFO - Setting next_dagrun for example_python_operator to None, run_after=None
[2024-11-26T17:58:30.124+0000] {processor.py:208} INFO - Processing /home/airflow/.local/lib/python3.12/site-packages/airflow/example_dags/example_python_operator.py took 0.059 seconds
[2024-11-26T17:59:00.771+0000] {processor.py:186} INFO - Started process (PID=706) to work on /home/airflow/.local/lib/python3.12/site-packages/airflow/example_dags/example_python_operator.py
[2024-11-26T17:59:00.771+0000] {processor.py:914} INFO - Processing file /home/airflow/.local/lib/python3.12/site-packages/airflow/example_dags/example_python_operator.py for tasks to queue
[2024-11-26T17:59:00.773+0000] {logging_mixin.py:190} INFO - [2024-11-26T17:59:00.773+0000] {dagbag.py:588} INFO - Filling up the DagBag from /home/airflow/.local/lib/python3.12/site-packages/airflow/example_dags/example_python_operator.py
[2024-11-26T17:59:00.782+0000] {processor.py:925} INFO - DAG(s) 'example_python_operator' retrieved from /home/airflow/.local/lib/python3.12/site-packages/airflow/example_dags/example_python_operator.py
[2024-11-26T17:59:00.800+0000] {logging_mixin.py:190} INFO - [2024-11-26T17:59:00.799+0000] {dag.py:3239} INFO - Sync 1 DAGs
[2024-11-26T17:59:00.811+0000] {logging_mixin.py:190} INFO - [2024-11-26T17:59:00.810+0000] {dag.py:4180} INFO - Setting next_dagrun for example_python_operator to None, run_after=None
[2024-11-26T17:59:00.826+0000] {processor.py:208} INFO - Processing /home/airflow/.local/lib/python3.12/site-packages/airflow/example_dags/example_python_operator.py took 0.060 seconds
[2024-11-26T18:06:05.314+0000] {processor.py:186} INFO - Started process (PID=72) to work on /home/airflow/.local/lib/python3.12/site-packages/airflow/example_dags/example_python_operator.py
[2024-11-26T18:06:05.315+0000] {processor.py:914} INFO - Processing file /home/airflow/.local/lib/python3.12/site-packages/airflow/example_dags/example_python_operator.py for tasks to queue
[2024-11-26T18:06:05.316+0000] {logging_mixin.py:190} INFO - [2024-11-26T18:06:05.316+0000] {dagbag.py:588} INFO - Filling up the DagBag from /home/airflow/.local/lib/python3.12/site-packages/airflow/example_dags/example_python_operator.py
[2024-11-26T18:06:05.338+0000] {processor.py:925} INFO - DAG(s) 'example_python_operator' retrieved from /home/airflow/.local/lib/python3.12/site-packages/airflow/example_dags/example_python_operator.py
[2024-11-26T18:06:05.546+0000] {logging_mixin.py:190} INFO - [2024-11-26T18:06:05.546+0000] {dag.py:3239} INFO - Sync 1 DAGs
[2024-11-26T18:06:05.555+0000] {logging_mixin.py:190} INFO - [2024-11-26T18:06:05.555+0000] {dag.py:4180} INFO - Setting next_dagrun for example_python_operator to None, run_after=None
[2024-11-26T18:06:05.570+0000] {processor.py:208} INFO - Processing /home/airflow/.local/lib/python3.12/site-packages/airflow/example_dags/example_python_operator.py took 0.260 seconds
[2024-11-26T18:06:36.125+0000] {processor.py:186} INFO - Started process (PID=135) to work on /home/airflow/.local/lib/python3.12/site-packages/airflow/example_dags/example_python_operator.py
[2024-11-26T18:06:36.126+0000] {processor.py:914} INFO - Processing file /home/airflow/.local/lib/python3.12/site-packages/airflow/example_dags/example_python_operator.py for tasks to queue
[2024-11-26T18:06:36.128+0000] {logging_mixin.py:190} INFO - [2024-11-26T18:06:36.128+0000] {dagbag.py:588} INFO - Filling up the DagBag from /home/airflow/.local/lib/python3.12/site-packages/airflow/example_dags/example_python_operator.py
[2024-11-26T18:06:36.136+0000] {processor.py:925} INFO - DAG(s) 'example_python_operator' retrieved from /home/airflow/.local/lib/python3.12/site-packages/airflow/example_dags/example_python_operator.py
[2024-11-26T18:06:36.154+0000] {logging_mixin.py:190} INFO - [2024-11-26T18:06:36.154+0000] {dag.py:3239} INFO - Sync 1 DAGs
[2024-11-26T18:06:36.165+0000] {logging_mixin.py:190} INFO - [2024-11-26T18:06:36.165+0000] {dag.py:4180} INFO - Setting next_dagrun for example_python_operator to None, run_after=None
[2024-11-26T18:06:36.179+0000] {processor.py:208} INFO - Processing /home/airflow/.local/lib/python3.12/site-packages/airflow/example_dags/example_python_operator.py took 0.057 seconds
[2024-11-26T18:07:06.255+0000] {processor.py:186} INFO - Started process (PID=199) to work on /home/airflow/.local/lib/python3.12/site-packages/airflow/example_dags/example_python_operator.py
[2024-11-26T18:07:06.256+0000] {processor.py:914} INFO - Processing file /home/airflow/.local/lib/python3.12/site-packages/airflow/example_dags/example_python_operator.py for tasks to queue
[2024-11-26T18:07:06.258+0000] {logging_mixin.py:190} INFO - [2024-11-26T18:07:06.257+0000] {dagbag.py:588} INFO - Filling up the DagBag from /home/airflow/.local/lib/python3.12/site-packages/airflow/example_dags/example_python_operator.py
[2024-11-26T18:07:06.266+0000] {processor.py:925} INFO - DAG(s) 'example_python_operator' retrieved from /home/airflow/.local/lib/python3.12/site-packages/airflow/example_dags/example_python_operator.py
[2024-11-26T18:07:06.282+0000] {logging_mixin.py:190} INFO - [2024-11-26T18:07:06.282+0000] {dag.py:3239} INFO - Sync 1 DAGs
[2024-11-26T18:07:06.293+0000] {logging_mixin.py:190} INFO - [2024-11-26T18:07:06.293+0000] {dag.py:4180} INFO - Setting next_dagrun for example_python_operator to None, run_after=None
[2024-11-26T18:07:06.306+0000] {processor.py:208} INFO - Processing /home/airflow/.local/lib/python3.12/site-packages/airflow/example_dags/example_python_operator.py took 0.055 seconds
[2024-11-26T18:07:37.210+0000] {processor.py:186} INFO - Started process (PID=263) to work on /home/airflow/.local/lib/python3.12/site-packages/airflow/example_dags/example_python_operator.py
[2024-11-26T18:07:37.211+0000] {processor.py:914} INFO - Processing file /home/airflow/.local/lib/python3.12/site-packages/airflow/example_dags/example_python_operator.py for tasks to queue
[2024-11-26T18:07:37.213+0000] {logging_mixin.py:190} INFO - [2024-11-26T18:07:37.212+0000] {dagbag.py:588} INFO - Filling up the DagBag from /home/airflow/.local/lib/python3.12/site-packages/airflow/example_dags/example_python_operator.py
[2024-11-26T18:07:37.222+0000] {processor.py:925} INFO - DAG(s) 'example_python_operator' retrieved from /home/airflow/.local/lib/python3.12/site-packages/airflow/example_dags/example_python_operator.py
[2024-11-26T18:07:37.239+0000] {logging_mixin.py:190} INFO - [2024-11-26T18:07:37.239+0000] {dag.py:3239} INFO - Sync 1 DAGs
[2024-11-26T18:07:37.251+0000] {logging_mixin.py:190} INFO - [2024-11-26T18:07:37.250+0000] {dag.py:4180} INFO - Setting next_dagrun for example_python_operator to None, run_after=None
[2024-11-26T18:07:37.265+0000] {processor.py:208} INFO - Processing /home/airflow/.local/lib/python3.12/site-packages/airflow/example_dags/example_python_operator.py took 0.058 seconds
[2024-11-26T18:08:07.814+0000] {processor.py:186} INFO - Started process (PID=327) to work on /home/airflow/.local/lib/python3.12/site-packages/airflow/example_dags/example_python_operator.py
[2024-11-26T18:08:07.814+0000] {processor.py:914} INFO - Processing file /home/airflow/.local/lib/python3.12/site-packages/airflow/example_dags/example_python_operator.py for tasks to queue
[2024-11-26T18:08:07.816+0000] {logging_mixin.py:190} INFO - [2024-11-26T18:08:07.816+0000] {dagbag.py:588} INFO - Filling up the DagBag from /home/airflow/.local/lib/python3.12/site-packages/airflow/example_dags/example_python_operator.py
[2024-11-26T18:08:07.824+0000] {processor.py:925} INFO - DAG(s) 'example_python_operator' retrieved from /home/airflow/.local/lib/python3.12/site-packages/airflow/example_dags/example_python_operator.py
[2024-11-26T18:08:07.841+0000] {logging_mixin.py:190} INFO - [2024-11-26T18:08:07.841+0000] {dag.py:3239} INFO - Sync 1 DAGs
[2024-11-26T18:08:07.851+0000] {logging_mixin.py:190} INFO - [2024-11-26T18:08:07.851+0000] {dag.py:4180} INFO - Setting next_dagrun for example_python_operator to None, run_after=None
[2024-11-26T18:08:07.864+0000] {processor.py:208} INFO - Processing /home/airflow/.local/lib/python3.12/site-packages/airflow/example_dags/example_python_operator.py took 0.054 seconds
[2024-11-26T18:08:38.538+0000] {processor.py:186} INFO - Started process (PID=391) to work on /home/airflow/.local/lib/python3.12/site-packages/airflow/example_dags/example_python_operator.py
[2024-11-26T18:08:38.539+0000] {processor.py:914} INFO - Processing file /home/airflow/.local/lib/python3.12/site-packages/airflow/example_dags/example_python_operator.py for tasks to queue
[2024-11-26T18:08:38.540+0000] {logging_mixin.py:190} INFO - [2024-11-26T18:08:38.540+0000] {dagbag.py:588} INFO - Filling up the DagBag from /home/airflow/.local/lib/python3.12/site-packages/airflow/example_dags/example_python_operator.py
[2024-11-26T18:08:38.548+0000] {processor.py:925} INFO - DAG(s) 'example_python_operator' retrieved from /home/airflow/.local/lib/python3.12/site-packages/airflow/example_dags/example_python_operator.py
[2024-11-26T18:08:38.565+0000] {logging_mixin.py:190} INFO - [2024-11-26T18:08:38.564+0000] {dag.py:3239} INFO - Sync 1 DAGs
[2024-11-26T18:08:38.575+0000] {logging_mixin.py:190} INFO - [2024-11-26T18:08:38.574+0000] {dag.py:4180} INFO - Setting next_dagrun for example_python_operator to None, run_after=None
[2024-11-26T18:08:38.588+0000] {processor.py:208} INFO - Processing /home/airflow/.local/lib/python3.12/site-packages/airflow/example_dags/example_python_operator.py took 0.054 seconds
[2024-11-26T18:09:09.351+0000] {processor.py:186} INFO - Started process (PID=456) to work on /home/airflow/.local/lib/python3.12/site-packages/airflow/example_dags/example_python_operator.py
[2024-11-26T18:09:09.352+0000] {processor.py:914} INFO - Processing file /home/airflow/.local/lib/python3.12/site-packages/airflow/example_dags/example_python_operator.py for tasks to queue
[2024-11-26T18:09:09.355+0000] {logging_mixin.py:190} INFO - [2024-11-26T18:09:09.354+0000] {dagbag.py:588} INFO - Filling up the DagBag from /home/airflow/.local/lib/python3.12/site-packages/airflow/example_dags/example_python_operator.py
[2024-11-26T18:09:09.364+0000] {processor.py:925} INFO - DAG(s) 'example_python_operator' retrieved from /home/airflow/.local/lib/python3.12/site-packages/airflow/example_dags/example_python_operator.py
[2024-11-26T18:09:09.380+0000] {logging_mixin.py:190} INFO - [2024-11-26T18:09:09.380+0000] {dag.py:3239} INFO - Sync 1 DAGs
[2024-11-26T18:09:09.392+0000] {logging_mixin.py:190} INFO - [2024-11-26T18:09:09.392+0000] {dag.py:4180} INFO - Setting next_dagrun for example_python_operator to None, run_after=None
[2024-11-26T18:09:09.411+0000] {processor.py:208} INFO - Processing /home/airflow/.local/lib/python3.12/site-packages/airflow/example_dags/example_python_operator.py took 0.064 seconds
[2024-11-26T18:09:39.457+0000] {processor.py:186} INFO - Started process (PID=520) to work on /home/airflow/.local/lib/python3.12/site-packages/airflow/example_dags/example_python_operator.py
[2024-11-26T18:09:39.458+0000] {processor.py:914} INFO - Processing file /home/airflow/.local/lib/python3.12/site-packages/airflow/example_dags/example_python_operator.py for tasks to queue
[2024-11-26T18:09:39.459+0000] {logging_mixin.py:190} INFO - [2024-11-26T18:09:39.459+0000] {dagbag.py:588} INFO - Filling up the DagBag from /home/airflow/.local/lib/python3.12/site-packages/airflow/example_dags/example_python_operator.py
[2024-11-26T18:09:39.467+0000] {processor.py:925} INFO - DAG(s) 'example_python_operator' retrieved from /home/airflow/.local/lib/python3.12/site-packages/airflow/example_dags/example_python_operator.py
[2024-11-26T18:09:39.483+0000] {logging_mixin.py:190} INFO - [2024-11-26T18:09:39.483+0000] {dag.py:3239} INFO - Sync 1 DAGs
[2024-11-26T18:09:39.495+0000] {logging_mixin.py:190} INFO - [2024-11-26T18:09:39.495+0000] {dag.py:4180} INFO - Setting next_dagrun for example_python_operator to None, run_after=None
[2024-11-26T18:09:39.509+0000] {processor.py:208} INFO - Processing /home/airflow/.local/lib/python3.12/site-packages/airflow/example_dags/example_python_operator.py took 0.056 seconds
[2024-11-26T18:10:10.237+0000] {processor.py:186} INFO - Started process (PID=583) to work on /home/airflow/.local/lib/python3.12/site-packages/airflow/example_dags/example_python_operator.py
[2024-11-26T18:10:10.237+0000] {processor.py:914} INFO - Processing file /home/airflow/.local/lib/python3.12/site-packages/airflow/example_dags/example_python_operator.py for tasks to queue
[2024-11-26T18:10:10.238+0000] {logging_mixin.py:190} INFO - [2024-11-26T18:10:10.238+0000] {dagbag.py:588} INFO - Filling up the DagBag from /home/airflow/.local/lib/python3.12/site-packages/airflow/example_dags/example_python_operator.py
[2024-11-26T18:10:10.247+0000] {processor.py:925} INFO - DAG(s) 'example_python_operator' retrieved from /home/airflow/.local/lib/python3.12/site-packages/airflow/example_dags/example_python_operator.py
[2024-11-26T18:10:10.264+0000] {logging_mixin.py:190} INFO - [2024-11-26T18:10:10.264+0000] {dag.py:3239} INFO - Sync 1 DAGs
[2024-11-26T18:10:10.275+0000] {logging_mixin.py:190} INFO - [2024-11-26T18:10:10.275+0000] {dag.py:4180} INFO - Setting next_dagrun for example_python_operator to None, run_after=None
[2024-11-26T18:10:10.289+0000] {processor.py:208} INFO - Processing /home/airflow/.local/lib/python3.12/site-packages/airflow/example_dags/example_python_operator.py took 0.056 seconds
[2024-11-26T18:10:40.383+0000] {processor.py:186} INFO - Started process (PID=646) to work on /home/airflow/.local/lib/python3.12/site-packages/airflow/example_dags/example_python_operator.py
[2024-11-26T18:10:40.384+0000] {processor.py:914} INFO - Processing file /home/airflow/.local/lib/python3.12/site-packages/airflow/example_dags/example_python_operator.py for tasks to queue
[2024-11-26T18:10:40.385+0000] {logging_mixin.py:190} INFO - [2024-11-26T18:10:40.385+0000] {dagbag.py:588} INFO - Filling up the DagBag from /home/airflow/.local/lib/python3.12/site-packages/airflow/example_dags/example_python_operator.py
[2024-11-26T18:10:40.394+0000] {processor.py:925} INFO - DAG(s) 'example_python_operator' retrieved from /home/airflow/.local/lib/python3.12/site-packages/airflow/example_dags/example_python_operator.py
[2024-11-26T18:10:40.409+0000] {logging_mixin.py:190} INFO - [2024-11-26T18:10:40.409+0000] {dag.py:3239} INFO - Sync 1 DAGs
[2024-11-26T18:10:40.420+0000] {logging_mixin.py:190} INFO - [2024-11-26T18:10:40.420+0000] {dag.py:4180} INFO - Setting next_dagrun for example_python_operator to None, run_after=None
[2024-11-26T18:10:40.433+0000] {processor.py:208} INFO - Processing /home/airflow/.local/lib/python3.12/site-packages/airflow/example_dags/example_python_operator.py took 0.054 seconds
[2024-11-26T18:11:10.482+0000] {processor.py:186} INFO - Started process (PID=710) to work on /home/airflow/.local/lib/python3.12/site-packages/airflow/example_dags/example_python_operator.py
[2024-11-26T18:11:10.482+0000] {processor.py:914} INFO - Processing file /home/airflow/.local/lib/python3.12/site-packages/airflow/example_dags/example_python_operator.py for tasks to queue
[2024-11-26T18:11:10.483+0000] {logging_mixin.py:190} INFO - [2024-11-26T18:11:10.483+0000] {dagbag.py:588} INFO - Filling up the DagBag from /home/airflow/.local/lib/python3.12/site-packages/airflow/example_dags/example_python_operator.py
[2024-11-26T18:11:10.491+0000] {processor.py:925} INFO - DAG(s) 'example_python_operator' retrieved from /home/airflow/.local/lib/python3.12/site-packages/airflow/example_dags/example_python_operator.py
[2024-11-26T18:11:10.507+0000] {logging_mixin.py:190} INFO - [2024-11-26T18:11:10.507+0000] {dag.py:3239} INFO - Sync 1 DAGs
[2024-11-26T18:11:10.518+0000] {logging_mixin.py:190} INFO - [2024-11-26T18:11:10.518+0000] {dag.py:4180} INFO - Setting next_dagrun for example_python_operator to None, run_after=None
[2024-11-26T18:11:10.531+0000] {processor.py:208} INFO - Processing /home/airflow/.local/lib/python3.12/site-packages/airflow/example_dags/example_python_operator.py took 0.054 seconds
[2024-11-26T18:12:30.317+0000] {processor.py:186} INFO - Started process (PID=60) to work on /home/airflow/.local/lib/python3.12/site-packages/airflow/example_dags/example_python_operator.py
[2024-11-26T18:12:30.317+0000] {processor.py:914} INFO - Processing file /home/airflow/.local/lib/python3.12/site-packages/airflow/example_dags/example_python_operator.py for tasks to queue
[2024-11-26T18:12:30.319+0000] {logging_mixin.py:190} INFO - [2024-11-26T18:12:30.319+0000] {dagbag.py:588} INFO - Filling up the DagBag from /home/airflow/.local/lib/python3.12/site-packages/airflow/example_dags/example_python_operator.py
[2024-11-26T18:12:30.330+0000] {processor.py:925} INFO - DAG(s) 'example_python_operator' retrieved from /home/airflow/.local/lib/python3.12/site-packages/airflow/example_dags/example_python_operator.py
[2024-11-26T18:12:30.434+0000] {logging_mixin.py:190} INFO - [2024-11-26T18:12:30.434+0000] {dag.py:3239} INFO - Sync 1 DAGs
[2024-11-26T18:12:30.444+0000] {logging_mixin.py:190} INFO - [2024-11-26T18:12:30.444+0000] {dag.py:4180} INFO - Setting next_dagrun for example_python_operator to None, run_after=None
[2024-11-26T18:12:30.462+0000] {processor.py:208} INFO - Processing /home/airflow/.local/lib/python3.12/site-packages/airflow/example_dags/example_python_operator.py took 0.150 seconds
[2024-11-26T18:13:00.774+0000] {processor.py:186} INFO - Started process (PID=124) to work on /home/airflow/.local/lib/python3.12/site-packages/airflow/example_dags/example_python_operator.py
[2024-11-26T18:13:00.775+0000] {processor.py:914} INFO - Processing file /home/airflow/.local/lib/python3.12/site-packages/airflow/example_dags/example_python_operator.py for tasks to queue
[2024-11-26T18:13:00.776+0000] {logging_mixin.py:190} INFO - [2024-11-26T18:13:00.776+0000] {dagbag.py:588} INFO - Filling up the DagBag from /home/airflow/.local/lib/python3.12/site-packages/airflow/example_dags/example_python_operator.py
[2024-11-26T18:13:00.785+0000] {processor.py:925} INFO - DAG(s) 'example_python_operator' retrieved from /home/airflow/.local/lib/python3.12/site-packages/airflow/example_dags/example_python_operator.py
[2024-11-26T18:13:00.803+0000] {logging_mixin.py:190} INFO - [2024-11-26T18:13:00.803+0000] {dag.py:3239} INFO - Sync 1 DAGs
[2024-11-26T18:13:00.815+0000] {logging_mixin.py:190} INFO - [2024-11-26T18:13:00.815+0000] {dag.py:4180} INFO - Setting next_dagrun for example_python_operator to None, run_after=None
[2024-11-26T18:13:00.832+0000] {processor.py:208} INFO - Processing /home/airflow/.local/lib/python3.12/site-packages/airflow/example_dags/example_python_operator.py took 0.061 seconds
[2024-11-26T18:13:31.406+0000] {processor.py:186} INFO - Started process (PID=187) to work on /home/airflow/.local/lib/python3.12/site-packages/airflow/example_dags/example_python_operator.py
[2024-11-26T18:13:31.407+0000] {processor.py:914} INFO - Processing file /home/airflow/.local/lib/python3.12/site-packages/airflow/example_dags/example_python_operator.py for tasks to queue
[2024-11-26T18:13:31.408+0000] {logging_mixin.py:190} INFO - [2024-11-26T18:13:31.408+0000] {dagbag.py:588} INFO - Filling up the DagBag from /home/airflow/.local/lib/python3.12/site-packages/airflow/example_dags/example_python_operator.py
[2024-11-26T18:13:31.417+0000] {processor.py:925} INFO - DAG(s) 'example_python_operator' retrieved from /home/airflow/.local/lib/python3.12/site-packages/airflow/example_dags/example_python_operator.py
[2024-11-26T18:13:31.433+0000] {logging_mixin.py:190} INFO - [2024-11-26T18:13:31.433+0000] {dag.py:3239} INFO - Sync 1 DAGs
[2024-11-26T18:13:31.444+0000] {logging_mixin.py:190} INFO - [2024-11-26T18:13:31.444+0000] {dag.py:4180} INFO - Setting next_dagrun for example_python_operator to None, run_after=None
[2024-11-26T18:13:31.457+0000] {processor.py:208} INFO - Processing /home/airflow/.local/lib/python3.12/site-packages/airflow/example_dags/example_python_operator.py took 0.055 seconds
[2024-11-26T18:14:01.589+0000] {processor.py:186} INFO - Started process (PID=251) to work on /home/airflow/.local/lib/python3.12/site-packages/airflow/example_dags/example_python_operator.py
[2024-11-26T18:14:01.590+0000] {processor.py:914} INFO - Processing file /home/airflow/.local/lib/python3.12/site-packages/airflow/example_dags/example_python_operator.py for tasks to queue
[2024-11-26T18:14:01.592+0000] {logging_mixin.py:190} INFO - [2024-11-26T18:14:01.591+0000] {dagbag.py:588} INFO - Filling up the DagBag from /home/airflow/.local/lib/python3.12/site-packages/airflow/example_dags/example_python_operator.py
[2024-11-26T18:14:01.601+0000] {processor.py:925} INFO - DAG(s) 'example_python_operator' retrieved from /home/airflow/.local/lib/python3.12/site-packages/airflow/example_dags/example_python_operator.py
[2024-11-26T18:14:01.618+0000] {logging_mixin.py:190} INFO - [2024-11-26T18:14:01.618+0000] {dag.py:3239} INFO - Sync 1 DAGs
[2024-11-26T18:14:01.631+0000] {logging_mixin.py:190} INFO - [2024-11-26T18:14:01.631+0000] {dag.py:4180} INFO - Setting next_dagrun for example_python_operator to None, run_after=None
[2024-11-26T18:14:01.647+0000] {processor.py:208} INFO - Processing /home/airflow/.local/lib/python3.12/site-packages/airflow/example_dags/example_python_operator.py took 0.062 seconds
[2024-11-26T18:14:31.689+0000] {processor.py:186} INFO - Started process (PID=315) to work on /home/airflow/.local/lib/python3.12/site-packages/airflow/example_dags/example_python_operator.py
[2024-11-26T18:14:31.690+0000] {processor.py:914} INFO - Processing file /home/airflow/.local/lib/python3.12/site-packages/airflow/example_dags/example_python_operator.py for tasks to queue
[2024-11-26T18:14:31.691+0000] {logging_mixin.py:190} INFO - [2024-11-26T18:14:31.691+0000] {dagbag.py:588} INFO - Filling up the DagBag from /home/airflow/.local/lib/python3.12/site-packages/airflow/example_dags/example_python_operator.py
[2024-11-26T18:14:31.700+0000] {processor.py:925} INFO - DAG(s) 'example_python_operator' retrieved from /home/airflow/.local/lib/python3.12/site-packages/airflow/example_dags/example_python_operator.py
[2024-11-26T18:14:31.717+0000] {logging_mixin.py:190} INFO - [2024-11-26T18:14:31.717+0000] {dag.py:3239} INFO - Sync 1 DAGs
[2024-11-26T18:14:31.727+0000] {logging_mixin.py:190} INFO - [2024-11-26T18:14:31.727+0000] {dag.py:4180} INFO - Setting next_dagrun for example_python_operator to None, run_after=None
[2024-11-26T18:14:31.740+0000] {processor.py:208} INFO - Processing /home/airflow/.local/lib/python3.12/site-packages/airflow/example_dags/example_python_operator.py took 0.054 seconds
[2024-11-26T18:15:02.575+0000] {processor.py:186} INFO - Started process (PID=385) to work on /home/airflow/.local/lib/python3.12/site-packages/airflow/example_dags/example_python_operator.py
[2024-11-26T18:15:02.576+0000] {processor.py:914} INFO - Processing file /home/airflow/.local/lib/python3.12/site-packages/airflow/example_dags/example_python_operator.py for tasks to queue
[2024-11-26T18:15:02.578+0000] {logging_mixin.py:190} INFO - [2024-11-26T18:15:02.577+0000] {dagbag.py:588} INFO - Filling up the DagBag from /home/airflow/.local/lib/python3.12/site-packages/airflow/example_dags/example_python_operator.py
[2024-11-26T18:15:02.588+0000] {processor.py:925} INFO - DAG(s) 'example_python_operator' retrieved from /home/airflow/.local/lib/python3.12/site-packages/airflow/example_dags/example_python_operator.py
[2024-11-26T18:15:02.611+0000] {logging_mixin.py:190} INFO - [2024-11-26T18:15:02.610+0000] {dag.py:3239} INFO - Sync 1 DAGs
[2024-11-26T18:15:02.625+0000] {logging_mixin.py:190} INFO - [2024-11-26T18:15:02.624+0000] {dag.py:4180} INFO - Setting next_dagrun for example_python_operator to None, run_after=None
[2024-11-26T18:15:02.644+0000] {processor.py:208} INFO - Processing /home/airflow/.local/lib/python3.12/site-packages/airflow/example_dags/example_python_operator.py took 0.073 seconds
[2024-11-26T18:15:33.320+0000] {processor.py:186} INFO - Started process (PID=449) to work on /home/airflow/.local/lib/python3.12/site-packages/airflow/example_dags/example_python_operator.py
[2024-11-26T18:15:33.321+0000] {processor.py:914} INFO - Processing file /home/airflow/.local/lib/python3.12/site-packages/airflow/example_dags/example_python_operator.py for tasks to queue
[2024-11-26T18:15:33.322+0000] {logging_mixin.py:190} INFO - [2024-11-26T18:15:33.322+0000] {dagbag.py:588} INFO - Filling up the DagBag from /home/airflow/.local/lib/python3.12/site-packages/airflow/example_dags/example_python_operator.py
[2024-11-26T18:15:33.331+0000] {processor.py:925} INFO - DAG(s) 'example_python_operator' retrieved from /home/airflow/.local/lib/python3.12/site-packages/airflow/example_dags/example_python_operator.py
[2024-11-26T18:15:33.348+0000] {logging_mixin.py:190} INFO - [2024-11-26T18:15:33.348+0000] {dag.py:3239} INFO - Sync 1 DAGs
[2024-11-26T18:15:33.359+0000] {logging_mixin.py:190} INFO - [2024-11-26T18:15:33.359+0000] {dag.py:4180} INFO - Setting next_dagrun for example_python_operator to None, run_after=None
[2024-11-26T18:15:33.373+0000] {processor.py:208} INFO - Processing /home/airflow/.local/lib/python3.12/site-packages/airflow/example_dags/example_python_operator.py took 0.057 seconds
[2024-11-26T18:16:04.199+0000] {processor.py:186} INFO - Started process (PID=513) to work on /home/airflow/.local/lib/python3.12/site-packages/airflow/example_dags/example_python_operator.py
[2024-11-26T18:16:04.199+0000] {processor.py:914} INFO - Processing file /home/airflow/.local/lib/python3.12/site-packages/airflow/example_dags/example_python_operator.py for tasks to queue
[2024-11-26T18:16:04.201+0000] {logging_mixin.py:190} INFO - [2024-11-26T18:16:04.201+0000] {dagbag.py:588} INFO - Filling up the DagBag from /home/airflow/.local/lib/python3.12/site-packages/airflow/example_dags/example_python_operator.py
[2024-11-26T18:16:04.210+0000] {processor.py:925} INFO - DAG(s) 'example_python_operator' retrieved from /home/airflow/.local/lib/python3.12/site-packages/airflow/example_dags/example_python_operator.py
[2024-11-26T18:16:04.226+0000] {logging_mixin.py:190} INFO - [2024-11-26T18:16:04.226+0000] {dag.py:3239} INFO - Sync 1 DAGs
[2024-11-26T18:16:04.238+0000] {logging_mixin.py:190} INFO - [2024-11-26T18:16:04.238+0000] {dag.py:4180} INFO - Setting next_dagrun for example_python_operator to None, run_after=None
[2024-11-26T18:16:04.256+0000] {processor.py:208} INFO - Processing /home/airflow/.local/lib/python3.12/site-packages/airflow/example_dags/example_python_operator.py took 0.061 seconds
[2024-11-26T18:16:34.798+0000] {processor.py:186} INFO - Started process (PID=577) to work on /home/airflow/.local/lib/python3.12/site-packages/airflow/example_dags/example_python_operator.py
[2024-11-26T18:16:34.798+0000] {processor.py:914} INFO - Processing file /home/airflow/.local/lib/python3.12/site-packages/airflow/example_dags/example_python_operator.py for tasks to queue
[2024-11-26T18:16:34.800+0000] {logging_mixin.py:190} INFO - [2024-11-26T18:16:34.799+0000] {dagbag.py:588} INFO - Filling up the DagBag from /home/airflow/.local/lib/python3.12/site-packages/airflow/example_dags/example_python_operator.py
[2024-11-26T18:16:34.809+0000] {processor.py:925} INFO - DAG(s) 'example_python_operator' retrieved from /home/airflow/.local/lib/python3.12/site-packages/airflow/example_dags/example_python_operator.py
[2024-11-26T18:16:34.827+0000] {logging_mixin.py:190} INFO - [2024-11-26T18:16:34.827+0000] {dag.py:3239} INFO - Sync 1 DAGs
[2024-11-26T18:16:34.838+0000] {logging_mixin.py:190} INFO - [2024-11-26T18:16:34.838+0000] {dag.py:4180} INFO - Setting next_dagrun for example_python_operator to None, run_after=None
[2024-11-26T18:16:34.853+0000] {processor.py:208} INFO - Processing /home/airflow/.local/lib/python3.12/site-packages/airflow/example_dags/example_python_operator.py took 0.059 seconds
[2024-11-26T18:17:05.605+0000] {processor.py:186} INFO - Started process (PID=641) to work on /home/airflow/.local/lib/python3.12/site-packages/airflow/example_dags/example_python_operator.py
[2024-11-26T18:17:05.606+0000] {processor.py:914} INFO - Processing file /home/airflow/.local/lib/python3.12/site-packages/airflow/example_dags/example_python_operator.py for tasks to queue
[2024-11-26T18:17:05.608+0000] {logging_mixin.py:190} INFO - [2024-11-26T18:17:05.607+0000] {dagbag.py:588} INFO - Filling up the DagBag from /home/airflow/.local/lib/python3.12/site-packages/airflow/example_dags/example_python_operator.py
[2024-11-26T18:17:05.617+0000] {processor.py:925} INFO - DAG(s) 'example_python_operator' retrieved from /home/airflow/.local/lib/python3.12/site-packages/airflow/example_dags/example_python_operator.py
[2024-11-26T18:17:05.635+0000] {logging_mixin.py:190} INFO - [2024-11-26T18:17:05.635+0000] {dag.py:3239} INFO - Sync 1 DAGs
[2024-11-26T18:17:05.647+0000] {logging_mixin.py:190} INFO - [2024-11-26T18:17:05.647+0000] {dag.py:4180} INFO - Setting next_dagrun for example_python_operator to None, run_after=None
[2024-11-26T18:17:05.663+0000] {processor.py:208} INFO - Processing /home/airflow/.local/lib/python3.12/site-packages/airflow/example_dags/example_python_operator.py took 0.062 seconds
[2024-11-26T18:17:36.327+0000] {processor.py:186} INFO - Started process (PID=705) to work on /home/airflow/.local/lib/python3.12/site-packages/airflow/example_dags/example_python_operator.py
[2024-11-26T18:17:36.328+0000] {processor.py:914} INFO - Processing file /home/airflow/.local/lib/python3.12/site-packages/airflow/example_dags/example_python_operator.py for tasks to queue
[2024-11-26T18:17:36.329+0000] {logging_mixin.py:190} INFO - [2024-11-26T18:17:36.329+0000] {dagbag.py:588} INFO - Filling up the DagBag from /home/airflow/.local/lib/python3.12/site-packages/airflow/example_dags/example_python_operator.py
[2024-11-26T18:17:36.338+0000] {processor.py:925} INFO - DAG(s) 'example_python_operator' retrieved from /home/airflow/.local/lib/python3.12/site-packages/airflow/example_dags/example_python_operator.py
[2024-11-26T18:17:36.355+0000] {logging_mixin.py:190} INFO - [2024-11-26T18:17:36.354+0000] {dag.py:3239} INFO - Sync 1 DAGs
[2024-11-26T18:17:36.365+0000] {logging_mixin.py:190} INFO - [2024-11-26T18:17:36.365+0000] {dag.py:4180} INFO - Setting next_dagrun for example_python_operator to None, run_after=None
[2024-11-26T18:17:36.379+0000] {processor.py:208} INFO - Processing /home/airflow/.local/lib/python3.12/site-packages/airflow/example_dags/example_python_operator.py took 0.056 seconds
[2024-11-26T18:18:07.296+0000] {processor.py:186} INFO - Started process (PID=769) to work on /home/airflow/.local/lib/python3.12/site-packages/airflow/example_dags/example_python_operator.py
[2024-11-26T18:18:07.297+0000] {processor.py:914} INFO - Processing file /home/airflow/.local/lib/python3.12/site-packages/airflow/example_dags/example_python_operator.py for tasks to queue
[2024-11-26T18:18:07.298+0000] {logging_mixin.py:190} INFO - [2024-11-26T18:18:07.298+0000] {dagbag.py:588} INFO - Filling up the DagBag from /home/airflow/.local/lib/python3.12/site-packages/airflow/example_dags/example_python_operator.py
[2024-11-26T18:18:07.307+0000] {processor.py:925} INFO - DAG(s) 'example_python_operator' retrieved from /home/airflow/.local/lib/python3.12/site-packages/airflow/example_dags/example_python_operator.py
[2024-11-26T18:18:07.324+0000] {logging_mixin.py:190} INFO - [2024-11-26T18:18:07.324+0000] {dag.py:3239} INFO - Sync 1 DAGs
[2024-11-26T18:18:07.334+0000] {logging_mixin.py:190} INFO - [2024-11-26T18:18:07.334+0000] {dag.py:4180} INFO - Setting next_dagrun for example_python_operator to None, run_after=None
[2024-11-26T18:18:07.348+0000] {processor.py:208} INFO - Processing /home/airflow/.local/lib/python3.12/site-packages/airflow/example_dags/example_python_operator.py took 0.056 seconds
[2024-11-26T18:44:09.855+0000] {processor.py:186} INFO - Started process (PID=77) to work on /home/airflow/.local/lib/python3.12/site-packages/airflow/example_dags/example_python_operator.py
[2024-11-26T18:44:09.856+0000] {processor.py:914} INFO - Processing file /home/airflow/.local/lib/python3.12/site-packages/airflow/example_dags/example_python_operator.py for tasks to queue
[2024-11-26T18:44:09.857+0000] {logging_mixin.py:190} INFO - [2024-11-26T18:44:09.857+0000] {dagbag.py:588} INFO - Filling up the DagBag from /home/airflow/.local/lib/python3.12/site-packages/airflow/example_dags/example_python_operator.py
[2024-11-26T18:44:09.875+0000] {processor.py:925} INFO - DAG(s) 'example_python_operator' retrieved from /home/airflow/.local/lib/python3.12/site-packages/airflow/example_dags/example_python_operator.py
[2024-11-26T18:44:09.972+0000] {logging_mixin.py:190} INFO - [2024-11-26T18:44:09.972+0000] {dag.py:3239} INFO - Sync 1 DAGs
[2024-11-26T18:44:09.983+0000] {logging_mixin.py:190} INFO - [2024-11-26T18:44:09.983+0000] {dag.py:4180} INFO - Setting next_dagrun for example_python_operator to None, run_after=None
[2024-11-26T18:44:09.999+0000] {processor.py:208} INFO - Processing /home/airflow/.local/lib/python3.12/site-packages/airflow/example_dags/example_python_operator.py took 0.148 seconds
[2024-11-26T18:44:40.631+0000] {processor.py:186} INFO - Started process (PID=152) to work on /home/airflow/.local/lib/python3.12/site-packages/airflow/example_dags/example_python_operator.py
[2024-11-26T18:44:40.632+0000] {processor.py:914} INFO - Processing file /home/airflow/.local/lib/python3.12/site-packages/airflow/example_dags/example_python_operator.py for tasks to queue
[2024-11-26T18:44:40.633+0000] {logging_mixin.py:190} INFO - [2024-11-26T18:44:40.633+0000] {dagbag.py:588} INFO - Filling up the DagBag from /home/airflow/.local/lib/python3.12/site-packages/airflow/example_dags/example_python_operator.py
[2024-11-26T18:44:40.642+0000] {processor.py:925} INFO - DAG(s) 'example_python_operator' retrieved from /home/airflow/.local/lib/python3.12/site-packages/airflow/example_dags/example_python_operator.py
[2024-11-26T18:44:40.658+0000] {logging_mixin.py:190} INFO - [2024-11-26T18:44:40.658+0000] {dag.py:3239} INFO - Sync 1 DAGs
[2024-11-26T18:44:40.669+0000] {logging_mixin.py:190} INFO - [2024-11-26T18:44:40.669+0000] {dag.py:4180} INFO - Setting next_dagrun for example_python_operator to None, run_after=None
[2024-11-26T18:44:40.682+0000] {processor.py:208} INFO - Processing /home/airflow/.local/lib/python3.12/site-packages/airflow/example_dags/example_python_operator.py took 0.055 seconds
[2024-11-26T18:45:11.935+0000] {processor.py:186} INFO - Started process (PID=233) to work on /home/airflow/.local/lib/python3.12/site-packages/airflow/example_dags/example_python_operator.py
[2024-11-26T18:45:11.936+0000] {processor.py:914} INFO - Processing file /home/airflow/.local/lib/python3.12/site-packages/airflow/example_dags/example_python_operator.py for tasks to queue
[2024-11-26T18:45:11.938+0000] {logging_mixin.py:190} INFO - [2024-11-26T18:45:11.938+0000] {dagbag.py:588} INFO - Filling up the DagBag from /home/airflow/.local/lib/python3.12/site-packages/airflow/example_dags/example_python_operator.py
[2024-11-26T18:45:11.947+0000] {processor.py:925} INFO - DAG(s) 'example_python_operator' retrieved from /home/airflow/.local/lib/python3.12/site-packages/airflow/example_dags/example_python_operator.py
[2024-11-26T18:45:11.963+0000] {logging_mixin.py:190} INFO - [2024-11-26T18:45:11.963+0000] {dag.py:3239} INFO - Sync 1 DAGs
[2024-11-26T18:45:11.975+0000] {logging_mixin.py:190} INFO - [2024-11-26T18:45:11.975+0000] {dag.py:4180} INFO - Setting next_dagrun for example_python_operator to None, run_after=None
[2024-11-26T18:45:11.991+0000] {processor.py:208} INFO - Processing /home/airflow/.local/lib/python3.12/site-packages/airflow/example_dags/example_python_operator.py took 0.060 seconds
[2024-11-26T18:45:43.690+0000] {processor.py:186} INFO - Started process (PID=308) to work on /home/airflow/.local/lib/python3.12/site-packages/airflow/example_dags/example_python_operator.py
[2024-11-26T18:45:43.690+0000] {processor.py:914} INFO - Processing file /home/airflow/.local/lib/python3.12/site-packages/airflow/example_dags/example_python_operator.py for tasks to queue
[2024-11-26T18:45:43.692+0000] {logging_mixin.py:190} INFO - [2024-11-26T18:45:43.692+0000] {dagbag.py:588} INFO - Filling up the DagBag from /home/airflow/.local/lib/python3.12/site-packages/airflow/example_dags/example_python_operator.py
[2024-11-26T18:45:43.703+0000] {processor.py:925} INFO - DAG(s) 'example_python_operator' retrieved from /home/airflow/.local/lib/python3.12/site-packages/airflow/example_dags/example_python_operator.py
[2024-11-26T18:45:43.725+0000] {logging_mixin.py:190} INFO - [2024-11-26T18:45:43.725+0000] {dag.py:3239} INFO - Sync 1 DAGs
[2024-11-26T18:45:43.738+0000] {logging_mixin.py:190} INFO - [2024-11-26T18:45:43.738+0000] {dag.py:4180} INFO - Setting next_dagrun for example_python_operator to None, run_after=None
[2024-11-26T18:45:43.757+0000] {processor.py:208} INFO - Processing /home/airflow/.local/lib/python3.12/site-packages/airflow/example_dags/example_python_operator.py took 0.072 seconds
[2024-11-26T18:46:14.432+0000] {processor.py:186} INFO - Started process (PID=383) to work on /home/airflow/.local/lib/python3.12/site-packages/airflow/example_dags/example_python_operator.py
[2024-11-26T18:46:14.433+0000] {processor.py:914} INFO - Processing file /home/airflow/.local/lib/python3.12/site-packages/airflow/example_dags/example_python_operator.py for tasks to queue
[2024-11-26T18:46:14.435+0000] {logging_mixin.py:190} INFO - [2024-11-26T18:46:14.435+0000] {dagbag.py:588} INFO - Filling up the DagBag from /home/airflow/.local/lib/python3.12/site-packages/airflow/example_dags/example_python_operator.py
[2024-11-26T18:46:14.444+0000] {processor.py:925} INFO - DAG(s) 'example_python_operator' retrieved from /home/airflow/.local/lib/python3.12/site-packages/airflow/example_dags/example_python_operator.py
[2024-11-26T18:46:14.462+0000] {logging_mixin.py:190} INFO - [2024-11-26T18:46:14.462+0000] {dag.py:3239} INFO - Sync 1 DAGs
[2024-11-26T18:46:14.473+0000] {logging_mixin.py:190} INFO - [2024-11-26T18:46:14.473+0000] {dag.py:4180} INFO - Setting next_dagrun for example_python_operator to None, run_after=None
[2024-11-26T18:46:14.487+0000] {processor.py:208} INFO - Processing /home/airflow/.local/lib/python3.12/site-packages/airflow/example_dags/example_python_operator.py took 0.059 seconds
[2024-11-26T18:46:44.925+0000] {processor.py:186} INFO - Started process (PID=446) to work on /home/airflow/.local/lib/python3.12/site-packages/airflow/example_dags/example_python_operator.py
[2024-11-26T18:46:44.925+0000] {processor.py:914} INFO - Processing file /home/airflow/.local/lib/python3.12/site-packages/airflow/example_dags/example_python_operator.py for tasks to queue
[2024-11-26T18:46:44.927+0000] {logging_mixin.py:190} INFO - [2024-11-26T18:46:44.927+0000] {dagbag.py:588} INFO - Filling up the DagBag from /home/airflow/.local/lib/python3.12/site-packages/airflow/example_dags/example_python_operator.py
[2024-11-26T18:46:44.936+0000] {processor.py:925} INFO - DAG(s) 'example_python_operator' retrieved from /home/airflow/.local/lib/python3.12/site-packages/airflow/example_dags/example_python_operator.py
[2024-11-26T18:46:44.952+0000] {logging_mixin.py:190} INFO - [2024-11-26T18:46:44.951+0000] {dag.py:3239} INFO - Sync 1 DAGs
[2024-11-26T18:46:44.962+0000] {logging_mixin.py:190} INFO - [2024-11-26T18:46:44.961+0000] {dag.py:4180} INFO - Setting next_dagrun for example_python_operator to None, run_after=None
[2024-11-26T18:46:44.975+0000] {processor.py:208} INFO - Processing /home/airflow/.local/lib/python3.12/site-packages/airflow/example_dags/example_python_operator.py took 0.054 seconds
[2024-11-26T18:47:15.107+0000] {processor.py:186} INFO - Started process (PID=521) to work on /home/airflow/.local/lib/python3.12/site-packages/airflow/example_dags/example_python_operator.py
[2024-11-26T18:47:15.107+0000] {processor.py:914} INFO - Processing file /home/airflow/.local/lib/python3.12/site-packages/airflow/example_dags/example_python_operator.py for tasks to queue
[2024-11-26T18:47:15.109+0000] {logging_mixin.py:190} INFO - [2024-11-26T18:47:15.109+0000] {dagbag.py:588} INFO - Filling up the DagBag from /home/airflow/.local/lib/python3.12/site-packages/airflow/example_dags/example_python_operator.py
[2024-11-26T18:47:15.119+0000] {processor.py:925} INFO - DAG(s) 'example_python_operator' retrieved from /home/airflow/.local/lib/python3.12/site-packages/airflow/example_dags/example_python_operator.py
[2024-11-26T18:47:15.139+0000] {logging_mixin.py:190} INFO - [2024-11-26T18:47:15.139+0000] {dag.py:3239} INFO - Sync 1 DAGs
[2024-11-26T18:47:15.152+0000] {logging_mixin.py:190} INFO - [2024-11-26T18:47:15.152+0000] {dag.py:4180} INFO - Setting next_dagrun for example_python_operator to None, run_after=None
[2024-11-26T18:47:15.168+0000] {processor.py:208} INFO - Processing /home/airflow/.local/lib/python3.12/site-packages/airflow/example_dags/example_python_operator.py took 0.065 seconds
[2024-11-26T18:47:45.569+0000] {processor.py:186} INFO - Started process (PID=595) to work on /home/airflow/.local/lib/python3.12/site-packages/airflow/example_dags/example_python_operator.py
[2024-11-26T18:47:45.570+0000] {processor.py:914} INFO - Processing file /home/airflow/.local/lib/python3.12/site-packages/airflow/example_dags/example_python_operator.py for tasks to queue
[2024-11-26T18:47:45.572+0000] {logging_mixin.py:190} INFO - [2024-11-26T18:47:45.572+0000] {dagbag.py:588} INFO - Filling up the DagBag from /home/airflow/.local/lib/python3.12/site-packages/airflow/example_dags/example_python_operator.py
[2024-11-26T18:47:45.585+0000] {processor.py:925} INFO - DAG(s) 'example_python_operator' retrieved from /home/airflow/.local/lib/python3.12/site-packages/airflow/example_dags/example_python_operator.py
[2024-11-26T18:47:45.607+0000] {logging_mixin.py:190} INFO - [2024-11-26T18:47:45.607+0000] {dag.py:3239} INFO - Sync 1 DAGs
[2024-11-26T18:47:45.624+0000] {logging_mixin.py:190} INFO - [2024-11-26T18:47:45.623+0000] {dag.py:4180} INFO - Setting next_dagrun for example_python_operator to None, run_after=None
[2024-11-26T18:47:45.648+0000] {processor.py:208} INFO - Processing /home/airflow/.local/lib/python3.12/site-packages/airflow/example_dags/example_python_operator.py took 0.083 seconds
[2024-11-26T18:48:16.414+0000] {processor.py:186} INFO - Started process (PID=670) to work on /home/airflow/.local/lib/python3.12/site-packages/airflow/example_dags/example_python_operator.py
[2024-11-26T18:48:16.415+0000] {processor.py:914} INFO - Processing file /home/airflow/.local/lib/python3.12/site-packages/airflow/example_dags/example_python_operator.py for tasks to queue
[2024-11-26T18:48:16.416+0000] {logging_mixin.py:190} INFO - [2024-11-26T18:48:16.416+0000] {dagbag.py:588} INFO - Filling up the DagBag from /home/airflow/.local/lib/python3.12/site-packages/airflow/example_dags/example_python_operator.py
[2024-11-26T18:48:16.425+0000] {processor.py:925} INFO - DAG(s) 'example_python_operator' retrieved from /home/airflow/.local/lib/python3.12/site-packages/airflow/example_dags/example_python_operator.py
[2024-11-26T18:48:16.442+0000] {logging_mixin.py:190} INFO - [2024-11-26T18:48:16.442+0000] {dag.py:3239} INFO - Sync 1 DAGs
[2024-11-26T18:48:16.453+0000] {logging_mixin.py:190} INFO - [2024-11-26T18:48:16.453+0000] {dag.py:4180} INFO - Setting next_dagrun for example_python_operator to None, run_after=None
[2024-11-26T18:48:16.466+0000] {processor.py:208} INFO - Processing /home/airflow/.local/lib/python3.12/site-packages/airflow/example_dags/example_python_operator.py took 0.056 seconds
[2024-11-26T18:48:47.145+0000] {processor.py:186} INFO - Started process (PID=745) to work on /home/airflow/.local/lib/python3.12/site-packages/airflow/example_dags/example_python_operator.py
[2024-11-26T18:48:47.145+0000] {processor.py:914} INFO - Processing file /home/airflow/.local/lib/python3.12/site-packages/airflow/example_dags/example_python_operator.py for tasks to queue
[2024-11-26T18:48:47.147+0000] {logging_mixin.py:190} INFO - [2024-11-26T18:48:47.147+0000] {dagbag.py:588} INFO - Filling up the DagBag from /home/airflow/.local/lib/python3.12/site-packages/airflow/example_dags/example_python_operator.py
[2024-11-26T18:48:47.156+0000] {processor.py:925} INFO - DAG(s) 'example_python_operator' retrieved from /home/airflow/.local/lib/python3.12/site-packages/airflow/example_dags/example_python_operator.py
[2024-11-26T18:48:47.173+0000] {logging_mixin.py:190} INFO - [2024-11-26T18:48:47.173+0000] {dag.py:3239} INFO - Sync 1 DAGs
[2024-11-26T18:48:47.184+0000] {logging_mixin.py:190} INFO - [2024-11-26T18:48:47.184+0000] {dag.py:4180} INFO - Setting next_dagrun for example_python_operator to None, run_after=None
[2024-11-26T18:48:47.197+0000] {processor.py:208} INFO - Processing /home/airflow/.local/lib/python3.12/site-packages/airflow/example_dags/example_python_operator.py took 0.057 seconds
[2024-11-26T18:49:17.282+0000] {processor.py:186} INFO - Started process (PID=820) to work on /home/airflow/.local/lib/python3.12/site-packages/airflow/example_dags/example_python_operator.py
[2024-11-26T18:49:17.283+0000] {processor.py:914} INFO - Processing file /home/airflow/.local/lib/python3.12/site-packages/airflow/example_dags/example_python_operator.py for tasks to queue
[2024-11-26T18:49:17.284+0000] {logging_mixin.py:190} INFO - [2024-11-26T18:49:17.284+0000] {dagbag.py:588} INFO - Filling up the DagBag from /home/airflow/.local/lib/python3.12/site-packages/airflow/example_dags/example_python_operator.py
[2024-11-26T18:49:17.294+0000] {processor.py:925} INFO - DAG(s) 'example_python_operator' retrieved from /home/airflow/.local/lib/python3.12/site-packages/airflow/example_dags/example_python_operator.py
[2024-11-26T18:49:17.313+0000] {logging_mixin.py:190} INFO - [2024-11-26T18:49:17.313+0000] {dag.py:3239} INFO - Sync 1 DAGs
[2024-11-26T18:49:17.324+0000] {logging_mixin.py:190} INFO - [2024-11-26T18:49:17.324+0000] {dag.py:4180} INFO - Setting next_dagrun for example_python_operator to None, run_after=None
[2024-11-26T18:49:17.340+0000] {processor.py:208} INFO - Processing /home/airflow/.local/lib/python3.12/site-packages/airflow/example_dags/example_python_operator.py took 0.062 seconds
[2024-11-26T18:49:47.640+0000] {processor.py:186} INFO - Started process (PID=895) to work on /home/airflow/.local/lib/python3.12/site-packages/airflow/example_dags/example_python_operator.py
[2024-11-26T18:49:47.641+0000] {processor.py:914} INFO - Processing file /home/airflow/.local/lib/python3.12/site-packages/airflow/example_dags/example_python_operator.py for tasks to queue
[2024-11-26T18:49:47.642+0000] {logging_mixin.py:190} INFO - [2024-11-26T18:49:47.642+0000] {dagbag.py:588} INFO - Filling up the DagBag from /home/airflow/.local/lib/python3.12/site-packages/airflow/example_dags/example_python_operator.py
[2024-11-26T18:49:47.651+0000] {processor.py:925} INFO - DAG(s) 'example_python_operator' retrieved from /home/airflow/.local/lib/python3.12/site-packages/airflow/example_dags/example_python_operator.py
[2024-11-26T18:49:47.667+0000] {logging_mixin.py:190} INFO - [2024-11-26T18:49:47.667+0000] {dag.py:3239} INFO - Sync 1 DAGs
[2024-11-26T18:49:47.678+0000] {logging_mixin.py:190} INFO - [2024-11-26T18:49:47.677+0000] {dag.py:4180} INFO - Setting next_dagrun for example_python_operator to None, run_after=None
[2024-11-26T18:49:47.690+0000] {processor.py:208} INFO - Processing /home/airflow/.local/lib/python3.12/site-packages/airflow/example_dags/example_python_operator.py took 0.054 seconds
[2024-11-26T18:50:17.938+0000] {processor.py:186} INFO - Started process (PID=970) to work on /home/airflow/.local/lib/python3.12/site-packages/airflow/example_dags/example_python_operator.py
[2024-11-26T18:50:17.939+0000] {processor.py:914} INFO - Processing file /home/airflow/.local/lib/python3.12/site-packages/airflow/example_dags/example_python_operator.py for tasks to queue
[2024-11-26T18:50:17.941+0000] {logging_mixin.py:190} INFO - [2024-11-26T18:50:17.941+0000] {dagbag.py:588} INFO - Filling up the DagBag from /home/airflow/.local/lib/python3.12/site-packages/airflow/example_dags/example_python_operator.py
[2024-11-26T18:50:17.951+0000] {processor.py:925} INFO - DAG(s) 'example_python_operator' retrieved from /home/airflow/.local/lib/python3.12/site-packages/airflow/example_dags/example_python_operator.py
[2024-11-26T18:50:17.968+0000] {logging_mixin.py:190} INFO - [2024-11-26T18:50:17.968+0000] {dag.py:3239} INFO - Sync 1 DAGs
[2024-11-26T18:50:17.980+0000] {logging_mixin.py:190} INFO - [2024-11-26T18:50:17.980+0000] {dag.py:4180} INFO - Setting next_dagrun for example_python_operator to None, run_after=None
[2024-11-26T18:50:17.995+0000] {processor.py:208} INFO - Processing /home/airflow/.local/lib/python3.12/site-packages/airflow/example_dags/example_python_operator.py took 0.061 seconds
[2024-11-26T18:50:48.107+0000] {processor.py:186} INFO - Started process (PID=1045) to work on /home/airflow/.local/lib/python3.12/site-packages/airflow/example_dags/example_python_operator.py
[2024-11-26T18:50:48.108+0000] {processor.py:914} INFO - Processing file /home/airflow/.local/lib/python3.12/site-packages/airflow/example_dags/example_python_operator.py for tasks to queue
[2024-11-26T18:50:48.110+0000] {logging_mixin.py:190} INFO - [2024-11-26T18:50:48.110+0000] {dagbag.py:588} INFO - Filling up the DagBag from /home/airflow/.local/lib/python3.12/site-packages/airflow/example_dags/example_python_operator.py
[2024-11-26T18:50:48.119+0000] {processor.py:925} INFO - DAG(s) 'example_python_operator' retrieved from /home/airflow/.local/lib/python3.12/site-packages/airflow/example_dags/example_python_operator.py
[2024-11-26T18:50:48.136+0000] {logging_mixin.py:190} INFO - [2024-11-26T18:50:48.136+0000] {dag.py:3239} INFO - Sync 1 DAGs
[2024-11-26T18:50:48.148+0000] {logging_mixin.py:190} INFO - [2024-11-26T18:50:48.147+0000] {dag.py:4180} INFO - Setting next_dagrun for example_python_operator to None, run_after=None
[2024-11-26T18:50:48.161+0000] {processor.py:208} INFO - Processing /home/airflow/.local/lib/python3.12/site-packages/airflow/example_dags/example_python_operator.py took 0.058 seconds
[2024-11-26T18:51:18.811+0000] {processor.py:186} INFO - Started process (PID=1120) to work on /home/airflow/.local/lib/python3.12/site-packages/airflow/example_dags/example_python_operator.py
[2024-11-26T18:51:18.812+0000] {processor.py:914} INFO - Processing file /home/airflow/.local/lib/python3.12/site-packages/airflow/example_dags/example_python_operator.py for tasks to queue
[2024-11-26T18:51:18.814+0000] {logging_mixin.py:190} INFO - [2024-11-26T18:51:18.814+0000] {dagbag.py:588} INFO - Filling up the DagBag from /home/airflow/.local/lib/python3.12/site-packages/airflow/example_dags/example_python_operator.py
[2024-11-26T18:51:18.824+0000] {processor.py:925} INFO - DAG(s) 'example_python_operator' retrieved from /home/airflow/.local/lib/python3.12/site-packages/airflow/example_dags/example_python_operator.py
[2024-11-26T18:51:18.841+0000] {logging_mixin.py:190} INFO - [2024-11-26T18:51:18.841+0000] {dag.py:3239} INFO - Sync 1 DAGs
[2024-11-26T18:51:18.852+0000] {logging_mixin.py:190} INFO - [2024-11-26T18:51:18.852+0000] {dag.py:4180} INFO - Setting next_dagrun for example_python_operator to None, run_after=None
[2024-11-26T18:51:18.866+0000] {processor.py:208} INFO - Processing /home/airflow/.local/lib/python3.12/site-packages/airflow/example_dags/example_python_operator.py took 0.059 seconds
[2024-11-26T18:51:49.428+0000] {processor.py:186} INFO - Started process (PID=1195) to work on /home/airflow/.local/lib/python3.12/site-packages/airflow/example_dags/example_python_operator.py
[2024-11-26T18:51:49.428+0000] {processor.py:914} INFO - Processing file /home/airflow/.local/lib/python3.12/site-packages/airflow/example_dags/example_python_operator.py for tasks to queue
[2024-11-26T18:51:49.430+0000] {logging_mixin.py:190} INFO - [2024-11-26T18:51:49.430+0000] {dagbag.py:588} INFO - Filling up the DagBag from /home/airflow/.local/lib/python3.12/site-packages/airflow/example_dags/example_python_operator.py
[2024-11-26T18:51:49.440+0000] {processor.py:925} INFO - DAG(s) 'example_python_operator' retrieved from /home/airflow/.local/lib/python3.12/site-packages/airflow/example_dags/example_python_operator.py
[2024-11-26T18:51:49.458+0000] {logging_mixin.py:190} INFO - [2024-11-26T18:51:49.457+0000] {dag.py:3239} INFO - Sync 1 DAGs
[2024-11-26T18:51:49.469+0000] {logging_mixin.py:190} INFO - [2024-11-26T18:51:49.469+0000] {dag.py:4180} INFO - Setting next_dagrun for example_python_operator to None, run_after=None
[2024-11-26T18:51:49.485+0000] {processor.py:208} INFO - Processing /home/airflow/.local/lib/python3.12/site-packages/airflow/example_dags/example_python_operator.py took 0.062 seconds
[2024-11-26T18:52:19.582+0000] {processor.py:186} INFO - Started process (PID=1270) to work on /home/airflow/.local/lib/python3.12/site-packages/airflow/example_dags/example_python_operator.py
[2024-11-26T18:52:19.583+0000] {processor.py:914} INFO - Processing file /home/airflow/.local/lib/python3.12/site-packages/airflow/example_dags/example_python_operator.py for tasks to queue
[2024-11-26T18:52:19.584+0000] {logging_mixin.py:190} INFO - [2024-11-26T18:52:19.584+0000] {dagbag.py:588} INFO - Filling up the DagBag from /home/airflow/.local/lib/python3.12/site-packages/airflow/example_dags/example_python_operator.py
[2024-11-26T18:52:19.593+0000] {processor.py:925} INFO - DAG(s) 'example_python_operator' retrieved from /home/airflow/.local/lib/python3.12/site-packages/airflow/example_dags/example_python_operator.py
[2024-11-26T18:52:19.609+0000] {logging_mixin.py:190} INFO - [2024-11-26T18:52:19.609+0000] {dag.py:3239} INFO - Sync 1 DAGs
[2024-11-26T18:52:19.620+0000] {logging_mixin.py:190} INFO - [2024-11-26T18:52:19.620+0000] {dag.py:4180} INFO - Setting next_dagrun for example_python_operator to None, run_after=None
[2024-11-26T18:52:19.633+0000] {processor.py:208} INFO - Processing /home/airflow/.local/lib/python3.12/site-packages/airflow/example_dags/example_python_operator.py took 0.055 seconds
[2024-11-26T18:52:49.804+0000] {processor.py:186} INFO - Started process (PID=1345) to work on /home/airflow/.local/lib/python3.12/site-packages/airflow/example_dags/example_python_operator.py
[2024-11-26T18:52:49.804+0000] {processor.py:914} INFO - Processing file /home/airflow/.local/lib/python3.12/site-packages/airflow/example_dags/example_python_operator.py for tasks to queue
[2024-11-26T18:52:49.806+0000] {logging_mixin.py:190} INFO - [2024-11-26T18:52:49.806+0000] {dagbag.py:588} INFO - Filling up the DagBag from /home/airflow/.local/lib/python3.12/site-packages/airflow/example_dags/example_python_operator.py
[2024-11-26T18:52:49.815+0000] {processor.py:925} INFO - DAG(s) 'example_python_operator' retrieved from /home/airflow/.local/lib/python3.12/site-packages/airflow/example_dags/example_python_operator.py
[2024-11-26T18:52:49.834+0000] {logging_mixin.py:190} INFO - [2024-11-26T18:52:49.833+0000] {dag.py:3239} INFO - Sync 1 DAGs
[2024-11-26T18:52:49.846+0000] {logging_mixin.py:190} INFO - [2024-11-26T18:52:49.846+0000] {dag.py:4180} INFO - Setting next_dagrun for example_python_operator to None, run_after=None
[2024-11-26T18:52:49.860+0000] {processor.py:208} INFO - Processing /home/airflow/.local/lib/python3.12/site-packages/airflow/example_dags/example_python_operator.py took 0.060 seconds
[2024-11-26T18:53:20.411+0000] {processor.py:186} INFO - Started process (PID=1420) to work on /home/airflow/.local/lib/python3.12/site-packages/airflow/example_dags/example_python_operator.py
[2024-11-26T18:53:20.411+0000] {processor.py:914} INFO - Processing file /home/airflow/.local/lib/python3.12/site-packages/airflow/example_dags/example_python_operator.py for tasks to queue
[2024-11-26T18:53:20.413+0000] {logging_mixin.py:190} INFO - [2024-11-26T18:53:20.413+0000] {dagbag.py:588} INFO - Filling up the DagBag from /home/airflow/.local/lib/python3.12/site-packages/airflow/example_dags/example_python_operator.py
[2024-11-26T18:53:20.422+0000] {processor.py:925} INFO - DAG(s) 'example_python_operator' retrieved from /home/airflow/.local/lib/python3.12/site-packages/airflow/example_dags/example_python_operator.py
[2024-11-26T18:53:20.439+0000] {logging_mixin.py:190} INFO - [2024-11-26T18:53:20.439+0000] {dag.py:3239} INFO - Sync 1 DAGs
[2024-11-26T18:53:20.450+0000] {logging_mixin.py:190} INFO - [2024-11-26T18:53:20.450+0000] {dag.py:4180} INFO - Setting next_dagrun for example_python_operator to None, run_after=None
[2024-11-26T18:53:20.467+0000] {processor.py:208} INFO - Processing /home/airflow/.local/lib/python3.12/site-packages/airflow/example_dags/example_python_operator.py took 0.061 seconds
[2024-11-26T18:53:51.291+0000] {processor.py:186} INFO - Started process (PID=1495) to work on /home/airflow/.local/lib/python3.12/site-packages/airflow/example_dags/example_python_operator.py
[2024-11-26T18:53:51.292+0000] {processor.py:914} INFO - Processing file /home/airflow/.local/lib/python3.12/site-packages/airflow/example_dags/example_python_operator.py for tasks to queue
[2024-11-26T18:53:51.293+0000] {logging_mixin.py:190} INFO - [2024-11-26T18:53:51.293+0000] {dagbag.py:588} INFO - Filling up the DagBag from /home/airflow/.local/lib/python3.12/site-packages/airflow/example_dags/example_python_operator.py
[2024-11-26T18:53:51.306+0000] {processor.py:925} INFO - DAG(s) 'example_python_operator' retrieved from /home/airflow/.local/lib/python3.12/site-packages/airflow/example_dags/example_python_operator.py
[2024-11-26T18:53:51.323+0000] {logging_mixin.py:190} INFO - [2024-11-26T18:53:51.323+0000] {dag.py:3239} INFO - Sync 1 DAGs
[2024-11-26T18:53:51.335+0000] {logging_mixin.py:190} INFO - [2024-11-26T18:53:51.335+0000] {dag.py:4180} INFO - Setting next_dagrun for example_python_operator to None, run_after=None
[2024-11-26T18:53:51.352+0000] {processor.py:208} INFO - Processing /home/airflow/.local/lib/python3.12/site-packages/airflow/example_dags/example_python_operator.py took 0.065 seconds
[2024-11-26T18:54:21.824+0000] {processor.py:186} INFO - Started process (PID=1570) to work on /home/airflow/.local/lib/python3.12/site-packages/airflow/example_dags/example_python_operator.py
[2024-11-26T18:54:21.824+0000] {processor.py:914} INFO - Processing file /home/airflow/.local/lib/python3.12/site-packages/airflow/example_dags/example_python_operator.py for tasks to queue
[2024-11-26T18:54:21.826+0000] {logging_mixin.py:190} INFO - [2024-11-26T18:54:21.826+0000] {dagbag.py:588} INFO - Filling up the DagBag from /home/airflow/.local/lib/python3.12/site-packages/airflow/example_dags/example_python_operator.py
[2024-11-26T18:54:21.835+0000] {processor.py:925} INFO - DAG(s) 'example_python_operator' retrieved from /home/airflow/.local/lib/python3.12/site-packages/airflow/example_dags/example_python_operator.py
[2024-11-26T18:54:21.851+0000] {logging_mixin.py:190} INFO - [2024-11-26T18:54:21.851+0000] {dag.py:3239} INFO - Sync 1 DAGs
[2024-11-26T18:54:21.862+0000] {logging_mixin.py:190} INFO - [2024-11-26T18:54:21.862+0000] {dag.py:4180} INFO - Setting next_dagrun for example_python_operator to None, run_after=None
[2024-11-26T18:54:21.875+0000] {processor.py:208} INFO - Processing /home/airflow/.local/lib/python3.12/site-packages/airflow/example_dags/example_python_operator.py took 0.055 seconds
[2024-11-26T18:54:52.042+0000] {processor.py:186} INFO - Started process (PID=1645) to work on /home/airflow/.local/lib/python3.12/site-packages/airflow/example_dags/example_python_operator.py
[2024-11-26T18:54:52.042+0000] {processor.py:914} INFO - Processing file /home/airflow/.local/lib/python3.12/site-packages/airflow/example_dags/example_python_operator.py for tasks to queue
[2024-11-26T18:54:52.044+0000] {logging_mixin.py:190} INFO - [2024-11-26T18:54:52.044+0000] {dagbag.py:588} INFO - Filling up the DagBag from /home/airflow/.local/lib/python3.12/site-packages/airflow/example_dags/example_python_operator.py
[2024-11-26T18:54:52.052+0000] {processor.py:925} INFO - DAG(s) 'example_python_operator' retrieved from /home/airflow/.local/lib/python3.12/site-packages/airflow/example_dags/example_python_operator.py
[2024-11-26T18:54:52.069+0000] {logging_mixin.py:190} INFO - [2024-11-26T18:54:52.068+0000] {dag.py:3239} INFO - Sync 1 DAGs
[2024-11-26T18:54:52.079+0000] {logging_mixin.py:190} INFO - [2024-11-26T18:54:52.079+0000] {dag.py:4180} INFO - Setting next_dagrun for example_python_operator to None, run_after=None
[2024-11-26T18:54:52.092+0000] {processor.py:208} INFO - Processing /home/airflow/.local/lib/python3.12/site-packages/airflow/example_dags/example_python_operator.py took 0.054 seconds
[2024-11-26T18:55:22.160+0000] {processor.py:186} INFO - Started process (PID=1720) to work on /home/airflow/.local/lib/python3.12/site-packages/airflow/example_dags/example_python_operator.py
[2024-11-26T18:55:22.160+0000] {processor.py:914} INFO - Processing file /home/airflow/.local/lib/python3.12/site-packages/airflow/example_dags/example_python_operator.py for tasks to queue
[2024-11-26T18:55:22.162+0000] {logging_mixin.py:190} INFO - [2024-11-26T18:55:22.162+0000] {dagbag.py:588} INFO - Filling up the DagBag from /home/airflow/.local/lib/python3.12/site-packages/airflow/example_dags/example_python_operator.py
[2024-11-26T18:55:22.171+0000] {processor.py:925} INFO - DAG(s) 'example_python_operator' retrieved from /home/airflow/.local/lib/python3.12/site-packages/airflow/example_dags/example_python_operator.py
[2024-11-26T18:55:22.187+0000] {logging_mixin.py:190} INFO - [2024-11-26T18:55:22.187+0000] {dag.py:3239} INFO - Sync 1 DAGs
[2024-11-26T18:55:22.197+0000] {logging_mixin.py:190} INFO - [2024-11-26T18:55:22.197+0000] {dag.py:4180} INFO - Setting next_dagrun for example_python_operator to None, run_after=None
[2024-11-26T18:55:22.210+0000] {processor.py:208} INFO - Processing /home/airflow/.local/lib/python3.12/site-packages/airflow/example_dags/example_python_operator.py took 0.055 seconds
[2024-11-26T18:55:52.640+0000] {processor.py:186} INFO - Started process (PID=1794) to work on /home/airflow/.local/lib/python3.12/site-packages/airflow/example_dags/example_python_operator.py
[2024-11-26T18:55:52.641+0000] {processor.py:914} INFO - Processing file /home/airflow/.local/lib/python3.12/site-packages/airflow/example_dags/example_python_operator.py for tasks to queue
[2024-11-26T18:55:52.643+0000] {logging_mixin.py:190} INFO - [2024-11-26T18:55:52.643+0000] {dagbag.py:588} INFO - Filling up the DagBag from /home/airflow/.local/lib/python3.12/site-packages/airflow/example_dags/example_python_operator.py
[2024-11-26T18:55:52.653+0000] {processor.py:925} INFO - DAG(s) 'example_python_operator' retrieved from /home/airflow/.local/lib/python3.12/site-packages/airflow/example_dags/example_python_operator.py
[2024-11-26T18:55:52.670+0000] {logging_mixin.py:190} INFO - [2024-11-26T18:55:52.669+0000] {dag.py:3239} INFO - Sync 1 DAGs
[2024-11-26T18:55:52.680+0000] {logging_mixin.py:190} INFO - [2024-11-26T18:55:52.680+0000] {dag.py:4180} INFO - Setting next_dagrun for example_python_operator to None, run_after=None
[2024-11-26T18:55:52.695+0000] {processor.py:208} INFO - Processing /home/airflow/.local/lib/python3.12/site-packages/airflow/example_dags/example_python_operator.py took 0.058 seconds
[2024-11-26T18:56:23.026+0000] {processor.py:186} INFO - Started process (PID=1869) to work on /home/airflow/.local/lib/python3.12/site-packages/airflow/example_dags/example_python_operator.py
[2024-11-26T18:56:23.027+0000] {processor.py:914} INFO - Processing file /home/airflow/.local/lib/python3.12/site-packages/airflow/example_dags/example_python_operator.py for tasks to queue
[2024-11-26T18:56:23.029+0000] {logging_mixin.py:190} INFO - [2024-11-26T18:56:23.028+0000] {dagbag.py:588} INFO - Filling up the DagBag from /home/airflow/.local/lib/python3.12/site-packages/airflow/example_dags/example_python_operator.py
[2024-11-26T18:56:23.037+0000] {processor.py:925} INFO - DAG(s) 'example_python_operator' retrieved from /home/airflow/.local/lib/python3.12/site-packages/airflow/example_dags/example_python_operator.py
[2024-11-26T18:56:23.054+0000] {logging_mixin.py:190} INFO - [2024-11-26T18:56:23.054+0000] {dag.py:3239} INFO - Sync 1 DAGs
[2024-11-26T18:56:23.064+0000] {logging_mixin.py:190} INFO - [2024-11-26T18:56:23.064+0000] {dag.py:4180} INFO - Setting next_dagrun for example_python_operator to None, run_after=None
[2024-11-26T18:56:23.079+0000] {processor.py:208} INFO - Processing /home/airflow/.local/lib/python3.12/site-packages/airflow/example_dags/example_python_operator.py took 0.057 seconds
[2024-11-26T18:56:53.615+0000] {processor.py:186} INFO - Started process (PID=1944) to work on /home/airflow/.local/lib/python3.12/site-packages/airflow/example_dags/example_python_operator.py
[2024-11-26T18:56:53.616+0000] {processor.py:914} INFO - Processing file /home/airflow/.local/lib/python3.12/site-packages/airflow/example_dags/example_python_operator.py for tasks to queue
[2024-11-26T18:56:53.618+0000] {logging_mixin.py:190} INFO - [2024-11-26T18:56:53.617+0000] {dagbag.py:588} INFO - Filling up the DagBag from /home/airflow/.local/lib/python3.12/site-packages/airflow/example_dags/example_python_operator.py
[2024-11-26T18:56:53.626+0000] {processor.py:925} INFO - DAG(s) 'example_python_operator' retrieved from /home/airflow/.local/lib/python3.12/site-packages/airflow/example_dags/example_python_operator.py
[2024-11-26T18:56:53.642+0000] {logging_mixin.py:190} INFO - [2024-11-26T18:56:53.642+0000] {dag.py:3239} INFO - Sync 1 DAGs
[2024-11-26T18:56:53.653+0000] {logging_mixin.py:190} INFO - [2024-11-26T18:56:53.653+0000] {dag.py:4180} INFO - Setting next_dagrun for example_python_operator to None, run_after=None
[2024-11-26T18:56:53.667+0000] {processor.py:208} INFO - Processing /home/airflow/.local/lib/python3.12/site-packages/airflow/example_dags/example_python_operator.py took 0.056 seconds
[2024-11-26T18:57:24.296+0000] {processor.py:186} INFO - Started process (PID=2019) to work on /home/airflow/.local/lib/python3.12/site-packages/airflow/example_dags/example_python_operator.py
[2024-11-26T18:57:24.296+0000] {processor.py:914} INFO - Processing file /home/airflow/.local/lib/python3.12/site-packages/airflow/example_dags/example_python_operator.py for tasks to queue
[2024-11-26T18:57:24.298+0000] {logging_mixin.py:190} INFO - [2024-11-26T18:57:24.298+0000] {dagbag.py:588} INFO - Filling up the DagBag from /home/airflow/.local/lib/python3.12/site-packages/airflow/example_dags/example_python_operator.py
[2024-11-26T18:57:24.306+0000] {processor.py:925} INFO - DAG(s) 'example_python_operator' retrieved from /home/airflow/.local/lib/python3.12/site-packages/airflow/example_dags/example_python_operator.py
[2024-11-26T18:57:24.323+0000] {logging_mixin.py:190} INFO - [2024-11-26T18:57:24.322+0000] {dag.py:3239} INFO - Sync 1 DAGs
[2024-11-26T18:57:24.335+0000] {logging_mixin.py:190} INFO - [2024-11-26T18:57:24.335+0000] {dag.py:4180} INFO - Setting next_dagrun for example_python_operator to None, run_after=None
[2024-11-26T18:57:24.348+0000] {processor.py:208} INFO - Processing /home/airflow/.local/lib/python3.12/site-packages/airflow/example_dags/example_python_operator.py took 0.056 seconds
[2024-11-26T18:57:54.419+0000] {processor.py:186} INFO - Started process (PID=2094) to work on /home/airflow/.local/lib/python3.12/site-packages/airflow/example_dags/example_python_operator.py
[2024-11-26T18:57:54.420+0000] {processor.py:914} INFO - Processing file /home/airflow/.local/lib/python3.12/site-packages/airflow/example_dags/example_python_operator.py for tasks to queue
[2024-11-26T18:57:54.422+0000] {logging_mixin.py:190} INFO - [2024-11-26T18:57:54.421+0000] {dagbag.py:588} INFO - Filling up the DagBag from /home/airflow/.local/lib/python3.12/site-packages/airflow/example_dags/example_python_operator.py
[2024-11-26T18:57:54.431+0000] {processor.py:925} INFO - DAG(s) 'example_python_operator' retrieved from /home/airflow/.local/lib/python3.12/site-packages/airflow/example_dags/example_python_operator.py
[2024-11-26T18:57:54.450+0000] {logging_mixin.py:190} INFO - [2024-11-26T18:57:54.449+0000] {dag.py:3239} INFO - Sync 1 DAGs
[2024-11-26T18:57:54.461+0000] {logging_mixin.py:190} INFO - [2024-11-26T18:57:54.460+0000] {dag.py:4180} INFO - Setting next_dagrun for example_python_operator to None, run_after=None
[2024-11-26T18:57:54.475+0000] {processor.py:208} INFO - Processing /home/airflow/.local/lib/python3.12/site-packages/airflow/example_dags/example_python_operator.py took 0.060 seconds
[2024-11-26T18:58:24.739+0000] {processor.py:186} INFO - Started process (PID=2169) to work on /home/airflow/.local/lib/python3.12/site-packages/airflow/example_dags/example_python_operator.py
[2024-11-26T18:58:24.740+0000] {processor.py:914} INFO - Processing file /home/airflow/.local/lib/python3.12/site-packages/airflow/example_dags/example_python_operator.py for tasks to queue
[2024-11-26T18:58:24.741+0000] {logging_mixin.py:190} INFO - [2024-11-26T18:58:24.741+0000] {dagbag.py:588} INFO - Filling up the DagBag from /home/airflow/.local/lib/python3.12/site-packages/airflow/example_dags/example_python_operator.py
[2024-11-26T18:58:24.750+0000] {processor.py:925} INFO - DAG(s) 'example_python_operator' retrieved from /home/airflow/.local/lib/python3.12/site-packages/airflow/example_dags/example_python_operator.py
[2024-11-26T18:58:24.766+0000] {logging_mixin.py:190} INFO - [2024-11-26T18:58:24.766+0000] {dag.py:3239} INFO - Sync 1 DAGs
[2024-11-26T18:58:24.777+0000] {logging_mixin.py:190} INFO - [2024-11-26T18:58:24.776+0000] {dag.py:4180} INFO - Setting next_dagrun for example_python_operator to None, run_after=None
[2024-11-26T18:58:24.789+0000] {processor.py:208} INFO - Processing /home/airflow/.local/lib/python3.12/site-packages/airflow/example_dags/example_python_operator.py took 0.054 seconds
[2024-11-26T18:58:55.347+0000] {processor.py:186} INFO - Started process (PID=2244) to work on /home/airflow/.local/lib/python3.12/site-packages/airflow/example_dags/example_python_operator.py
[2024-11-26T18:58:55.347+0000] {processor.py:914} INFO - Processing file /home/airflow/.local/lib/python3.12/site-packages/airflow/example_dags/example_python_operator.py for tasks to queue
[2024-11-26T18:58:55.349+0000] {logging_mixin.py:190} INFO - [2024-11-26T18:58:55.349+0000] {dagbag.py:588} INFO - Filling up the DagBag from /home/airflow/.local/lib/python3.12/site-packages/airflow/example_dags/example_python_operator.py
[2024-11-26T18:58:55.360+0000] {processor.py:925} INFO - DAG(s) 'example_python_operator' retrieved from /home/airflow/.local/lib/python3.12/site-packages/airflow/example_dags/example_python_operator.py
[2024-11-26T18:58:55.378+0000] {logging_mixin.py:190} INFO - [2024-11-26T18:58:55.378+0000] {dag.py:3239} INFO - Sync 1 DAGs
[2024-11-26T18:58:55.389+0000] {logging_mixin.py:190} INFO - [2024-11-26T18:58:55.389+0000] {dag.py:4180} INFO - Setting next_dagrun for example_python_operator to None, run_after=None
[2024-11-26T18:58:55.403+0000] {processor.py:208} INFO - Processing /home/airflow/.local/lib/python3.12/site-packages/airflow/example_dags/example_python_operator.py took 0.062 seconds
[2024-11-26T18:59:26.093+0000] {processor.py:186} INFO - Started process (PID=2319) to work on /home/airflow/.local/lib/python3.12/site-packages/airflow/example_dags/example_python_operator.py
[2024-11-26T18:59:26.094+0000] {processor.py:914} INFO - Processing file /home/airflow/.local/lib/python3.12/site-packages/airflow/example_dags/example_python_operator.py for tasks to queue
[2024-11-26T18:59:26.095+0000] {logging_mixin.py:190} INFO - [2024-11-26T18:59:26.095+0000] {dagbag.py:588} INFO - Filling up the DagBag from /home/airflow/.local/lib/python3.12/site-packages/airflow/example_dags/example_python_operator.py
[2024-11-26T18:59:26.104+0000] {processor.py:925} INFO - DAG(s) 'example_python_operator' retrieved from /home/airflow/.local/lib/python3.12/site-packages/airflow/example_dags/example_python_operator.py
[2024-11-26T18:59:26.120+0000] {logging_mixin.py:190} INFO - [2024-11-26T18:59:26.120+0000] {dag.py:3239} INFO - Sync 1 DAGs
[2024-11-26T18:59:26.131+0000] {logging_mixin.py:190} INFO - [2024-11-26T18:59:26.131+0000] {dag.py:4180} INFO - Setting next_dagrun for example_python_operator to None, run_after=None
[2024-11-26T18:59:26.146+0000] {processor.py:208} INFO - Processing /home/airflow/.local/lib/python3.12/site-packages/airflow/example_dags/example_python_operator.py took 0.057 seconds
[2024-11-26T18:59:57.029+0000] {processor.py:186} INFO - Started process (PID=2395) to work on /home/airflow/.local/lib/python3.12/site-packages/airflow/example_dags/example_python_operator.py
[2024-11-26T18:59:57.030+0000] {processor.py:914} INFO - Processing file /home/airflow/.local/lib/python3.12/site-packages/airflow/example_dags/example_python_operator.py for tasks to queue
[2024-11-26T18:59:57.031+0000] {logging_mixin.py:190} INFO - [2024-11-26T18:59:57.031+0000] {dagbag.py:588} INFO - Filling up the DagBag from /home/airflow/.local/lib/python3.12/site-packages/airflow/example_dags/example_python_operator.py
[2024-11-26T18:59:57.040+0000] {processor.py:925} INFO - DAG(s) 'example_python_operator' retrieved from /home/airflow/.local/lib/python3.12/site-packages/airflow/example_dags/example_python_operator.py
[2024-11-26T18:59:57.056+0000] {logging_mixin.py:190} INFO - [2024-11-26T18:59:57.056+0000] {dag.py:3239} INFO - Sync 1 DAGs
[2024-11-26T18:59:57.066+0000] {logging_mixin.py:190} INFO - [2024-11-26T18:59:57.066+0000] {dag.py:4180} INFO - Setting next_dagrun for example_python_operator to None, run_after=None
[2024-11-26T18:59:57.079+0000] {processor.py:208} INFO - Processing /home/airflow/.local/lib/python3.12/site-packages/airflow/example_dags/example_python_operator.py took 0.054 seconds
[2024-11-26T19:00:27.658+0000] {processor.py:186} INFO - Started process (PID=2470) to work on /home/airflow/.local/lib/python3.12/site-packages/airflow/example_dags/example_python_operator.py
[2024-11-26T19:00:27.659+0000] {processor.py:914} INFO - Processing file /home/airflow/.local/lib/python3.12/site-packages/airflow/example_dags/example_python_operator.py for tasks to queue
[2024-11-26T19:00:27.660+0000] {logging_mixin.py:190} INFO - [2024-11-26T19:00:27.660+0000] {dagbag.py:588} INFO - Filling up the DagBag from /home/airflow/.local/lib/python3.12/site-packages/airflow/example_dags/example_python_operator.py
[2024-11-26T19:00:27.669+0000] {processor.py:925} INFO - DAG(s) 'example_python_operator' retrieved from /home/airflow/.local/lib/python3.12/site-packages/airflow/example_dags/example_python_operator.py
[2024-11-26T19:00:27.686+0000] {logging_mixin.py:190} INFO - [2024-11-26T19:00:27.686+0000] {dag.py:3239} INFO - Sync 1 DAGs
[2024-11-26T19:00:27.696+0000] {logging_mixin.py:190} INFO - [2024-11-26T19:00:27.696+0000] {dag.py:4180} INFO - Setting next_dagrun for example_python_operator to None, run_after=None
[2024-11-26T19:00:27.712+0000] {processor.py:208} INFO - Processing /home/airflow/.local/lib/python3.12/site-packages/airflow/example_dags/example_python_operator.py took 0.058 seconds
[2024-11-26T19:00:58.426+0000] {processor.py:186} INFO - Started process (PID=2545) to work on /home/airflow/.local/lib/python3.12/site-packages/airflow/example_dags/example_python_operator.py
[2024-11-26T19:00:58.427+0000] {processor.py:914} INFO - Processing file /home/airflow/.local/lib/python3.12/site-packages/airflow/example_dags/example_python_operator.py for tasks to queue
[2024-11-26T19:00:58.429+0000] {logging_mixin.py:190} INFO - [2024-11-26T19:00:58.429+0000] {dagbag.py:588} INFO - Filling up the DagBag from /home/airflow/.local/lib/python3.12/site-packages/airflow/example_dags/example_python_operator.py
[2024-11-26T19:00:58.438+0000] {processor.py:925} INFO - DAG(s) 'example_python_operator' retrieved from /home/airflow/.local/lib/python3.12/site-packages/airflow/example_dags/example_python_operator.py
[2024-11-26T19:00:58.454+0000] {logging_mixin.py:190} INFO - [2024-11-26T19:00:58.454+0000] {dag.py:3239} INFO - Sync 1 DAGs
[2024-11-26T19:00:58.464+0000] {logging_mixin.py:190} INFO - [2024-11-26T19:00:58.464+0000] {dag.py:4180} INFO - Setting next_dagrun for example_python_operator to None, run_after=None
[2024-11-26T19:00:58.477+0000] {processor.py:208} INFO - Processing /home/airflow/.local/lib/python3.12/site-packages/airflow/example_dags/example_python_operator.py took 0.055 seconds
[2024-11-26T19:01:29.189+0000] {processor.py:186} INFO - Started process (PID=2620) to work on /home/airflow/.local/lib/python3.12/site-packages/airflow/example_dags/example_python_operator.py
[2024-11-26T19:01:29.190+0000] {processor.py:914} INFO - Processing file /home/airflow/.local/lib/python3.12/site-packages/airflow/example_dags/example_python_operator.py for tasks to queue
[2024-11-26T19:01:29.192+0000] {logging_mixin.py:190} INFO - [2024-11-26T19:01:29.192+0000] {dagbag.py:588} INFO - Filling up the DagBag from /home/airflow/.local/lib/python3.12/site-packages/airflow/example_dags/example_python_operator.py
[2024-11-26T19:01:29.205+0000] {processor.py:925} INFO - DAG(s) 'example_python_operator' retrieved from /home/airflow/.local/lib/python3.12/site-packages/airflow/example_dags/example_python_operator.py
[2024-11-26T19:01:29.224+0000] {logging_mixin.py:190} INFO - [2024-11-26T19:01:29.223+0000] {dag.py:3239} INFO - Sync 1 DAGs
[2024-11-26T19:01:29.236+0000] {logging_mixin.py:190} INFO - [2024-11-26T19:01:29.236+0000] {dag.py:4180} INFO - Setting next_dagrun for example_python_operator to None, run_after=None
[2024-11-26T19:01:29.253+0000] {processor.py:208} INFO - Processing /home/airflow/.local/lib/python3.12/site-packages/airflow/example_dags/example_python_operator.py took 0.068 seconds
