[2024-11-26T17:53:58.454+0000] {processor.py:186} INFO - Started process (PID=100) to work on /home/airflow/.local/lib/python3.12/site-packages/airflow/example_dags/example_task_group.py
[2024-11-26T17:53:58.455+0000] {processor.py:914} INFO - Processing file /home/airflow/.local/lib/python3.12/site-packages/airflow/example_dags/example_task_group.py for tasks to queue
[2024-11-26T17:53:58.457+0000] {logging_mixin.py:190} INFO - [2024-11-26T17:53:58.457+0000] {dagbag.py:588} INFO - Filling up the DagBag from /home/airflow/.local/lib/python3.12/site-packages/airflow/example_dags/example_task_group.py
[2024-11-26T17:53:58.464+0000] {processor.py:925} INFO - DAG(s) 'example_task_group' retrieved from /home/airflow/.local/lib/python3.12/site-packages/airflow/example_dags/example_task_group.py
[2024-11-26T17:53:58.548+0000] {logging_mixin.py:190} INFO - [2024-11-26T17:53:58.547+0000] {override.py:1911} INFO - Created Permission View: can read on DAG:example_task_group
[2024-11-26T17:53:58.556+0000] {logging_mixin.py:190} INFO - [2024-11-26T17:53:58.555+0000] {override.py:1911} INFO - Created Permission View: can delete on DAG:example_task_group
[2024-11-26T17:53:58.562+0000] {logging_mixin.py:190} INFO - [2024-11-26T17:53:58.562+0000] {override.py:1911} INFO - Created Permission View: can edit on DAG:example_task_group
[2024-11-26T17:53:58.569+0000] {logging_mixin.py:190} INFO - [2024-11-26T17:53:58.569+0000] {override.py:1911} INFO - Created Permission View: can create on DAG Run:example_task_group
[2024-11-26T17:53:58.578+0000] {logging_mixin.py:190} INFO - [2024-11-26T17:53:58.578+0000] {override.py:1911} INFO - Created Permission View: can read on DAG Run:example_task_group
[2024-11-26T17:53:58.587+0000] {logging_mixin.py:190} INFO - [2024-11-26T17:53:58.587+0000] {override.py:1911} INFO - Created Permission View: can delete on DAG Run:example_task_group
[2024-11-26T17:53:58.595+0000] {logging_mixin.py:190} INFO - [2024-11-26T17:53:58.594+0000] {override.py:1911} INFO - Created Permission View: menu access on DAG Run:example_task_group
[2024-11-26T17:53:58.595+0000] {logging_mixin.py:190} INFO - [2024-11-26T17:53:58.595+0000] {dag.py:3239} INFO - Sync 1 DAGs
[2024-11-26T17:53:58.606+0000] {logging_mixin.py:190} INFO - [2024-11-26T17:53:58.605+0000] {dag.py:3262} INFO - Creating ORM DAG for example_task_group
[2024-11-26T17:53:58.607+0000] {logging_mixin.py:190} INFO - [2024-11-26T17:53:58.606+0000] {dag.py:4180} INFO - Setting next_dagrun for example_task_group to None, run_after=None
[2024-11-26T17:53:58.622+0000] {processor.py:208} INFO - Processing /home/airflow/.local/lib/python3.12/site-packages/airflow/example_dags/example_task_group.py took 0.172 seconds
[2024-11-26T17:54:29.312+0000] {processor.py:186} INFO - Started process (PID=163) to work on /home/airflow/.local/lib/python3.12/site-packages/airflow/example_dags/example_task_group.py
[2024-11-26T17:54:29.313+0000] {processor.py:914} INFO - Processing file /home/airflow/.local/lib/python3.12/site-packages/airflow/example_dags/example_task_group.py for tasks to queue
[2024-11-26T17:54:29.315+0000] {logging_mixin.py:190} INFO - [2024-11-26T17:54:29.315+0000] {dagbag.py:588} INFO - Filling up the DagBag from /home/airflow/.local/lib/python3.12/site-packages/airflow/example_dags/example_task_group.py
[2024-11-26T17:54:29.322+0000] {processor.py:925} INFO - DAG(s) 'example_task_group' retrieved from /home/airflow/.local/lib/python3.12/site-packages/airflow/example_dags/example_task_group.py
[2024-11-26T17:54:29.341+0000] {logging_mixin.py:190} INFO - [2024-11-26T17:54:29.341+0000] {dag.py:3239} INFO - Sync 1 DAGs
[2024-11-26T17:54:29.356+0000] {logging_mixin.py:190} INFO - [2024-11-26T17:54:29.356+0000] {dag.py:4180} INFO - Setting next_dagrun for example_task_group to None, run_after=None
[2024-11-26T17:54:29.374+0000] {processor.py:208} INFO - Processing /home/airflow/.local/lib/python3.12/site-packages/airflow/example_dags/example_task_group.py took 0.065 seconds
[2024-11-26T17:54:59.726+0000] {processor.py:186} INFO - Started process (PID=225) to work on /home/airflow/.local/lib/python3.12/site-packages/airflow/example_dags/example_task_group.py
[2024-11-26T17:54:59.727+0000] {processor.py:914} INFO - Processing file /home/airflow/.local/lib/python3.12/site-packages/airflow/example_dags/example_task_group.py for tasks to queue
[2024-11-26T17:54:59.729+0000] {logging_mixin.py:190} INFO - [2024-11-26T17:54:59.729+0000] {dagbag.py:588} INFO - Filling up the DagBag from /home/airflow/.local/lib/python3.12/site-packages/airflow/example_dags/example_task_group.py
[2024-11-26T17:54:59.737+0000] {processor.py:925} INFO - DAG(s) 'example_task_group' retrieved from /home/airflow/.local/lib/python3.12/site-packages/airflow/example_dags/example_task_group.py
[2024-11-26T17:54:59.762+0000] {logging_mixin.py:190} INFO - [2024-11-26T17:54:59.760+0000] {dag.py:3239} INFO - Sync 1 DAGs
[2024-11-26T17:54:59.777+0000] {logging_mixin.py:190} INFO - [2024-11-26T17:54:59.776+0000] {dag.py:4180} INFO - Setting next_dagrun for example_task_group to None, run_after=None
[2024-11-26T17:54:59.795+0000] {processor.py:208} INFO - Processing /home/airflow/.local/lib/python3.12/site-packages/airflow/example_dags/example_task_group.py took 0.074 seconds
[2024-11-26T17:55:30.291+0000] {processor.py:186} INFO - Started process (PID=288) to work on /home/airflow/.local/lib/python3.12/site-packages/airflow/example_dags/example_task_group.py
[2024-11-26T17:55:30.291+0000] {processor.py:914} INFO - Processing file /home/airflow/.local/lib/python3.12/site-packages/airflow/example_dags/example_task_group.py for tasks to queue
[2024-11-26T17:55:30.293+0000] {logging_mixin.py:190} INFO - [2024-11-26T17:55:30.293+0000] {dagbag.py:588} INFO - Filling up the DagBag from /home/airflow/.local/lib/python3.12/site-packages/airflow/example_dags/example_task_group.py
[2024-11-26T17:55:30.300+0000] {processor.py:925} INFO - DAG(s) 'example_task_group' retrieved from /home/airflow/.local/lib/python3.12/site-packages/airflow/example_dags/example_task_group.py
[2024-11-26T17:55:30.318+0000] {logging_mixin.py:190} INFO - [2024-11-26T17:55:30.318+0000] {dag.py:3239} INFO - Sync 1 DAGs
[2024-11-26T17:55:30.330+0000] {logging_mixin.py:190} INFO - [2024-11-26T17:55:30.330+0000] {dag.py:4180} INFO - Setting next_dagrun for example_task_group to None, run_after=None
[2024-11-26T17:55:30.346+0000] {processor.py:208} INFO - Processing /home/airflow/.local/lib/python3.12/site-packages/airflow/example_dags/example_task_group.py took 0.059 seconds
[2024-11-26T17:56:00.556+0000] {processor.py:186} INFO - Started process (PID=351) to work on /home/airflow/.local/lib/python3.12/site-packages/airflow/example_dags/example_task_group.py
[2024-11-26T17:56:00.557+0000] {processor.py:914} INFO - Processing file /home/airflow/.local/lib/python3.12/site-packages/airflow/example_dags/example_task_group.py for tasks to queue
[2024-11-26T17:56:00.559+0000] {logging_mixin.py:190} INFO - [2024-11-26T17:56:00.558+0000] {dagbag.py:588} INFO - Filling up the DagBag from /home/airflow/.local/lib/python3.12/site-packages/airflow/example_dags/example_task_group.py
[2024-11-26T17:56:00.565+0000] {processor.py:925} INFO - DAG(s) 'example_task_group' retrieved from /home/airflow/.local/lib/python3.12/site-packages/airflow/example_dags/example_task_group.py
[2024-11-26T17:56:00.586+0000] {logging_mixin.py:190} INFO - [2024-11-26T17:56:00.586+0000] {dag.py:3239} INFO - Sync 1 DAGs
[2024-11-26T17:56:00.598+0000] {logging_mixin.py:190} INFO - [2024-11-26T17:56:00.598+0000] {dag.py:4180} INFO - Setting next_dagrun for example_task_group to None, run_after=None
[2024-11-26T17:56:00.615+0000] {processor.py:208} INFO - Processing /home/airflow/.local/lib/python3.12/site-packages/airflow/example_dags/example_task_group.py took 0.063 seconds
[2024-11-26T17:56:31.600+0000] {processor.py:186} INFO - Started process (PID=414) to work on /home/airflow/.local/lib/python3.12/site-packages/airflow/example_dags/example_task_group.py
[2024-11-26T17:56:31.600+0000] {processor.py:914} INFO - Processing file /home/airflow/.local/lib/python3.12/site-packages/airflow/example_dags/example_task_group.py for tasks to queue
[2024-11-26T17:56:31.602+0000] {logging_mixin.py:190} INFO - [2024-11-26T17:56:31.602+0000] {dagbag.py:588} INFO - Filling up the DagBag from /home/airflow/.local/lib/python3.12/site-packages/airflow/example_dags/example_task_group.py
[2024-11-26T17:56:31.608+0000] {processor.py:925} INFO - DAG(s) 'example_task_group' retrieved from /home/airflow/.local/lib/python3.12/site-packages/airflow/example_dags/example_task_group.py
[2024-11-26T17:56:31.624+0000] {logging_mixin.py:190} INFO - [2024-11-26T17:56:31.624+0000] {dag.py:3239} INFO - Sync 1 DAGs
[2024-11-26T17:56:31.636+0000] {logging_mixin.py:190} INFO - [2024-11-26T17:56:31.635+0000] {dag.py:4180} INFO - Setting next_dagrun for example_task_group to None, run_after=None
[2024-11-26T17:56:31.650+0000] {processor.py:208} INFO - Processing /home/airflow/.local/lib/python3.12/site-packages/airflow/example_dags/example_task_group.py took 0.056 seconds
[2024-11-26T17:57:02.528+0000] {processor.py:186} INFO - Started process (PID=477) to work on /home/airflow/.local/lib/python3.12/site-packages/airflow/example_dags/example_task_group.py
[2024-11-26T17:57:02.529+0000] {processor.py:914} INFO - Processing file /home/airflow/.local/lib/python3.12/site-packages/airflow/example_dags/example_task_group.py for tasks to queue
[2024-11-26T17:57:02.531+0000] {logging_mixin.py:190} INFO - [2024-11-26T17:57:02.531+0000] {dagbag.py:588} INFO - Filling up the DagBag from /home/airflow/.local/lib/python3.12/site-packages/airflow/example_dags/example_task_group.py
[2024-11-26T17:57:02.538+0000] {processor.py:925} INFO - DAG(s) 'example_task_group' retrieved from /home/airflow/.local/lib/python3.12/site-packages/airflow/example_dags/example_task_group.py
[2024-11-26T17:57:02.558+0000] {logging_mixin.py:190} INFO - [2024-11-26T17:57:02.558+0000] {dag.py:3239} INFO - Sync 1 DAGs
[2024-11-26T17:57:02.570+0000] {logging_mixin.py:190} INFO - [2024-11-26T17:57:02.570+0000] {dag.py:4180} INFO - Setting next_dagrun for example_task_group to None, run_after=None
[2024-11-26T17:57:02.585+0000] {processor.py:208} INFO - Processing /home/airflow/.local/lib/python3.12/site-packages/airflow/example_dags/example_task_group.py took 0.062 seconds
[2024-11-26T17:57:33.474+0000] {processor.py:186} INFO - Started process (PID=540) to work on /home/airflow/.local/lib/python3.12/site-packages/airflow/example_dags/example_task_group.py
[2024-11-26T17:57:33.476+0000] {processor.py:914} INFO - Processing file /home/airflow/.local/lib/python3.12/site-packages/airflow/example_dags/example_task_group.py for tasks to queue
[2024-11-26T17:57:33.477+0000] {logging_mixin.py:190} INFO - [2024-11-26T17:57:33.477+0000] {dagbag.py:588} INFO - Filling up the DagBag from /home/airflow/.local/lib/python3.12/site-packages/airflow/example_dags/example_task_group.py
[2024-11-26T17:57:33.484+0000] {processor.py:925} INFO - DAG(s) 'example_task_group' retrieved from /home/airflow/.local/lib/python3.12/site-packages/airflow/example_dags/example_task_group.py
[2024-11-26T17:57:33.501+0000] {logging_mixin.py:190} INFO - [2024-11-26T17:57:33.501+0000] {dag.py:3239} INFO - Sync 1 DAGs
[2024-11-26T17:57:33.512+0000] {logging_mixin.py:190} INFO - [2024-11-26T17:57:33.512+0000] {dag.py:4180} INFO - Setting next_dagrun for example_task_group to None, run_after=None
[2024-11-26T17:57:33.528+0000] {processor.py:208} INFO - Processing /home/airflow/.local/lib/python3.12/site-packages/airflow/example_dags/example_task_group.py took 0.057 seconds
[2024-11-26T17:58:04.134+0000] {processor.py:186} INFO - Started process (PID=603) to work on /home/airflow/.local/lib/python3.12/site-packages/airflow/example_dags/example_task_group.py
[2024-11-26T17:58:04.135+0000] {processor.py:914} INFO - Processing file /home/airflow/.local/lib/python3.12/site-packages/airflow/example_dags/example_task_group.py for tasks to queue
[2024-11-26T17:58:04.138+0000] {logging_mixin.py:190} INFO - [2024-11-26T17:58:04.137+0000] {dagbag.py:588} INFO - Filling up the DagBag from /home/airflow/.local/lib/python3.12/site-packages/airflow/example_dags/example_task_group.py
[2024-11-26T17:58:04.144+0000] {processor.py:925} INFO - DAG(s) 'example_task_group' retrieved from /home/airflow/.local/lib/python3.12/site-packages/airflow/example_dags/example_task_group.py
[2024-11-26T17:58:04.163+0000] {logging_mixin.py:190} INFO - [2024-11-26T17:58:04.163+0000] {dag.py:3239} INFO - Sync 1 DAGs
[2024-11-26T17:58:04.174+0000] {logging_mixin.py:190} INFO - [2024-11-26T17:58:04.174+0000] {dag.py:4180} INFO - Setting next_dagrun for example_task_group to None, run_after=None
[2024-11-26T17:58:04.189+0000] {processor.py:208} INFO - Processing /home/airflow/.local/lib/python3.12/site-packages/airflow/example_dags/example_task_group.py took 0.060 seconds
[2024-11-26T17:58:34.455+0000] {processor.py:186} INFO - Started process (PID=665) to work on /home/airflow/.local/lib/python3.12/site-packages/airflow/example_dags/example_task_group.py
[2024-11-26T17:58:34.456+0000] {processor.py:914} INFO - Processing file /home/airflow/.local/lib/python3.12/site-packages/airflow/example_dags/example_task_group.py for tasks to queue
[2024-11-26T17:58:34.458+0000] {logging_mixin.py:190} INFO - [2024-11-26T17:58:34.458+0000] {dagbag.py:588} INFO - Filling up the DagBag from /home/airflow/.local/lib/python3.12/site-packages/airflow/example_dags/example_task_group.py
[2024-11-26T17:58:34.464+0000] {processor.py:925} INFO - DAG(s) 'example_task_group' retrieved from /home/airflow/.local/lib/python3.12/site-packages/airflow/example_dags/example_task_group.py
[2024-11-26T17:58:34.483+0000] {logging_mixin.py:190} INFO - [2024-11-26T17:58:34.482+0000] {dag.py:3239} INFO - Sync 1 DAGs
[2024-11-26T17:58:34.493+0000] {logging_mixin.py:190} INFO - [2024-11-26T17:58:34.493+0000] {dag.py:4180} INFO - Setting next_dagrun for example_task_group to None, run_after=None
[2024-11-26T17:58:34.506+0000] {processor.py:208} INFO - Processing /home/airflow/.local/lib/python3.12/site-packages/airflow/example_dags/example_task_group.py took 0.054 seconds
[2024-11-26T17:59:04.929+0000] {processor.py:186} INFO - Started process (PID=728) to work on /home/airflow/.local/lib/python3.12/site-packages/airflow/example_dags/example_task_group.py
[2024-11-26T17:59:04.930+0000] {processor.py:914} INFO - Processing file /home/airflow/.local/lib/python3.12/site-packages/airflow/example_dags/example_task_group.py for tasks to queue
[2024-11-26T17:59:04.932+0000] {logging_mixin.py:190} INFO - [2024-11-26T17:59:04.931+0000] {dagbag.py:588} INFO - Filling up the DagBag from /home/airflow/.local/lib/python3.12/site-packages/airflow/example_dags/example_task_group.py
[2024-11-26T17:59:04.937+0000] {processor.py:925} INFO - DAG(s) 'example_task_group' retrieved from /home/airflow/.local/lib/python3.12/site-packages/airflow/example_dags/example_task_group.py
[2024-11-26T17:59:04.954+0000] {logging_mixin.py:190} INFO - [2024-11-26T17:59:04.954+0000] {dag.py:3239} INFO - Sync 1 DAGs
[2024-11-26T17:59:04.965+0000] {logging_mixin.py:190} INFO - [2024-11-26T17:59:04.965+0000] {dag.py:4180} INFO - Setting next_dagrun for example_task_group to None, run_after=None
[2024-11-26T17:59:04.979+0000] {processor.py:208} INFO - Processing /home/airflow/.local/lib/python3.12/site-packages/airflow/example_dags/example_task_group.py took 0.054 seconds
[2024-11-26T18:06:07.634+0000] {processor.py:186} INFO - Started process (PID=95) to work on /home/airflow/.local/lib/python3.12/site-packages/airflow/example_dags/example_task_group.py
[2024-11-26T18:06:07.634+0000] {processor.py:914} INFO - Processing file /home/airflow/.local/lib/python3.12/site-packages/airflow/example_dags/example_task_group.py for tasks to queue
[2024-11-26T18:06:07.636+0000] {logging_mixin.py:190} INFO - [2024-11-26T18:06:07.636+0000] {dagbag.py:588} INFO - Filling up the DagBag from /home/airflow/.local/lib/python3.12/site-packages/airflow/example_dags/example_task_group.py
[2024-11-26T18:06:07.642+0000] {processor.py:925} INFO - DAG(s) 'example_task_group' retrieved from /home/airflow/.local/lib/python3.12/site-packages/airflow/example_dags/example_task_group.py
[2024-11-26T18:06:07.662+0000] {logging_mixin.py:190} INFO - [2024-11-26T18:06:07.662+0000] {dag.py:3239} INFO - Sync 1 DAGs
[2024-11-26T18:06:07.674+0000] {logging_mixin.py:190} INFO - [2024-11-26T18:06:07.673+0000] {dag.py:4180} INFO - Setting next_dagrun for example_task_group to None, run_after=None
[2024-11-26T18:06:07.688+0000] {processor.py:208} INFO - Processing /home/airflow/.local/lib/python3.12/site-packages/airflow/example_dags/example_task_group.py took 0.059 seconds
[2024-11-26T18:06:37.739+0000] {processor.py:186} INFO - Started process (PID=159) to work on /home/airflow/.local/lib/python3.12/site-packages/airflow/example_dags/example_task_group.py
[2024-11-26T18:06:37.739+0000] {processor.py:914} INFO - Processing file /home/airflow/.local/lib/python3.12/site-packages/airflow/example_dags/example_task_group.py for tasks to queue
[2024-11-26T18:06:37.741+0000] {logging_mixin.py:190} INFO - [2024-11-26T18:06:37.741+0000] {dagbag.py:588} INFO - Filling up the DagBag from /home/airflow/.local/lib/python3.12/site-packages/airflow/example_dags/example_task_group.py
[2024-11-26T18:06:37.747+0000] {processor.py:925} INFO - DAG(s) 'example_task_group' retrieved from /home/airflow/.local/lib/python3.12/site-packages/airflow/example_dags/example_task_group.py
[2024-11-26T18:06:37.763+0000] {logging_mixin.py:190} INFO - [2024-11-26T18:06:37.763+0000] {dag.py:3239} INFO - Sync 1 DAGs
[2024-11-26T18:06:37.774+0000] {logging_mixin.py:190} INFO - [2024-11-26T18:06:37.774+0000] {dag.py:4180} INFO - Setting next_dagrun for example_task_group to None, run_after=None
[2024-11-26T18:06:37.788+0000] {processor.py:208} INFO - Processing /home/airflow/.local/lib/python3.12/site-packages/airflow/example_dags/example_task_group.py took 0.053 seconds
[2024-11-26T18:07:07.973+0000] {processor.py:186} INFO - Started process (PID=222) to work on /home/airflow/.local/lib/python3.12/site-packages/airflow/example_dags/example_task_group.py
[2024-11-26T18:07:07.974+0000] {processor.py:914} INFO - Processing file /home/airflow/.local/lib/python3.12/site-packages/airflow/example_dags/example_task_group.py for tasks to queue
[2024-11-26T18:07:07.976+0000] {logging_mixin.py:190} INFO - [2024-11-26T18:07:07.975+0000] {dagbag.py:588} INFO - Filling up the DagBag from /home/airflow/.local/lib/python3.12/site-packages/airflow/example_dags/example_task_group.py
[2024-11-26T18:07:07.982+0000] {processor.py:925} INFO - DAG(s) 'example_task_group' retrieved from /home/airflow/.local/lib/python3.12/site-packages/airflow/example_dags/example_task_group.py
[2024-11-26T18:07:07.998+0000] {logging_mixin.py:190} INFO - [2024-11-26T18:07:07.998+0000] {dag.py:3239} INFO - Sync 1 DAGs
[2024-11-26T18:07:08.009+0000] {logging_mixin.py:190} INFO - [2024-11-26T18:07:08.009+0000] {dag.py:4180} INFO - Setting next_dagrun for example_task_group to None, run_after=None
[2024-11-26T18:07:08.022+0000] {processor.py:208} INFO - Processing /home/airflow/.local/lib/python3.12/site-packages/airflow/example_dags/example_task_group.py took 0.053 seconds
[2024-11-26T18:07:39.083+0000] {processor.py:186} INFO - Started process (PID=286) to work on /home/airflow/.local/lib/python3.12/site-packages/airflow/example_dags/example_task_group.py
[2024-11-26T18:07:39.084+0000] {processor.py:914} INFO - Processing file /home/airflow/.local/lib/python3.12/site-packages/airflow/example_dags/example_task_group.py for tasks to queue
[2024-11-26T18:07:39.085+0000] {logging_mixin.py:190} INFO - [2024-11-26T18:07:39.085+0000] {dagbag.py:588} INFO - Filling up the DagBag from /home/airflow/.local/lib/python3.12/site-packages/airflow/example_dags/example_task_group.py
[2024-11-26T18:07:39.092+0000] {processor.py:925} INFO - DAG(s) 'example_task_group' retrieved from /home/airflow/.local/lib/python3.12/site-packages/airflow/example_dags/example_task_group.py
[2024-11-26T18:07:39.107+0000] {logging_mixin.py:190} INFO - [2024-11-26T18:07:39.107+0000] {dag.py:3239} INFO - Sync 1 DAGs
[2024-11-26T18:07:39.117+0000] {logging_mixin.py:190} INFO - [2024-11-26T18:07:39.117+0000] {dag.py:4180} INFO - Setting next_dagrun for example_task_group to None, run_after=None
[2024-11-26T18:07:39.132+0000] {processor.py:208} INFO - Processing /home/airflow/.local/lib/python3.12/site-packages/airflow/example_dags/example_task_group.py took 0.053 seconds
[2024-11-26T18:08:09.640+0000] {processor.py:186} INFO - Started process (PID=350) to work on /home/airflow/.local/lib/python3.12/site-packages/airflow/example_dags/example_task_group.py
[2024-11-26T18:08:09.641+0000] {processor.py:914} INFO - Processing file /home/airflow/.local/lib/python3.12/site-packages/airflow/example_dags/example_task_group.py for tasks to queue
[2024-11-26T18:08:09.642+0000] {logging_mixin.py:190} INFO - [2024-11-26T18:08:09.642+0000] {dagbag.py:588} INFO - Filling up the DagBag from /home/airflow/.local/lib/python3.12/site-packages/airflow/example_dags/example_task_group.py
[2024-11-26T18:08:09.648+0000] {processor.py:925} INFO - DAG(s) 'example_task_group' retrieved from /home/airflow/.local/lib/python3.12/site-packages/airflow/example_dags/example_task_group.py
[2024-11-26T18:08:09.665+0000] {logging_mixin.py:190} INFO - [2024-11-26T18:08:09.665+0000] {dag.py:3239} INFO - Sync 1 DAGs
[2024-11-26T18:08:09.677+0000] {logging_mixin.py:190} INFO - [2024-11-26T18:08:09.676+0000] {dag.py:4180} INFO - Setting next_dagrun for example_task_group to None, run_after=None
[2024-11-26T18:08:09.691+0000] {processor.py:208} INFO - Processing /home/airflow/.local/lib/python3.12/site-packages/airflow/example_dags/example_task_group.py took 0.055 seconds
[2024-11-26T18:08:39.739+0000] {processor.py:186} INFO - Started process (PID=413) to work on /home/airflow/.local/lib/python3.12/site-packages/airflow/example_dags/example_task_group.py
[2024-11-26T18:08:39.739+0000] {processor.py:914} INFO - Processing file /home/airflow/.local/lib/python3.12/site-packages/airflow/example_dags/example_task_group.py for tasks to queue
[2024-11-26T18:08:39.741+0000] {logging_mixin.py:190} INFO - [2024-11-26T18:08:39.741+0000] {dagbag.py:588} INFO - Filling up the DagBag from /home/airflow/.local/lib/python3.12/site-packages/airflow/example_dags/example_task_group.py
[2024-11-26T18:08:39.747+0000] {processor.py:925} INFO - DAG(s) 'example_task_group' retrieved from /home/airflow/.local/lib/python3.12/site-packages/airflow/example_dags/example_task_group.py
[2024-11-26T18:08:39.764+0000] {logging_mixin.py:190} INFO - [2024-11-26T18:08:39.764+0000] {dag.py:3239} INFO - Sync 1 DAGs
[2024-11-26T18:08:39.775+0000] {logging_mixin.py:190} INFO - [2024-11-26T18:08:39.775+0000] {dag.py:4180} INFO - Setting next_dagrun for example_task_group to None, run_after=None
[2024-11-26T18:08:39.788+0000] {processor.py:208} INFO - Processing /home/airflow/.local/lib/python3.12/site-packages/airflow/example_dags/example_task_group.py took 0.054 seconds
[2024-11-26T18:09:10.675+0000] {processor.py:186} INFO - Started process (PID=478) to work on /home/airflow/.local/lib/python3.12/site-packages/airflow/example_dags/example_task_group.py
[2024-11-26T18:09:10.676+0000] {processor.py:914} INFO - Processing file /home/airflow/.local/lib/python3.12/site-packages/airflow/example_dags/example_task_group.py for tasks to queue
[2024-11-26T18:09:10.677+0000] {logging_mixin.py:190} INFO - [2024-11-26T18:09:10.677+0000] {dagbag.py:588} INFO - Filling up the DagBag from /home/airflow/.local/lib/python3.12/site-packages/airflow/example_dags/example_task_group.py
[2024-11-26T18:09:10.684+0000] {processor.py:925} INFO - DAG(s) 'example_task_group' retrieved from /home/airflow/.local/lib/python3.12/site-packages/airflow/example_dags/example_task_group.py
[2024-11-26T18:09:10.699+0000] {logging_mixin.py:190} INFO - [2024-11-26T18:09:10.699+0000] {dag.py:3239} INFO - Sync 1 DAGs
[2024-11-26T18:09:10.709+0000] {logging_mixin.py:190} INFO - [2024-11-26T18:09:10.709+0000] {dag.py:4180} INFO - Setting next_dagrun for example_task_group to None, run_after=None
[2024-11-26T18:09:10.723+0000] {processor.py:208} INFO - Processing /home/airflow/.local/lib/python3.12/site-packages/airflow/example_dags/example_task_group.py took 0.052 seconds
[2024-11-26T18:09:41.638+0000] {processor.py:186} INFO - Started process (PID=543) to work on /home/airflow/.local/lib/python3.12/site-packages/airflow/example_dags/example_task_group.py
[2024-11-26T18:09:41.639+0000] {processor.py:914} INFO - Processing file /home/airflow/.local/lib/python3.12/site-packages/airflow/example_dags/example_task_group.py for tasks to queue
[2024-11-26T18:09:41.641+0000] {logging_mixin.py:190} INFO - [2024-11-26T18:09:41.640+0000] {dagbag.py:588} INFO - Filling up the DagBag from /home/airflow/.local/lib/python3.12/site-packages/airflow/example_dags/example_task_group.py
[2024-11-26T18:09:41.647+0000] {processor.py:925} INFO - DAG(s) 'example_task_group' retrieved from /home/airflow/.local/lib/python3.12/site-packages/airflow/example_dags/example_task_group.py
[2024-11-26T18:09:41.666+0000] {logging_mixin.py:190} INFO - [2024-11-26T18:09:41.666+0000] {dag.py:3239} INFO - Sync 1 DAGs
[2024-11-26T18:09:41.678+0000] {logging_mixin.py:190} INFO - [2024-11-26T18:09:41.678+0000] {dag.py:4180} INFO - Setting next_dagrun for example_task_group to None, run_after=None
[2024-11-26T18:09:41.696+0000] {processor.py:208} INFO - Processing /home/airflow/.local/lib/python3.12/site-packages/airflow/example_dags/example_task_group.py took 0.062 seconds
[2024-11-26T18:10:12.188+0000] {processor.py:186} INFO - Started process (PID=605) to work on /home/airflow/.local/lib/python3.12/site-packages/airflow/example_dags/example_task_group.py
[2024-11-26T18:10:12.188+0000] {processor.py:914} INFO - Processing file /home/airflow/.local/lib/python3.12/site-packages/airflow/example_dags/example_task_group.py for tasks to queue
[2024-11-26T18:10:12.189+0000] {logging_mixin.py:190} INFO - [2024-11-26T18:10:12.189+0000] {dagbag.py:588} INFO - Filling up the DagBag from /home/airflow/.local/lib/python3.12/site-packages/airflow/example_dags/example_task_group.py
[2024-11-26T18:10:12.195+0000] {processor.py:925} INFO - DAG(s) 'example_task_group' retrieved from /home/airflow/.local/lib/python3.12/site-packages/airflow/example_dags/example_task_group.py
[2024-11-26T18:10:12.212+0000] {logging_mixin.py:190} INFO - [2024-11-26T18:10:12.212+0000] {dag.py:3239} INFO - Sync 1 DAGs
[2024-11-26T18:10:12.223+0000] {logging_mixin.py:190} INFO - [2024-11-26T18:10:12.223+0000] {dag.py:4180} INFO - Setting next_dagrun for example_task_group to None, run_after=None
[2024-11-26T18:10:12.237+0000] {processor.py:208} INFO - Processing /home/airflow/.local/lib/python3.12/site-packages/airflow/example_dags/example_task_group.py took 0.053 seconds
[2024-11-26T18:10:42.681+0000] {processor.py:186} INFO - Started process (PID=668) to work on /home/airflow/.local/lib/python3.12/site-packages/airflow/example_dags/example_task_group.py
[2024-11-26T18:10:42.682+0000] {processor.py:914} INFO - Processing file /home/airflow/.local/lib/python3.12/site-packages/airflow/example_dags/example_task_group.py for tasks to queue
[2024-11-26T18:10:42.683+0000] {logging_mixin.py:190} INFO - [2024-11-26T18:10:42.683+0000] {dagbag.py:588} INFO - Filling up the DagBag from /home/airflow/.local/lib/python3.12/site-packages/airflow/example_dags/example_task_group.py
[2024-11-26T18:10:42.689+0000] {processor.py:925} INFO - DAG(s) 'example_task_group' retrieved from /home/airflow/.local/lib/python3.12/site-packages/airflow/example_dags/example_task_group.py
[2024-11-26T18:10:42.705+0000] {logging_mixin.py:190} INFO - [2024-11-26T18:10:42.704+0000] {dag.py:3239} INFO - Sync 1 DAGs
[2024-11-26T18:10:42.716+0000] {logging_mixin.py:190} INFO - [2024-11-26T18:10:42.716+0000] {dag.py:4180} INFO - Setting next_dagrun for example_task_group to None, run_after=None
[2024-11-26T18:10:42.731+0000] {processor.py:208} INFO - Processing /home/airflow/.local/lib/python3.12/site-packages/airflow/example_dags/example_task_group.py took 0.053 seconds
[2024-11-26T18:11:12.908+0000] {processor.py:186} INFO - Started process (PID=731) to work on /home/airflow/.local/lib/python3.12/site-packages/airflow/example_dags/example_task_group.py
[2024-11-26T18:11:12.908+0000] {processor.py:914} INFO - Processing file /home/airflow/.local/lib/python3.12/site-packages/airflow/example_dags/example_task_group.py for tasks to queue
[2024-11-26T18:11:12.909+0000] {logging_mixin.py:190} INFO - [2024-11-26T18:11:12.909+0000] {dagbag.py:588} INFO - Filling up the DagBag from /home/airflow/.local/lib/python3.12/site-packages/airflow/example_dags/example_task_group.py
[2024-11-26T18:11:12.916+0000] {processor.py:925} INFO - DAG(s) 'example_task_group' retrieved from /home/airflow/.local/lib/python3.12/site-packages/airflow/example_dags/example_task_group.py
[2024-11-26T18:11:12.932+0000] {logging_mixin.py:190} INFO - [2024-11-26T18:11:12.932+0000] {dag.py:3239} INFO - Sync 1 DAGs
[2024-11-26T18:11:12.943+0000] {logging_mixin.py:190} INFO - [2024-11-26T18:11:12.943+0000] {dag.py:4180} INFO - Setting next_dagrun for example_task_group to None, run_after=None
[2024-11-26T18:11:12.957+0000] {processor.py:208} INFO - Processing /home/airflow/.local/lib/python3.12/site-packages/airflow/example_dags/example_task_group.py took 0.053 seconds
[2024-11-26T18:12:32.532+0000] {processor.py:186} INFO - Started process (PID=89) to work on /home/airflow/.local/lib/python3.12/site-packages/airflow/example_dags/example_task_group.py
[2024-11-26T18:12:32.533+0000] {processor.py:914} INFO - Processing file /home/airflow/.local/lib/python3.12/site-packages/airflow/example_dags/example_task_group.py for tasks to queue
[2024-11-26T18:12:32.535+0000] {logging_mixin.py:190} INFO - [2024-11-26T18:12:32.535+0000] {dagbag.py:588} INFO - Filling up the DagBag from /home/airflow/.local/lib/python3.12/site-packages/airflow/example_dags/example_task_group.py
[2024-11-26T18:12:32.542+0000] {processor.py:925} INFO - DAG(s) 'example_task_group' retrieved from /home/airflow/.local/lib/python3.12/site-packages/airflow/example_dags/example_task_group.py
[2024-11-26T18:12:32.564+0000] {logging_mixin.py:190} INFO - [2024-11-26T18:12:32.563+0000] {dag.py:3239} INFO - Sync 1 DAGs
[2024-11-26T18:12:32.577+0000] {logging_mixin.py:190} INFO - [2024-11-26T18:12:32.577+0000] {dag.py:4180} INFO - Setting next_dagrun for example_task_group to None, run_after=None
[2024-11-26T18:12:32.595+0000] {processor.py:208} INFO - Processing /home/airflow/.local/lib/python3.12/site-packages/airflow/example_dags/example_task_group.py took 0.068 seconds
[2024-11-26T18:13:02.638+0000] {processor.py:186} INFO - Started process (PID=153) to work on /home/airflow/.local/lib/python3.12/site-packages/airflow/example_dags/example_task_group.py
[2024-11-26T18:13:02.639+0000] {processor.py:914} INFO - Processing file /home/airflow/.local/lib/python3.12/site-packages/airflow/example_dags/example_task_group.py for tasks to queue
[2024-11-26T18:13:02.640+0000] {logging_mixin.py:190} INFO - [2024-11-26T18:13:02.640+0000] {dagbag.py:588} INFO - Filling up the DagBag from /home/airflow/.local/lib/python3.12/site-packages/airflow/example_dags/example_task_group.py
[2024-11-26T18:13:02.647+0000] {processor.py:925} INFO - DAG(s) 'example_task_group' retrieved from /home/airflow/.local/lib/python3.12/site-packages/airflow/example_dags/example_task_group.py
[2024-11-26T18:13:02.664+0000] {logging_mixin.py:190} INFO - [2024-11-26T18:13:02.664+0000] {dag.py:3239} INFO - Sync 1 DAGs
[2024-11-26T18:13:02.676+0000] {logging_mixin.py:190} INFO - [2024-11-26T18:13:02.675+0000] {dag.py:4180} INFO - Setting next_dagrun for example_task_group to None, run_after=None
[2024-11-26T18:13:02.690+0000] {processor.py:208} INFO - Processing /home/airflow/.local/lib/python3.12/site-packages/airflow/example_dags/example_task_group.py took 0.056 seconds
[2024-11-26T18:13:33.022+0000] {processor.py:186} INFO - Started process (PID=216) to work on /home/airflow/.local/lib/python3.12/site-packages/airflow/example_dags/example_task_group.py
[2024-11-26T18:13:33.023+0000] {processor.py:914} INFO - Processing file /home/airflow/.local/lib/python3.12/site-packages/airflow/example_dags/example_task_group.py for tasks to queue
[2024-11-26T18:13:33.025+0000] {logging_mixin.py:190} INFO - [2024-11-26T18:13:33.024+0000] {dagbag.py:588} INFO - Filling up the DagBag from /home/airflow/.local/lib/python3.12/site-packages/airflow/example_dags/example_task_group.py
[2024-11-26T18:13:33.031+0000] {processor.py:925} INFO - DAG(s) 'example_task_group' retrieved from /home/airflow/.local/lib/python3.12/site-packages/airflow/example_dags/example_task_group.py
[2024-11-26T18:13:33.048+0000] {logging_mixin.py:190} INFO - [2024-11-26T18:13:33.048+0000] {dag.py:3239} INFO - Sync 1 DAGs
[2024-11-26T18:13:33.059+0000] {logging_mixin.py:190} INFO - [2024-11-26T18:13:33.059+0000] {dag.py:4180} INFO - Setting next_dagrun for example_task_group to None, run_after=None
[2024-11-26T18:13:33.072+0000] {processor.py:208} INFO - Processing /home/airflow/.local/lib/python3.12/site-packages/airflow/example_dags/example_task_group.py took 0.056 seconds
[2024-11-26T18:14:04.266+0000] {processor.py:186} INFO - Started process (PID=280) to work on /home/airflow/.local/lib/python3.12/site-packages/airflow/example_dags/example_task_group.py
[2024-11-26T18:14:04.267+0000] {processor.py:914} INFO - Processing file /home/airflow/.local/lib/python3.12/site-packages/airflow/example_dags/example_task_group.py for tasks to queue
[2024-11-26T18:14:04.268+0000] {logging_mixin.py:190} INFO - [2024-11-26T18:14:04.268+0000] {dagbag.py:588} INFO - Filling up the DagBag from /home/airflow/.local/lib/python3.12/site-packages/airflow/example_dags/example_task_group.py
[2024-11-26T18:14:04.276+0000] {processor.py:925} INFO - DAG(s) 'example_task_group' retrieved from /home/airflow/.local/lib/python3.12/site-packages/airflow/example_dags/example_task_group.py
[2024-11-26T18:14:04.296+0000] {logging_mixin.py:190} INFO - [2024-11-26T18:14:04.295+0000] {dag.py:3239} INFO - Sync 1 DAGs
[2024-11-26T18:14:04.307+0000] {logging_mixin.py:190} INFO - [2024-11-26T18:14:04.307+0000] {dag.py:4180} INFO - Setting next_dagrun for example_task_group to None, run_after=None
[2024-11-26T18:14:04.323+0000] {processor.py:208} INFO - Processing /home/airflow/.local/lib/python3.12/site-packages/airflow/example_dags/example_task_group.py took 0.061 seconds
[2024-11-26T18:14:34.868+0000] {processor.py:186} INFO - Started process (PID=344) to work on /home/airflow/.local/lib/python3.12/site-packages/airflow/example_dags/example_task_group.py
[2024-11-26T18:14:34.868+0000] {processor.py:914} INFO - Processing file /home/airflow/.local/lib/python3.12/site-packages/airflow/example_dags/example_task_group.py for tasks to queue
[2024-11-26T18:14:34.870+0000] {logging_mixin.py:190} INFO - [2024-11-26T18:14:34.869+0000] {dagbag.py:588} INFO - Filling up the DagBag from /home/airflow/.local/lib/python3.12/site-packages/airflow/example_dags/example_task_group.py
[2024-11-26T18:14:34.875+0000] {processor.py:925} INFO - DAG(s) 'example_task_group' retrieved from /home/airflow/.local/lib/python3.12/site-packages/airflow/example_dags/example_task_group.py
[2024-11-26T18:14:34.891+0000] {logging_mixin.py:190} INFO - [2024-11-26T18:14:34.890+0000] {dag.py:3239} INFO - Sync 1 DAGs
[2024-11-26T18:14:34.901+0000] {logging_mixin.py:190} INFO - [2024-11-26T18:14:34.901+0000] {dag.py:4180} INFO - Setting next_dagrun for example_task_group to None, run_after=None
[2024-11-26T18:14:34.915+0000] {processor.py:208} INFO - Processing /home/airflow/.local/lib/python3.12/site-packages/airflow/example_dags/example_task_group.py took 0.051 seconds
[2024-11-26T18:15:05.888+0000] {processor.py:186} INFO - Started process (PID=408) to work on /home/airflow/.local/lib/python3.12/site-packages/airflow/example_dags/example_task_group.py
[2024-11-26T18:15:05.889+0000] {processor.py:914} INFO - Processing file /home/airflow/.local/lib/python3.12/site-packages/airflow/example_dags/example_task_group.py for tasks to queue
[2024-11-26T18:15:05.891+0000] {logging_mixin.py:190} INFO - [2024-11-26T18:15:05.891+0000] {dagbag.py:588} INFO - Filling up the DagBag from /home/airflow/.local/lib/python3.12/site-packages/airflow/example_dags/example_task_group.py
[2024-11-26T18:15:05.898+0000] {processor.py:925} INFO - DAG(s) 'example_task_group' retrieved from /home/airflow/.local/lib/python3.12/site-packages/airflow/example_dags/example_task_group.py
[2024-11-26T18:15:05.916+0000] {logging_mixin.py:190} INFO - [2024-11-26T18:15:05.916+0000] {dag.py:3239} INFO - Sync 1 DAGs
[2024-11-26T18:15:05.927+0000] {logging_mixin.py:190} INFO - [2024-11-26T18:15:05.926+0000] {dag.py:4180} INFO - Setting next_dagrun for example_task_group to None, run_after=None
[2024-11-26T18:15:05.941+0000] {processor.py:208} INFO - Processing /home/airflow/.local/lib/python3.12/site-packages/airflow/example_dags/example_task_group.py took 0.056 seconds
[2024-11-26T18:15:36.716+0000] {processor.py:186} INFO - Started process (PID=472) to work on /home/airflow/.local/lib/python3.12/site-packages/airflow/example_dags/example_task_group.py
[2024-11-26T18:15:36.717+0000] {processor.py:914} INFO - Processing file /home/airflow/.local/lib/python3.12/site-packages/airflow/example_dags/example_task_group.py for tasks to queue
[2024-11-26T18:15:36.718+0000] {logging_mixin.py:190} INFO - [2024-11-26T18:15:36.718+0000] {dagbag.py:588} INFO - Filling up the DagBag from /home/airflow/.local/lib/python3.12/site-packages/airflow/example_dags/example_task_group.py
[2024-11-26T18:15:36.726+0000] {processor.py:925} INFO - DAG(s) 'example_task_group' retrieved from /home/airflow/.local/lib/python3.12/site-packages/airflow/example_dags/example_task_group.py
[2024-11-26T18:15:36.744+0000] {logging_mixin.py:190} INFO - [2024-11-26T18:15:36.744+0000] {dag.py:3239} INFO - Sync 1 DAGs
[2024-11-26T18:15:36.756+0000] {logging_mixin.py:190} INFO - [2024-11-26T18:15:36.756+0000] {dag.py:4180} INFO - Setting next_dagrun for example_task_group to None, run_after=None
[2024-11-26T18:15:36.771+0000] {processor.py:208} INFO - Processing /home/airflow/.local/lib/python3.12/site-packages/airflow/example_dags/example_task_group.py took 0.059 seconds
[2024-11-26T18:16:07.492+0000] {processor.py:186} INFO - Started process (PID=536) to work on /home/airflow/.local/lib/python3.12/site-packages/airflow/example_dags/example_task_group.py
[2024-11-26T18:16:07.493+0000] {processor.py:914} INFO - Processing file /home/airflow/.local/lib/python3.12/site-packages/airflow/example_dags/example_task_group.py for tasks to queue
[2024-11-26T18:16:07.494+0000] {logging_mixin.py:190} INFO - [2024-11-26T18:16:07.494+0000] {dagbag.py:588} INFO - Filling up the DagBag from /home/airflow/.local/lib/python3.12/site-packages/airflow/example_dags/example_task_group.py
[2024-11-26T18:16:07.501+0000] {processor.py:925} INFO - DAG(s) 'example_task_group' retrieved from /home/airflow/.local/lib/python3.12/site-packages/airflow/example_dags/example_task_group.py
[2024-11-26T18:16:07.520+0000] {logging_mixin.py:190} INFO - [2024-11-26T18:16:07.520+0000] {dag.py:3239} INFO - Sync 1 DAGs
[2024-11-26T18:16:07.533+0000] {logging_mixin.py:190} INFO - [2024-11-26T18:16:07.533+0000] {dag.py:4180} INFO - Setting next_dagrun for example_task_group to None, run_after=None
[2024-11-26T18:16:07.556+0000] {processor.py:208} INFO - Processing /home/airflow/.local/lib/python3.12/site-packages/airflow/example_dags/example_task_group.py took 0.068 seconds
[2024-11-26T18:16:37.972+0000] {processor.py:186} INFO - Started process (PID=599) to work on /home/airflow/.local/lib/python3.12/site-packages/airflow/example_dags/example_task_group.py
[2024-11-26T18:16:37.973+0000] {processor.py:914} INFO - Processing file /home/airflow/.local/lib/python3.12/site-packages/airflow/example_dags/example_task_group.py for tasks to queue
[2024-11-26T18:16:37.974+0000] {logging_mixin.py:190} INFO - [2024-11-26T18:16:37.974+0000] {dagbag.py:588} INFO - Filling up the DagBag from /home/airflow/.local/lib/python3.12/site-packages/airflow/example_dags/example_task_group.py
[2024-11-26T18:16:37.981+0000] {processor.py:925} INFO - DAG(s) 'example_task_group' retrieved from /home/airflow/.local/lib/python3.12/site-packages/airflow/example_dags/example_task_group.py
[2024-11-26T18:16:37.998+0000] {logging_mixin.py:190} INFO - [2024-11-26T18:16:37.998+0000] {dag.py:3239} INFO - Sync 1 DAGs
[2024-11-26T18:16:38.009+0000] {logging_mixin.py:190} INFO - [2024-11-26T18:16:38.009+0000] {dag.py:4180} INFO - Setting next_dagrun for example_task_group to None, run_after=None
[2024-11-26T18:16:38.026+0000] {processor.py:208} INFO - Processing /home/airflow/.local/lib/python3.12/site-packages/airflow/example_dags/example_task_group.py took 0.058 seconds
[2024-11-26T18:17:08.645+0000] {processor.py:186} INFO - Started process (PID=663) to work on /home/airflow/.local/lib/python3.12/site-packages/airflow/example_dags/example_task_group.py
[2024-11-26T18:17:08.645+0000] {processor.py:914} INFO - Processing file /home/airflow/.local/lib/python3.12/site-packages/airflow/example_dags/example_task_group.py for tasks to queue
[2024-11-26T18:17:08.647+0000] {logging_mixin.py:190} INFO - [2024-11-26T18:17:08.647+0000] {dagbag.py:588} INFO - Filling up the DagBag from /home/airflow/.local/lib/python3.12/site-packages/airflow/example_dags/example_task_group.py
[2024-11-26T18:17:08.654+0000] {processor.py:925} INFO - DAG(s) 'example_task_group' retrieved from /home/airflow/.local/lib/python3.12/site-packages/airflow/example_dags/example_task_group.py
[2024-11-26T18:17:08.668+0000] {logging_mixin.py:190} INFO - [2024-11-26T18:17:08.668+0000] {dag.py:3239} INFO - Sync 1 DAGs
[2024-11-26T18:17:08.678+0000] {logging_mixin.py:190} INFO - [2024-11-26T18:17:08.678+0000] {dag.py:4180} INFO - Setting next_dagrun for example_task_group to None, run_after=None
[2024-11-26T18:17:08.693+0000] {processor.py:208} INFO - Processing /home/airflow/.local/lib/python3.12/site-packages/airflow/example_dags/example_task_group.py took 0.052 seconds
[2024-11-26T18:17:38.763+0000] {processor.py:186} INFO - Started process (PID=727) to work on /home/airflow/.local/lib/python3.12/site-packages/airflow/example_dags/example_task_group.py
[2024-11-26T18:17:38.763+0000] {processor.py:914} INFO - Processing file /home/airflow/.local/lib/python3.12/site-packages/airflow/example_dags/example_task_group.py for tasks to queue
[2024-11-26T18:17:38.765+0000] {logging_mixin.py:190} INFO - [2024-11-26T18:17:38.765+0000] {dagbag.py:588} INFO - Filling up the DagBag from /home/airflow/.local/lib/python3.12/site-packages/airflow/example_dags/example_task_group.py
[2024-11-26T18:17:38.771+0000] {processor.py:925} INFO - DAG(s) 'example_task_group' retrieved from /home/airflow/.local/lib/python3.12/site-packages/airflow/example_dags/example_task_group.py
[2024-11-26T18:17:38.785+0000] {logging_mixin.py:190} INFO - [2024-11-26T18:17:38.785+0000] {dag.py:3239} INFO - Sync 1 DAGs
[2024-11-26T18:17:38.795+0000] {logging_mixin.py:190} INFO - [2024-11-26T18:17:38.795+0000] {dag.py:4180} INFO - Setting next_dagrun for example_task_group to None, run_after=None
[2024-11-26T18:17:38.810+0000] {processor.py:208} INFO - Processing /home/airflow/.local/lib/python3.12/site-packages/airflow/example_dags/example_task_group.py took 0.051 seconds
[2024-11-26T18:18:09.246+0000] {processor.py:186} INFO - Started process (PID=791) to work on /home/airflow/.local/lib/python3.12/site-packages/airflow/example_dags/example_task_group.py
[2024-11-26T18:18:09.247+0000] {processor.py:914} INFO - Processing file /home/airflow/.local/lib/python3.12/site-packages/airflow/example_dags/example_task_group.py for tasks to queue
[2024-11-26T18:18:09.249+0000] {logging_mixin.py:190} INFO - [2024-11-26T18:18:09.249+0000] {dagbag.py:588} INFO - Filling up the DagBag from /home/airflow/.local/lib/python3.12/site-packages/airflow/example_dags/example_task_group.py
[2024-11-26T18:18:09.255+0000] {processor.py:925} INFO - DAG(s) 'example_task_group' retrieved from /home/airflow/.local/lib/python3.12/site-packages/airflow/example_dags/example_task_group.py
[2024-11-26T18:18:09.272+0000] {logging_mixin.py:190} INFO - [2024-11-26T18:18:09.272+0000] {dag.py:3239} INFO - Sync 1 DAGs
[2024-11-26T18:18:09.283+0000] {logging_mixin.py:190} INFO - [2024-11-26T18:18:09.283+0000] {dag.py:4180} INFO - Setting next_dagrun for example_task_group to None, run_after=None
[2024-11-26T18:18:09.299+0000] {processor.py:208} INFO - Processing /home/airflow/.local/lib/python3.12/site-packages/airflow/example_dags/example_task_group.py took 0.056 seconds
[2024-11-26T18:44:11.933+0000] {processor.py:186} INFO - Started process (PID=106) to work on /home/airflow/.local/lib/python3.12/site-packages/airflow/example_dags/example_task_group.py
[2024-11-26T18:44:11.933+0000] {processor.py:914} INFO - Processing file /home/airflow/.local/lib/python3.12/site-packages/airflow/example_dags/example_task_group.py for tasks to queue
[2024-11-26T18:44:11.935+0000] {logging_mixin.py:190} INFO - [2024-11-26T18:44:11.935+0000] {dagbag.py:588} INFO - Filling up the DagBag from /home/airflow/.local/lib/python3.12/site-packages/airflow/example_dags/example_task_group.py
[2024-11-26T18:44:11.942+0000] {processor.py:925} INFO - DAG(s) 'example_task_group' retrieved from /home/airflow/.local/lib/python3.12/site-packages/airflow/example_dags/example_task_group.py
[2024-11-26T18:44:11.960+0000] {logging_mixin.py:190} INFO - [2024-11-26T18:44:11.959+0000] {dag.py:3239} INFO - Sync 1 DAGs
[2024-11-26T18:44:11.971+0000] {logging_mixin.py:190} INFO - [2024-11-26T18:44:11.971+0000] {dag.py:4180} INFO - Setting next_dagrun for example_task_group to None, run_after=None
[2024-11-26T18:44:11.985+0000] {processor.py:208} INFO - Processing /home/airflow/.local/lib/python3.12/site-packages/airflow/example_dags/example_task_group.py took 0.057 seconds
[2024-11-26T18:44:42.027+0000] {processor.py:186} INFO - Started process (PID=181) to work on /home/airflow/.local/lib/python3.12/site-packages/airflow/example_dags/example_task_group.py
[2024-11-26T18:44:42.028+0000] {processor.py:914} INFO - Processing file /home/airflow/.local/lib/python3.12/site-packages/airflow/example_dags/example_task_group.py for tasks to queue
[2024-11-26T18:44:42.029+0000] {logging_mixin.py:190} INFO - [2024-11-26T18:44:42.029+0000] {dagbag.py:588} INFO - Filling up the DagBag from /home/airflow/.local/lib/python3.12/site-packages/airflow/example_dags/example_task_group.py
[2024-11-26T18:44:42.035+0000] {processor.py:925} INFO - DAG(s) 'example_task_group' retrieved from /home/airflow/.local/lib/python3.12/site-packages/airflow/example_dags/example_task_group.py
[2024-11-26T18:44:42.052+0000] {logging_mixin.py:190} INFO - [2024-11-26T18:44:42.052+0000] {dag.py:3239} INFO - Sync 1 DAGs
[2024-11-26T18:44:42.065+0000] {logging_mixin.py:190} INFO - [2024-11-26T18:44:42.065+0000] {dag.py:4180} INFO - Setting next_dagrun for example_task_group to None, run_after=None
[2024-11-26T18:44:42.079+0000] {processor.py:208} INFO - Processing /home/airflow/.local/lib/python3.12/site-packages/airflow/example_dags/example_task_group.py took 0.056 seconds
[2024-11-26T18:45:13.146+0000] {processor.py:186} INFO - Started process (PID=255) to work on /home/airflow/.local/lib/python3.12/site-packages/airflow/example_dags/example_task_group.py
[2024-11-26T18:45:13.147+0000] {processor.py:914} INFO - Processing file /home/airflow/.local/lib/python3.12/site-packages/airflow/example_dags/example_task_group.py for tasks to queue
[2024-11-26T18:45:13.149+0000] {logging_mixin.py:190} INFO - [2024-11-26T18:45:13.149+0000] {dagbag.py:588} INFO - Filling up the DagBag from /home/airflow/.local/lib/python3.12/site-packages/airflow/example_dags/example_task_group.py
[2024-11-26T18:45:13.155+0000] {processor.py:925} INFO - DAG(s) 'example_task_group' retrieved from /home/airflow/.local/lib/python3.12/site-packages/airflow/example_dags/example_task_group.py
[2024-11-26T18:45:13.173+0000] {logging_mixin.py:190} INFO - [2024-11-26T18:45:13.173+0000] {dag.py:3239} INFO - Sync 1 DAGs
[2024-11-26T18:45:13.185+0000] {logging_mixin.py:190} INFO - [2024-11-26T18:45:13.185+0000] {dag.py:4180} INFO - Setting next_dagrun for example_task_group to None, run_after=None
[2024-11-26T18:45:13.199+0000] {processor.py:208} INFO - Processing /home/airflow/.local/lib/python3.12/site-packages/airflow/example_dags/example_task_group.py took 0.057 seconds
[2024-11-26T18:45:45.519+0000] {processor.py:186} INFO - Started process (PID=331) to work on /home/airflow/.local/lib/python3.12/site-packages/airflow/example_dags/example_task_group.py
[2024-11-26T18:45:45.520+0000] {processor.py:914} INFO - Processing file /home/airflow/.local/lib/python3.12/site-packages/airflow/example_dags/example_task_group.py for tasks to queue
[2024-11-26T18:45:45.522+0000] {logging_mixin.py:190} INFO - [2024-11-26T18:45:45.521+0000] {dagbag.py:588} INFO - Filling up the DagBag from /home/airflow/.local/lib/python3.12/site-packages/airflow/example_dags/example_task_group.py
[2024-11-26T18:45:45.528+0000] {processor.py:925} INFO - DAG(s) 'example_task_group' retrieved from /home/airflow/.local/lib/python3.12/site-packages/airflow/example_dags/example_task_group.py
[2024-11-26T18:45:45.545+0000] {logging_mixin.py:190} INFO - [2024-11-26T18:45:45.544+0000] {dag.py:3239} INFO - Sync 1 DAGs
[2024-11-26T18:45:45.557+0000] {logging_mixin.py:190} INFO - [2024-11-26T18:45:45.557+0000] {dag.py:4180} INFO - Setting next_dagrun for example_task_group to None, run_after=None
[2024-11-26T18:45:45.571+0000] {processor.py:208} INFO - Processing /home/airflow/.local/lib/python3.12/site-packages/airflow/example_dags/example_task_group.py took 0.057 seconds
[2024-11-26T18:46:16.190+0000] {processor.py:186} INFO - Started process (PID=406) to work on /home/airflow/.local/lib/python3.12/site-packages/airflow/example_dags/example_task_group.py
[2024-11-26T18:46:16.191+0000] {processor.py:914} INFO - Processing file /home/airflow/.local/lib/python3.12/site-packages/airflow/example_dags/example_task_group.py for tasks to queue
[2024-11-26T18:46:16.193+0000] {logging_mixin.py:190} INFO - [2024-11-26T18:46:16.193+0000] {dagbag.py:588} INFO - Filling up the DagBag from /home/airflow/.local/lib/python3.12/site-packages/airflow/example_dags/example_task_group.py
[2024-11-26T18:46:16.202+0000] {processor.py:925} INFO - DAG(s) 'example_task_group' retrieved from /home/airflow/.local/lib/python3.12/site-packages/airflow/example_dags/example_task_group.py
[2024-11-26T18:46:16.220+0000] {logging_mixin.py:190} INFO - [2024-11-26T18:46:16.220+0000] {dag.py:3239} INFO - Sync 1 DAGs
[2024-11-26T18:46:16.231+0000] {logging_mixin.py:190} INFO - [2024-11-26T18:46:16.230+0000] {dag.py:4180} INFO - Setting next_dagrun for example_task_group to None, run_after=None
[2024-11-26T18:46:16.248+0000] {processor.py:208} INFO - Processing /home/airflow/.local/lib/python3.12/site-packages/airflow/example_dags/example_task_group.py took 0.064 seconds
[2024-11-26T18:46:46.752+0000] {processor.py:186} INFO - Started process (PID=481) to work on /home/airflow/.local/lib/python3.12/site-packages/airflow/example_dags/example_task_group.py
[2024-11-26T18:46:46.753+0000] {processor.py:914} INFO - Processing file /home/airflow/.local/lib/python3.12/site-packages/airflow/example_dags/example_task_group.py for tasks to queue
[2024-11-26T18:46:46.754+0000] {logging_mixin.py:190} INFO - [2024-11-26T18:46:46.754+0000] {dagbag.py:588} INFO - Filling up the DagBag from /home/airflow/.local/lib/python3.12/site-packages/airflow/example_dags/example_task_group.py
[2024-11-26T18:46:46.761+0000] {processor.py:925} INFO - DAG(s) 'example_task_group' retrieved from /home/airflow/.local/lib/python3.12/site-packages/airflow/example_dags/example_task_group.py
[2024-11-26T18:46:46.778+0000] {logging_mixin.py:190} INFO - [2024-11-26T18:46:46.778+0000] {dag.py:3239} INFO - Sync 1 DAGs
[2024-11-26T18:46:46.789+0000] {logging_mixin.py:190} INFO - [2024-11-26T18:46:46.789+0000] {dag.py:4180} INFO - Setting next_dagrun for example_task_group to None, run_after=None
[2024-11-26T18:46:46.804+0000] {processor.py:208} INFO - Processing /home/airflow/.local/lib/python3.12/site-packages/airflow/example_dags/example_task_group.py took 0.056 seconds
[2024-11-26T18:47:18.339+0000] {processor.py:186} INFO - Started process (PID=556) to work on /home/airflow/.local/lib/python3.12/site-packages/airflow/example_dags/example_task_group.py
[2024-11-26T18:47:18.340+0000] {processor.py:914} INFO - Processing file /home/airflow/.local/lib/python3.12/site-packages/airflow/example_dags/example_task_group.py for tasks to queue
[2024-11-26T18:47:18.341+0000] {logging_mixin.py:190} INFO - [2024-11-26T18:47:18.341+0000] {dagbag.py:588} INFO - Filling up the DagBag from /home/airflow/.local/lib/python3.12/site-packages/airflow/example_dags/example_task_group.py
[2024-11-26T18:47:18.348+0000] {processor.py:925} INFO - DAG(s) 'example_task_group' retrieved from /home/airflow/.local/lib/python3.12/site-packages/airflow/example_dags/example_task_group.py
[2024-11-26T18:47:18.365+0000] {logging_mixin.py:190} INFO - [2024-11-26T18:47:18.365+0000] {dag.py:3239} INFO - Sync 1 DAGs
[2024-11-26T18:47:18.376+0000] {logging_mixin.py:190} INFO - [2024-11-26T18:47:18.376+0000] {dag.py:4180} INFO - Setting next_dagrun for example_task_group to None, run_after=None
[2024-11-26T18:47:18.390+0000] {processor.py:208} INFO - Processing /home/airflow/.local/lib/python3.12/site-packages/airflow/example_dags/example_task_group.py took 0.055 seconds
[2024-11-26T18:47:50.052+0000] {processor.py:186} INFO - Started process (PID=631) to work on /home/airflow/.local/lib/python3.12/site-packages/airflow/example_dags/example_task_group.py
[2024-11-26T18:47:50.053+0000] {processor.py:914} INFO - Processing file /home/airflow/.local/lib/python3.12/site-packages/airflow/example_dags/example_task_group.py for tasks to queue
[2024-11-26T18:47:50.055+0000] {logging_mixin.py:190} INFO - [2024-11-26T18:47:50.054+0000] {dagbag.py:588} INFO - Filling up the DagBag from /home/airflow/.local/lib/python3.12/site-packages/airflow/example_dags/example_task_group.py
[2024-11-26T18:47:50.062+0000] {processor.py:925} INFO - DAG(s) 'example_task_group' retrieved from /home/airflow/.local/lib/python3.12/site-packages/airflow/example_dags/example_task_group.py
[2024-11-26T18:47:50.081+0000] {logging_mixin.py:190} INFO - [2024-11-26T18:47:50.081+0000] {dag.py:3239} INFO - Sync 1 DAGs
[2024-11-26T18:47:50.105+0000] {logging_mixin.py:190} INFO - [2024-11-26T18:47:50.105+0000] {dag.py:4180} INFO - Setting next_dagrun for example_task_group to None, run_after=None
[2024-11-26T18:47:50.127+0000] {processor.py:208} INFO - Processing /home/airflow/.local/lib/python3.12/site-packages/airflow/example_dags/example_task_group.py took 0.079 seconds
[2024-11-26T18:48:20.725+0000] {processor.py:186} INFO - Started process (PID=706) to work on /home/airflow/.local/lib/python3.12/site-packages/airflow/example_dags/example_task_group.py
[2024-11-26T18:48:20.726+0000] {processor.py:914} INFO - Processing file /home/airflow/.local/lib/python3.12/site-packages/airflow/example_dags/example_task_group.py for tasks to queue
[2024-11-26T18:48:20.727+0000] {logging_mixin.py:190} INFO - [2024-11-26T18:48:20.727+0000] {dagbag.py:588} INFO - Filling up the DagBag from /home/airflow/.local/lib/python3.12/site-packages/airflow/example_dags/example_task_group.py
[2024-11-26T18:48:20.733+0000] {processor.py:925} INFO - DAG(s) 'example_task_group' retrieved from /home/airflow/.local/lib/python3.12/site-packages/airflow/example_dags/example_task_group.py
[2024-11-26T18:48:20.749+0000] {logging_mixin.py:190} INFO - [2024-11-26T18:48:20.748+0000] {dag.py:3239} INFO - Sync 1 DAGs
[2024-11-26T18:48:20.759+0000] {logging_mixin.py:190} INFO - [2024-11-26T18:48:20.758+0000] {dag.py:4180} INFO - Setting next_dagrun for example_task_group to None, run_after=None
[2024-11-26T18:48:20.773+0000] {processor.py:208} INFO - Processing /home/airflow/.local/lib/python3.12/site-packages/airflow/example_dags/example_task_group.py took 0.051 seconds
[2024-11-26T18:48:51.545+0000] {processor.py:186} INFO - Started process (PID=781) to work on /home/airflow/.local/lib/python3.12/site-packages/airflow/example_dags/example_task_group.py
[2024-11-26T18:48:51.546+0000] {processor.py:914} INFO - Processing file /home/airflow/.local/lib/python3.12/site-packages/airflow/example_dags/example_task_group.py for tasks to queue
[2024-11-26T18:48:51.548+0000] {logging_mixin.py:190} INFO - [2024-11-26T18:48:51.547+0000] {dagbag.py:588} INFO - Filling up the DagBag from /home/airflow/.local/lib/python3.12/site-packages/airflow/example_dags/example_task_group.py
[2024-11-26T18:48:51.554+0000] {processor.py:925} INFO - DAG(s) 'example_task_group' retrieved from /home/airflow/.local/lib/python3.12/site-packages/airflow/example_dags/example_task_group.py
[2024-11-26T18:48:51.570+0000] {logging_mixin.py:190} INFO - [2024-11-26T18:48:51.570+0000] {dag.py:3239} INFO - Sync 1 DAGs
[2024-11-26T18:48:51.582+0000] {logging_mixin.py:190} INFO - [2024-11-26T18:48:51.581+0000] {dag.py:4180} INFO - Setting next_dagrun for example_task_group to None, run_after=None
[2024-11-26T18:48:51.596+0000] {processor.py:208} INFO - Processing /home/airflow/.local/lib/python3.12/site-packages/airflow/example_dags/example_task_group.py took 0.055 seconds
[2024-11-26T18:49:22.634+0000] {processor.py:186} INFO - Started process (PID=856) to work on /home/airflow/.local/lib/python3.12/site-packages/airflow/example_dags/example_task_group.py
[2024-11-26T18:49:22.634+0000] {processor.py:914} INFO - Processing file /home/airflow/.local/lib/python3.12/site-packages/airflow/example_dags/example_task_group.py for tasks to queue
[2024-11-26T18:49:22.636+0000] {logging_mixin.py:190} INFO - [2024-11-26T18:49:22.636+0000] {dagbag.py:588} INFO - Filling up the DagBag from /home/airflow/.local/lib/python3.12/site-packages/airflow/example_dags/example_task_group.py
[2024-11-26T18:49:22.643+0000] {processor.py:925} INFO - DAG(s) 'example_task_group' retrieved from /home/airflow/.local/lib/python3.12/site-packages/airflow/example_dags/example_task_group.py
[2024-11-26T18:49:22.663+0000] {logging_mixin.py:190} INFO - [2024-11-26T18:49:22.662+0000] {dag.py:3239} INFO - Sync 1 DAGs
[2024-11-26T18:49:22.675+0000] {logging_mixin.py:190} INFO - [2024-11-26T18:49:22.675+0000] {dag.py:4180} INFO - Setting next_dagrun for example_task_group to None, run_after=None
[2024-11-26T18:49:22.691+0000] {processor.py:208} INFO - Processing /home/airflow/.local/lib/python3.12/site-packages/airflow/example_dags/example_task_group.py took 0.062 seconds
[2024-11-26T18:49:53.585+0000] {processor.py:186} INFO - Started process (PID=931) to work on /home/airflow/.local/lib/python3.12/site-packages/airflow/example_dags/example_task_group.py
[2024-11-26T18:49:53.586+0000] {processor.py:914} INFO - Processing file /home/airflow/.local/lib/python3.12/site-packages/airflow/example_dags/example_task_group.py for tasks to queue
[2024-11-26T18:49:53.588+0000] {logging_mixin.py:190} INFO - [2024-11-26T18:49:53.587+0000] {dagbag.py:588} INFO - Filling up the DagBag from /home/airflow/.local/lib/python3.12/site-packages/airflow/example_dags/example_task_group.py
[2024-11-26T18:49:53.594+0000] {processor.py:925} INFO - DAG(s) 'example_task_group' retrieved from /home/airflow/.local/lib/python3.12/site-packages/airflow/example_dags/example_task_group.py
[2024-11-26T18:49:53.610+0000] {logging_mixin.py:190} INFO - [2024-11-26T18:49:53.610+0000] {dag.py:3239} INFO - Sync 1 DAGs
[2024-11-26T18:49:53.621+0000] {logging_mixin.py:190} INFO - [2024-11-26T18:49:53.621+0000] {dag.py:4180} INFO - Setting next_dagrun for example_task_group to None, run_after=None
[2024-11-26T18:49:53.638+0000] {processor.py:208} INFO - Processing /home/airflow/.local/lib/python3.12/site-packages/airflow/example_dags/example_task_group.py took 0.056 seconds
[2024-11-26T18:50:24.397+0000] {processor.py:186} INFO - Started process (PID=1006) to work on /home/airflow/.local/lib/python3.12/site-packages/airflow/example_dags/example_task_group.py
[2024-11-26T18:50:24.398+0000] {processor.py:914} INFO - Processing file /home/airflow/.local/lib/python3.12/site-packages/airflow/example_dags/example_task_group.py for tasks to queue
[2024-11-26T18:50:24.400+0000] {logging_mixin.py:190} INFO - [2024-11-26T18:50:24.399+0000] {dagbag.py:588} INFO - Filling up the DagBag from /home/airflow/.local/lib/python3.12/site-packages/airflow/example_dags/example_task_group.py
[2024-11-26T18:50:24.406+0000] {processor.py:925} INFO - DAG(s) 'example_task_group' retrieved from /home/airflow/.local/lib/python3.12/site-packages/airflow/example_dags/example_task_group.py
[2024-11-26T18:50:24.423+0000] {logging_mixin.py:190} INFO - [2024-11-26T18:50:24.423+0000] {dag.py:3239} INFO - Sync 1 DAGs
[2024-11-26T18:50:24.435+0000] {logging_mixin.py:190} INFO - [2024-11-26T18:50:24.435+0000] {dag.py:4180} INFO - Setting next_dagrun for example_task_group to None, run_after=None
[2024-11-26T18:50:24.451+0000] {processor.py:208} INFO - Processing /home/airflow/.local/lib/python3.12/site-packages/airflow/example_dags/example_task_group.py took 0.058 seconds
[2024-11-26T18:50:55.330+0000] {processor.py:186} INFO - Started process (PID=1081) to work on /home/airflow/.local/lib/python3.12/site-packages/airflow/example_dags/example_task_group.py
[2024-11-26T18:50:55.331+0000] {processor.py:914} INFO - Processing file /home/airflow/.local/lib/python3.12/site-packages/airflow/example_dags/example_task_group.py for tasks to queue
[2024-11-26T18:50:55.333+0000] {logging_mixin.py:190} INFO - [2024-11-26T18:50:55.332+0000] {dagbag.py:588} INFO - Filling up the DagBag from /home/airflow/.local/lib/python3.12/site-packages/airflow/example_dags/example_task_group.py
[2024-11-26T18:50:55.339+0000] {processor.py:925} INFO - DAG(s) 'example_task_group' retrieved from /home/airflow/.local/lib/python3.12/site-packages/airflow/example_dags/example_task_group.py
[2024-11-26T18:50:55.355+0000] {logging_mixin.py:190} INFO - [2024-11-26T18:50:55.354+0000] {dag.py:3239} INFO - Sync 1 DAGs
[2024-11-26T18:50:55.367+0000] {logging_mixin.py:190} INFO - [2024-11-26T18:50:55.367+0000] {dag.py:4180} INFO - Setting next_dagrun for example_task_group to None, run_after=None
[2024-11-26T18:50:55.385+0000] {processor.py:208} INFO - Processing /home/airflow/.local/lib/python3.12/site-packages/airflow/example_dags/example_task_group.py took 0.059 seconds
[2024-11-26T18:51:26.283+0000] {processor.py:186} INFO - Started process (PID=1156) to work on /home/airflow/.local/lib/python3.12/site-packages/airflow/example_dags/example_task_group.py
[2024-11-26T18:51:26.284+0000] {processor.py:914} INFO - Processing file /home/airflow/.local/lib/python3.12/site-packages/airflow/example_dags/example_task_group.py for tasks to queue
[2024-11-26T18:51:26.285+0000] {logging_mixin.py:190} INFO - [2024-11-26T18:51:26.285+0000] {dagbag.py:588} INFO - Filling up the DagBag from /home/airflow/.local/lib/python3.12/site-packages/airflow/example_dags/example_task_group.py
[2024-11-26T18:51:26.292+0000] {processor.py:925} INFO - DAG(s) 'example_task_group' retrieved from /home/airflow/.local/lib/python3.12/site-packages/airflow/example_dags/example_task_group.py
[2024-11-26T18:51:26.308+0000] {logging_mixin.py:190} INFO - [2024-11-26T18:51:26.307+0000] {dag.py:3239} INFO - Sync 1 DAGs
[2024-11-26T18:51:26.318+0000] {logging_mixin.py:190} INFO - [2024-11-26T18:51:26.318+0000] {dag.py:4180} INFO - Setting next_dagrun for example_task_group to None, run_after=None
[2024-11-26T18:51:26.333+0000] {processor.py:208} INFO - Processing /home/airflow/.local/lib/python3.12/site-packages/airflow/example_dags/example_task_group.py took 0.054 seconds
[2024-11-26T18:51:57.671+0000] {processor.py:186} INFO - Started process (PID=1231) to work on /home/airflow/.local/lib/python3.12/site-packages/airflow/example_dags/example_task_group.py
[2024-11-26T18:51:57.672+0000] {processor.py:914} INFO - Processing file /home/airflow/.local/lib/python3.12/site-packages/airflow/example_dags/example_task_group.py for tasks to queue
[2024-11-26T18:51:57.674+0000] {logging_mixin.py:190} INFO - [2024-11-26T18:51:57.674+0000] {dagbag.py:588} INFO - Filling up the DagBag from /home/airflow/.local/lib/python3.12/site-packages/airflow/example_dags/example_task_group.py
[2024-11-26T18:51:57.681+0000] {processor.py:925} INFO - DAG(s) 'example_task_group' retrieved from /home/airflow/.local/lib/python3.12/site-packages/airflow/example_dags/example_task_group.py
[2024-11-26T18:51:57.697+0000] {logging_mixin.py:190} INFO - [2024-11-26T18:51:57.697+0000] {dag.py:3239} INFO - Sync 1 DAGs
[2024-11-26T18:51:57.708+0000] {logging_mixin.py:190} INFO - [2024-11-26T18:51:57.708+0000] {dag.py:4180} INFO - Setting next_dagrun for example_task_group to None, run_after=None
[2024-11-26T18:51:57.722+0000] {processor.py:208} INFO - Processing /home/airflow/.local/lib/python3.12/site-packages/airflow/example_dags/example_task_group.py took 0.056 seconds
[2024-11-26T18:52:28.716+0000] {processor.py:186} INFO - Started process (PID=1306) to work on /home/airflow/.local/lib/python3.12/site-packages/airflow/example_dags/example_task_group.py
[2024-11-26T18:52:28.717+0000] {processor.py:914} INFO - Processing file /home/airflow/.local/lib/python3.12/site-packages/airflow/example_dags/example_task_group.py for tasks to queue
[2024-11-26T18:52:28.718+0000] {logging_mixin.py:190} INFO - [2024-11-26T18:52:28.718+0000] {dagbag.py:588} INFO - Filling up the DagBag from /home/airflow/.local/lib/python3.12/site-packages/airflow/example_dags/example_task_group.py
[2024-11-26T18:52:28.725+0000] {processor.py:925} INFO - DAG(s) 'example_task_group' retrieved from /home/airflow/.local/lib/python3.12/site-packages/airflow/example_dags/example_task_group.py
[2024-11-26T18:52:28.741+0000] {logging_mixin.py:190} INFO - [2024-11-26T18:52:28.741+0000] {dag.py:3239} INFO - Sync 1 DAGs
[2024-11-26T18:52:28.752+0000] {logging_mixin.py:190} INFO - [2024-11-26T18:52:28.752+0000] {dag.py:4180} INFO - Setting next_dagrun for example_task_group to None, run_after=None
[2024-11-26T18:52:28.768+0000] {processor.py:208} INFO - Processing /home/airflow/.local/lib/python3.12/site-packages/airflow/example_dags/example_task_group.py took 0.056 seconds
[2024-11-26T18:53:00.288+0000] {processor.py:186} INFO - Started process (PID=1381) to work on /home/airflow/.local/lib/python3.12/site-packages/airflow/example_dags/example_task_group.py
[2024-11-26T18:53:00.289+0000] {processor.py:914} INFO - Processing file /home/airflow/.local/lib/python3.12/site-packages/airflow/example_dags/example_task_group.py for tasks to queue
[2024-11-26T18:53:00.291+0000] {logging_mixin.py:190} INFO - [2024-11-26T18:53:00.291+0000] {dagbag.py:588} INFO - Filling up the DagBag from /home/airflow/.local/lib/python3.12/site-packages/airflow/example_dags/example_task_group.py
[2024-11-26T18:53:00.298+0000] {processor.py:925} INFO - DAG(s) 'example_task_group' retrieved from /home/airflow/.local/lib/python3.12/site-packages/airflow/example_dags/example_task_group.py
[2024-11-26T18:53:00.316+0000] {logging_mixin.py:190} INFO - [2024-11-26T18:53:00.316+0000] {dag.py:3239} INFO - Sync 1 DAGs
[2024-11-26T18:53:00.327+0000] {logging_mixin.py:190} INFO - [2024-11-26T18:53:00.326+0000] {dag.py:4180} INFO - Setting next_dagrun for example_task_group to None, run_after=None
[2024-11-26T18:53:00.342+0000] {processor.py:208} INFO - Processing /home/airflow/.local/lib/python3.12/site-packages/airflow/example_dags/example_task_group.py took 0.058 seconds
[2024-11-26T18:53:31.953+0000] {processor.py:186} INFO - Started process (PID=1456) to work on /home/airflow/.local/lib/python3.12/site-packages/airflow/example_dags/example_task_group.py
[2024-11-26T18:53:31.954+0000] {processor.py:914} INFO - Processing file /home/airflow/.local/lib/python3.12/site-packages/airflow/example_dags/example_task_group.py for tasks to queue
[2024-11-26T18:53:31.955+0000] {logging_mixin.py:190} INFO - [2024-11-26T18:53:31.955+0000] {dagbag.py:588} INFO - Filling up the DagBag from /home/airflow/.local/lib/python3.12/site-packages/airflow/example_dags/example_task_group.py
[2024-11-26T18:53:31.961+0000] {processor.py:925} INFO - DAG(s) 'example_task_group' retrieved from /home/airflow/.local/lib/python3.12/site-packages/airflow/example_dags/example_task_group.py
[2024-11-26T18:53:31.978+0000] {logging_mixin.py:190} INFO - [2024-11-26T18:53:31.978+0000] {dag.py:3239} INFO - Sync 1 DAGs
[2024-11-26T18:53:31.992+0000] {logging_mixin.py:190} INFO - [2024-11-26T18:53:31.992+0000] {dag.py:4180} INFO - Setting next_dagrun for example_task_group to None, run_after=None
[2024-11-26T18:53:32.009+0000] {processor.py:208} INFO - Processing /home/airflow/.local/lib/python3.12/site-packages/airflow/example_dags/example_task_group.py took 0.061 seconds
[2024-11-26T18:54:02.627+0000] {processor.py:186} INFO - Started process (PID=1531) to work on /home/airflow/.local/lib/python3.12/site-packages/airflow/example_dags/example_task_group.py
[2024-11-26T18:54:02.628+0000] {processor.py:914} INFO - Processing file /home/airflow/.local/lib/python3.12/site-packages/airflow/example_dags/example_task_group.py for tasks to queue
[2024-11-26T18:54:02.629+0000] {logging_mixin.py:190} INFO - [2024-11-26T18:54:02.629+0000] {dagbag.py:588} INFO - Filling up the DagBag from /home/airflow/.local/lib/python3.12/site-packages/airflow/example_dags/example_task_group.py
[2024-11-26T18:54:02.636+0000] {processor.py:925} INFO - DAG(s) 'example_task_group' retrieved from /home/airflow/.local/lib/python3.12/site-packages/airflow/example_dags/example_task_group.py
[2024-11-26T18:54:02.653+0000] {logging_mixin.py:190} INFO - [2024-11-26T18:54:02.653+0000] {dag.py:3239} INFO - Sync 1 DAGs
[2024-11-26T18:54:02.664+0000] {logging_mixin.py:190} INFO - [2024-11-26T18:54:02.664+0000] {dag.py:4180} INFO - Setting next_dagrun for example_task_group to None, run_after=None
[2024-11-26T18:54:02.680+0000] {processor.py:208} INFO - Processing /home/airflow/.local/lib/python3.12/site-packages/airflow/example_dags/example_task_group.py took 0.057 seconds
[2024-11-26T18:54:34.082+0000] {processor.py:186} INFO - Started process (PID=1606) to work on /home/airflow/.local/lib/python3.12/site-packages/airflow/example_dags/example_task_group.py
[2024-11-26T18:54:34.083+0000] {processor.py:914} INFO - Processing file /home/airflow/.local/lib/python3.12/site-packages/airflow/example_dags/example_task_group.py for tasks to queue
[2024-11-26T18:54:34.085+0000] {logging_mixin.py:190} INFO - [2024-11-26T18:54:34.085+0000] {dagbag.py:588} INFO - Filling up the DagBag from /home/airflow/.local/lib/python3.12/site-packages/airflow/example_dags/example_task_group.py
[2024-11-26T18:54:34.091+0000] {processor.py:925} INFO - DAG(s) 'example_task_group' retrieved from /home/airflow/.local/lib/python3.12/site-packages/airflow/example_dags/example_task_group.py
[2024-11-26T18:54:34.108+0000] {logging_mixin.py:190} INFO - [2024-11-26T18:54:34.108+0000] {dag.py:3239} INFO - Sync 1 DAGs
[2024-11-26T18:54:34.120+0000] {logging_mixin.py:190} INFO - [2024-11-26T18:54:34.120+0000] {dag.py:4180} INFO - Setting next_dagrun for example_task_group to None, run_after=None
[2024-11-26T18:54:34.135+0000] {processor.py:208} INFO - Processing /home/airflow/.local/lib/python3.12/site-packages/airflow/example_dags/example_task_group.py took 0.057 seconds
[2024-11-26T18:55:05.216+0000] {processor.py:186} INFO - Started process (PID=1681) to work on /home/airflow/.local/lib/python3.12/site-packages/airflow/example_dags/example_task_group.py
[2024-11-26T18:55:05.216+0000] {processor.py:914} INFO - Processing file /home/airflow/.local/lib/python3.12/site-packages/airflow/example_dags/example_task_group.py for tasks to queue
[2024-11-26T18:55:05.218+0000] {logging_mixin.py:190} INFO - [2024-11-26T18:55:05.218+0000] {dagbag.py:588} INFO - Filling up the DagBag from /home/airflow/.local/lib/python3.12/site-packages/airflow/example_dags/example_task_group.py
[2024-11-26T18:55:05.225+0000] {processor.py:925} INFO - DAG(s) 'example_task_group' retrieved from /home/airflow/.local/lib/python3.12/site-packages/airflow/example_dags/example_task_group.py
[2024-11-26T18:55:05.241+0000] {logging_mixin.py:190} INFO - [2024-11-26T18:55:05.241+0000] {dag.py:3239} INFO - Sync 1 DAGs
[2024-11-26T18:55:05.252+0000] {logging_mixin.py:190} INFO - [2024-11-26T18:55:05.252+0000] {dag.py:4180} INFO - Setting next_dagrun for example_task_group to None, run_after=None
[2024-11-26T18:55:05.267+0000] {processor.py:208} INFO - Processing /home/airflow/.local/lib/python3.12/site-packages/airflow/example_dags/example_task_group.py took 0.055 seconds
[2024-11-26T18:55:36.514+0000] {processor.py:186} INFO - Started process (PID=1756) to work on /home/airflow/.local/lib/python3.12/site-packages/airflow/example_dags/example_task_group.py
[2024-11-26T18:55:36.515+0000] {processor.py:914} INFO - Processing file /home/airflow/.local/lib/python3.12/site-packages/airflow/example_dags/example_task_group.py for tasks to queue
[2024-11-26T18:55:36.517+0000] {logging_mixin.py:190} INFO - [2024-11-26T18:55:36.517+0000] {dagbag.py:588} INFO - Filling up the DagBag from /home/airflow/.local/lib/python3.12/site-packages/airflow/example_dags/example_task_group.py
[2024-11-26T18:55:36.523+0000] {processor.py:925} INFO - DAG(s) 'example_task_group' retrieved from /home/airflow/.local/lib/python3.12/site-packages/airflow/example_dags/example_task_group.py
[2024-11-26T18:55:36.539+0000] {logging_mixin.py:190} INFO - [2024-11-26T18:55:36.539+0000] {dag.py:3239} INFO - Sync 1 DAGs
[2024-11-26T18:55:36.550+0000] {logging_mixin.py:190} INFO - [2024-11-26T18:55:36.550+0000] {dag.py:4180} INFO - Setting next_dagrun for example_task_group to None, run_after=None
[2024-11-26T18:55:36.565+0000] {processor.py:208} INFO - Processing /home/airflow/.local/lib/python3.12/site-packages/airflow/example_dags/example_task_group.py took 0.054 seconds
[2024-11-26T18:56:07.971+0000] {processor.py:186} INFO - Started process (PID=1830) to work on /home/airflow/.local/lib/python3.12/site-packages/airflow/example_dags/example_task_group.py
[2024-11-26T18:56:07.972+0000] {processor.py:914} INFO - Processing file /home/airflow/.local/lib/python3.12/site-packages/airflow/example_dags/example_task_group.py for tasks to queue
[2024-11-26T18:56:07.973+0000] {logging_mixin.py:190} INFO - [2024-11-26T18:56:07.973+0000] {dagbag.py:588} INFO - Filling up the DagBag from /home/airflow/.local/lib/python3.12/site-packages/airflow/example_dags/example_task_group.py
[2024-11-26T18:56:07.980+0000] {processor.py:925} INFO - DAG(s) 'example_task_group' retrieved from /home/airflow/.local/lib/python3.12/site-packages/airflow/example_dags/example_task_group.py
[2024-11-26T18:56:07.996+0000] {logging_mixin.py:190} INFO - [2024-11-26T18:56:07.996+0000] {dag.py:3239} INFO - Sync 1 DAGs
[2024-11-26T18:56:08.006+0000] {logging_mixin.py:190} INFO - [2024-11-26T18:56:08.006+0000] {dag.py:4180} INFO - Setting next_dagrun for example_task_group to None, run_after=None
[2024-11-26T18:56:08.021+0000] {processor.py:208} INFO - Processing /home/airflow/.local/lib/python3.12/site-packages/airflow/example_dags/example_task_group.py took 0.053 seconds
[2024-11-26T18:56:39.393+0000] {processor.py:186} INFO - Started process (PID=1905) to work on /home/airflow/.local/lib/python3.12/site-packages/airflow/example_dags/example_task_group.py
[2024-11-26T18:56:39.394+0000] {processor.py:914} INFO - Processing file /home/airflow/.local/lib/python3.12/site-packages/airflow/example_dags/example_task_group.py for tasks to queue
[2024-11-26T18:56:39.395+0000] {logging_mixin.py:190} INFO - [2024-11-26T18:56:39.395+0000] {dagbag.py:588} INFO - Filling up the DagBag from /home/airflow/.local/lib/python3.12/site-packages/airflow/example_dags/example_task_group.py
[2024-11-26T18:56:39.401+0000] {processor.py:925} INFO - DAG(s) 'example_task_group' retrieved from /home/airflow/.local/lib/python3.12/site-packages/airflow/example_dags/example_task_group.py
[2024-11-26T18:56:39.417+0000] {logging_mixin.py:190} INFO - [2024-11-26T18:56:39.416+0000] {dag.py:3239} INFO - Sync 1 DAGs
[2024-11-26T18:56:39.427+0000] {logging_mixin.py:190} INFO - [2024-11-26T18:56:39.427+0000] {dag.py:4180} INFO - Setting next_dagrun for example_task_group to None, run_after=None
[2024-11-26T18:56:39.441+0000] {processor.py:208} INFO - Processing /home/airflow/.local/lib/python3.12/site-packages/airflow/example_dags/example_task_group.py took 0.053 seconds
[2024-11-26T18:57:10.221+0000] {processor.py:186} INFO - Started process (PID=1980) to work on /home/airflow/.local/lib/python3.12/site-packages/airflow/example_dags/example_task_group.py
[2024-11-26T18:57:10.222+0000] {processor.py:914} INFO - Processing file /home/airflow/.local/lib/python3.12/site-packages/airflow/example_dags/example_task_group.py for tasks to queue
[2024-11-26T18:57:10.224+0000] {logging_mixin.py:190} INFO - [2024-11-26T18:57:10.224+0000] {dagbag.py:588} INFO - Filling up the DagBag from /home/airflow/.local/lib/python3.12/site-packages/airflow/example_dags/example_task_group.py
[2024-11-26T18:57:10.231+0000] {processor.py:925} INFO - DAG(s) 'example_task_group' retrieved from /home/airflow/.local/lib/python3.12/site-packages/airflow/example_dags/example_task_group.py
[2024-11-26T18:57:10.248+0000] {logging_mixin.py:190} INFO - [2024-11-26T18:57:10.247+0000] {dag.py:3239} INFO - Sync 1 DAGs
[2024-11-26T18:57:10.259+0000] {logging_mixin.py:190} INFO - [2024-11-26T18:57:10.258+0000] {dag.py:4180} INFO - Setting next_dagrun for example_task_group to None, run_after=None
[2024-11-26T18:57:10.272+0000] {processor.py:208} INFO - Processing /home/airflow/.local/lib/python3.12/site-packages/airflow/example_dags/example_task_group.py took 0.055 seconds
[2024-11-26T18:57:41.342+0000] {processor.py:186} INFO - Started process (PID=2055) to work on /home/airflow/.local/lib/python3.12/site-packages/airflow/example_dags/example_task_group.py
[2024-11-26T18:57:41.342+0000] {processor.py:914} INFO - Processing file /home/airflow/.local/lib/python3.12/site-packages/airflow/example_dags/example_task_group.py for tasks to queue
[2024-11-26T18:57:41.344+0000] {logging_mixin.py:190} INFO - [2024-11-26T18:57:41.344+0000] {dagbag.py:588} INFO - Filling up the DagBag from /home/airflow/.local/lib/python3.12/site-packages/airflow/example_dags/example_task_group.py
[2024-11-26T18:57:41.351+0000] {processor.py:925} INFO - DAG(s) 'example_task_group' retrieved from /home/airflow/.local/lib/python3.12/site-packages/airflow/example_dags/example_task_group.py
[2024-11-26T18:57:41.368+0000] {logging_mixin.py:190} INFO - [2024-11-26T18:57:41.368+0000] {dag.py:3239} INFO - Sync 1 DAGs
[2024-11-26T18:57:41.382+0000] {logging_mixin.py:190} INFO - [2024-11-26T18:57:41.382+0000] {dag.py:4180} INFO - Setting next_dagrun for example_task_group to None, run_after=None
[2024-11-26T18:57:41.400+0000] {processor.py:208} INFO - Processing /home/airflow/.local/lib/python3.12/site-packages/airflow/example_dags/example_task_group.py took 0.064 seconds
[2024-11-26T18:58:12.724+0000] {processor.py:186} INFO - Started process (PID=2136) to work on /home/airflow/.local/lib/python3.12/site-packages/airflow/example_dags/example_task_group.py
[2024-11-26T18:58:12.725+0000] {processor.py:914} INFO - Processing file /home/airflow/.local/lib/python3.12/site-packages/airflow/example_dags/example_task_group.py for tasks to queue
[2024-11-26T18:58:12.727+0000] {logging_mixin.py:190} INFO - [2024-11-26T18:58:12.727+0000] {dagbag.py:588} INFO - Filling up the DagBag from /home/airflow/.local/lib/python3.12/site-packages/airflow/example_dags/example_task_group.py
[2024-11-26T18:58:12.734+0000] {processor.py:925} INFO - DAG(s) 'example_task_group' retrieved from /home/airflow/.local/lib/python3.12/site-packages/airflow/example_dags/example_task_group.py
[2024-11-26T18:58:12.751+0000] {logging_mixin.py:190} INFO - [2024-11-26T18:58:12.751+0000] {dag.py:3239} INFO - Sync 1 DAGs
[2024-11-26T18:58:12.765+0000] {logging_mixin.py:190} INFO - [2024-11-26T18:58:12.765+0000] {dag.py:4180} INFO - Setting next_dagrun for example_task_group to None, run_after=None
[2024-11-26T18:58:12.782+0000] {processor.py:208} INFO - Processing /home/airflow/.local/lib/python3.12/site-packages/airflow/example_dags/example_task_group.py took 0.063 seconds
[2024-11-26T18:58:43.408+0000] {processor.py:186} INFO - Started process (PID=2211) to work on /home/airflow/.local/lib/python3.12/site-packages/airflow/example_dags/example_task_group.py
[2024-11-26T18:58:43.409+0000] {processor.py:914} INFO - Processing file /home/airflow/.local/lib/python3.12/site-packages/airflow/example_dags/example_task_group.py for tasks to queue
[2024-11-26T18:58:43.411+0000] {logging_mixin.py:190} INFO - [2024-11-26T18:58:43.410+0000] {dagbag.py:588} INFO - Filling up the DagBag from /home/airflow/.local/lib/python3.12/site-packages/airflow/example_dags/example_task_group.py
[2024-11-26T18:58:43.417+0000] {processor.py:925} INFO - DAG(s) 'example_task_group' retrieved from /home/airflow/.local/lib/python3.12/site-packages/airflow/example_dags/example_task_group.py
[2024-11-26T18:58:43.435+0000] {logging_mixin.py:190} INFO - [2024-11-26T18:58:43.434+0000] {dag.py:3239} INFO - Sync 1 DAGs
[2024-11-26T18:58:43.445+0000] {logging_mixin.py:190} INFO - [2024-11-26T18:58:43.445+0000] {dag.py:4180} INFO - Setting next_dagrun for example_task_group to None, run_after=None
[2024-11-26T18:58:43.460+0000] {processor.py:208} INFO - Processing /home/airflow/.local/lib/python3.12/site-packages/airflow/example_dags/example_task_group.py took 0.056 seconds
[2024-11-26T18:59:14.113+0000] {processor.py:186} INFO - Started process (PID=2286) to work on /home/airflow/.local/lib/python3.12/site-packages/airflow/example_dags/example_task_group.py
[2024-11-26T18:59:14.114+0000] {processor.py:914} INFO - Processing file /home/airflow/.local/lib/python3.12/site-packages/airflow/example_dags/example_task_group.py for tasks to queue
[2024-11-26T18:59:14.115+0000] {logging_mixin.py:190} INFO - [2024-11-26T18:59:14.115+0000] {dagbag.py:588} INFO - Filling up the DagBag from /home/airflow/.local/lib/python3.12/site-packages/airflow/example_dags/example_task_group.py
[2024-11-26T18:59:14.121+0000] {processor.py:925} INFO - DAG(s) 'example_task_group' retrieved from /home/airflow/.local/lib/python3.12/site-packages/airflow/example_dags/example_task_group.py
[2024-11-26T18:59:14.139+0000] {logging_mixin.py:190} INFO - [2024-11-26T18:59:14.138+0000] {dag.py:3239} INFO - Sync 1 DAGs
[2024-11-26T18:59:14.150+0000] {logging_mixin.py:190} INFO - [2024-11-26T18:59:14.150+0000] {dag.py:4180} INFO - Setting next_dagrun for example_task_group to None, run_after=None
[2024-11-26T18:59:14.166+0000] {processor.py:208} INFO - Processing /home/airflow/.local/lib/python3.12/site-packages/airflow/example_dags/example_task_group.py took 0.057 seconds
[2024-11-26T18:59:44.752+0000] {processor.py:186} INFO - Started process (PID=2362) to work on /home/airflow/.local/lib/python3.12/site-packages/airflow/example_dags/example_task_group.py
[2024-11-26T18:59:44.753+0000] {processor.py:914} INFO - Processing file /home/airflow/.local/lib/python3.12/site-packages/airflow/example_dags/example_task_group.py for tasks to queue
[2024-11-26T18:59:44.754+0000] {logging_mixin.py:190} INFO - [2024-11-26T18:59:44.754+0000] {dagbag.py:588} INFO - Filling up the DagBag from /home/airflow/.local/lib/python3.12/site-packages/airflow/example_dags/example_task_group.py
[2024-11-26T18:59:44.761+0000] {processor.py:925} INFO - DAG(s) 'example_task_group' retrieved from /home/airflow/.local/lib/python3.12/site-packages/airflow/example_dags/example_task_group.py
[2024-11-26T18:59:44.777+0000] {logging_mixin.py:190} INFO - [2024-11-26T18:59:44.777+0000] {dag.py:3239} INFO - Sync 1 DAGs
[2024-11-26T18:59:44.789+0000] {logging_mixin.py:190} INFO - [2024-11-26T18:59:44.789+0000] {dag.py:4180} INFO - Setting next_dagrun for example_task_group to None, run_after=None
[2024-11-26T18:59:44.805+0000] {processor.py:208} INFO - Processing /home/airflow/.local/lib/python3.12/site-packages/airflow/example_dags/example_task_group.py took 0.057 seconds
[2024-11-26T19:00:15.246+0000] {processor.py:186} INFO - Started process (PID=2425) to work on /home/airflow/.local/lib/python3.12/site-packages/airflow/example_dags/example_task_group.py
[2024-11-26T19:00:15.247+0000] {processor.py:914} INFO - Processing file /home/airflow/.local/lib/python3.12/site-packages/airflow/example_dags/example_task_group.py for tasks to queue
[2024-11-26T19:00:15.248+0000] {logging_mixin.py:190} INFO - [2024-11-26T19:00:15.248+0000] {dagbag.py:588} INFO - Filling up the DagBag from /home/airflow/.local/lib/python3.12/site-packages/airflow/example_dags/example_task_group.py
[2024-11-26T19:00:15.254+0000] {processor.py:925} INFO - DAG(s) 'example_task_group' retrieved from /home/airflow/.local/lib/python3.12/site-packages/airflow/example_dags/example_task_group.py
[2024-11-26T19:00:15.272+0000] {logging_mixin.py:190} INFO - [2024-11-26T19:00:15.272+0000] {dag.py:3239} INFO - Sync 1 DAGs
[2024-11-26T19:00:15.284+0000] {logging_mixin.py:190} INFO - [2024-11-26T19:00:15.284+0000] {dag.py:4180} INFO - Setting next_dagrun for example_task_group to None, run_after=None
[2024-11-26T19:00:15.298+0000] {processor.py:208} INFO - Processing /home/airflow/.local/lib/python3.12/site-packages/airflow/example_dags/example_task_group.py took 0.056 seconds
[2024-11-26T19:00:45.980+0000] {processor.py:186} INFO - Started process (PID=2500) to work on /home/airflow/.local/lib/python3.12/site-packages/airflow/example_dags/example_task_group.py
[2024-11-26T19:00:45.981+0000] {processor.py:914} INFO - Processing file /home/airflow/.local/lib/python3.12/site-packages/airflow/example_dags/example_task_group.py for tasks to queue
[2024-11-26T19:00:45.983+0000] {logging_mixin.py:190} INFO - [2024-11-26T19:00:45.982+0000] {dagbag.py:588} INFO - Filling up the DagBag from /home/airflow/.local/lib/python3.12/site-packages/airflow/example_dags/example_task_group.py
[2024-11-26T19:00:45.989+0000] {processor.py:925} INFO - DAG(s) 'example_task_group' retrieved from /home/airflow/.local/lib/python3.12/site-packages/airflow/example_dags/example_task_group.py
[2024-11-26T19:00:46.008+0000] {logging_mixin.py:190} INFO - [2024-11-26T19:00:46.008+0000] {dag.py:3239} INFO - Sync 1 DAGs
[2024-11-26T19:00:46.020+0000] {logging_mixin.py:190} INFO - [2024-11-26T19:00:46.020+0000] {dag.py:4180} INFO - Setting next_dagrun for example_task_group to None, run_after=None
[2024-11-26T19:00:46.033+0000] {processor.py:208} INFO - Processing /home/airflow/.local/lib/python3.12/site-packages/airflow/example_dags/example_task_group.py took 0.059 seconds
[2024-11-26T19:01:16.670+0000] {processor.py:186} INFO - Started process (PID=2575) to work on /home/airflow/.local/lib/python3.12/site-packages/airflow/example_dags/example_task_group.py
[2024-11-26T19:01:16.671+0000] {processor.py:914} INFO - Processing file /home/airflow/.local/lib/python3.12/site-packages/airflow/example_dags/example_task_group.py for tasks to queue
[2024-11-26T19:01:16.672+0000] {logging_mixin.py:190} INFO - [2024-11-26T19:01:16.672+0000] {dagbag.py:588} INFO - Filling up the DagBag from /home/airflow/.local/lib/python3.12/site-packages/airflow/example_dags/example_task_group.py
[2024-11-26T19:01:16.678+0000] {processor.py:925} INFO - DAG(s) 'example_task_group' retrieved from /home/airflow/.local/lib/python3.12/site-packages/airflow/example_dags/example_task_group.py
[2024-11-26T19:01:16.694+0000] {logging_mixin.py:190} INFO - [2024-11-26T19:01:16.694+0000] {dag.py:3239} INFO - Sync 1 DAGs
[2024-11-26T19:01:16.706+0000] {logging_mixin.py:190} INFO - [2024-11-26T19:01:16.706+0000] {dag.py:4180} INFO - Setting next_dagrun for example_task_group to None, run_after=None
[2024-11-26T19:01:16.721+0000] {processor.py:208} INFO - Processing /home/airflow/.local/lib/python3.12/site-packages/airflow/example_dags/example_task_group.py took 0.055 seconds
