[2024-11-26T17:53:54.037+0000] {processor.py:186} INFO - Started process (PID=67) to work on /home/airflow/.local/lib/python3.12/site-packages/airflow/example_dags/example_setup_teardown.py
[2024-11-26T17:53:54.038+0000] {processor.py:914} INFO - Processing file /home/airflow/.local/lib/python3.12/site-packages/airflow/example_dags/example_setup_teardown.py for tasks to queue
[2024-11-26T17:53:54.041+0000] {logging_mixin.py:190} INFO - [2024-11-26T17:53:54.040+0000] {dagbag.py:588} INFO - Filling up the DagBag from /home/airflow/.local/lib/python3.12/site-packages/airflow/example_dags/example_setup_teardown.py
[2024-11-26T17:53:54.048+0000] {processor.py:925} INFO - DAG(s) 'example_setup_teardown' retrieved from /home/airflow/.local/lib/python3.12/site-packages/airflow/example_dags/example_setup_teardown.py
[2024-11-26T17:53:54.149+0000] {logging_mixin.py:190} INFO - [2024-11-26T17:53:54.148+0000] {override.py:1911} INFO - Created Permission View: can read on DAG:example_setup_teardown
[2024-11-26T17:53:54.159+0000] {logging_mixin.py:190} INFO - [2024-11-26T17:53:54.159+0000] {override.py:1911} INFO - Created Permission View: can delete on DAG:example_setup_teardown
[2024-11-26T17:53:54.166+0000] {logging_mixin.py:190} INFO - [2024-11-26T17:53:54.166+0000] {override.py:1911} INFO - Created Permission View: can edit on DAG:example_setup_teardown
[2024-11-26T17:53:54.176+0000] {logging_mixin.py:190} INFO - [2024-11-26T17:53:54.176+0000] {override.py:1911} INFO - Created Permission View: can create on DAG Run:example_setup_teardown
[2024-11-26T17:53:54.182+0000] {logging_mixin.py:190} INFO - [2024-11-26T17:53:54.182+0000] {override.py:1911} INFO - Created Permission View: can read on DAG Run:example_setup_teardown
[2024-11-26T17:53:54.188+0000] {logging_mixin.py:190} INFO - [2024-11-26T17:53:54.188+0000] {override.py:1911} INFO - Created Permission View: can delete on DAG Run:example_setup_teardown
[2024-11-26T17:53:54.196+0000] {logging_mixin.py:190} INFO - [2024-11-26T17:53:54.196+0000] {override.py:1911} INFO - Created Permission View: menu access on DAG Run:example_setup_teardown
[2024-11-26T17:53:54.197+0000] {logging_mixin.py:190} INFO - [2024-11-26T17:53:54.197+0000] {dag.py:3239} INFO - Sync 1 DAGs
[2024-11-26T17:53:54.208+0000] {logging_mixin.py:190} INFO - [2024-11-26T17:53:54.208+0000] {dag.py:3262} INFO - Creating ORM DAG for example_setup_teardown
[2024-11-26T17:53:54.209+0000] {logging_mixin.py:190} INFO - [2024-11-26T17:53:54.209+0000] {dag.py:4180} INFO - Setting next_dagrun for example_setup_teardown to None, run_after=None
[2024-11-26T17:53:54.225+0000] {processor.py:208} INFO - Processing /home/airflow/.local/lib/python3.12/site-packages/airflow/example_dags/example_setup_teardown.py took 0.192 seconds
[2024-11-26T17:54:24.858+0000] {processor.py:186} INFO - Started process (PID=129) to work on /home/airflow/.local/lib/python3.12/site-packages/airflow/example_dags/example_setup_teardown.py
[2024-11-26T17:54:24.859+0000] {processor.py:914} INFO - Processing file /home/airflow/.local/lib/python3.12/site-packages/airflow/example_dags/example_setup_teardown.py for tasks to queue
[2024-11-26T17:54:24.860+0000] {logging_mixin.py:190} INFO - [2024-11-26T17:54:24.860+0000] {dagbag.py:588} INFO - Filling up the DagBag from /home/airflow/.local/lib/python3.12/site-packages/airflow/example_dags/example_setup_teardown.py
[2024-11-26T17:54:24.866+0000] {processor.py:925} INFO - DAG(s) 'example_setup_teardown' retrieved from /home/airflow/.local/lib/python3.12/site-packages/airflow/example_dags/example_setup_teardown.py
[2024-11-26T17:54:24.882+0000] {logging_mixin.py:190} INFO - [2024-11-26T17:54:24.881+0000] {dag.py:3239} INFO - Sync 1 DAGs
[2024-11-26T17:54:24.892+0000] {logging_mixin.py:190} INFO - [2024-11-26T17:54:24.892+0000] {dag.py:4180} INFO - Setting next_dagrun for example_setup_teardown to None, run_after=None
[2024-11-26T17:54:24.906+0000] {processor.py:208} INFO - Processing /home/airflow/.local/lib/python3.12/site-packages/airflow/example_dags/example_setup_teardown.py took 0.052 seconds
[2024-11-26T17:54:55.026+0000] {processor.py:186} INFO - Started process (PID=192) to work on /home/airflow/.local/lib/python3.12/site-packages/airflow/example_dags/example_setup_teardown.py
[2024-11-26T17:54:55.027+0000] {processor.py:914} INFO - Processing file /home/airflow/.local/lib/python3.12/site-packages/airflow/example_dags/example_setup_teardown.py for tasks to queue
[2024-11-26T17:54:55.029+0000] {logging_mixin.py:190} INFO - [2024-11-26T17:54:55.029+0000] {dagbag.py:588} INFO - Filling up the DagBag from /home/airflow/.local/lib/python3.12/site-packages/airflow/example_dags/example_setup_teardown.py
[2024-11-26T17:54:55.037+0000] {processor.py:925} INFO - DAG(s) 'example_setup_teardown' retrieved from /home/airflow/.local/lib/python3.12/site-packages/airflow/example_dags/example_setup_teardown.py
[2024-11-26T17:54:55.055+0000] {logging_mixin.py:190} INFO - [2024-11-26T17:54:55.055+0000] {dag.py:3239} INFO - Sync 1 DAGs
[2024-11-26T17:54:55.067+0000] {logging_mixin.py:190} INFO - [2024-11-26T17:54:55.067+0000] {dag.py:4180} INFO - Setting next_dagrun for example_setup_teardown to None, run_after=None
[2024-11-26T17:54:55.084+0000] {processor.py:208} INFO - Processing /home/airflow/.local/lib/python3.12/site-packages/airflow/example_dags/example_setup_teardown.py took 0.063 seconds
[2024-11-26T17:55:25.487+0000] {processor.py:186} INFO - Started process (PID=255) to work on /home/airflow/.local/lib/python3.12/site-packages/airflow/example_dags/example_setup_teardown.py
[2024-11-26T17:55:25.488+0000] {processor.py:914} INFO - Processing file /home/airflow/.local/lib/python3.12/site-packages/airflow/example_dags/example_setup_teardown.py for tasks to queue
[2024-11-26T17:55:25.489+0000] {logging_mixin.py:190} INFO - [2024-11-26T17:55:25.489+0000] {dagbag.py:588} INFO - Filling up the DagBag from /home/airflow/.local/lib/python3.12/site-packages/airflow/example_dags/example_setup_teardown.py
[2024-11-26T17:55:25.496+0000] {processor.py:925} INFO - DAG(s) 'example_setup_teardown' retrieved from /home/airflow/.local/lib/python3.12/site-packages/airflow/example_dags/example_setup_teardown.py
[2024-11-26T17:55:25.516+0000] {logging_mixin.py:190} INFO - [2024-11-26T17:55:25.515+0000] {dag.py:3239} INFO - Sync 1 DAGs
[2024-11-26T17:55:25.528+0000] {logging_mixin.py:190} INFO - [2024-11-26T17:55:25.528+0000] {dag.py:4180} INFO - Setting next_dagrun for example_setup_teardown to None, run_after=None
[2024-11-26T17:55:25.545+0000] {processor.py:208} INFO - Processing /home/airflow/.local/lib/python3.12/site-packages/airflow/example_dags/example_setup_teardown.py took 0.062 seconds
[2024-11-26T17:55:56.029+0000] {processor.py:186} INFO - Started process (PID=318) to work on /home/airflow/.local/lib/python3.12/site-packages/airflow/example_dags/example_setup_teardown.py
[2024-11-26T17:55:56.029+0000] {processor.py:914} INFO - Processing file /home/airflow/.local/lib/python3.12/site-packages/airflow/example_dags/example_setup_teardown.py for tasks to queue
[2024-11-26T17:55:56.031+0000] {logging_mixin.py:190} INFO - [2024-11-26T17:55:56.031+0000] {dagbag.py:588} INFO - Filling up the DagBag from /home/airflow/.local/lib/python3.12/site-packages/airflow/example_dags/example_setup_teardown.py
[2024-11-26T17:55:56.037+0000] {processor.py:925} INFO - DAG(s) 'example_setup_teardown' retrieved from /home/airflow/.local/lib/python3.12/site-packages/airflow/example_dags/example_setup_teardown.py
[2024-11-26T17:55:56.052+0000] {logging_mixin.py:190} INFO - [2024-11-26T17:55:56.052+0000] {dag.py:3239} INFO - Sync 1 DAGs
[2024-11-26T17:55:56.062+0000] {logging_mixin.py:190} INFO - [2024-11-26T17:55:56.062+0000] {dag.py:4180} INFO - Setting next_dagrun for example_setup_teardown to None, run_after=None
[2024-11-26T17:55:56.076+0000] {processor.py:208} INFO - Processing /home/airflow/.local/lib/python3.12/site-packages/airflow/example_dags/example_setup_teardown.py took 0.051 seconds
[2024-11-26T17:56:26.838+0000] {processor.py:186} INFO - Started process (PID=387) to work on /home/airflow/.local/lib/python3.12/site-packages/airflow/example_dags/example_setup_teardown.py
[2024-11-26T17:56:26.838+0000] {processor.py:914} INFO - Processing file /home/airflow/.local/lib/python3.12/site-packages/airflow/example_dags/example_setup_teardown.py for tasks to queue
[2024-11-26T17:56:26.840+0000] {logging_mixin.py:190} INFO - [2024-11-26T17:56:26.840+0000] {dagbag.py:588} INFO - Filling up the DagBag from /home/airflow/.local/lib/python3.12/site-packages/airflow/example_dags/example_setup_teardown.py
[2024-11-26T17:56:26.846+0000] {processor.py:925} INFO - DAG(s) 'example_setup_teardown' retrieved from /home/airflow/.local/lib/python3.12/site-packages/airflow/example_dags/example_setup_teardown.py
[2024-11-26T17:56:26.862+0000] {logging_mixin.py:190} INFO - [2024-11-26T17:56:26.862+0000] {dag.py:3239} INFO - Sync 1 DAGs
[2024-11-26T17:56:26.874+0000] {logging_mixin.py:190} INFO - [2024-11-26T17:56:26.874+0000] {dag.py:4180} INFO - Setting next_dagrun for example_setup_teardown to None, run_after=None
[2024-11-26T17:56:26.888+0000] {processor.py:208} INFO - Processing /home/airflow/.local/lib/python3.12/site-packages/airflow/example_dags/example_setup_teardown.py took 0.054 seconds
[2024-11-26T17:56:57.778+0000] {processor.py:186} INFO - Started process (PID=450) to work on /home/airflow/.local/lib/python3.12/site-packages/airflow/example_dags/example_setup_teardown.py
[2024-11-26T17:56:57.832+0000] {processor.py:914} INFO - Processing file /home/airflow/.local/lib/python3.12/site-packages/airflow/example_dags/example_setup_teardown.py for tasks to queue
[2024-11-26T17:56:57.834+0000] {logging_mixin.py:190} INFO - [2024-11-26T17:56:57.833+0000] {dagbag.py:588} INFO - Filling up the DagBag from /home/airflow/.local/lib/python3.12/site-packages/airflow/example_dags/example_setup_teardown.py
[2024-11-26T17:56:57.840+0000] {processor.py:925} INFO - DAG(s) 'example_setup_teardown' retrieved from /home/airflow/.local/lib/python3.12/site-packages/airflow/example_dags/example_setup_teardown.py
[2024-11-26T17:56:57.855+0000] {logging_mixin.py:190} INFO - [2024-11-26T17:56:57.855+0000] {dag.py:3239} INFO - Sync 1 DAGs
[2024-11-26T17:56:57.866+0000] {logging_mixin.py:190} INFO - [2024-11-26T17:56:57.866+0000] {dag.py:4180} INFO - Setting next_dagrun for example_setup_teardown to None, run_after=None
[2024-11-26T17:56:57.881+0000] {processor.py:208} INFO - Processing /home/airflow/.local/lib/python3.12/site-packages/airflow/example_dags/example_setup_teardown.py took 0.107 seconds
[2024-11-26T17:57:28.616+0000] {processor.py:186} INFO - Started process (PID=513) to work on /home/airflow/.local/lib/python3.12/site-packages/airflow/example_dags/example_setup_teardown.py
[2024-11-26T17:57:28.635+0000] {processor.py:914} INFO - Processing file /home/airflow/.local/lib/python3.12/site-packages/airflow/example_dags/example_setup_teardown.py for tasks to queue
[2024-11-26T17:57:28.638+0000] {logging_mixin.py:190} INFO - [2024-11-26T17:57:28.637+0000] {dagbag.py:588} INFO - Filling up the DagBag from /home/airflow/.local/lib/python3.12/site-packages/airflow/example_dags/example_setup_teardown.py
[2024-11-26T17:57:28.646+0000] {processor.py:925} INFO - DAG(s) 'example_setup_teardown' retrieved from /home/airflow/.local/lib/python3.12/site-packages/airflow/example_dags/example_setup_teardown.py
[2024-11-26T17:57:28.665+0000] {logging_mixin.py:190} INFO - [2024-11-26T17:57:28.665+0000] {dag.py:3239} INFO - Sync 1 DAGs
[2024-11-26T17:57:28.676+0000] {logging_mixin.py:190} INFO - [2024-11-26T17:57:28.675+0000] {dag.py:4180} INFO - Setting next_dagrun for example_setup_teardown to None, run_after=None
[2024-11-26T17:57:28.691+0000] {processor.py:208} INFO - Processing /home/airflow/.local/lib/python3.12/site-packages/airflow/example_dags/example_setup_teardown.py took 0.081 seconds
[2024-11-26T17:57:59.593+0000] {processor.py:186} INFO - Started process (PID=576) to work on /home/airflow/.local/lib/python3.12/site-packages/airflow/example_dags/example_setup_teardown.py
[2024-11-26T17:57:59.594+0000] {processor.py:914} INFO - Processing file /home/airflow/.local/lib/python3.12/site-packages/airflow/example_dags/example_setup_teardown.py for tasks to queue
[2024-11-26T17:57:59.596+0000] {logging_mixin.py:190} INFO - [2024-11-26T17:57:59.596+0000] {dagbag.py:588} INFO - Filling up the DagBag from /home/airflow/.local/lib/python3.12/site-packages/airflow/example_dags/example_setup_teardown.py
[2024-11-26T17:57:59.602+0000] {processor.py:925} INFO - DAG(s) 'example_setup_teardown' retrieved from /home/airflow/.local/lib/python3.12/site-packages/airflow/example_dags/example_setup_teardown.py
[2024-11-26T17:57:59.617+0000] {logging_mixin.py:190} INFO - [2024-11-26T17:57:59.617+0000] {dag.py:3239} INFO - Sync 1 DAGs
[2024-11-26T17:57:59.628+0000] {logging_mixin.py:190} INFO - [2024-11-26T17:57:59.627+0000] {dag.py:4180} INFO - Setting next_dagrun for example_setup_teardown to None, run_after=None
[2024-11-26T17:57:59.641+0000] {processor.py:208} INFO - Processing /home/airflow/.local/lib/python3.12/site-packages/airflow/example_dags/example_setup_teardown.py took 0.052 seconds
[2024-11-26T17:58:29.801+0000] {processor.py:186} INFO - Started process (PID=639) to work on /home/airflow/.local/lib/python3.12/site-packages/airflow/example_dags/example_setup_teardown.py
[2024-11-26T17:58:29.802+0000] {processor.py:914} INFO - Processing file /home/airflow/.local/lib/python3.12/site-packages/airflow/example_dags/example_setup_teardown.py for tasks to queue
[2024-11-26T17:58:29.804+0000] {logging_mixin.py:190} INFO - [2024-11-26T17:58:29.803+0000] {dagbag.py:588} INFO - Filling up the DagBag from /home/airflow/.local/lib/python3.12/site-packages/airflow/example_dags/example_setup_teardown.py
[2024-11-26T17:58:29.810+0000] {processor.py:925} INFO - DAG(s) 'example_setup_teardown' retrieved from /home/airflow/.local/lib/python3.12/site-packages/airflow/example_dags/example_setup_teardown.py
[2024-11-26T17:58:29.826+0000] {logging_mixin.py:190} INFO - [2024-11-26T17:58:29.825+0000] {dag.py:3239} INFO - Sync 1 DAGs
[2024-11-26T17:58:29.836+0000] {logging_mixin.py:190} INFO - [2024-11-26T17:58:29.836+0000] {dag.py:4180} INFO - Setting next_dagrun for example_setup_teardown to None, run_after=None
[2024-11-26T17:58:29.851+0000] {processor.py:208} INFO - Processing /home/airflow/.local/lib/python3.12/site-packages/airflow/example_dags/example_setup_teardown.py took 0.054 seconds
[2024-11-26T17:59:00.596+0000] {processor.py:186} INFO - Started process (PID=702) to work on /home/airflow/.local/lib/python3.12/site-packages/airflow/example_dags/example_setup_teardown.py
[2024-11-26T17:59:00.597+0000] {processor.py:914} INFO - Processing file /home/airflow/.local/lib/python3.12/site-packages/airflow/example_dags/example_setup_teardown.py for tasks to queue
[2024-11-26T17:59:00.599+0000] {logging_mixin.py:190} INFO - [2024-11-26T17:59:00.599+0000] {dagbag.py:588} INFO - Filling up the DagBag from /home/airflow/.local/lib/python3.12/site-packages/airflow/example_dags/example_setup_teardown.py
[2024-11-26T17:59:00.605+0000] {processor.py:925} INFO - DAG(s) 'example_setup_teardown' retrieved from /home/airflow/.local/lib/python3.12/site-packages/airflow/example_dags/example_setup_teardown.py
[2024-11-26T17:59:00.621+0000] {logging_mixin.py:190} INFO - [2024-11-26T17:59:00.621+0000] {dag.py:3239} INFO - Sync 1 DAGs
[2024-11-26T17:59:00.631+0000] {logging_mixin.py:190} INFO - [2024-11-26T17:59:00.631+0000] {dag.py:4180} INFO - Setting next_dagrun for example_setup_teardown to None, run_after=None
[2024-11-26T17:59:00.644+0000] {processor.py:208} INFO - Processing /home/airflow/.local/lib/python3.12/site-packages/airflow/example_dags/example_setup_teardown.py took 0.052 seconds
[2024-11-26T18:06:04.836+0000] {processor.py:186} INFO - Started process (PID=62) to work on /home/airflow/.local/lib/python3.12/site-packages/airflow/example_dags/example_setup_teardown.py
[2024-11-26T18:06:04.837+0000] {processor.py:914} INFO - Processing file /home/airflow/.local/lib/python3.12/site-packages/airflow/example_dags/example_setup_teardown.py for tasks to queue
[2024-11-26T18:06:04.839+0000] {logging_mixin.py:190} INFO - [2024-11-26T18:06:04.838+0000] {dagbag.py:588} INFO - Filling up the DagBag from /home/airflow/.local/lib/python3.12/site-packages/airflow/example_dags/example_setup_teardown.py
[2024-11-26T18:06:04.846+0000] {processor.py:925} INFO - DAG(s) 'example_setup_teardown' retrieved from /home/airflow/.local/lib/python3.12/site-packages/airflow/example_dags/example_setup_teardown.py
[2024-11-26T18:06:04.867+0000] {logging_mixin.py:190} INFO - [2024-11-26T18:06:04.867+0000] {dag.py:3239} INFO - Sync 1 DAGs
[2024-11-26T18:06:04.882+0000] {logging_mixin.py:190} INFO - [2024-11-26T18:06:04.881+0000] {dag.py:4180} INFO - Setting next_dagrun for example_setup_teardown to None, run_after=None
[2024-11-26T18:06:04.898+0000] {processor.py:208} INFO - Processing /home/airflow/.local/lib/python3.12/site-packages/airflow/example_dags/example_setup_teardown.py took 0.067 seconds
[2024-11-26T18:06:34.943+0000] {processor.py:186} INFO - Started process (PID=125) to work on /home/airflow/.local/lib/python3.12/site-packages/airflow/example_dags/example_setup_teardown.py
[2024-11-26T18:06:34.944+0000] {processor.py:914} INFO - Processing file /home/airflow/.local/lib/python3.12/site-packages/airflow/example_dags/example_setup_teardown.py for tasks to queue
[2024-11-26T18:06:34.945+0000] {logging_mixin.py:190} INFO - [2024-11-26T18:06:34.945+0000] {dagbag.py:588} INFO - Filling up the DagBag from /home/airflow/.local/lib/python3.12/site-packages/airflow/example_dags/example_setup_teardown.py
[2024-11-26T18:06:34.951+0000] {processor.py:925} INFO - DAG(s) 'example_setup_teardown' retrieved from /home/airflow/.local/lib/python3.12/site-packages/airflow/example_dags/example_setup_teardown.py
[2024-11-26T18:06:34.965+0000] {logging_mixin.py:190} INFO - [2024-11-26T18:06:34.965+0000] {dag.py:3239} INFO - Sync 1 DAGs
[2024-11-26T18:06:34.975+0000] {logging_mixin.py:190} INFO - [2024-11-26T18:06:34.975+0000] {dag.py:4180} INFO - Setting next_dagrun for example_setup_teardown to None, run_after=None
[2024-11-26T18:06:34.988+0000] {processor.py:208} INFO - Processing /home/airflow/.local/lib/python3.12/site-packages/airflow/example_dags/example_setup_teardown.py took 0.049 seconds
[2024-11-26T18:07:05.040+0000] {processor.py:186} INFO - Started process (PID=189) to work on /home/airflow/.local/lib/python3.12/site-packages/airflow/example_dags/example_setup_teardown.py
[2024-11-26T18:07:05.041+0000] {processor.py:914} INFO - Processing file /home/airflow/.local/lib/python3.12/site-packages/airflow/example_dags/example_setup_teardown.py for tasks to queue
[2024-11-26T18:07:05.043+0000] {logging_mixin.py:190} INFO - [2024-11-26T18:07:05.043+0000] {dagbag.py:588} INFO - Filling up the DagBag from /home/airflow/.local/lib/python3.12/site-packages/airflow/example_dags/example_setup_teardown.py
[2024-11-26T18:07:05.049+0000] {processor.py:925} INFO - DAG(s) 'example_setup_teardown' retrieved from /home/airflow/.local/lib/python3.12/site-packages/airflow/example_dags/example_setup_teardown.py
[2024-11-26T18:07:05.065+0000] {logging_mixin.py:190} INFO - [2024-11-26T18:07:05.065+0000] {dag.py:3239} INFO - Sync 1 DAGs
[2024-11-26T18:07:05.075+0000] {logging_mixin.py:190} INFO - [2024-11-26T18:07:05.075+0000] {dag.py:4180} INFO - Setting next_dagrun for example_setup_teardown to None, run_after=None
[2024-11-26T18:07:05.088+0000] {processor.py:208} INFO - Processing /home/airflow/.local/lib/python3.12/site-packages/airflow/example_dags/example_setup_teardown.py took 0.052 seconds
[2024-11-26T18:07:35.998+0000] {processor.py:186} INFO - Started process (PID=259) to work on /home/airflow/.local/lib/python3.12/site-packages/airflow/example_dags/example_setup_teardown.py
[2024-11-26T18:07:35.999+0000] {processor.py:914} INFO - Processing file /home/airflow/.local/lib/python3.12/site-packages/airflow/example_dags/example_setup_teardown.py for tasks to queue
[2024-11-26T18:07:36.000+0000] {logging_mixin.py:190} INFO - [2024-11-26T18:07:36.000+0000] {dagbag.py:588} INFO - Filling up the DagBag from /home/airflow/.local/lib/python3.12/site-packages/airflow/example_dags/example_setup_teardown.py
[2024-11-26T18:07:36.007+0000] {processor.py:925} INFO - DAG(s) 'example_setup_teardown' retrieved from /home/airflow/.local/lib/python3.12/site-packages/airflow/example_dags/example_setup_teardown.py
[2024-11-26T18:07:36.021+0000] {logging_mixin.py:190} INFO - [2024-11-26T18:07:36.021+0000] {dag.py:3239} INFO - Sync 1 DAGs
[2024-11-26T18:07:36.033+0000] {logging_mixin.py:190} INFO - [2024-11-26T18:07:36.032+0000] {dag.py:4180} INFO - Setting next_dagrun for example_setup_teardown to None, run_after=None
[2024-11-26T18:07:36.046+0000] {processor.py:208} INFO - Processing /home/airflow/.local/lib/python3.12/site-packages/airflow/example_dags/example_setup_teardown.py took 0.053 seconds
[2024-11-26T18:08:06.611+0000] {processor.py:186} INFO - Started process (PID=323) to work on /home/airflow/.local/lib/python3.12/site-packages/airflow/example_dags/example_setup_teardown.py
[2024-11-26T18:08:06.611+0000] {processor.py:914} INFO - Processing file /home/airflow/.local/lib/python3.12/site-packages/airflow/example_dags/example_setup_teardown.py for tasks to queue
[2024-11-26T18:08:06.613+0000] {logging_mixin.py:190} INFO - [2024-11-26T18:08:06.613+0000] {dagbag.py:588} INFO - Filling up the DagBag from /home/airflow/.local/lib/python3.12/site-packages/airflow/example_dags/example_setup_teardown.py
[2024-11-26T18:08:06.619+0000] {processor.py:925} INFO - DAG(s) 'example_setup_teardown' retrieved from /home/airflow/.local/lib/python3.12/site-packages/airflow/example_dags/example_setup_teardown.py
[2024-11-26T18:08:06.634+0000] {logging_mixin.py:190} INFO - [2024-11-26T18:08:06.634+0000] {dag.py:3239} INFO - Sync 1 DAGs
[2024-11-26T18:08:06.645+0000] {logging_mixin.py:190} INFO - [2024-11-26T18:08:06.645+0000] {dag.py:4180} INFO - Setting next_dagrun for example_setup_teardown to None, run_after=None
[2024-11-26T18:08:06.659+0000] {processor.py:208} INFO - Processing /home/airflow/.local/lib/python3.12/site-packages/airflow/example_dags/example_setup_teardown.py took 0.052 seconds
[2024-11-26T18:08:37.334+0000] {processor.py:186} INFO - Started process (PID=387) to work on /home/airflow/.local/lib/python3.12/site-packages/airflow/example_dags/example_setup_teardown.py
[2024-11-26T18:08:37.335+0000] {processor.py:914} INFO - Processing file /home/airflow/.local/lib/python3.12/site-packages/airflow/example_dags/example_setup_teardown.py for tasks to queue
[2024-11-26T18:08:37.337+0000] {logging_mixin.py:190} INFO - [2024-11-26T18:08:37.336+0000] {dagbag.py:588} INFO - Filling up the DagBag from /home/airflow/.local/lib/python3.12/site-packages/airflow/example_dags/example_setup_teardown.py
[2024-11-26T18:08:37.342+0000] {processor.py:925} INFO - DAG(s) 'example_setup_teardown' retrieved from /home/airflow/.local/lib/python3.12/site-packages/airflow/example_dags/example_setup_teardown.py
[2024-11-26T18:08:37.358+0000] {logging_mixin.py:190} INFO - [2024-11-26T18:08:37.358+0000] {dag.py:3239} INFO - Sync 1 DAGs
[2024-11-26T18:08:37.368+0000] {logging_mixin.py:190} INFO - [2024-11-26T18:08:37.368+0000] {dag.py:4180} INFO - Setting next_dagrun for example_setup_teardown to None, run_after=None
[2024-11-26T18:08:37.380+0000] {processor.py:208} INFO - Processing /home/airflow/.local/lib/python3.12/site-packages/airflow/example_dags/example_setup_teardown.py took 0.050 seconds
[2024-11-26T18:09:08.138+0000] {processor.py:186} INFO - Started process (PID=452) to work on /home/airflow/.local/lib/python3.12/site-packages/airflow/example_dags/example_setup_teardown.py
[2024-11-26T18:09:08.139+0000] {processor.py:914} INFO - Processing file /home/airflow/.local/lib/python3.12/site-packages/airflow/example_dags/example_setup_teardown.py for tasks to queue
[2024-11-26T18:09:08.140+0000] {logging_mixin.py:190} INFO - [2024-11-26T18:09:08.140+0000] {dagbag.py:588} INFO - Filling up the DagBag from /home/airflow/.local/lib/python3.12/site-packages/airflow/example_dags/example_setup_teardown.py
[2024-11-26T18:09:08.147+0000] {processor.py:925} INFO - DAG(s) 'example_setup_teardown' retrieved from /home/airflow/.local/lib/python3.12/site-packages/airflow/example_dags/example_setup_teardown.py
[2024-11-26T18:09:08.162+0000] {logging_mixin.py:190} INFO - [2024-11-26T18:09:08.162+0000] {dag.py:3239} INFO - Sync 1 DAGs
[2024-11-26T18:09:08.173+0000] {logging_mixin.py:190} INFO - [2024-11-26T18:09:08.173+0000] {dag.py:4180} INFO - Setting next_dagrun for example_setup_teardown to None, run_after=None
[2024-11-26T18:09:08.186+0000] {processor.py:208} INFO - Processing /home/airflow/.local/lib/python3.12/site-packages/airflow/example_dags/example_setup_teardown.py took 0.053 seconds
[2024-11-26T18:09:39.209+0000] {processor.py:186} INFO - Started process (PID=516) to work on /home/airflow/.local/lib/python3.12/site-packages/airflow/example_dags/example_setup_teardown.py
[2024-11-26T18:09:39.210+0000] {processor.py:914} INFO - Processing file /home/airflow/.local/lib/python3.12/site-packages/airflow/example_dags/example_setup_teardown.py for tasks to queue
[2024-11-26T18:09:39.212+0000] {logging_mixin.py:190} INFO - [2024-11-26T18:09:39.212+0000] {dagbag.py:588} INFO - Filling up the DagBag from /home/airflow/.local/lib/python3.12/site-packages/airflow/example_dags/example_setup_teardown.py
[2024-11-26T18:09:39.218+0000] {processor.py:925} INFO - DAG(s) 'example_setup_teardown' retrieved from /home/airflow/.local/lib/python3.12/site-packages/airflow/example_dags/example_setup_teardown.py
[2024-11-26T18:09:39.233+0000] {logging_mixin.py:190} INFO - [2024-11-26T18:09:39.233+0000] {dag.py:3239} INFO - Sync 1 DAGs
[2024-11-26T18:09:39.244+0000] {logging_mixin.py:190} INFO - [2024-11-26T18:09:39.244+0000] {dag.py:4180} INFO - Setting next_dagrun for example_setup_teardown to None, run_after=None
[2024-11-26T18:09:39.257+0000] {processor.py:208} INFO - Processing /home/airflow/.local/lib/python3.12/site-packages/airflow/example_dags/example_setup_teardown.py took 0.052 seconds
[2024-11-26T18:10:10.063+0000] {processor.py:186} INFO - Started process (PID=579) to work on /home/airflow/.local/lib/python3.12/site-packages/airflow/example_dags/example_setup_teardown.py
[2024-11-26T18:10:10.064+0000] {processor.py:914} INFO - Processing file /home/airflow/.local/lib/python3.12/site-packages/airflow/example_dags/example_setup_teardown.py for tasks to queue
[2024-11-26T18:10:10.065+0000] {logging_mixin.py:190} INFO - [2024-11-26T18:10:10.065+0000] {dagbag.py:588} INFO - Filling up the DagBag from /home/airflow/.local/lib/python3.12/site-packages/airflow/example_dags/example_setup_teardown.py
[2024-11-26T18:10:10.073+0000] {processor.py:925} INFO - DAG(s) 'example_setup_teardown' retrieved from /home/airflow/.local/lib/python3.12/site-packages/airflow/example_dags/example_setup_teardown.py
[2024-11-26T18:10:10.091+0000] {logging_mixin.py:190} INFO - [2024-11-26T18:10:10.091+0000] {dag.py:3239} INFO - Sync 1 DAGs
[2024-11-26T18:10:10.103+0000] {logging_mixin.py:190} INFO - [2024-11-26T18:10:10.103+0000] {dag.py:4180} INFO - Setting next_dagrun for example_setup_teardown to None, run_after=None
[2024-11-26T18:10:10.120+0000] {processor.py:208} INFO - Processing /home/airflow/.local/lib/python3.12/site-packages/airflow/example_dags/example_setup_teardown.py took 0.062 seconds
[2024-11-26T18:10:40.224+0000] {processor.py:186} INFO - Started process (PID=642) to work on /home/airflow/.local/lib/python3.12/site-packages/airflow/example_dags/example_setup_teardown.py
[2024-11-26T18:10:40.224+0000] {processor.py:914} INFO - Processing file /home/airflow/.local/lib/python3.12/site-packages/airflow/example_dags/example_setup_teardown.py for tasks to queue
[2024-11-26T18:10:40.225+0000] {logging_mixin.py:190} INFO - [2024-11-26T18:10:40.225+0000] {dagbag.py:588} INFO - Filling up the DagBag from /home/airflow/.local/lib/python3.12/site-packages/airflow/example_dags/example_setup_teardown.py
[2024-11-26T18:10:40.231+0000] {processor.py:925} INFO - DAG(s) 'example_setup_teardown' retrieved from /home/airflow/.local/lib/python3.12/site-packages/airflow/example_dags/example_setup_teardown.py
[2024-11-26T18:10:40.247+0000] {logging_mixin.py:190} INFO - [2024-11-26T18:10:40.247+0000] {dag.py:3239} INFO - Sync 1 DAGs
[2024-11-26T18:10:40.258+0000] {logging_mixin.py:190} INFO - [2024-11-26T18:10:40.258+0000] {dag.py:4180} INFO - Setting next_dagrun for example_setup_teardown to None, run_after=None
[2024-11-26T18:10:40.272+0000] {processor.py:208} INFO - Processing /home/airflow/.local/lib/python3.12/site-packages/airflow/example_dags/example_setup_teardown.py took 0.052 seconds
[2024-11-26T18:11:10.323+0000] {processor.py:186} INFO - Started process (PID=706) to work on /home/airflow/.local/lib/python3.12/site-packages/airflow/example_dags/example_setup_teardown.py
[2024-11-26T18:11:10.324+0000] {processor.py:914} INFO - Processing file /home/airflow/.local/lib/python3.12/site-packages/airflow/example_dags/example_setup_teardown.py for tasks to queue
[2024-11-26T18:11:10.325+0000] {logging_mixin.py:190} INFO - [2024-11-26T18:11:10.325+0000] {dagbag.py:588} INFO - Filling up the DagBag from /home/airflow/.local/lib/python3.12/site-packages/airflow/example_dags/example_setup_teardown.py
[2024-11-26T18:11:10.331+0000] {processor.py:925} INFO - DAG(s) 'example_setup_teardown' retrieved from /home/airflow/.local/lib/python3.12/site-packages/airflow/example_dags/example_setup_teardown.py
[2024-11-26T18:11:10.346+0000] {logging_mixin.py:190} INFO - [2024-11-26T18:11:10.346+0000] {dag.py:3239} INFO - Sync 1 DAGs
[2024-11-26T18:11:10.357+0000] {logging_mixin.py:190} INFO - [2024-11-26T18:11:10.357+0000] {dag.py:4180} INFO - Setting next_dagrun for example_setup_teardown to None, run_after=None
[2024-11-26T18:11:10.371+0000] {processor.py:208} INFO - Processing /home/airflow/.local/lib/python3.12/site-packages/airflow/example_dags/example_setup_teardown.py took 0.051 seconds
[2024-11-26T18:12:29.922+0000] {processor.py:186} INFO - Started process (PID=56) to work on /home/airflow/.local/lib/python3.12/site-packages/airflow/example_dags/example_setup_teardown.py
[2024-11-26T18:12:29.923+0000] {processor.py:914} INFO - Processing file /home/airflow/.local/lib/python3.12/site-packages/airflow/example_dags/example_setup_teardown.py for tasks to queue
[2024-11-26T18:12:29.925+0000] {logging_mixin.py:190} INFO - [2024-11-26T18:12:29.925+0000] {dagbag.py:588} INFO - Filling up the DagBag from /home/airflow/.local/lib/python3.12/site-packages/airflow/example_dags/example_setup_teardown.py
[2024-11-26T18:12:29.934+0000] {processor.py:925} INFO - DAG(s) 'example_setup_teardown' retrieved from /home/airflow/.local/lib/python3.12/site-packages/airflow/example_dags/example_setup_teardown.py
[2024-11-26T18:12:29.955+0000] {logging_mixin.py:190} INFO - [2024-11-26T18:12:29.955+0000] {dag.py:3239} INFO - Sync 1 DAGs
[2024-11-26T18:12:29.967+0000] {logging_mixin.py:190} INFO - [2024-11-26T18:12:29.967+0000] {dag.py:4180} INFO - Setting next_dagrun for example_setup_teardown to None, run_after=None
[2024-11-26T18:12:29.982+0000] {processor.py:208} INFO - Processing /home/airflow/.local/lib/python3.12/site-packages/airflow/example_dags/example_setup_teardown.py took 0.066 seconds
[2024-11-26T18:13:00.558+0000] {processor.py:186} INFO - Started process (PID=119) to work on /home/airflow/.local/lib/python3.12/site-packages/airflow/example_dags/example_setup_teardown.py
[2024-11-26T18:13:00.559+0000] {processor.py:914} INFO - Processing file /home/airflow/.local/lib/python3.12/site-packages/airflow/example_dags/example_setup_teardown.py for tasks to queue
[2024-11-26T18:13:00.562+0000] {logging_mixin.py:190} INFO - [2024-11-26T18:13:00.561+0000] {dagbag.py:588} INFO - Filling up the DagBag from /home/airflow/.local/lib/python3.12/site-packages/airflow/example_dags/example_setup_teardown.py
[2024-11-26T18:13:00.570+0000] {processor.py:925} INFO - DAG(s) 'example_setup_teardown' retrieved from /home/airflow/.local/lib/python3.12/site-packages/airflow/example_dags/example_setup_teardown.py
[2024-11-26T18:13:00.589+0000] {logging_mixin.py:190} INFO - [2024-11-26T18:13:00.588+0000] {dag.py:3239} INFO - Sync 1 DAGs
[2024-11-26T18:13:00.603+0000] {logging_mixin.py:190} INFO - [2024-11-26T18:13:00.602+0000] {dag.py:4180} INFO - Setting next_dagrun for example_setup_teardown to None, run_after=None
[2024-11-26T18:13:00.622+0000] {processor.py:208} INFO - Processing /home/airflow/.local/lib/python3.12/site-packages/airflow/example_dags/example_setup_teardown.py took 0.069 seconds
[2024-11-26T18:13:31.248+0000] {processor.py:186} INFO - Started process (PID=183) to work on /home/airflow/.local/lib/python3.12/site-packages/airflow/example_dags/example_setup_teardown.py
[2024-11-26T18:13:31.249+0000] {processor.py:914} INFO - Processing file /home/airflow/.local/lib/python3.12/site-packages/airflow/example_dags/example_setup_teardown.py for tasks to queue
[2024-11-26T18:13:31.251+0000] {logging_mixin.py:190} INFO - [2024-11-26T18:13:31.250+0000] {dagbag.py:588} INFO - Filling up the DagBag from /home/airflow/.local/lib/python3.12/site-packages/airflow/example_dags/example_setup_teardown.py
[2024-11-26T18:13:31.257+0000] {processor.py:925} INFO - DAG(s) 'example_setup_teardown' retrieved from /home/airflow/.local/lib/python3.12/site-packages/airflow/example_dags/example_setup_teardown.py
[2024-11-26T18:13:31.274+0000] {logging_mixin.py:190} INFO - [2024-11-26T18:13:31.273+0000] {dag.py:3239} INFO - Sync 1 DAGs
[2024-11-26T18:13:31.284+0000] {logging_mixin.py:190} INFO - [2024-11-26T18:13:31.284+0000] {dag.py:4180} INFO - Setting next_dagrun for example_setup_teardown to None, run_after=None
[2024-11-26T18:13:31.299+0000] {processor.py:208} INFO - Processing /home/airflow/.local/lib/python3.12/site-packages/airflow/example_dags/example_setup_teardown.py took 0.054 seconds
[2024-11-26T18:14:01.400+0000] {processor.py:186} INFO - Started process (PID=247) to work on /home/airflow/.local/lib/python3.12/site-packages/airflow/example_dags/example_setup_teardown.py
[2024-11-26T18:14:01.401+0000] {processor.py:914} INFO - Processing file /home/airflow/.local/lib/python3.12/site-packages/airflow/example_dags/example_setup_teardown.py for tasks to queue
[2024-11-26T18:14:01.403+0000] {logging_mixin.py:190} INFO - [2024-11-26T18:14:01.402+0000] {dagbag.py:588} INFO - Filling up the DagBag from /home/airflow/.local/lib/python3.12/site-packages/airflow/example_dags/example_setup_teardown.py
[2024-11-26T18:14:01.408+0000] {processor.py:925} INFO - DAG(s) 'example_setup_teardown' retrieved from /home/airflow/.local/lib/python3.12/site-packages/airflow/example_dags/example_setup_teardown.py
[2024-11-26T18:14:01.425+0000] {logging_mixin.py:190} INFO - [2024-11-26T18:14:01.425+0000] {dag.py:3239} INFO - Sync 1 DAGs
[2024-11-26T18:14:01.436+0000] {logging_mixin.py:190} INFO - [2024-11-26T18:14:01.435+0000] {dag.py:4180} INFO - Setting next_dagrun for example_setup_teardown to None, run_after=None
[2024-11-26T18:14:01.451+0000] {processor.py:208} INFO - Processing /home/airflow/.local/lib/python3.12/site-packages/airflow/example_dags/example_setup_teardown.py took 0.055 seconds
[2024-11-26T18:14:31.531+0000] {processor.py:186} INFO - Started process (PID=311) to work on /home/airflow/.local/lib/python3.12/site-packages/airflow/example_dags/example_setup_teardown.py
[2024-11-26T18:14:31.531+0000] {processor.py:914} INFO - Processing file /home/airflow/.local/lib/python3.12/site-packages/airflow/example_dags/example_setup_teardown.py for tasks to queue
[2024-11-26T18:14:31.533+0000] {logging_mixin.py:190} INFO - [2024-11-26T18:14:31.533+0000] {dagbag.py:588} INFO - Filling up the DagBag from /home/airflow/.local/lib/python3.12/site-packages/airflow/example_dags/example_setup_teardown.py
[2024-11-26T18:14:31.539+0000] {processor.py:925} INFO - DAG(s) 'example_setup_teardown' retrieved from /home/airflow/.local/lib/python3.12/site-packages/airflow/example_dags/example_setup_teardown.py
[2024-11-26T18:14:31.554+0000] {logging_mixin.py:190} INFO - [2024-11-26T18:14:31.554+0000] {dag.py:3239} INFO - Sync 1 DAGs
[2024-11-26T18:14:31.564+0000] {logging_mixin.py:190} INFO - [2024-11-26T18:14:31.564+0000] {dag.py:4180} INFO - Setting next_dagrun for example_setup_teardown to None, run_after=None
[2024-11-26T18:14:31.579+0000] {processor.py:208} INFO - Processing /home/airflow/.local/lib/python3.12/site-packages/airflow/example_dags/example_setup_teardown.py took 0.052 seconds
[2024-11-26T18:15:02.408+0000] {processor.py:186} INFO - Started process (PID=381) to work on /home/airflow/.local/lib/python3.12/site-packages/airflow/example_dags/example_setup_teardown.py
[2024-11-26T18:15:02.409+0000] {processor.py:914} INFO - Processing file /home/airflow/.local/lib/python3.12/site-packages/airflow/example_dags/example_setup_teardown.py for tasks to queue
[2024-11-26T18:15:02.411+0000] {logging_mixin.py:190} INFO - [2024-11-26T18:15:02.411+0000] {dagbag.py:588} INFO - Filling up the DagBag from /home/airflow/.local/lib/python3.12/site-packages/airflow/example_dags/example_setup_teardown.py
[2024-11-26T18:15:02.417+0000] {processor.py:925} INFO - DAG(s) 'example_setup_teardown' retrieved from /home/airflow/.local/lib/python3.12/site-packages/airflow/example_dags/example_setup_teardown.py
[2024-11-26T18:15:02.433+0000] {logging_mixin.py:190} INFO - [2024-11-26T18:15:02.433+0000] {dag.py:3239} INFO - Sync 1 DAGs
[2024-11-26T18:15:02.444+0000] {logging_mixin.py:190} INFO - [2024-11-26T18:15:02.444+0000] {dag.py:4180} INFO - Setting next_dagrun for example_setup_teardown to None, run_after=None
[2024-11-26T18:15:02.460+0000] {processor.py:208} INFO - Processing /home/airflow/.local/lib/python3.12/site-packages/airflow/example_dags/example_setup_teardown.py took 0.055 seconds
[2024-11-26T18:15:33.161+0000] {processor.py:186} INFO - Started process (PID=445) to work on /home/airflow/.local/lib/python3.12/site-packages/airflow/example_dags/example_setup_teardown.py
[2024-11-26T18:15:33.162+0000] {processor.py:914} INFO - Processing file /home/airflow/.local/lib/python3.12/site-packages/airflow/example_dags/example_setup_teardown.py for tasks to queue
[2024-11-26T18:15:33.163+0000] {logging_mixin.py:190} INFO - [2024-11-26T18:15:33.163+0000] {dagbag.py:588} INFO - Filling up the DagBag from /home/airflow/.local/lib/python3.12/site-packages/airflow/example_dags/example_setup_teardown.py
[2024-11-26T18:15:33.169+0000] {processor.py:925} INFO - DAG(s) 'example_setup_teardown' retrieved from /home/airflow/.local/lib/python3.12/site-packages/airflow/example_dags/example_setup_teardown.py
[2024-11-26T18:15:33.184+0000] {logging_mixin.py:190} INFO - [2024-11-26T18:15:33.184+0000] {dag.py:3239} INFO - Sync 1 DAGs
[2024-11-26T18:15:33.195+0000] {logging_mixin.py:190} INFO - [2024-11-26T18:15:33.195+0000] {dag.py:4180} INFO - Setting next_dagrun for example_setup_teardown to None, run_after=None
[2024-11-26T18:15:33.209+0000] {processor.py:208} INFO - Processing /home/airflow/.local/lib/python3.12/site-packages/airflow/example_dags/example_setup_teardown.py took 0.052 seconds
[2024-11-26T18:16:04.041+0000] {processor.py:186} INFO - Started process (PID=509) to work on /home/airflow/.local/lib/python3.12/site-packages/airflow/example_dags/example_setup_teardown.py
[2024-11-26T18:16:04.042+0000] {processor.py:914} INFO - Processing file /home/airflow/.local/lib/python3.12/site-packages/airflow/example_dags/example_setup_teardown.py for tasks to queue
[2024-11-26T18:16:04.043+0000] {logging_mixin.py:190} INFO - [2024-11-26T18:16:04.043+0000] {dagbag.py:588} INFO - Filling up the DagBag from /home/airflow/.local/lib/python3.12/site-packages/airflow/example_dags/example_setup_teardown.py
[2024-11-26T18:16:04.049+0000] {processor.py:925} INFO - DAG(s) 'example_setup_teardown' retrieved from /home/airflow/.local/lib/python3.12/site-packages/airflow/example_dags/example_setup_teardown.py
[2024-11-26T18:16:04.065+0000] {logging_mixin.py:190} INFO - [2024-11-26T18:16:04.065+0000] {dag.py:3239} INFO - Sync 1 DAGs
[2024-11-26T18:16:04.076+0000] {logging_mixin.py:190} INFO - [2024-11-26T18:16:04.076+0000] {dag.py:4180} INFO - Setting next_dagrun for example_setup_teardown to None, run_after=None
[2024-11-26T18:16:04.091+0000] {processor.py:208} INFO - Processing /home/airflow/.local/lib/python3.12/site-packages/airflow/example_dags/example_setup_teardown.py took 0.054 seconds
[2024-11-26T18:16:34.636+0000] {processor.py:186} INFO - Started process (PID=573) to work on /home/airflow/.local/lib/python3.12/site-packages/airflow/example_dags/example_setup_teardown.py
[2024-11-26T18:16:34.637+0000] {processor.py:914} INFO - Processing file /home/airflow/.local/lib/python3.12/site-packages/airflow/example_dags/example_setup_teardown.py for tasks to queue
[2024-11-26T18:16:34.639+0000] {logging_mixin.py:190} INFO - [2024-11-26T18:16:34.638+0000] {dagbag.py:588} INFO - Filling up the DagBag from /home/airflow/.local/lib/python3.12/site-packages/airflow/example_dags/example_setup_teardown.py
[2024-11-26T18:16:34.645+0000] {processor.py:925} INFO - DAG(s) 'example_setup_teardown' retrieved from /home/airflow/.local/lib/python3.12/site-packages/airflow/example_dags/example_setup_teardown.py
[2024-11-26T18:16:34.660+0000] {logging_mixin.py:190} INFO - [2024-11-26T18:16:34.659+0000] {dag.py:3239} INFO - Sync 1 DAGs
[2024-11-26T18:16:34.670+0000] {logging_mixin.py:190} INFO - [2024-11-26T18:16:34.670+0000] {dag.py:4180} INFO - Setting next_dagrun for example_setup_teardown to None, run_after=None
[2024-11-26T18:16:34.687+0000] {processor.py:208} INFO - Processing /home/airflow/.local/lib/python3.12/site-packages/airflow/example_dags/example_setup_teardown.py took 0.055 seconds
[2024-11-26T18:17:05.427+0000] {processor.py:186} INFO - Started process (PID=637) to work on /home/airflow/.local/lib/python3.12/site-packages/airflow/example_dags/example_setup_teardown.py
[2024-11-26T18:17:05.427+0000] {processor.py:914} INFO - Processing file /home/airflow/.local/lib/python3.12/site-packages/airflow/example_dags/example_setup_teardown.py for tasks to queue
[2024-11-26T18:17:05.429+0000] {logging_mixin.py:190} INFO - [2024-11-26T18:17:05.429+0000] {dagbag.py:588} INFO - Filling up the DagBag from /home/airflow/.local/lib/python3.12/site-packages/airflow/example_dags/example_setup_teardown.py
[2024-11-26T18:17:05.436+0000] {processor.py:925} INFO - DAG(s) 'example_setup_teardown' retrieved from /home/airflow/.local/lib/python3.12/site-packages/airflow/example_dags/example_setup_teardown.py
[2024-11-26T18:17:05.454+0000] {logging_mixin.py:190} INFO - [2024-11-26T18:17:05.454+0000] {dag.py:3239} INFO - Sync 1 DAGs
[2024-11-26T18:17:05.465+0000] {logging_mixin.py:190} INFO - [2024-11-26T18:17:05.465+0000] {dag.py:4180} INFO - Setting next_dagrun for example_setup_teardown to None, run_after=None
[2024-11-26T18:17:05.481+0000] {processor.py:208} INFO - Processing /home/airflow/.local/lib/python3.12/site-packages/airflow/example_dags/example_setup_teardown.py took 0.059 seconds
[2024-11-26T18:17:36.170+0000] {processor.py:186} INFO - Started process (PID=701) to work on /home/airflow/.local/lib/python3.12/site-packages/airflow/example_dags/example_setup_teardown.py
[2024-11-26T18:17:36.171+0000] {processor.py:914} INFO - Processing file /home/airflow/.local/lib/python3.12/site-packages/airflow/example_dags/example_setup_teardown.py for tasks to queue
[2024-11-26T18:17:36.173+0000] {logging_mixin.py:190} INFO - [2024-11-26T18:17:36.172+0000] {dagbag.py:588} INFO - Filling up the DagBag from /home/airflow/.local/lib/python3.12/site-packages/airflow/example_dags/example_setup_teardown.py
[2024-11-26T18:17:36.179+0000] {processor.py:925} INFO - DAG(s) 'example_setup_teardown' retrieved from /home/airflow/.local/lib/python3.12/site-packages/airflow/example_dags/example_setup_teardown.py
[2024-11-26T18:17:36.194+0000] {logging_mixin.py:190} INFO - [2024-11-26T18:17:36.194+0000] {dag.py:3239} INFO - Sync 1 DAGs
[2024-11-26T18:17:36.205+0000] {logging_mixin.py:190} INFO - [2024-11-26T18:17:36.205+0000] {dag.py:4180} INFO - Setting next_dagrun for example_setup_teardown to None, run_after=None
[2024-11-26T18:17:36.219+0000] {processor.py:208} INFO - Processing /home/airflow/.local/lib/python3.12/site-packages/airflow/example_dags/example_setup_teardown.py took 0.052 seconds
[2024-11-26T18:18:07.140+0000] {processor.py:186} INFO - Started process (PID=765) to work on /home/airflow/.local/lib/python3.12/site-packages/airflow/example_dags/example_setup_teardown.py
[2024-11-26T18:18:07.140+0000] {processor.py:914} INFO - Processing file /home/airflow/.local/lib/python3.12/site-packages/airflow/example_dags/example_setup_teardown.py for tasks to queue
[2024-11-26T18:18:07.142+0000] {logging_mixin.py:190} INFO - [2024-11-26T18:18:07.142+0000] {dagbag.py:588} INFO - Filling up the DagBag from /home/airflow/.local/lib/python3.12/site-packages/airflow/example_dags/example_setup_teardown.py
[2024-11-26T18:18:07.148+0000] {processor.py:925} INFO - DAG(s) 'example_setup_teardown' retrieved from /home/airflow/.local/lib/python3.12/site-packages/airflow/example_dags/example_setup_teardown.py
[2024-11-26T18:18:07.163+0000] {logging_mixin.py:190} INFO - [2024-11-26T18:18:07.163+0000] {dag.py:3239} INFO - Sync 1 DAGs
[2024-11-26T18:18:07.174+0000] {logging_mixin.py:190} INFO - [2024-11-26T18:18:07.174+0000] {dag.py:4180} INFO - Setting next_dagrun for example_setup_teardown to None, run_after=None
[2024-11-26T18:18:07.189+0000] {processor.py:208} INFO - Processing /home/airflow/.local/lib/python3.12/site-packages/airflow/example_dags/example_setup_teardown.py took 0.053 seconds
[2024-11-26T18:44:09.494+0000] {processor.py:186} INFO - Started process (PID=73) to work on /home/airflow/.local/lib/python3.12/site-packages/airflow/example_dags/example_setup_teardown.py
[2024-11-26T18:44:09.494+0000] {processor.py:914} INFO - Processing file /home/airflow/.local/lib/python3.12/site-packages/airflow/example_dags/example_setup_teardown.py for tasks to queue
[2024-11-26T18:44:09.496+0000] {logging_mixin.py:190} INFO - [2024-11-26T18:44:09.496+0000] {dagbag.py:588} INFO - Filling up the DagBag from /home/airflow/.local/lib/python3.12/site-packages/airflow/example_dags/example_setup_teardown.py
[2024-11-26T18:44:09.504+0000] {processor.py:925} INFO - DAG(s) 'example_setup_teardown' retrieved from /home/airflow/.local/lib/python3.12/site-packages/airflow/example_dags/example_setup_teardown.py
[2024-11-26T18:44:09.527+0000] {logging_mixin.py:190} INFO - [2024-11-26T18:44:09.526+0000] {dag.py:3239} INFO - Sync 1 DAGs
[2024-11-26T18:44:09.540+0000] {logging_mixin.py:190} INFO - [2024-11-26T18:44:09.540+0000] {dag.py:4180} INFO - Setting next_dagrun for example_setup_teardown to None, run_after=None
[2024-11-26T18:44:09.554+0000] {processor.py:208} INFO - Processing /home/airflow/.local/lib/python3.12/site-packages/airflow/example_dags/example_setup_teardown.py took 0.064 seconds
[2024-11-26T18:44:39.856+0000] {processor.py:186} INFO - Started process (PID=136) to work on /home/airflow/.local/lib/python3.12/site-packages/airflow/example_dags/example_setup_teardown.py
[2024-11-26T18:44:39.856+0000] {processor.py:914} INFO - Processing file /home/airflow/.local/lib/python3.12/site-packages/airflow/example_dags/example_setup_teardown.py for tasks to queue
[2024-11-26T18:44:39.858+0000] {logging_mixin.py:190} INFO - [2024-11-26T18:44:39.858+0000] {dagbag.py:588} INFO - Filling up the DagBag from /home/airflow/.local/lib/python3.12/site-packages/airflow/example_dags/example_setup_teardown.py
[2024-11-26T18:44:39.865+0000] {processor.py:925} INFO - DAG(s) 'example_setup_teardown' retrieved from /home/airflow/.local/lib/python3.12/site-packages/airflow/example_dags/example_setup_teardown.py
[2024-11-26T18:44:39.909+0000] {logging_mixin.py:190} INFO - [2024-11-26T18:44:39.909+0000] {dag.py:3239} INFO - Sync 1 DAGs
[2024-11-26T18:44:39.924+0000] {logging_mixin.py:190} INFO - [2024-11-26T18:44:39.924+0000] {dag.py:4180} INFO - Setting next_dagrun for example_setup_teardown to None, run_after=None
[2024-11-26T18:44:39.942+0000] {processor.py:208} INFO - Processing /home/airflow/.local/lib/python3.12/site-packages/airflow/example_dags/example_setup_teardown.py took 0.091 seconds
[2024-11-26T18:45:10.085+0000] {processor.py:186} INFO - Started process (PID=210) to work on /home/airflow/.local/lib/python3.12/site-packages/airflow/example_dags/example_setup_teardown.py
[2024-11-26T18:45:10.086+0000] {processor.py:914} INFO - Processing file /home/airflow/.local/lib/python3.12/site-packages/airflow/example_dags/example_setup_teardown.py for tasks to queue
[2024-11-26T18:45:10.088+0000] {logging_mixin.py:190} INFO - [2024-11-26T18:45:10.087+0000] {dagbag.py:588} INFO - Filling up the DagBag from /home/airflow/.local/lib/python3.12/site-packages/airflow/example_dags/example_setup_teardown.py
[2024-11-26T18:45:10.094+0000] {processor.py:925} INFO - DAG(s) 'example_setup_teardown' retrieved from /home/airflow/.local/lib/python3.12/site-packages/airflow/example_dags/example_setup_teardown.py
[2024-11-26T18:45:10.110+0000] {logging_mixin.py:190} INFO - [2024-11-26T18:45:10.110+0000] {dag.py:3239} INFO - Sync 1 DAGs
[2024-11-26T18:45:10.121+0000] {logging_mixin.py:190} INFO - [2024-11-26T18:45:10.121+0000] {dag.py:4180} INFO - Setting next_dagrun for example_setup_teardown to None, run_after=None
[2024-11-26T18:45:10.135+0000] {processor.py:208} INFO - Processing /home/airflow/.local/lib/python3.12/site-packages/airflow/example_dags/example_setup_teardown.py took 0.054 seconds
[2024-11-26T18:45:40.651+0000] {processor.py:186} INFO - Started process (PID=285) to work on /home/airflow/.local/lib/python3.12/site-packages/airflow/example_dags/example_setup_teardown.py
[2024-11-26T18:45:40.652+0000] {processor.py:914} INFO - Processing file /home/airflow/.local/lib/python3.12/site-packages/airflow/example_dags/example_setup_teardown.py for tasks to queue
[2024-11-26T18:45:40.654+0000] {logging_mixin.py:190} INFO - [2024-11-26T18:45:40.654+0000] {dagbag.py:588} INFO - Filling up the DagBag from /home/airflow/.local/lib/python3.12/site-packages/airflow/example_dags/example_setup_teardown.py
[2024-11-26T18:45:40.660+0000] {processor.py:925} INFO - DAG(s) 'example_setup_teardown' retrieved from /home/airflow/.local/lib/python3.12/site-packages/airflow/example_dags/example_setup_teardown.py
[2024-11-26T18:45:40.676+0000] {logging_mixin.py:190} INFO - [2024-11-26T18:45:40.675+0000] {dag.py:3239} INFO - Sync 1 DAGs
[2024-11-26T18:45:40.686+0000] {logging_mixin.py:190} INFO - [2024-11-26T18:45:40.686+0000] {dag.py:4180} INFO - Setting next_dagrun for example_setup_teardown to None, run_after=None
[2024-11-26T18:45:40.700+0000] {processor.py:208} INFO - Processing /home/airflow/.local/lib/python3.12/site-packages/airflow/example_dags/example_setup_teardown.py took 0.053 seconds
[2024-11-26T18:46:11.423+0000] {processor.py:186} INFO - Started process (PID=366) to work on /home/airflow/.local/lib/python3.12/site-packages/airflow/example_dags/example_setup_teardown.py
[2024-11-26T18:46:11.424+0000] {processor.py:914} INFO - Processing file /home/airflow/.local/lib/python3.12/site-packages/airflow/example_dags/example_setup_teardown.py for tasks to queue
[2024-11-26T18:46:11.425+0000] {logging_mixin.py:190} INFO - [2024-11-26T18:46:11.425+0000] {dagbag.py:588} INFO - Filling up the DagBag from /home/airflow/.local/lib/python3.12/site-packages/airflow/example_dags/example_setup_teardown.py
[2024-11-26T18:46:11.431+0000] {processor.py:925} INFO - DAG(s) 'example_setup_teardown' retrieved from /home/airflow/.local/lib/python3.12/site-packages/airflow/example_dags/example_setup_teardown.py
[2024-11-26T18:46:11.446+0000] {logging_mixin.py:190} INFO - [2024-11-26T18:46:11.446+0000] {dag.py:3239} INFO - Sync 1 DAGs
[2024-11-26T18:46:11.457+0000] {logging_mixin.py:190} INFO - [2024-11-26T18:46:11.457+0000] {dag.py:4180} INFO - Setting next_dagrun for example_setup_teardown to None, run_after=None
[2024-11-26T18:46:11.471+0000] {processor.py:208} INFO - Processing /home/airflow/.local/lib/python3.12/site-packages/airflow/example_dags/example_setup_teardown.py took 0.051 seconds
[2024-11-26T18:46:42.032+0000] {processor.py:186} INFO - Started process (PID=441) to work on /home/airflow/.local/lib/python3.12/site-packages/airflow/example_dags/example_setup_teardown.py
[2024-11-26T18:46:42.032+0000] {processor.py:914} INFO - Processing file /home/airflow/.local/lib/python3.12/site-packages/airflow/example_dags/example_setup_teardown.py for tasks to queue
[2024-11-26T18:46:42.034+0000] {logging_mixin.py:190} INFO - [2024-11-26T18:46:42.034+0000] {dagbag.py:588} INFO - Filling up the DagBag from /home/airflow/.local/lib/python3.12/site-packages/airflow/example_dags/example_setup_teardown.py
[2024-11-26T18:46:42.040+0000] {processor.py:925} INFO - DAG(s) 'example_setup_teardown' retrieved from /home/airflow/.local/lib/python3.12/site-packages/airflow/example_dags/example_setup_teardown.py
[2024-11-26T18:46:42.056+0000] {logging_mixin.py:190} INFO - [2024-11-26T18:46:42.055+0000] {dag.py:3239} INFO - Sync 1 DAGs
[2024-11-26T18:46:42.067+0000] {logging_mixin.py:190} INFO - [2024-11-26T18:46:42.067+0000] {dag.py:4180} INFO - Setting next_dagrun for example_setup_teardown to None, run_after=None
[2024-11-26T18:46:42.083+0000] {processor.py:208} INFO - Processing /home/airflow/.local/lib/python3.12/site-packages/airflow/example_dags/example_setup_teardown.py took 0.056 seconds
[2024-11-26T18:47:12.749+0000] {processor.py:186} INFO - Started process (PID=516) to work on /home/airflow/.local/lib/python3.12/site-packages/airflow/example_dags/example_setup_teardown.py
[2024-11-26T18:47:12.750+0000] {processor.py:914} INFO - Processing file /home/airflow/.local/lib/python3.12/site-packages/airflow/example_dags/example_setup_teardown.py for tasks to queue
[2024-11-26T18:47:12.751+0000] {logging_mixin.py:190} INFO - [2024-11-26T18:47:12.751+0000] {dagbag.py:588} INFO - Filling up the DagBag from /home/airflow/.local/lib/python3.12/site-packages/airflow/example_dags/example_setup_teardown.py
[2024-11-26T18:47:12.758+0000] {processor.py:925} INFO - DAG(s) 'example_setup_teardown' retrieved from /home/airflow/.local/lib/python3.12/site-packages/airflow/example_dags/example_setup_teardown.py
[2024-11-26T18:47:12.777+0000] {logging_mixin.py:190} INFO - [2024-11-26T18:47:12.777+0000] {dag.py:3239} INFO - Sync 1 DAGs
[2024-11-26T18:47:12.788+0000] {logging_mixin.py:190} INFO - [2024-11-26T18:47:12.788+0000] {dag.py:4180} INFO - Setting next_dagrun for example_setup_teardown to None, run_after=None
[2024-11-26T18:47:12.803+0000] {processor.py:208} INFO - Processing /home/airflow/.local/lib/python3.12/site-packages/airflow/example_dags/example_setup_teardown.py took 0.060 seconds
[2024-11-26T18:47:43.365+0000] {processor.py:186} INFO - Started process (PID=591) to work on /home/airflow/.local/lib/python3.12/site-packages/airflow/example_dags/example_setup_teardown.py
[2024-11-26T18:47:43.366+0000] {processor.py:914} INFO - Processing file /home/airflow/.local/lib/python3.12/site-packages/airflow/example_dags/example_setup_teardown.py for tasks to queue
[2024-11-26T18:47:43.368+0000] {logging_mixin.py:190} INFO - [2024-11-26T18:47:43.367+0000] {dagbag.py:588} INFO - Filling up the DagBag from /home/airflow/.local/lib/python3.12/site-packages/airflow/example_dags/example_setup_teardown.py
[2024-11-26T18:47:43.376+0000] {processor.py:925} INFO - DAG(s) 'example_setup_teardown' retrieved from /home/airflow/.local/lib/python3.12/site-packages/airflow/example_dags/example_setup_teardown.py
[2024-11-26T18:47:43.397+0000] {logging_mixin.py:190} INFO - [2024-11-26T18:47:43.397+0000] {dag.py:3239} INFO - Sync 1 DAGs
[2024-11-26T18:47:43.409+0000] {logging_mixin.py:190} INFO - [2024-11-26T18:47:43.408+0000] {dag.py:4180} INFO - Setting next_dagrun for example_setup_teardown to None, run_after=None
[2024-11-26T18:47:43.424+0000] {processor.py:208} INFO - Processing /home/airflow/.local/lib/python3.12/site-packages/airflow/example_dags/example_setup_teardown.py took 0.065 seconds
[2024-11-26T18:48:14.220+0000] {processor.py:186} INFO - Started process (PID=666) to work on /home/airflow/.local/lib/python3.12/site-packages/airflow/example_dags/example_setup_teardown.py
[2024-11-26T18:48:14.221+0000] {processor.py:914} INFO - Processing file /home/airflow/.local/lib/python3.12/site-packages/airflow/example_dags/example_setup_teardown.py for tasks to queue
[2024-11-26T18:48:14.223+0000] {logging_mixin.py:190} INFO - [2024-11-26T18:48:14.223+0000] {dagbag.py:588} INFO - Filling up the DagBag from /home/airflow/.local/lib/python3.12/site-packages/airflow/example_dags/example_setup_teardown.py
[2024-11-26T18:48:14.230+0000] {processor.py:925} INFO - DAG(s) 'example_setup_teardown' retrieved from /home/airflow/.local/lib/python3.12/site-packages/airflow/example_dags/example_setup_teardown.py
[2024-11-26T18:48:14.248+0000] {logging_mixin.py:190} INFO - [2024-11-26T18:48:14.248+0000] {dag.py:3239} INFO - Sync 1 DAGs
[2024-11-26T18:48:14.261+0000] {logging_mixin.py:190} INFO - [2024-11-26T18:48:14.261+0000] {dag.py:4180} INFO - Setting next_dagrun for example_setup_teardown to None, run_after=None
[2024-11-26T18:48:14.277+0000] {processor.py:208} INFO - Processing /home/airflow/.local/lib/python3.12/site-packages/airflow/example_dags/example_setup_teardown.py took 0.062 seconds
[2024-11-26T18:48:44.966+0000] {processor.py:186} INFO - Started process (PID=741) to work on /home/airflow/.local/lib/python3.12/site-packages/airflow/example_dags/example_setup_teardown.py
[2024-11-26T18:48:44.966+0000] {processor.py:914} INFO - Processing file /home/airflow/.local/lib/python3.12/site-packages/airflow/example_dags/example_setup_teardown.py for tasks to queue
[2024-11-26T18:48:44.968+0000] {logging_mixin.py:190} INFO - [2024-11-26T18:48:44.968+0000] {dagbag.py:588} INFO - Filling up the DagBag from /home/airflow/.local/lib/python3.12/site-packages/airflow/example_dags/example_setup_teardown.py
[2024-11-26T18:48:44.973+0000] {processor.py:925} INFO - DAG(s) 'example_setup_teardown' retrieved from /home/airflow/.local/lib/python3.12/site-packages/airflow/example_dags/example_setup_teardown.py
[2024-11-26T18:48:44.989+0000] {logging_mixin.py:190} INFO - [2024-11-26T18:48:44.989+0000] {dag.py:3239} INFO - Sync 1 DAGs
[2024-11-26T18:48:45.000+0000] {logging_mixin.py:190} INFO - [2024-11-26T18:48:45.000+0000] {dag.py:4180} INFO - Setting next_dagrun for example_setup_teardown to None, run_after=None
[2024-11-26T18:48:45.015+0000] {processor.py:208} INFO - Processing /home/airflow/.local/lib/python3.12/site-packages/airflow/example_dags/example_setup_teardown.py took 0.054 seconds
[2024-11-26T18:49:15.060+0000] {processor.py:186} INFO - Started process (PID=816) to work on /home/airflow/.local/lib/python3.12/site-packages/airflow/example_dags/example_setup_teardown.py
[2024-11-26T18:49:15.061+0000] {processor.py:914} INFO - Processing file /home/airflow/.local/lib/python3.12/site-packages/airflow/example_dags/example_setup_teardown.py for tasks to queue
[2024-11-26T18:49:15.063+0000] {logging_mixin.py:190} INFO - [2024-11-26T18:49:15.063+0000] {dagbag.py:588} INFO - Filling up the DagBag from /home/airflow/.local/lib/python3.12/site-packages/airflow/example_dags/example_setup_teardown.py
[2024-11-26T18:49:15.069+0000] {processor.py:925} INFO - DAG(s) 'example_setup_teardown' retrieved from /home/airflow/.local/lib/python3.12/site-packages/airflow/example_dags/example_setup_teardown.py
[2024-11-26T18:49:15.085+0000] {logging_mixin.py:190} INFO - [2024-11-26T18:49:15.085+0000] {dag.py:3239} INFO - Sync 1 DAGs
[2024-11-26T18:49:15.097+0000] {logging_mixin.py:190} INFO - [2024-11-26T18:49:15.097+0000] {dag.py:4180} INFO - Setting next_dagrun for example_setup_teardown to None, run_after=None
[2024-11-26T18:49:15.112+0000] {processor.py:208} INFO - Processing /home/airflow/.local/lib/python3.12/site-packages/airflow/example_dags/example_setup_teardown.py took 0.056 seconds
[2024-11-26T18:49:45.463+0000] {processor.py:186} INFO - Started process (PID=891) to work on /home/airflow/.local/lib/python3.12/site-packages/airflow/example_dags/example_setup_teardown.py
[2024-11-26T18:49:45.463+0000] {processor.py:914} INFO - Processing file /home/airflow/.local/lib/python3.12/site-packages/airflow/example_dags/example_setup_teardown.py for tasks to queue
[2024-11-26T18:49:45.465+0000] {logging_mixin.py:190} INFO - [2024-11-26T18:49:45.465+0000] {dagbag.py:588} INFO - Filling up the DagBag from /home/airflow/.local/lib/python3.12/site-packages/airflow/example_dags/example_setup_teardown.py
[2024-11-26T18:49:45.471+0000] {processor.py:925} INFO - DAG(s) 'example_setup_teardown' retrieved from /home/airflow/.local/lib/python3.12/site-packages/airflow/example_dags/example_setup_teardown.py
[2024-11-26T18:49:45.487+0000] {logging_mixin.py:190} INFO - [2024-11-26T18:49:45.487+0000] {dag.py:3239} INFO - Sync 1 DAGs
[2024-11-26T18:49:45.498+0000] {logging_mixin.py:190} INFO - [2024-11-26T18:49:45.498+0000] {dag.py:4180} INFO - Setting next_dagrun for example_setup_teardown to None, run_after=None
[2024-11-26T18:49:45.513+0000] {processor.py:208} INFO - Processing /home/airflow/.local/lib/python3.12/site-packages/airflow/example_dags/example_setup_teardown.py took 0.054 seconds
[2024-11-26T18:50:15.740+0000] {processor.py:186} INFO - Started process (PID=966) to work on /home/airflow/.local/lib/python3.12/site-packages/airflow/example_dags/example_setup_teardown.py
[2024-11-26T18:50:15.741+0000] {processor.py:914} INFO - Processing file /home/airflow/.local/lib/python3.12/site-packages/airflow/example_dags/example_setup_teardown.py for tasks to queue
[2024-11-26T18:50:15.743+0000] {logging_mixin.py:190} INFO - [2024-11-26T18:50:15.743+0000] {dagbag.py:588} INFO - Filling up the DagBag from /home/airflow/.local/lib/python3.12/site-packages/airflow/example_dags/example_setup_teardown.py
[2024-11-26T18:50:15.750+0000] {processor.py:925} INFO - DAG(s) 'example_setup_teardown' retrieved from /home/airflow/.local/lib/python3.12/site-packages/airflow/example_dags/example_setup_teardown.py
[2024-11-26T18:50:15.766+0000] {logging_mixin.py:190} INFO - [2024-11-26T18:50:15.766+0000] {dag.py:3239} INFO - Sync 1 DAGs
[2024-11-26T18:50:15.778+0000] {logging_mixin.py:190} INFO - [2024-11-26T18:50:15.777+0000] {dag.py:4180} INFO - Setting next_dagrun for example_setup_teardown to None, run_after=None
[2024-11-26T18:50:15.792+0000] {processor.py:208} INFO - Processing /home/airflow/.local/lib/python3.12/site-packages/airflow/example_dags/example_setup_teardown.py took 0.056 seconds
[2024-11-26T18:50:45.835+0000] {processor.py:186} INFO - Started process (PID=1041) to work on /home/airflow/.local/lib/python3.12/site-packages/airflow/example_dags/example_setup_teardown.py
[2024-11-26T18:50:45.836+0000] {processor.py:914} INFO - Processing file /home/airflow/.local/lib/python3.12/site-packages/airflow/example_dags/example_setup_teardown.py for tasks to queue
[2024-11-26T18:50:45.837+0000] {logging_mixin.py:190} INFO - [2024-11-26T18:50:45.837+0000] {dagbag.py:588} INFO - Filling up the DagBag from /home/airflow/.local/lib/python3.12/site-packages/airflow/example_dags/example_setup_teardown.py
[2024-11-26T18:50:45.843+0000] {processor.py:925} INFO - DAG(s) 'example_setup_teardown' retrieved from /home/airflow/.local/lib/python3.12/site-packages/airflow/example_dags/example_setup_teardown.py
[2024-11-26T18:50:45.859+0000] {logging_mixin.py:190} INFO - [2024-11-26T18:50:45.859+0000] {dag.py:3239} INFO - Sync 1 DAGs
[2024-11-26T18:50:45.870+0000] {logging_mixin.py:190} INFO - [2024-11-26T18:50:45.870+0000] {dag.py:4180} INFO - Setting next_dagrun for example_setup_teardown to None, run_after=None
[2024-11-26T18:50:45.884+0000] {processor.py:208} INFO - Processing /home/airflow/.local/lib/python3.12/site-packages/airflow/example_dags/example_setup_teardown.py took 0.052 seconds
[2024-11-26T18:51:16.610+0000] {processor.py:186} INFO - Started process (PID=1116) to work on /home/airflow/.local/lib/python3.12/site-packages/airflow/example_dags/example_setup_teardown.py
[2024-11-26T18:51:16.610+0000] {processor.py:914} INFO - Processing file /home/airflow/.local/lib/python3.12/site-packages/airflow/example_dags/example_setup_teardown.py for tasks to queue
[2024-11-26T18:51:16.613+0000] {logging_mixin.py:190} INFO - [2024-11-26T18:51:16.612+0000] {dagbag.py:588} INFO - Filling up the DagBag from /home/airflow/.local/lib/python3.12/site-packages/airflow/example_dags/example_setup_teardown.py
[2024-11-26T18:51:16.618+0000] {processor.py:925} INFO - DAG(s) 'example_setup_teardown' retrieved from /home/airflow/.local/lib/python3.12/site-packages/airflow/example_dags/example_setup_teardown.py
[2024-11-26T18:51:16.635+0000] {logging_mixin.py:190} INFO - [2024-11-26T18:51:16.635+0000] {dag.py:3239} INFO - Sync 1 DAGs
[2024-11-26T18:51:16.647+0000] {logging_mixin.py:190} INFO - [2024-11-26T18:51:16.647+0000] {dag.py:4180} INFO - Setting next_dagrun for example_setup_teardown to None, run_after=None
[2024-11-26T18:51:16.662+0000] {processor.py:208} INFO - Processing /home/airflow/.local/lib/python3.12/site-packages/airflow/example_dags/example_setup_teardown.py took 0.056 seconds
[2024-11-26T18:51:47.224+0000] {processor.py:186} INFO - Started process (PID=1191) to work on /home/airflow/.local/lib/python3.12/site-packages/airflow/example_dags/example_setup_teardown.py
[2024-11-26T18:51:47.225+0000] {processor.py:914} INFO - Processing file /home/airflow/.local/lib/python3.12/site-packages/airflow/example_dags/example_setup_teardown.py for tasks to queue
[2024-11-26T18:51:47.228+0000] {logging_mixin.py:190} INFO - [2024-11-26T18:51:47.227+0000] {dagbag.py:588} INFO - Filling up the DagBag from /home/airflow/.local/lib/python3.12/site-packages/airflow/example_dags/example_setup_teardown.py
[2024-11-26T18:51:47.236+0000] {processor.py:925} INFO - DAG(s) 'example_setup_teardown' retrieved from /home/airflow/.local/lib/python3.12/site-packages/airflow/example_dags/example_setup_teardown.py
[2024-11-26T18:51:47.256+0000] {logging_mixin.py:190} INFO - [2024-11-26T18:51:47.255+0000] {dag.py:3239} INFO - Sync 1 DAGs
[2024-11-26T18:51:47.266+0000] {logging_mixin.py:190} INFO - [2024-11-26T18:51:47.266+0000] {dag.py:4180} INFO - Setting next_dagrun for example_setup_teardown to None, run_after=None
[2024-11-26T18:51:47.280+0000] {processor.py:208} INFO - Processing /home/airflow/.local/lib/python3.12/site-packages/airflow/example_dags/example_setup_teardown.py took 0.059 seconds
[2024-11-26T18:52:17.389+0000] {processor.py:186} INFO - Started process (PID=1266) to work on /home/airflow/.local/lib/python3.12/site-packages/airflow/example_dags/example_setup_teardown.py
[2024-11-26T18:52:17.390+0000] {processor.py:914} INFO - Processing file /home/airflow/.local/lib/python3.12/site-packages/airflow/example_dags/example_setup_teardown.py for tasks to queue
[2024-11-26T18:52:17.392+0000] {logging_mixin.py:190} INFO - [2024-11-26T18:52:17.392+0000] {dagbag.py:588} INFO - Filling up the DagBag from /home/airflow/.local/lib/python3.12/site-packages/airflow/example_dags/example_setup_teardown.py
[2024-11-26T18:52:17.398+0000] {processor.py:925} INFO - DAG(s) 'example_setup_teardown' retrieved from /home/airflow/.local/lib/python3.12/site-packages/airflow/example_dags/example_setup_teardown.py
[2024-11-26T18:52:17.415+0000] {logging_mixin.py:190} INFO - [2024-11-26T18:52:17.415+0000] {dag.py:3239} INFO - Sync 1 DAGs
[2024-11-26T18:52:17.426+0000] {logging_mixin.py:190} INFO - [2024-11-26T18:52:17.426+0000] {dag.py:4180} INFO - Setting next_dagrun for example_setup_teardown to None, run_after=None
[2024-11-26T18:52:17.442+0000] {processor.py:208} INFO - Processing /home/airflow/.local/lib/python3.12/site-packages/airflow/example_dags/example_setup_teardown.py took 0.057 seconds
[2024-11-26T18:52:47.593+0000] {processor.py:186} INFO - Started process (PID=1341) to work on /home/airflow/.local/lib/python3.12/site-packages/airflow/example_dags/example_setup_teardown.py
[2024-11-26T18:52:47.594+0000] {processor.py:914} INFO - Processing file /home/airflow/.local/lib/python3.12/site-packages/airflow/example_dags/example_setup_teardown.py for tasks to queue
[2024-11-26T18:52:47.597+0000] {logging_mixin.py:190} INFO - [2024-11-26T18:52:47.597+0000] {dagbag.py:588} INFO - Filling up the DagBag from /home/airflow/.local/lib/python3.12/site-packages/airflow/example_dags/example_setup_teardown.py
[2024-11-26T18:52:47.604+0000] {processor.py:925} INFO - DAG(s) 'example_setup_teardown' retrieved from /home/airflow/.local/lib/python3.12/site-packages/airflow/example_dags/example_setup_teardown.py
[2024-11-26T18:52:47.623+0000] {logging_mixin.py:190} INFO - [2024-11-26T18:52:47.623+0000] {dag.py:3239} INFO - Sync 1 DAGs
[2024-11-26T18:52:47.638+0000] {logging_mixin.py:190} INFO - [2024-11-26T18:52:47.637+0000] {dag.py:4180} INFO - Setting next_dagrun for example_setup_teardown to None, run_after=None
[2024-11-26T18:52:47.656+0000] {processor.py:208} INFO - Processing /home/airflow/.local/lib/python3.12/site-packages/airflow/example_dags/example_setup_teardown.py took 0.067 seconds
[2024-11-26T18:53:18.224+0000] {processor.py:186} INFO - Started process (PID=1416) to work on /home/airflow/.local/lib/python3.12/site-packages/airflow/example_dags/example_setup_teardown.py
[2024-11-26T18:53:18.225+0000] {processor.py:914} INFO - Processing file /home/airflow/.local/lib/python3.12/site-packages/airflow/example_dags/example_setup_teardown.py for tasks to queue
[2024-11-26T18:53:18.227+0000] {logging_mixin.py:190} INFO - [2024-11-26T18:53:18.227+0000] {dagbag.py:588} INFO - Filling up the DagBag from /home/airflow/.local/lib/python3.12/site-packages/airflow/example_dags/example_setup_teardown.py
[2024-11-26T18:53:18.233+0000] {processor.py:925} INFO - DAG(s) 'example_setup_teardown' retrieved from /home/airflow/.local/lib/python3.12/site-packages/airflow/example_dags/example_setup_teardown.py
[2024-11-26T18:53:18.249+0000] {logging_mixin.py:190} INFO - [2024-11-26T18:53:18.249+0000] {dag.py:3239} INFO - Sync 1 DAGs
[2024-11-26T18:53:18.261+0000] {logging_mixin.py:190} INFO - [2024-11-26T18:53:18.261+0000] {dag.py:4180} INFO - Setting next_dagrun for example_setup_teardown to None, run_after=None
[2024-11-26T18:53:18.276+0000] {processor.py:208} INFO - Processing /home/airflow/.local/lib/python3.12/site-packages/airflow/example_dags/example_setup_teardown.py took 0.056 seconds
[2024-11-26T18:53:49.096+0000] {processor.py:186} INFO - Started process (PID=1491) to work on /home/airflow/.local/lib/python3.12/site-packages/airflow/example_dags/example_setup_teardown.py
[2024-11-26T18:53:49.096+0000] {processor.py:914} INFO - Processing file /home/airflow/.local/lib/python3.12/site-packages/airflow/example_dags/example_setup_teardown.py for tasks to queue
[2024-11-26T18:53:49.098+0000] {logging_mixin.py:190} INFO - [2024-11-26T18:53:49.098+0000] {dagbag.py:588} INFO - Filling up the DagBag from /home/airflow/.local/lib/python3.12/site-packages/airflow/example_dags/example_setup_teardown.py
[2024-11-26T18:53:49.105+0000] {processor.py:925} INFO - DAG(s) 'example_setup_teardown' retrieved from /home/airflow/.local/lib/python3.12/site-packages/airflow/example_dags/example_setup_teardown.py
[2024-11-26T18:53:49.122+0000] {logging_mixin.py:190} INFO - [2024-11-26T18:53:49.121+0000] {dag.py:3239} INFO - Sync 1 DAGs
[2024-11-26T18:53:49.136+0000] {logging_mixin.py:190} INFO - [2024-11-26T18:53:49.136+0000] {dag.py:4180} INFO - Setting next_dagrun for example_setup_teardown to None, run_after=None
[2024-11-26T18:53:49.154+0000] {processor.py:208} INFO - Processing /home/airflow/.local/lib/python3.12/site-packages/airflow/example_dags/example_setup_teardown.py took 0.062 seconds
[2024-11-26T18:54:19.645+0000] {processor.py:186} INFO - Started process (PID=1566) to work on /home/airflow/.local/lib/python3.12/site-packages/airflow/example_dags/example_setup_teardown.py
[2024-11-26T18:54:19.646+0000] {processor.py:914} INFO - Processing file /home/airflow/.local/lib/python3.12/site-packages/airflow/example_dags/example_setup_teardown.py for tasks to queue
[2024-11-26T18:54:19.648+0000] {logging_mixin.py:190} INFO - [2024-11-26T18:54:19.648+0000] {dagbag.py:588} INFO - Filling up the DagBag from /home/airflow/.local/lib/python3.12/site-packages/airflow/example_dags/example_setup_teardown.py
[2024-11-26T18:54:19.655+0000] {processor.py:925} INFO - DAG(s) 'example_setup_teardown' retrieved from /home/airflow/.local/lib/python3.12/site-packages/airflow/example_dags/example_setup_teardown.py
[2024-11-26T18:54:19.672+0000] {logging_mixin.py:190} INFO - [2024-11-26T18:54:19.672+0000] {dag.py:3239} INFO - Sync 1 DAGs
[2024-11-26T18:54:19.684+0000] {logging_mixin.py:190} INFO - [2024-11-26T18:54:19.684+0000] {dag.py:4180} INFO - Setting next_dagrun for example_setup_teardown to None, run_after=None
[2024-11-26T18:54:19.698+0000] {processor.py:208} INFO - Processing /home/airflow/.local/lib/python3.12/site-packages/airflow/example_dags/example_setup_teardown.py took 0.057 seconds
[2024-11-26T18:54:49.872+0000] {processor.py:186} INFO - Started process (PID=1641) to work on /home/airflow/.local/lib/python3.12/site-packages/airflow/example_dags/example_setup_teardown.py
[2024-11-26T18:54:49.873+0000] {processor.py:914} INFO - Processing file /home/airflow/.local/lib/python3.12/site-packages/airflow/example_dags/example_setup_teardown.py for tasks to queue
[2024-11-26T18:54:49.875+0000] {logging_mixin.py:190} INFO - [2024-11-26T18:54:49.874+0000] {dagbag.py:588} INFO - Filling up the DagBag from /home/airflow/.local/lib/python3.12/site-packages/airflow/example_dags/example_setup_teardown.py
[2024-11-26T18:54:49.881+0000] {processor.py:925} INFO - DAG(s) 'example_setup_teardown' retrieved from /home/airflow/.local/lib/python3.12/site-packages/airflow/example_dags/example_setup_teardown.py
[2024-11-26T18:54:49.896+0000] {logging_mixin.py:190} INFO - [2024-11-26T18:54:49.896+0000] {dag.py:3239} INFO - Sync 1 DAGs
[2024-11-26T18:54:49.906+0000] {logging_mixin.py:190} INFO - [2024-11-26T18:54:49.906+0000] {dag.py:4180} INFO - Setting next_dagrun for example_setup_teardown to None, run_after=None
[2024-11-26T18:54:49.919+0000] {processor.py:208} INFO - Processing /home/airflow/.local/lib/python3.12/site-packages/airflow/example_dags/example_setup_teardown.py took 0.051 seconds
[2024-11-26T18:55:19.979+0000] {processor.py:186} INFO - Started process (PID=1716) to work on /home/airflow/.local/lib/python3.12/site-packages/airflow/example_dags/example_setup_teardown.py
[2024-11-26T18:55:19.980+0000] {processor.py:914} INFO - Processing file /home/airflow/.local/lib/python3.12/site-packages/airflow/example_dags/example_setup_teardown.py for tasks to queue
[2024-11-26T18:55:19.982+0000] {logging_mixin.py:190} INFO - [2024-11-26T18:55:19.982+0000] {dagbag.py:588} INFO - Filling up the DagBag from /home/airflow/.local/lib/python3.12/site-packages/airflow/example_dags/example_setup_teardown.py
[2024-11-26T18:55:19.988+0000] {processor.py:925} INFO - DAG(s) 'example_setup_teardown' retrieved from /home/airflow/.local/lib/python3.12/site-packages/airflow/example_dags/example_setup_teardown.py
[2024-11-26T18:55:20.004+0000] {logging_mixin.py:190} INFO - [2024-11-26T18:55:20.003+0000] {dag.py:3239} INFO - Sync 1 DAGs
[2024-11-26T18:55:20.015+0000] {logging_mixin.py:190} INFO - [2024-11-26T18:55:20.015+0000] {dag.py:4180} INFO - Setting next_dagrun for example_setup_teardown to None, run_after=None
[2024-11-26T18:55:20.033+0000] {processor.py:208} INFO - Processing /home/airflow/.local/lib/python3.12/site-packages/airflow/example_dags/example_setup_teardown.py took 0.059 seconds
[2024-11-26T18:55:50.465+0000] {processor.py:186} INFO - Started process (PID=1790) to work on /home/airflow/.local/lib/python3.12/site-packages/airflow/example_dags/example_setup_teardown.py
[2024-11-26T18:55:50.466+0000] {processor.py:914} INFO - Processing file /home/airflow/.local/lib/python3.12/site-packages/airflow/example_dags/example_setup_teardown.py for tasks to queue
[2024-11-26T18:55:50.468+0000] {logging_mixin.py:190} INFO - [2024-11-26T18:55:50.468+0000] {dagbag.py:588} INFO - Filling up the DagBag from /home/airflow/.local/lib/python3.12/site-packages/airflow/example_dags/example_setup_teardown.py
[2024-11-26T18:55:50.474+0000] {processor.py:925} INFO - DAG(s) 'example_setup_teardown' retrieved from /home/airflow/.local/lib/python3.12/site-packages/airflow/example_dags/example_setup_teardown.py
[2024-11-26T18:55:50.490+0000] {logging_mixin.py:190} INFO - [2024-11-26T18:55:50.489+0000] {dag.py:3239} INFO - Sync 1 DAGs
[2024-11-26T18:55:50.500+0000] {logging_mixin.py:190} INFO - [2024-11-26T18:55:50.500+0000] {dag.py:4180} INFO - Setting next_dagrun for example_setup_teardown to None, run_after=None
[2024-11-26T18:55:50.514+0000] {processor.py:208} INFO - Processing /home/airflow/.local/lib/python3.12/site-packages/airflow/example_dags/example_setup_teardown.py took 0.053 seconds
[2024-11-26T18:56:20.852+0000] {processor.py:186} INFO - Started process (PID=1865) to work on /home/airflow/.local/lib/python3.12/site-packages/airflow/example_dags/example_setup_teardown.py
[2024-11-26T18:56:20.852+0000] {processor.py:914} INFO - Processing file /home/airflow/.local/lib/python3.12/site-packages/airflow/example_dags/example_setup_teardown.py for tasks to queue
[2024-11-26T18:56:20.854+0000] {logging_mixin.py:190} INFO - [2024-11-26T18:56:20.854+0000] {dagbag.py:588} INFO - Filling up the DagBag from /home/airflow/.local/lib/python3.12/site-packages/airflow/example_dags/example_setup_teardown.py
[2024-11-26T18:56:20.860+0000] {processor.py:925} INFO - DAG(s) 'example_setup_teardown' retrieved from /home/airflow/.local/lib/python3.12/site-packages/airflow/example_dags/example_setup_teardown.py
[2024-11-26T18:56:20.875+0000] {logging_mixin.py:190} INFO - [2024-11-26T18:56:20.875+0000] {dag.py:3239} INFO - Sync 1 DAGs
[2024-11-26T18:56:20.885+0000] {logging_mixin.py:190} INFO - [2024-11-26T18:56:20.885+0000] {dag.py:4180} INFO - Setting next_dagrun for example_setup_teardown to None, run_after=None
[2024-11-26T18:56:20.899+0000] {processor.py:208} INFO - Processing /home/airflow/.local/lib/python3.12/site-packages/airflow/example_dags/example_setup_teardown.py took 0.051 seconds
[2024-11-26T18:56:51.448+0000] {processor.py:186} INFO - Started process (PID=1940) to work on /home/airflow/.local/lib/python3.12/site-packages/airflow/example_dags/example_setup_teardown.py
[2024-11-26T18:56:51.449+0000] {processor.py:914} INFO - Processing file /home/airflow/.local/lib/python3.12/site-packages/airflow/example_dags/example_setup_teardown.py for tasks to queue
[2024-11-26T18:56:51.450+0000] {logging_mixin.py:190} INFO - [2024-11-26T18:56:51.450+0000] {dagbag.py:588} INFO - Filling up the DagBag from /home/airflow/.local/lib/python3.12/site-packages/airflow/example_dags/example_setup_teardown.py
[2024-11-26T18:56:51.456+0000] {processor.py:925} INFO - DAG(s) 'example_setup_teardown' retrieved from /home/airflow/.local/lib/python3.12/site-packages/airflow/example_dags/example_setup_teardown.py
[2024-11-26T18:56:51.471+0000] {logging_mixin.py:190} INFO - [2024-11-26T18:56:51.471+0000] {dag.py:3239} INFO - Sync 1 DAGs
[2024-11-26T18:56:51.482+0000] {logging_mixin.py:190} INFO - [2024-11-26T18:56:51.481+0000] {dag.py:4180} INFO - Setting next_dagrun for example_setup_teardown to None, run_after=None
[2024-11-26T18:56:51.495+0000] {processor.py:208} INFO - Processing /home/airflow/.local/lib/python3.12/site-packages/airflow/example_dags/example_setup_teardown.py took 0.051 seconds
[2024-11-26T18:57:22.121+0000] {processor.py:186} INFO - Started process (PID=2015) to work on /home/airflow/.local/lib/python3.12/site-packages/airflow/example_dags/example_setup_teardown.py
[2024-11-26T18:57:22.122+0000] {processor.py:914} INFO - Processing file /home/airflow/.local/lib/python3.12/site-packages/airflow/example_dags/example_setup_teardown.py for tasks to queue
[2024-11-26T18:57:22.124+0000] {logging_mixin.py:190} INFO - [2024-11-26T18:57:22.124+0000] {dagbag.py:588} INFO - Filling up the DagBag from /home/airflow/.local/lib/python3.12/site-packages/airflow/example_dags/example_setup_teardown.py
[2024-11-26T18:57:22.130+0000] {processor.py:925} INFO - DAG(s) 'example_setup_teardown' retrieved from /home/airflow/.local/lib/python3.12/site-packages/airflow/example_dags/example_setup_teardown.py
[2024-11-26T18:57:22.147+0000] {logging_mixin.py:190} INFO - [2024-11-26T18:57:22.147+0000] {dag.py:3239} INFO - Sync 1 DAGs
[2024-11-26T18:57:22.157+0000] {logging_mixin.py:190} INFO - [2024-11-26T18:57:22.157+0000] {dag.py:4180} INFO - Setting next_dagrun for example_setup_teardown to None, run_after=None
[2024-11-26T18:57:22.171+0000] {processor.py:208} INFO - Processing /home/airflow/.local/lib/python3.12/site-packages/airflow/example_dags/example_setup_teardown.py took 0.054 seconds
[2024-11-26T18:57:52.233+0000] {processor.py:186} INFO - Started process (PID=2090) to work on /home/airflow/.local/lib/python3.12/site-packages/airflow/example_dags/example_setup_teardown.py
[2024-11-26T18:57:52.234+0000] {processor.py:914} INFO - Processing file /home/airflow/.local/lib/python3.12/site-packages/airflow/example_dags/example_setup_teardown.py for tasks to queue
[2024-11-26T18:57:52.236+0000] {logging_mixin.py:190} INFO - [2024-11-26T18:57:52.235+0000] {dagbag.py:588} INFO - Filling up the DagBag from /home/airflow/.local/lib/python3.12/site-packages/airflow/example_dags/example_setup_teardown.py
[2024-11-26T18:57:52.242+0000] {processor.py:925} INFO - DAG(s) 'example_setup_teardown' retrieved from /home/airflow/.local/lib/python3.12/site-packages/airflow/example_dags/example_setup_teardown.py
[2024-11-26T18:57:52.259+0000] {logging_mixin.py:190} INFO - [2024-11-26T18:57:52.258+0000] {dag.py:3239} INFO - Sync 1 DAGs
[2024-11-26T18:57:52.269+0000] {logging_mixin.py:190} INFO - [2024-11-26T18:57:52.269+0000] {dag.py:4180} INFO - Setting next_dagrun for example_setup_teardown to None, run_after=None
[2024-11-26T18:57:52.283+0000] {processor.py:208} INFO - Processing /home/airflow/.local/lib/python3.12/site-packages/airflow/example_dags/example_setup_teardown.py took 0.055 seconds
[2024-11-26T18:58:22.567+0000] {processor.py:186} INFO - Started process (PID=2165) to work on /home/airflow/.local/lib/python3.12/site-packages/airflow/example_dags/example_setup_teardown.py
[2024-11-26T18:58:22.568+0000] {processor.py:914} INFO - Processing file /home/airflow/.local/lib/python3.12/site-packages/airflow/example_dags/example_setup_teardown.py for tasks to queue
[2024-11-26T18:58:22.570+0000] {logging_mixin.py:190} INFO - [2024-11-26T18:58:22.570+0000] {dagbag.py:588} INFO - Filling up the DagBag from /home/airflow/.local/lib/python3.12/site-packages/airflow/example_dags/example_setup_teardown.py
[2024-11-26T18:58:22.576+0000] {processor.py:925} INFO - DAG(s) 'example_setup_teardown' retrieved from /home/airflow/.local/lib/python3.12/site-packages/airflow/example_dags/example_setup_teardown.py
[2024-11-26T18:58:22.592+0000] {logging_mixin.py:190} INFO - [2024-11-26T18:58:22.591+0000] {dag.py:3239} INFO - Sync 1 DAGs
[2024-11-26T18:58:22.602+0000] {logging_mixin.py:190} INFO - [2024-11-26T18:58:22.602+0000] {dag.py:4180} INFO - Setting next_dagrun for example_setup_teardown to None, run_after=None
[2024-11-26T18:58:22.616+0000] {processor.py:208} INFO - Processing /home/airflow/.local/lib/python3.12/site-packages/airflow/example_dags/example_setup_teardown.py took 0.053 seconds
[2024-11-26T18:58:53.169+0000] {processor.py:186} INFO - Started process (PID=2240) to work on /home/airflow/.local/lib/python3.12/site-packages/airflow/example_dags/example_setup_teardown.py
[2024-11-26T18:58:53.170+0000] {processor.py:914} INFO - Processing file /home/airflow/.local/lib/python3.12/site-packages/airflow/example_dags/example_setup_teardown.py for tasks to queue
[2024-11-26T18:58:53.172+0000] {logging_mixin.py:190} INFO - [2024-11-26T18:58:53.172+0000] {dagbag.py:588} INFO - Filling up the DagBag from /home/airflow/.local/lib/python3.12/site-packages/airflow/example_dags/example_setup_teardown.py
[2024-11-26T18:58:53.179+0000] {processor.py:925} INFO - DAG(s) 'example_setup_teardown' retrieved from /home/airflow/.local/lib/python3.12/site-packages/airflow/example_dags/example_setup_teardown.py
[2024-11-26T18:58:53.195+0000] {logging_mixin.py:190} INFO - [2024-11-26T18:58:53.195+0000] {dag.py:3239} INFO - Sync 1 DAGs
[2024-11-26T18:58:53.206+0000] {logging_mixin.py:190} INFO - [2024-11-26T18:58:53.206+0000] {dag.py:4180} INFO - Setting next_dagrun for example_setup_teardown to None, run_after=None
[2024-11-26T18:58:53.220+0000] {processor.py:208} INFO - Processing /home/airflow/.local/lib/python3.12/site-packages/airflow/example_dags/example_setup_teardown.py took 0.055 seconds
[2024-11-26T18:59:23.917+0000] {processor.py:186} INFO - Started process (PID=2315) to work on /home/airflow/.local/lib/python3.12/site-packages/airflow/example_dags/example_setup_teardown.py
[2024-11-26T18:59:23.918+0000] {processor.py:914} INFO - Processing file /home/airflow/.local/lib/python3.12/site-packages/airflow/example_dags/example_setup_teardown.py for tasks to queue
[2024-11-26T18:59:23.920+0000] {logging_mixin.py:190} INFO - [2024-11-26T18:59:23.920+0000] {dagbag.py:588} INFO - Filling up the DagBag from /home/airflow/.local/lib/python3.12/site-packages/airflow/example_dags/example_setup_teardown.py
[2024-11-26T18:59:23.927+0000] {processor.py:925} INFO - DAG(s) 'example_setup_teardown' retrieved from /home/airflow/.local/lib/python3.12/site-packages/airflow/example_dags/example_setup_teardown.py
[2024-11-26T18:59:23.942+0000] {logging_mixin.py:190} INFO - [2024-11-26T18:59:23.942+0000] {dag.py:3239} INFO - Sync 1 DAGs
[2024-11-26T18:59:23.952+0000] {logging_mixin.py:190} INFO - [2024-11-26T18:59:23.952+0000] {dag.py:4180} INFO - Setting next_dagrun for example_setup_teardown to None, run_after=None
[2024-11-26T18:59:23.966+0000] {processor.py:208} INFO - Processing /home/airflow/.local/lib/python3.12/site-packages/airflow/example_dags/example_setup_teardown.py took 0.052 seconds
[2024-11-26T18:59:54.860+0000] {processor.py:186} INFO - Started process (PID=2391) to work on /home/airflow/.local/lib/python3.12/site-packages/airflow/example_dags/example_setup_teardown.py
[2024-11-26T18:59:54.860+0000] {processor.py:914} INFO - Processing file /home/airflow/.local/lib/python3.12/site-packages/airflow/example_dags/example_setup_teardown.py for tasks to queue
[2024-11-26T18:59:54.862+0000] {logging_mixin.py:190} INFO - [2024-11-26T18:59:54.862+0000] {dagbag.py:588} INFO - Filling up the DagBag from /home/airflow/.local/lib/python3.12/site-packages/airflow/example_dags/example_setup_teardown.py
[2024-11-26T18:59:54.868+0000] {processor.py:925} INFO - DAG(s) 'example_setup_teardown' retrieved from /home/airflow/.local/lib/python3.12/site-packages/airflow/example_dags/example_setup_teardown.py
[2024-11-26T18:59:54.884+0000] {logging_mixin.py:190} INFO - [2024-11-26T18:59:54.884+0000] {dag.py:3239} INFO - Sync 1 DAGs
[2024-11-26T18:59:54.895+0000] {logging_mixin.py:190} INFO - [2024-11-26T18:59:54.894+0000] {dag.py:4180} INFO - Setting next_dagrun for example_setup_teardown to None, run_after=None
[2024-11-26T18:59:54.908+0000] {processor.py:208} INFO - Processing /home/airflow/.local/lib/python3.12/site-packages/airflow/example_dags/example_setup_teardown.py took 0.052 seconds
[2024-11-26T19:00:25.479+0000] {processor.py:186} INFO - Started process (PID=2466) to work on /home/airflow/.local/lib/python3.12/site-packages/airflow/example_dags/example_setup_teardown.py
[2024-11-26T19:00:25.479+0000] {processor.py:914} INFO - Processing file /home/airflow/.local/lib/python3.12/site-packages/airflow/example_dags/example_setup_teardown.py for tasks to queue
[2024-11-26T19:00:25.481+0000] {logging_mixin.py:190} INFO - [2024-11-26T19:00:25.480+0000] {dagbag.py:588} INFO - Filling up the DagBag from /home/airflow/.local/lib/python3.12/site-packages/airflow/example_dags/example_setup_teardown.py
[2024-11-26T19:00:25.486+0000] {processor.py:925} INFO - DAG(s) 'example_setup_teardown' retrieved from /home/airflow/.local/lib/python3.12/site-packages/airflow/example_dags/example_setup_teardown.py
[2024-11-26T19:00:25.503+0000] {logging_mixin.py:190} INFO - [2024-11-26T19:00:25.502+0000] {dag.py:3239} INFO - Sync 1 DAGs
[2024-11-26T19:00:25.514+0000] {logging_mixin.py:190} INFO - [2024-11-26T19:00:25.514+0000] {dag.py:4180} INFO - Setting next_dagrun for example_setup_teardown to None, run_after=None
[2024-11-26T19:00:25.528+0000] {processor.py:208} INFO - Processing /home/airflow/.local/lib/python3.12/site-packages/airflow/example_dags/example_setup_teardown.py took 0.054 seconds
[2024-11-26T19:00:56.238+0000] {processor.py:186} INFO - Started process (PID=2541) to work on /home/airflow/.local/lib/python3.12/site-packages/airflow/example_dags/example_setup_teardown.py
[2024-11-26T19:00:56.239+0000] {processor.py:914} INFO - Processing file /home/airflow/.local/lib/python3.12/site-packages/airflow/example_dags/example_setup_teardown.py for tasks to queue
[2024-11-26T19:00:56.241+0000] {logging_mixin.py:190} INFO - [2024-11-26T19:00:56.241+0000] {dagbag.py:588} INFO - Filling up the DagBag from /home/airflow/.local/lib/python3.12/site-packages/airflow/example_dags/example_setup_teardown.py
[2024-11-26T19:00:56.247+0000] {processor.py:925} INFO - DAG(s) 'example_setup_teardown' retrieved from /home/airflow/.local/lib/python3.12/site-packages/airflow/example_dags/example_setup_teardown.py
[2024-11-26T19:00:56.267+0000] {logging_mixin.py:190} INFO - [2024-11-26T19:00:56.266+0000] {dag.py:3239} INFO - Sync 1 DAGs
[2024-11-26T19:00:56.283+0000] {logging_mixin.py:190} INFO - [2024-11-26T19:00:56.283+0000] {dag.py:4180} INFO - Setting next_dagrun for example_setup_teardown to None, run_after=None
[2024-11-26T19:00:56.301+0000] {processor.py:208} INFO - Processing /home/airflow/.local/lib/python3.12/site-packages/airflow/example_dags/example_setup_teardown.py took 0.068 seconds
[2024-11-26T19:01:26.976+0000] {processor.py:186} INFO - Started process (PID=2616) to work on /home/airflow/.local/lib/python3.12/site-packages/airflow/example_dags/example_setup_teardown.py
[2024-11-26T19:01:26.977+0000] {processor.py:914} INFO - Processing file /home/airflow/.local/lib/python3.12/site-packages/airflow/example_dags/example_setup_teardown.py for tasks to queue
[2024-11-26T19:01:26.979+0000] {logging_mixin.py:190} INFO - [2024-11-26T19:01:26.979+0000] {dagbag.py:588} INFO - Filling up the DagBag from /home/airflow/.local/lib/python3.12/site-packages/airflow/example_dags/example_setup_teardown.py
[2024-11-26T19:01:26.986+0000] {processor.py:925} INFO - DAG(s) 'example_setup_teardown' retrieved from /home/airflow/.local/lib/python3.12/site-packages/airflow/example_dags/example_setup_teardown.py
[2024-11-26T19:01:27.002+0000] {logging_mixin.py:190} INFO - [2024-11-26T19:01:27.002+0000] {dag.py:3239} INFO - Sync 1 DAGs
[2024-11-26T19:01:27.013+0000] {logging_mixin.py:190} INFO - [2024-11-26T19:01:27.013+0000] {dag.py:4180} INFO - Setting next_dagrun for example_setup_teardown to None, run_after=None
[2024-11-26T19:01:27.027+0000] {processor.py:208} INFO - Processing /home/airflow/.local/lib/python3.12/site-packages/airflow/example_dags/example_setup_teardown.py took 0.057 seconds
