[2024-11-26T17:53:55.588+0000] {processor.py:186} INFO - Started process (PID=75) to work on /home/airflow/.local/lib/python3.12/site-packages/airflow/example_dags/example_latest_only_with_trigger.py
[2024-11-26T17:53:55.589+0000] {processor.py:914} INFO - Processing file /home/airflow/.local/lib/python3.12/site-packages/airflow/example_dags/example_latest_only_with_trigger.py for tasks to queue
[2024-11-26T17:53:55.591+0000] {logging_mixin.py:190} INFO - [2024-11-26T17:53:55.591+0000] {dagbag.py:588} INFO - Filling up the DagBag from /home/airflow/.local/lib/python3.12/site-packages/airflow/example_dags/example_latest_only_with_trigger.py
[2024-11-26T17:53:55.600+0000] {processor.py:925} INFO - DAG(s) 'latest_only_with_trigger' retrieved from /home/airflow/.local/lib/python3.12/site-packages/airflow/example_dags/example_latest_only_with_trigger.py
[2024-11-26T17:53:55.694+0000] {logging_mixin.py:190} INFO - [2024-11-26T17:53:55.693+0000] {override.py:1911} INFO - Created Permission View: can read on DAG:latest_only_with_trigger
[2024-11-26T17:53:55.703+0000] {logging_mixin.py:190} INFO - [2024-11-26T17:53:55.702+0000] {override.py:1911} INFO - Created Permission View: can delete on DAG:latest_only_with_trigger
[2024-11-26T17:53:55.709+0000] {logging_mixin.py:190} INFO - [2024-11-26T17:53:55.709+0000] {override.py:1911} INFO - Created Permission View: can edit on DAG:latest_only_with_trigger
[2024-11-26T17:53:55.719+0000] {logging_mixin.py:190} INFO - [2024-11-26T17:53:55.718+0000] {override.py:1911} INFO - Created Permission View: can create on DAG Run:latest_only_with_trigger
[2024-11-26T17:53:55.726+0000] {logging_mixin.py:190} INFO - [2024-11-26T17:53:55.726+0000] {override.py:1911} INFO - Created Permission View: can read on DAG Run:latest_only_with_trigger
[2024-11-26T17:53:55.733+0000] {logging_mixin.py:190} INFO - [2024-11-26T17:53:55.732+0000] {override.py:1911} INFO - Created Permission View: can delete on DAG Run:latest_only_with_trigger
[2024-11-26T17:53:55.740+0000] {logging_mixin.py:190} INFO - [2024-11-26T17:53:55.740+0000] {override.py:1911} INFO - Created Permission View: menu access on DAG Run:latest_only_with_trigger
[2024-11-26T17:53:55.741+0000] {logging_mixin.py:190} INFO - [2024-11-26T17:53:55.741+0000] {dag.py:3239} INFO - Sync 1 DAGs
[2024-11-26T17:53:55.751+0000] {logging_mixin.py:190} INFO - [2024-11-26T17:53:55.751+0000] {dag.py:3262} INFO - Creating ORM DAG for latest_only_with_trigger
[2024-11-26T17:53:55.760+0000] {logging_mixin.py:190} INFO - [2024-11-26T17:53:55.759+0000] {dag.py:4180} INFO - Setting next_dagrun for latest_only_with_trigger to 2024-11-26 12:00:00+00:00, run_after=2024-11-26 16:00:00+00:00
[2024-11-26T17:53:55.775+0000] {processor.py:208} INFO - Processing /home/airflow/.local/lib/python3.12/site-packages/airflow/example_dags/example_latest_only_with_trigger.py took 0.191 seconds
[2024-11-26T17:54:26.567+0000] {processor.py:186} INFO - Started process (PID=144) to work on /home/airflow/.local/lib/python3.12/site-packages/airflow/example_dags/example_latest_only_with_trigger.py
[2024-11-26T17:54:26.568+0000] {processor.py:914} INFO - Processing file /home/airflow/.local/lib/python3.12/site-packages/airflow/example_dags/example_latest_only_with_trigger.py for tasks to queue
[2024-11-26T17:54:26.570+0000] {logging_mixin.py:190} INFO - [2024-11-26T17:54:26.570+0000] {dagbag.py:588} INFO - Filling up the DagBag from /home/airflow/.local/lib/python3.12/site-packages/airflow/example_dags/example_latest_only_with_trigger.py
[2024-11-26T17:54:26.579+0000] {processor.py:925} INFO - DAG(s) 'latest_only_with_trigger' retrieved from /home/airflow/.local/lib/python3.12/site-packages/airflow/example_dags/example_latest_only_with_trigger.py
[2024-11-26T17:54:26.597+0000] {logging_mixin.py:190} INFO - [2024-11-26T17:54:26.596+0000] {dag.py:3239} INFO - Sync 1 DAGs
[2024-11-26T17:54:26.616+0000] {logging_mixin.py:190} INFO - [2024-11-26T17:54:26.616+0000] {dag.py:4180} INFO - Setting next_dagrun for latest_only_with_trigger to 2024-11-26 12:00:00+00:00, run_after=2024-11-26 16:00:00+00:00
[2024-11-26T17:54:26.634+0000] {processor.py:208} INFO - Processing /home/airflow/.local/lib/python3.12/site-packages/airflow/example_dags/example_latest_only_with_trigger.py took 0.072 seconds
[2024-11-26T17:54:56.664+0000] {processor.py:186} INFO - Started process (PID=206) to work on /home/airflow/.local/lib/python3.12/site-packages/airflow/example_dags/example_latest_only_with_trigger.py
[2024-11-26T17:54:56.665+0000] {processor.py:914} INFO - Processing file /home/airflow/.local/lib/python3.12/site-packages/airflow/example_dags/example_latest_only_with_trigger.py for tasks to queue
[2024-11-26T17:54:56.667+0000] {logging_mixin.py:190} INFO - [2024-11-26T17:54:56.667+0000] {dagbag.py:588} INFO - Filling up the DagBag from /home/airflow/.local/lib/python3.12/site-packages/airflow/example_dags/example_latest_only_with_trigger.py
[2024-11-26T17:54:56.672+0000] {processor.py:925} INFO - DAG(s) 'latest_only_with_trigger' retrieved from /home/airflow/.local/lib/python3.12/site-packages/airflow/example_dags/example_latest_only_with_trigger.py
[2024-11-26T17:54:56.687+0000] {logging_mixin.py:190} INFO - [2024-11-26T17:54:56.687+0000] {dag.py:3239} INFO - Sync 1 DAGs
[2024-11-26T17:54:56.704+0000] {logging_mixin.py:190} INFO - [2024-11-26T17:54:56.704+0000] {dag.py:4180} INFO - Setting next_dagrun for latest_only_with_trigger to 2024-11-26 12:00:00+00:00, run_after=2024-11-26 16:00:00+00:00
[2024-11-26T17:54:56.717+0000] {processor.py:208} INFO - Processing /home/airflow/.local/lib/python3.12/site-packages/airflow/example_dags/example_latest_only_with_trigger.py took 0.057 seconds
[2024-11-26T17:55:26.935+0000] {processor.py:186} INFO - Started process (PID=269) to work on /home/airflow/.local/lib/python3.12/site-packages/airflow/example_dags/example_latest_only_with_trigger.py
[2024-11-26T17:55:26.936+0000] {processor.py:914} INFO - Processing file /home/airflow/.local/lib/python3.12/site-packages/airflow/example_dags/example_latest_only_with_trigger.py for tasks to queue
[2024-11-26T17:55:26.938+0000] {logging_mixin.py:190} INFO - [2024-11-26T17:55:26.938+0000] {dagbag.py:588} INFO - Filling up the DagBag from /home/airflow/.local/lib/python3.12/site-packages/airflow/example_dags/example_latest_only_with_trigger.py
[2024-11-26T17:55:26.944+0000] {processor.py:925} INFO - DAG(s) 'latest_only_with_trigger' retrieved from /home/airflow/.local/lib/python3.12/site-packages/airflow/example_dags/example_latest_only_with_trigger.py
[2024-11-26T17:55:26.961+0000] {logging_mixin.py:190} INFO - [2024-11-26T17:55:26.960+0000] {dag.py:3239} INFO - Sync 1 DAGs
[2024-11-26T17:55:26.980+0000] {logging_mixin.py:190} INFO - [2024-11-26T17:55:26.979+0000] {dag.py:4180} INFO - Setting next_dagrun for latest_only_with_trigger to 2024-11-26 12:00:00+00:00, run_after=2024-11-26 16:00:00+00:00
[2024-11-26T17:55:26.996+0000] {processor.py:208} INFO - Processing /home/airflow/.local/lib/python3.12/site-packages/airflow/example_dags/example_latest_only_with_trigger.py took 0.065 seconds
[2024-11-26T17:55:57.474+0000] {processor.py:186} INFO - Started process (PID=332) to work on /home/airflow/.local/lib/python3.12/site-packages/airflow/example_dags/example_latest_only_with_trigger.py
[2024-11-26T17:55:57.475+0000] {processor.py:914} INFO - Processing file /home/airflow/.local/lib/python3.12/site-packages/airflow/example_dags/example_latest_only_with_trigger.py for tasks to queue
[2024-11-26T17:55:57.476+0000] {logging_mixin.py:190} INFO - [2024-11-26T17:55:57.476+0000] {dagbag.py:588} INFO - Filling up the DagBag from /home/airflow/.local/lib/python3.12/site-packages/airflow/example_dags/example_latest_only_with_trigger.py
[2024-11-26T17:55:57.484+0000] {processor.py:925} INFO - DAG(s) 'latest_only_with_trigger' retrieved from /home/airflow/.local/lib/python3.12/site-packages/airflow/example_dags/example_latest_only_with_trigger.py
[2024-11-26T17:55:57.500+0000] {logging_mixin.py:190} INFO - [2024-11-26T17:55:57.500+0000] {dag.py:3239} INFO - Sync 1 DAGs
[2024-11-26T17:55:57.519+0000] {logging_mixin.py:190} INFO - [2024-11-26T17:55:57.519+0000] {dag.py:4180} INFO - Setting next_dagrun for latest_only_with_trigger to 2024-11-26 12:00:00+00:00, run_after=2024-11-26 16:00:00+00:00
[2024-11-26T17:55:57.534+0000] {processor.py:208} INFO - Processing /home/airflow/.local/lib/python3.12/site-packages/airflow/example_dags/example_latest_only_with_trigger.py took 0.065 seconds
[2024-11-26T17:56:28.273+0000] {processor.py:186} INFO - Started process (PID=395) to work on /home/airflow/.local/lib/python3.12/site-packages/airflow/example_dags/example_latest_only_with_trigger.py
[2024-11-26T17:56:28.274+0000] {processor.py:914} INFO - Processing file /home/airflow/.local/lib/python3.12/site-packages/airflow/example_dags/example_latest_only_with_trigger.py for tasks to queue
[2024-11-26T17:56:28.276+0000] {logging_mixin.py:190} INFO - [2024-11-26T17:56:28.275+0000] {dagbag.py:588} INFO - Filling up the DagBag from /home/airflow/.local/lib/python3.12/site-packages/airflow/example_dags/example_latest_only_with_trigger.py
[2024-11-26T17:56:28.281+0000] {processor.py:925} INFO - DAG(s) 'latest_only_with_trigger' retrieved from /home/airflow/.local/lib/python3.12/site-packages/airflow/example_dags/example_latest_only_with_trigger.py
[2024-11-26T17:56:28.299+0000] {logging_mixin.py:190} INFO - [2024-11-26T17:56:28.298+0000] {dag.py:3239} INFO - Sync 1 DAGs
[2024-11-26T17:56:28.322+0000] {logging_mixin.py:190} INFO - [2024-11-26T17:56:28.322+0000] {dag.py:4180} INFO - Setting next_dagrun for latest_only_with_trigger to 2024-11-26 12:00:00+00:00, run_after=2024-11-26 16:00:00+00:00
[2024-11-26T17:56:28.341+0000] {processor.py:208} INFO - Processing /home/airflow/.local/lib/python3.12/site-packages/airflow/example_dags/example_latest_only_with_trigger.py took 0.073 seconds
[2024-11-26T17:56:59.284+0000] {processor.py:186} INFO - Started process (PID=458) to work on /home/airflow/.local/lib/python3.12/site-packages/airflow/example_dags/example_latest_only_with_trigger.py
[2024-11-26T17:56:59.284+0000] {processor.py:914} INFO - Processing file /home/airflow/.local/lib/python3.12/site-packages/airflow/example_dags/example_latest_only_with_trigger.py for tasks to queue
[2024-11-26T17:56:59.286+0000] {logging_mixin.py:190} INFO - [2024-11-26T17:56:59.286+0000] {dagbag.py:588} INFO - Filling up the DagBag from /home/airflow/.local/lib/python3.12/site-packages/airflow/example_dags/example_latest_only_with_trigger.py
[2024-11-26T17:56:59.291+0000] {processor.py:925} INFO - DAG(s) 'latest_only_with_trigger' retrieved from /home/airflow/.local/lib/python3.12/site-packages/airflow/example_dags/example_latest_only_with_trigger.py
[2024-11-26T17:56:59.307+0000] {logging_mixin.py:190} INFO - [2024-11-26T17:56:59.307+0000] {dag.py:3239} INFO - Sync 1 DAGs
[2024-11-26T17:56:59.325+0000] {logging_mixin.py:190} INFO - [2024-11-26T17:56:59.325+0000] {dag.py:4180} INFO - Setting next_dagrun for latest_only_with_trigger to 2024-11-26 12:00:00+00:00, run_after=2024-11-26 16:00:00+00:00
[2024-11-26T17:56:59.339+0000] {processor.py:208} INFO - Processing /home/airflow/.local/lib/python3.12/site-packages/airflow/example_dags/example_latest_only_with_trigger.py took 0.060 seconds
[2024-11-26T17:57:30.157+0000] {processor.py:186} INFO - Started process (PID=521) to work on /home/airflow/.local/lib/python3.12/site-packages/airflow/example_dags/example_latest_only_with_trigger.py
[2024-11-26T17:57:30.158+0000] {processor.py:914} INFO - Processing file /home/airflow/.local/lib/python3.12/site-packages/airflow/example_dags/example_latest_only_with_trigger.py for tasks to queue
[2024-11-26T17:57:30.162+0000] {logging_mixin.py:190} INFO - [2024-11-26T17:57:30.161+0000] {dagbag.py:588} INFO - Filling up the DagBag from /home/airflow/.local/lib/python3.12/site-packages/airflow/example_dags/example_latest_only_with_trigger.py
[2024-11-26T17:57:30.172+0000] {processor.py:925} INFO - DAG(s) 'latest_only_with_trigger' retrieved from /home/airflow/.local/lib/python3.12/site-packages/airflow/example_dags/example_latest_only_with_trigger.py
[2024-11-26T17:57:30.197+0000] {logging_mixin.py:190} INFO - [2024-11-26T17:57:30.197+0000] {dag.py:3239} INFO - Sync 1 DAGs
[2024-11-26T17:57:30.225+0000] {logging_mixin.py:190} INFO - [2024-11-26T17:57:30.224+0000] {dag.py:4180} INFO - Setting next_dagrun for latest_only_with_trigger to 2024-11-26 12:00:00+00:00, run_after=2024-11-26 16:00:00+00:00
[2024-11-26T17:57:30.247+0000] {processor.py:208} INFO - Processing /home/airflow/.local/lib/python3.12/site-packages/airflow/example_dags/example_latest_only_with_trigger.py took 0.096 seconds
[2024-11-26T17:58:01.002+0000] {processor.py:186} INFO - Started process (PID=584) to work on /home/airflow/.local/lib/python3.12/site-packages/airflow/example_dags/example_latest_only_with_trigger.py
[2024-11-26T17:58:01.002+0000] {processor.py:914} INFO - Processing file /home/airflow/.local/lib/python3.12/site-packages/airflow/example_dags/example_latest_only_with_trigger.py for tasks to queue
[2024-11-26T17:58:01.004+0000] {logging_mixin.py:190} INFO - [2024-11-26T17:58:01.004+0000] {dagbag.py:588} INFO - Filling up the DagBag from /home/airflow/.local/lib/python3.12/site-packages/airflow/example_dags/example_latest_only_with_trigger.py
[2024-11-26T17:58:01.009+0000] {processor.py:925} INFO - DAG(s) 'latest_only_with_trigger' retrieved from /home/airflow/.local/lib/python3.12/site-packages/airflow/example_dags/example_latest_only_with_trigger.py
[2024-11-26T17:58:01.024+0000] {logging_mixin.py:190} INFO - [2024-11-26T17:58:01.024+0000] {dag.py:3239} INFO - Sync 1 DAGs
[2024-11-26T17:58:01.041+0000] {logging_mixin.py:190} INFO - [2024-11-26T17:58:01.041+0000] {dag.py:4180} INFO - Setting next_dagrun for latest_only_with_trigger to 2024-11-26 12:00:00+00:00, run_after=2024-11-26 16:00:00+00:00
[2024-11-26T17:58:01.055+0000] {processor.py:208} INFO - Processing /home/airflow/.local/lib/python3.12/site-packages/airflow/example_dags/example_latest_only_with_trigger.py took 0.057 seconds
[2024-11-26T17:58:31.223+0000] {processor.py:186} INFO - Started process (PID=647) to work on /home/airflow/.local/lib/python3.12/site-packages/airflow/example_dags/example_latest_only_with_trigger.py
[2024-11-26T17:58:31.224+0000] {processor.py:914} INFO - Processing file /home/airflow/.local/lib/python3.12/site-packages/airflow/example_dags/example_latest_only_with_trigger.py for tasks to queue
[2024-11-26T17:58:31.225+0000] {logging_mixin.py:190} INFO - [2024-11-26T17:58:31.225+0000] {dagbag.py:588} INFO - Filling up the DagBag from /home/airflow/.local/lib/python3.12/site-packages/airflow/example_dags/example_latest_only_with_trigger.py
[2024-11-26T17:58:31.231+0000] {processor.py:925} INFO - DAG(s) 'latest_only_with_trigger' retrieved from /home/airflow/.local/lib/python3.12/site-packages/airflow/example_dags/example_latest_only_with_trigger.py
[2024-11-26T17:58:31.246+0000] {logging_mixin.py:190} INFO - [2024-11-26T17:58:31.246+0000] {dag.py:3239} INFO - Sync 1 DAGs
[2024-11-26T17:58:31.263+0000] {logging_mixin.py:190} INFO - [2024-11-26T17:58:31.263+0000] {dag.py:4180} INFO - Setting next_dagrun for latest_only_with_trigger to 2024-11-26 12:00:00+00:00, run_after=2024-11-26 16:00:00+00:00
[2024-11-26T17:58:31.277+0000] {processor.py:208} INFO - Processing /home/airflow/.local/lib/python3.12/site-packages/airflow/example_dags/example_latest_only_with_trigger.py took 0.058 seconds
[2024-11-26T17:59:01.957+0000] {processor.py:186} INFO - Started process (PID=710) to work on /home/airflow/.local/lib/python3.12/site-packages/airflow/example_dags/example_latest_only_with_trigger.py
[2024-11-26T17:59:01.958+0000] {processor.py:914} INFO - Processing file /home/airflow/.local/lib/python3.12/site-packages/airflow/example_dags/example_latest_only_with_trigger.py for tasks to queue
[2024-11-26T17:59:01.960+0000] {logging_mixin.py:190} INFO - [2024-11-26T17:59:01.960+0000] {dagbag.py:588} INFO - Filling up the DagBag from /home/airflow/.local/lib/python3.12/site-packages/airflow/example_dags/example_latest_only_with_trigger.py
[2024-11-26T17:59:01.968+0000] {processor.py:925} INFO - DAG(s) 'latest_only_with_trigger' retrieved from /home/airflow/.local/lib/python3.12/site-packages/airflow/example_dags/example_latest_only_with_trigger.py
[2024-11-26T17:59:01.986+0000] {logging_mixin.py:190} INFO - [2024-11-26T17:59:01.986+0000] {dag.py:3239} INFO - Sync 1 DAGs
[2024-11-26T17:59:02.003+0000] {logging_mixin.py:190} INFO - [2024-11-26T17:59:02.003+0000] {dag.py:4180} INFO - Setting next_dagrun for latest_only_with_trigger to 2024-11-26 12:00:00+00:00, run_after=2024-11-26 16:00:00+00:00
[2024-11-26T17:59:02.019+0000] {processor.py:208} INFO - Processing /home/airflow/.local/lib/python3.12/site-packages/airflow/example_dags/example_latest_only_with_trigger.py took 0.067 seconds
[2024-11-26T18:06:05.953+0000] {processor.py:186} INFO - Started process (PID=76) to work on /home/airflow/.local/lib/python3.12/site-packages/airflow/example_dags/example_latest_only_with_trigger.py
[2024-11-26T18:06:05.954+0000] {processor.py:914} INFO - Processing file /home/airflow/.local/lib/python3.12/site-packages/airflow/example_dags/example_latest_only_with_trigger.py for tasks to queue
[2024-11-26T18:06:05.955+0000] {logging_mixin.py:190} INFO - [2024-11-26T18:06:05.955+0000] {dagbag.py:588} INFO - Filling up the DagBag from /home/airflow/.local/lib/python3.12/site-packages/airflow/example_dags/example_latest_only_with_trigger.py
[2024-11-26T18:06:05.963+0000] {processor.py:925} INFO - DAG(s) 'latest_only_with_trigger' retrieved from /home/airflow/.local/lib/python3.12/site-packages/airflow/example_dags/example_latest_only_with_trigger.py
[2024-11-26T18:06:05.987+0000] {logging_mixin.py:190} INFO - [2024-11-26T18:06:05.986+0000] {dag.py:3239} INFO - Sync 1 DAGs
[2024-11-26T18:06:06.005+0000] {logging_mixin.py:190} INFO - [2024-11-26T18:06:06.005+0000] {dag.py:4180} INFO - Setting next_dagrun for latest_only_with_trigger to 2024-11-26 12:00:00+00:00, run_after=2024-11-26 16:00:00+00:00
[2024-11-26T18:06:06.020+0000] {processor.py:208} INFO - Processing /home/airflow/.local/lib/python3.12/site-packages/airflow/example_dags/example_latest_only_with_trigger.py took 0.071 seconds
[2024-11-26T18:06:36.375+0000] {processor.py:186} INFO - Started process (PID=140) to work on /home/airflow/.local/lib/python3.12/site-packages/airflow/example_dags/example_latest_only_with_trigger.py
[2024-11-26T18:06:36.376+0000] {processor.py:914} INFO - Processing file /home/airflow/.local/lib/python3.12/site-packages/airflow/example_dags/example_latest_only_with_trigger.py for tasks to queue
[2024-11-26T18:06:36.378+0000] {logging_mixin.py:190} INFO - [2024-11-26T18:06:36.378+0000] {dagbag.py:588} INFO - Filling up the DagBag from /home/airflow/.local/lib/python3.12/site-packages/airflow/example_dags/example_latest_only_with_trigger.py
[2024-11-26T18:06:36.383+0000] {processor.py:925} INFO - DAG(s) 'latest_only_with_trigger' retrieved from /home/airflow/.local/lib/python3.12/site-packages/airflow/example_dags/example_latest_only_with_trigger.py
[2024-11-26T18:06:36.398+0000] {logging_mixin.py:190} INFO - [2024-11-26T18:06:36.398+0000] {dag.py:3239} INFO - Sync 1 DAGs
[2024-11-26T18:06:36.415+0000] {logging_mixin.py:190} INFO - [2024-11-26T18:06:36.415+0000] {dag.py:4180} INFO - Setting next_dagrun for latest_only_with_trigger to 2024-11-26 12:00:00+00:00, run_after=2024-11-26 16:00:00+00:00
[2024-11-26T18:06:36.429+0000] {processor.py:208} INFO - Processing /home/airflow/.local/lib/python3.12/site-packages/airflow/example_dags/example_latest_only_with_trigger.py took 0.058 seconds
[2024-11-26T18:07:06.482+0000] {processor.py:186} INFO - Started process (PID=203) to work on /home/airflow/.local/lib/python3.12/site-packages/airflow/example_dags/example_latest_only_with_trigger.py
[2024-11-26T18:07:06.483+0000] {processor.py:914} INFO - Processing file /home/airflow/.local/lib/python3.12/site-packages/airflow/example_dags/example_latest_only_with_trigger.py for tasks to queue
[2024-11-26T18:07:06.484+0000] {logging_mixin.py:190} INFO - [2024-11-26T18:07:06.484+0000] {dagbag.py:588} INFO - Filling up the DagBag from /home/airflow/.local/lib/python3.12/site-packages/airflow/example_dags/example_latest_only_with_trigger.py
[2024-11-26T18:07:06.490+0000] {processor.py:925} INFO - DAG(s) 'latest_only_with_trigger' retrieved from /home/airflow/.local/lib/python3.12/site-packages/airflow/example_dags/example_latest_only_with_trigger.py
[2024-11-26T18:07:06.504+0000] {logging_mixin.py:190} INFO - [2024-11-26T18:07:06.504+0000] {dag.py:3239} INFO - Sync 1 DAGs
[2024-11-26T18:07:06.522+0000] {logging_mixin.py:190} INFO - [2024-11-26T18:07:06.522+0000] {dag.py:4180} INFO - Setting next_dagrun for latest_only_with_trigger to 2024-11-26 12:00:00+00:00, run_after=2024-11-26 16:00:00+00:00
[2024-11-26T18:07:06.535+0000] {processor.py:208} INFO - Processing /home/airflow/.local/lib/python3.12/site-packages/airflow/example_dags/example_latest_only_with_trigger.py took 0.057 seconds
[2024-11-26T18:07:37.379+0000] {processor.py:186} INFO - Started process (PID=267) to work on /home/airflow/.local/lib/python3.12/site-packages/airflow/example_dags/example_latest_only_with_trigger.py
[2024-11-26T18:07:37.380+0000] {processor.py:914} INFO - Processing file /home/airflow/.local/lib/python3.12/site-packages/airflow/example_dags/example_latest_only_with_trigger.py for tasks to queue
[2024-11-26T18:07:37.381+0000] {logging_mixin.py:190} INFO - [2024-11-26T18:07:37.381+0000] {dagbag.py:588} INFO - Filling up the DagBag from /home/airflow/.local/lib/python3.12/site-packages/airflow/example_dags/example_latest_only_with_trigger.py
[2024-11-26T18:07:37.387+0000] {processor.py:925} INFO - DAG(s) 'latest_only_with_trigger' retrieved from /home/airflow/.local/lib/python3.12/site-packages/airflow/example_dags/example_latest_only_with_trigger.py
[2024-11-26T18:07:37.404+0000] {logging_mixin.py:190} INFO - [2024-11-26T18:07:37.404+0000] {dag.py:3239} INFO - Sync 1 DAGs
[2024-11-26T18:07:37.423+0000] {logging_mixin.py:190} INFO - [2024-11-26T18:07:37.423+0000] {dag.py:4180} INFO - Setting next_dagrun for latest_only_with_trigger to 2024-11-26 12:00:00+00:00, run_after=2024-11-26 16:00:00+00:00
[2024-11-26T18:07:37.438+0000] {processor.py:208} INFO - Processing /home/airflow/.local/lib/python3.12/site-packages/airflow/example_dags/example_latest_only_with_trigger.py took 0.063 seconds
[2024-11-26T18:08:07.975+0000] {processor.py:186} INFO - Started process (PID=331) to work on /home/airflow/.local/lib/python3.12/site-packages/airflow/example_dags/example_latest_only_with_trigger.py
[2024-11-26T18:08:07.976+0000] {processor.py:914} INFO - Processing file /home/airflow/.local/lib/python3.12/site-packages/airflow/example_dags/example_latest_only_with_trigger.py for tasks to queue
[2024-11-26T18:08:07.977+0000] {logging_mixin.py:190} INFO - [2024-11-26T18:08:07.977+0000] {dagbag.py:588} INFO - Filling up the DagBag from /home/airflow/.local/lib/python3.12/site-packages/airflow/example_dags/example_latest_only_with_trigger.py
[2024-11-26T18:08:07.983+0000] {processor.py:925} INFO - DAG(s) 'latest_only_with_trigger' retrieved from /home/airflow/.local/lib/python3.12/site-packages/airflow/example_dags/example_latest_only_with_trigger.py
[2024-11-26T18:08:07.998+0000] {logging_mixin.py:190} INFO - [2024-11-26T18:08:07.998+0000] {dag.py:3239} INFO - Sync 1 DAGs
[2024-11-26T18:08:08.017+0000] {logging_mixin.py:190} INFO - [2024-11-26T18:08:08.017+0000] {dag.py:4180} INFO - Setting next_dagrun for latest_only_with_trigger to 2024-11-26 12:00:00+00:00, run_after=2024-11-26 16:00:00+00:00
[2024-11-26T18:08:08.034+0000] {processor.py:208} INFO - Processing /home/airflow/.local/lib/python3.12/site-packages/airflow/example_dags/example_latest_only_with_trigger.py took 0.063 seconds
[2024-11-26T18:08:38.701+0000] {processor.py:186} INFO - Started process (PID=395) to work on /home/airflow/.local/lib/python3.12/site-packages/airflow/example_dags/example_latest_only_with_trigger.py
[2024-11-26T18:08:38.702+0000] {processor.py:914} INFO - Processing file /home/airflow/.local/lib/python3.12/site-packages/airflow/example_dags/example_latest_only_with_trigger.py for tasks to queue
[2024-11-26T18:08:38.704+0000] {logging_mixin.py:190} INFO - [2024-11-26T18:08:38.704+0000] {dagbag.py:588} INFO - Filling up the DagBag from /home/airflow/.local/lib/python3.12/site-packages/airflow/example_dags/example_latest_only_with_trigger.py
[2024-11-26T18:08:38.709+0000] {processor.py:925} INFO - DAG(s) 'latest_only_with_trigger' retrieved from /home/airflow/.local/lib/python3.12/site-packages/airflow/example_dags/example_latest_only_with_trigger.py
[2024-11-26T18:08:38.724+0000] {logging_mixin.py:190} INFO - [2024-11-26T18:08:38.724+0000] {dag.py:3239} INFO - Sync 1 DAGs
[2024-11-26T18:08:38.741+0000] {logging_mixin.py:190} INFO - [2024-11-26T18:08:38.741+0000] {dag.py:4180} INFO - Setting next_dagrun for latest_only_with_trigger to 2024-11-26 12:00:00+00:00, run_after=2024-11-26 16:00:00+00:00
[2024-11-26T18:08:38.755+0000] {processor.py:208} INFO - Processing /home/airflow/.local/lib/python3.12/site-packages/airflow/example_dags/example_latest_only_with_trigger.py took 0.058 seconds
[2024-11-26T18:09:09.538+0000] {processor.py:186} INFO - Started process (PID=460) to work on /home/airflow/.local/lib/python3.12/site-packages/airflow/example_dags/example_latest_only_with_trigger.py
[2024-11-26T18:09:09.539+0000] {processor.py:914} INFO - Processing file /home/airflow/.local/lib/python3.12/site-packages/airflow/example_dags/example_latest_only_with_trigger.py for tasks to queue
[2024-11-26T18:09:09.541+0000] {logging_mixin.py:190} INFO - [2024-11-26T18:09:09.541+0000] {dagbag.py:588} INFO - Filling up the DagBag from /home/airflow/.local/lib/python3.12/site-packages/airflow/example_dags/example_latest_only_with_trigger.py
[2024-11-26T18:09:09.546+0000] {processor.py:925} INFO - DAG(s) 'latest_only_with_trigger' retrieved from /home/airflow/.local/lib/python3.12/site-packages/airflow/example_dags/example_latest_only_with_trigger.py
[2024-11-26T18:09:09.562+0000] {logging_mixin.py:190} INFO - [2024-11-26T18:09:09.562+0000] {dag.py:3239} INFO - Sync 1 DAGs
[2024-11-26T18:09:09.579+0000] {logging_mixin.py:190} INFO - [2024-11-26T18:09:09.579+0000] {dag.py:4180} INFO - Setting next_dagrun for latest_only_with_trigger to 2024-11-26 12:00:00+00:00, run_after=2024-11-26 16:00:00+00:00
[2024-11-26T18:09:09.594+0000] {processor.py:208} INFO - Processing /home/airflow/.local/lib/python3.12/site-packages/airflow/example_dags/example_latest_only_with_trigger.py took 0.060 seconds
[2024-11-26T18:09:39.723+0000] {processor.py:186} INFO - Started process (PID=524) to work on /home/airflow/.local/lib/python3.12/site-packages/airflow/example_dags/example_latest_only_with_trigger.py
[2024-11-26T18:09:39.724+0000] {processor.py:914} INFO - Processing file /home/airflow/.local/lib/python3.12/site-packages/airflow/example_dags/example_latest_only_with_trigger.py for tasks to queue
[2024-11-26T18:09:39.725+0000] {logging_mixin.py:190} INFO - [2024-11-26T18:09:39.725+0000] {dagbag.py:588} INFO - Filling up the DagBag from /home/airflow/.local/lib/python3.12/site-packages/airflow/example_dags/example_latest_only_with_trigger.py
[2024-11-26T18:09:39.731+0000] {processor.py:925} INFO - DAG(s) 'latest_only_with_trigger' retrieved from /home/airflow/.local/lib/python3.12/site-packages/airflow/example_dags/example_latest_only_with_trigger.py
[2024-11-26T18:09:39.748+0000] {logging_mixin.py:190} INFO - [2024-11-26T18:09:39.748+0000] {dag.py:3239} INFO - Sync 1 DAGs
[2024-11-26T18:09:39.765+0000] {logging_mixin.py:190} INFO - [2024-11-26T18:09:39.765+0000] {dag.py:4180} INFO - Setting next_dagrun for latest_only_with_trigger to 2024-11-26 12:00:00+00:00, run_after=2024-11-26 16:00:00+00:00
[2024-11-26T18:09:39.780+0000] {processor.py:208} INFO - Processing /home/airflow/.local/lib/python3.12/site-packages/airflow/example_dags/example_latest_only_with_trigger.py took 0.061 seconds
[2024-11-26T18:10:10.483+0000] {processor.py:186} INFO - Started process (PID=587) to work on /home/airflow/.local/lib/python3.12/site-packages/airflow/example_dags/example_latest_only_with_trigger.py
[2024-11-26T18:10:10.484+0000] {processor.py:914} INFO - Processing file /home/airflow/.local/lib/python3.12/site-packages/airflow/example_dags/example_latest_only_with_trigger.py for tasks to queue
[2024-11-26T18:10:10.485+0000] {logging_mixin.py:190} INFO - [2024-11-26T18:10:10.485+0000] {dagbag.py:588} INFO - Filling up the DagBag from /home/airflow/.local/lib/python3.12/site-packages/airflow/example_dags/example_latest_only_with_trigger.py
[2024-11-26T18:10:10.491+0000] {processor.py:925} INFO - DAG(s) 'latest_only_with_trigger' retrieved from /home/airflow/.local/lib/python3.12/site-packages/airflow/example_dags/example_latest_only_with_trigger.py
[2024-11-26T18:10:10.506+0000] {logging_mixin.py:190} INFO - [2024-11-26T18:10:10.506+0000] {dag.py:3239} INFO - Sync 1 DAGs
[2024-11-26T18:10:10.525+0000] {logging_mixin.py:190} INFO - [2024-11-26T18:10:10.525+0000] {dag.py:4180} INFO - Setting next_dagrun for latest_only_with_trigger to 2024-11-26 12:00:00+00:00, run_after=2024-11-26 16:00:00+00:00
[2024-11-26T18:10:10.538+0000] {processor.py:208} INFO - Processing /home/airflow/.local/lib/python3.12/site-packages/airflow/example_dags/example_latest_only_with_trigger.py took 0.059 seconds
[2024-11-26T18:10:40.630+0000] {processor.py:186} INFO - Started process (PID=650) to work on /home/airflow/.local/lib/python3.12/site-packages/airflow/example_dags/example_latest_only_with_trigger.py
[2024-11-26T18:10:40.630+0000] {processor.py:914} INFO - Processing file /home/airflow/.local/lib/python3.12/site-packages/airflow/example_dags/example_latest_only_with_trigger.py for tasks to queue
[2024-11-26T18:10:40.631+0000] {logging_mixin.py:190} INFO - [2024-11-26T18:10:40.631+0000] {dagbag.py:588} INFO - Filling up the DagBag from /home/airflow/.local/lib/python3.12/site-packages/airflow/example_dags/example_latest_only_with_trigger.py
[2024-11-26T18:10:40.637+0000] {processor.py:925} INFO - DAG(s) 'latest_only_with_trigger' retrieved from /home/airflow/.local/lib/python3.12/site-packages/airflow/example_dags/example_latest_only_with_trigger.py
[2024-11-26T18:10:40.652+0000] {logging_mixin.py:190} INFO - [2024-11-26T18:10:40.652+0000] {dag.py:3239} INFO - Sync 1 DAGs
[2024-11-26T18:10:40.669+0000] {logging_mixin.py:190} INFO - [2024-11-26T18:10:40.669+0000] {dag.py:4180} INFO - Setting next_dagrun for latest_only_with_trigger to 2024-11-26 12:00:00+00:00, run_after=2024-11-26 16:00:00+00:00
[2024-11-26T18:10:40.682+0000] {processor.py:208} INFO - Processing /home/airflow/.local/lib/python3.12/site-packages/airflow/example_dags/example_latest_only_with_trigger.py took 0.057 seconds
[2024-11-26T18:11:10.714+0000] {processor.py:186} INFO - Started process (PID=714) to work on /home/airflow/.local/lib/python3.12/site-packages/airflow/example_dags/example_latest_only_with_trigger.py
[2024-11-26T18:11:10.715+0000] {processor.py:914} INFO - Processing file /home/airflow/.local/lib/python3.12/site-packages/airflow/example_dags/example_latest_only_with_trigger.py for tasks to queue
[2024-11-26T18:11:10.716+0000] {logging_mixin.py:190} INFO - [2024-11-26T18:11:10.715+0000] {dagbag.py:588} INFO - Filling up the DagBag from /home/airflow/.local/lib/python3.12/site-packages/airflow/example_dags/example_latest_only_with_trigger.py
[2024-11-26T18:11:10.721+0000] {processor.py:925} INFO - DAG(s) 'latest_only_with_trigger' retrieved from /home/airflow/.local/lib/python3.12/site-packages/airflow/example_dags/example_latest_only_with_trigger.py
[2024-11-26T18:11:10.736+0000] {logging_mixin.py:190} INFO - [2024-11-26T18:11:10.736+0000] {dag.py:3239} INFO - Sync 1 DAGs
[2024-11-26T18:11:10.752+0000] {logging_mixin.py:190} INFO - [2024-11-26T18:11:10.752+0000] {dag.py:4180} INFO - Setting next_dagrun for latest_only_with_trigger to 2024-11-26 12:00:00+00:00, run_after=2024-11-26 16:00:00+00:00
[2024-11-26T18:11:10.766+0000] {processor.py:208} INFO - Processing /home/airflow/.local/lib/python3.12/site-packages/airflow/example_dags/example_latest_only_with_trigger.py took 0.055 seconds
[2024-11-26T18:12:30.616+0000] {processor.py:186} INFO - Started process (PID=64) to work on /home/airflow/.local/lib/python3.12/site-packages/airflow/example_dags/example_latest_only_with_trigger.py
[2024-11-26T18:12:30.617+0000] {processor.py:914} INFO - Processing file /home/airflow/.local/lib/python3.12/site-packages/airflow/example_dags/example_latest_only_with_trigger.py for tasks to queue
[2024-11-26T18:12:30.619+0000] {logging_mixin.py:190} INFO - [2024-11-26T18:12:30.619+0000] {dagbag.py:588} INFO - Filling up the DagBag from /home/airflow/.local/lib/python3.12/site-packages/airflow/example_dags/example_latest_only_with_trigger.py
[2024-11-26T18:12:30.625+0000] {processor.py:925} INFO - DAG(s) 'latest_only_with_trigger' retrieved from /home/airflow/.local/lib/python3.12/site-packages/airflow/example_dags/example_latest_only_with_trigger.py
[2024-11-26T18:12:30.647+0000] {logging_mixin.py:190} INFO - [2024-11-26T18:12:30.646+0000] {dag.py:3239} INFO - Sync 1 DAGs
[2024-11-26T18:12:30.665+0000] {logging_mixin.py:190} INFO - [2024-11-26T18:12:30.664+0000] {dag.py:4180} INFO - Setting next_dagrun for latest_only_with_trigger to 2024-11-26 12:00:00+00:00, run_after=2024-11-26 16:00:00+00:00
[2024-11-26T18:12:30.681+0000] {processor.py:208} INFO - Processing /home/airflow/.local/lib/python3.12/site-packages/airflow/example_dags/example_latest_only_with_trigger.py took 0.069 seconds
[2024-11-26T18:13:01.179+0000] {processor.py:186} INFO - Started process (PID=128) to work on /home/airflow/.local/lib/python3.12/site-packages/airflow/example_dags/example_latest_only_with_trigger.py
[2024-11-26T18:13:01.180+0000] {processor.py:914} INFO - Processing file /home/airflow/.local/lib/python3.12/site-packages/airflow/example_dags/example_latest_only_with_trigger.py for tasks to queue
[2024-11-26T18:13:01.182+0000] {logging_mixin.py:190} INFO - [2024-11-26T18:13:01.182+0000] {dagbag.py:588} INFO - Filling up the DagBag from /home/airflow/.local/lib/python3.12/site-packages/airflow/example_dags/example_latest_only_with_trigger.py
[2024-11-26T18:13:01.187+0000] {processor.py:925} INFO - DAG(s) 'latest_only_with_trigger' retrieved from /home/airflow/.local/lib/python3.12/site-packages/airflow/example_dags/example_latest_only_with_trigger.py
[2024-11-26T18:13:01.204+0000] {logging_mixin.py:190} INFO - [2024-11-26T18:13:01.204+0000] {dag.py:3239} INFO - Sync 1 DAGs
[2024-11-26T18:13:01.222+0000] {logging_mixin.py:190} INFO - [2024-11-26T18:13:01.222+0000] {dag.py:4180} INFO - Setting next_dagrun for latest_only_with_trigger to 2024-11-26 12:00:00+00:00, run_after=2024-11-26 16:00:00+00:00
[2024-11-26T18:13:01.238+0000] {processor.py:208} INFO - Processing /home/airflow/.local/lib/python3.12/site-packages/airflow/example_dags/example_latest_only_with_trigger.py took 0.063 seconds
[2024-11-26T18:13:31.760+0000] {processor.py:186} INFO - Started process (PID=192) to work on /home/airflow/.local/lib/python3.12/site-packages/airflow/example_dags/example_latest_only_with_trigger.py
[2024-11-26T18:13:31.761+0000] {processor.py:914} INFO - Processing file /home/airflow/.local/lib/python3.12/site-packages/airflow/example_dags/example_latest_only_with_trigger.py for tasks to queue
[2024-11-26T18:13:31.762+0000] {logging_mixin.py:190} INFO - [2024-11-26T18:13:31.762+0000] {dagbag.py:588} INFO - Filling up the DagBag from /home/airflow/.local/lib/python3.12/site-packages/airflow/example_dags/example_latest_only_with_trigger.py
[2024-11-26T18:13:31.767+0000] {processor.py:925} INFO - DAG(s) 'latest_only_with_trigger' retrieved from /home/airflow/.local/lib/python3.12/site-packages/airflow/example_dags/example_latest_only_with_trigger.py
[2024-11-26T18:13:31.785+0000] {logging_mixin.py:190} INFO - [2024-11-26T18:13:31.784+0000] {dag.py:3239} INFO - Sync 1 DAGs
[2024-11-26T18:13:31.803+0000] {logging_mixin.py:190} INFO - [2024-11-26T18:13:31.803+0000] {dag.py:4180} INFO - Setting next_dagrun for latest_only_with_trigger to 2024-11-26 12:00:00+00:00, run_after=2024-11-26 16:00:00+00:00
[2024-11-26T18:13:31.819+0000] {processor.py:208} INFO - Processing /home/airflow/.local/lib/python3.12/site-packages/airflow/example_dags/example_latest_only_with_trigger.py took 0.063 seconds
[2024-11-26T18:14:01.924+0000] {processor.py:186} INFO - Started process (PID=255) to work on /home/airflow/.local/lib/python3.12/site-packages/airflow/example_dags/example_latest_only_with_trigger.py
[2024-11-26T18:14:01.924+0000] {processor.py:914} INFO - Processing file /home/airflow/.local/lib/python3.12/site-packages/airflow/example_dags/example_latest_only_with_trigger.py for tasks to queue
[2024-11-26T18:14:01.927+0000] {logging_mixin.py:190} INFO - [2024-11-26T18:14:01.926+0000] {dagbag.py:588} INFO - Filling up the DagBag from /home/airflow/.local/lib/python3.12/site-packages/airflow/example_dags/example_latest_only_with_trigger.py
[2024-11-26T18:14:01.933+0000] {processor.py:925} INFO - DAG(s) 'latest_only_with_trigger' retrieved from /home/airflow/.local/lib/python3.12/site-packages/airflow/example_dags/example_latest_only_with_trigger.py
[2024-11-26T18:14:01.955+0000] {logging_mixin.py:190} INFO - [2024-11-26T18:14:01.955+0000] {dag.py:3239} INFO - Sync 1 DAGs
[2024-11-26T18:14:01.978+0000] {logging_mixin.py:190} INFO - [2024-11-26T18:14:01.978+0000] {dag.py:4180} INFO - Setting next_dagrun for latest_only_with_trigger to 2024-11-26 12:00:00+00:00, run_after=2024-11-26 16:00:00+00:00
[2024-11-26T18:14:01.994+0000] {processor.py:208} INFO - Processing /home/airflow/.local/lib/python3.12/site-packages/airflow/example_dags/example_latest_only_with_trigger.py took 0.075 seconds
[2024-11-26T18:14:32.087+0000] {processor.py:186} INFO - Started process (PID=319) to work on /home/airflow/.local/lib/python3.12/site-packages/airflow/example_dags/example_latest_only_with_trigger.py
[2024-11-26T18:14:32.088+0000] {processor.py:914} INFO - Processing file /home/airflow/.local/lib/python3.12/site-packages/airflow/example_dags/example_latest_only_with_trigger.py for tasks to queue
[2024-11-26T18:14:32.089+0000] {logging_mixin.py:190} INFO - [2024-11-26T18:14:32.089+0000] {dagbag.py:588} INFO - Filling up the DagBag from /home/airflow/.local/lib/python3.12/site-packages/airflow/example_dags/example_latest_only_with_trigger.py
[2024-11-26T18:14:32.095+0000] {processor.py:925} INFO - DAG(s) 'latest_only_with_trigger' retrieved from /home/airflow/.local/lib/python3.12/site-packages/airflow/example_dags/example_latest_only_with_trigger.py
[2024-11-26T18:14:32.109+0000] {logging_mixin.py:190} INFO - [2024-11-26T18:14:32.109+0000] {dag.py:3239} INFO - Sync 1 DAGs
[2024-11-26T18:14:32.127+0000] {logging_mixin.py:190} INFO - [2024-11-26T18:14:32.127+0000] {dag.py:4180} INFO - Setting next_dagrun for latest_only_with_trigger to 2024-11-26 12:00:00+00:00, run_after=2024-11-26 16:00:00+00:00
[2024-11-26T18:14:32.140+0000] {processor.py:208} INFO - Processing /home/airflow/.local/lib/python3.12/site-packages/airflow/example_dags/example_latest_only_with_trigger.py took 0.056 seconds
[2024-11-26T18:15:02.779+0000] {processor.py:186} INFO - Started process (PID=389) to work on /home/airflow/.local/lib/python3.12/site-packages/airflow/example_dags/example_latest_only_with_trigger.py
[2024-11-26T18:15:02.780+0000] {processor.py:914} INFO - Processing file /home/airflow/.local/lib/python3.12/site-packages/airflow/example_dags/example_latest_only_with_trigger.py for tasks to queue
[2024-11-26T18:15:02.781+0000] {logging_mixin.py:190} INFO - [2024-11-26T18:15:02.781+0000] {dagbag.py:588} INFO - Filling up the DagBag from /home/airflow/.local/lib/python3.12/site-packages/airflow/example_dags/example_latest_only_with_trigger.py
[2024-11-26T18:15:02.787+0000] {processor.py:925} INFO - DAG(s) 'latest_only_with_trigger' retrieved from /home/airflow/.local/lib/python3.12/site-packages/airflow/example_dags/example_latest_only_with_trigger.py
[2024-11-26T18:15:02.802+0000] {logging_mixin.py:190} INFO - [2024-11-26T18:15:02.802+0000] {dag.py:3239} INFO - Sync 1 DAGs
[2024-11-26T18:15:02.819+0000] {logging_mixin.py:190} INFO - [2024-11-26T18:15:02.818+0000] {dag.py:4180} INFO - Setting next_dagrun for latest_only_with_trigger to 2024-11-26 12:00:00+00:00, run_after=2024-11-26 16:00:00+00:00
[2024-11-26T18:15:02.833+0000] {processor.py:208} INFO - Processing /home/airflow/.local/lib/python3.12/site-packages/airflow/example_dags/example_latest_only_with_trigger.py took 0.058 seconds
[2024-11-26T18:15:33.514+0000] {processor.py:186} INFO - Started process (PID=453) to work on /home/airflow/.local/lib/python3.12/site-packages/airflow/example_dags/example_latest_only_with_trigger.py
[2024-11-26T18:15:33.515+0000] {processor.py:914} INFO - Processing file /home/airflow/.local/lib/python3.12/site-packages/airflow/example_dags/example_latest_only_with_trigger.py for tasks to queue
[2024-11-26T18:15:33.517+0000] {logging_mixin.py:190} INFO - [2024-11-26T18:15:33.516+0000] {dagbag.py:588} INFO - Filling up the DagBag from /home/airflow/.local/lib/python3.12/site-packages/airflow/example_dags/example_latest_only_with_trigger.py
[2024-11-26T18:15:33.522+0000] {processor.py:925} INFO - DAG(s) 'latest_only_with_trigger' retrieved from /home/airflow/.local/lib/python3.12/site-packages/airflow/example_dags/example_latest_only_with_trigger.py
[2024-11-26T18:15:33.539+0000] {logging_mixin.py:190} INFO - [2024-11-26T18:15:33.539+0000] {dag.py:3239} INFO - Sync 1 DAGs
[2024-11-26T18:15:33.558+0000] {logging_mixin.py:190} INFO - [2024-11-26T18:15:33.558+0000] {dag.py:4180} INFO - Setting next_dagrun for latest_only_with_trigger to 2024-11-26 12:00:00+00:00, run_after=2024-11-26 16:00:00+00:00
[2024-11-26T18:15:33.572+0000] {processor.py:208} INFO - Processing /home/airflow/.local/lib/python3.12/site-packages/airflow/example_dags/example_latest_only_with_trigger.py took 0.062 seconds
[2024-11-26T18:16:04.394+0000] {processor.py:186} INFO - Started process (PID=517) to work on /home/airflow/.local/lib/python3.12/site-packages/airflow/example_dags/example_latest_only_with_trigger.py
[2024-11-26T18:16:04.395+0000] {processor.py:914} INFO - Processing file /home/airflow/.local/lib/python3.12/site-packages/airflow/example_dags/example_latest_only_with_trigger.py for tasks to queue
[2024-11-26T18:16:04.397+0000] {logging_mixin.py:190} INFO - [2024-11-26T18:16:04.396+0000] {dagbag.py:588} INFO - Filling up the DagBag from /home/airflow/.local/lib/python3.12/site-packages/airflow/example_dags/example_latest_only_with_trigger.py
[2024-11-26T18:16:04.402+0000] {processor.py:925} INFO - DAG(s) 'latest_only_with_trigger' retrieved from /home/airflow/.local/lib/python3.12/site-packages/airflow/example_dags/example_latest_only_with_trigger.py
[2024-11-26T18:16:04.420+0000] {logging_mixin.py:190} INFO - [2024-11-26T18:16:04.420+0000] {dag.py:3239} INFO - Sync 1 DAGs
[2024-11-26T18:16:04.438+0000] {logging_mixin.py:190} INFO - [2024-11-26T18:16:04.437+0000] {dag.py:4180} INFO - Setting next_dagrun for latest_only_with_trigger to 2024-11-26 12:00:00+00:00, run_after=2024-11-26 16:00:00+00:00
[2024-11-26T18:16:04.451+0000] {processor.py:208} INFO - Processing /home/airflow/.local/lib/python3.12/site-packages/airflow/example_dags/example_latest_only_with_trigger.py took 0.060 seconds
[2024-11-26T18:16:34.993+0000] {processor.py:186} INFO - Started process (PID=581) to work on /home/airflow/.local/lib/python3.12/site-packages/airflow/example_dags/example_latest_only_with_trigger.py
[2024-11-26T18:16:34.994+0000] {processor.py:914} INFO - Processing file /home/airflow/.local/lib/python3.12/site-packages/airflow/example_dags/example_latest_only_with_trigger.py for tasks to queue
[2024-11-26T18:16:34.995+0000] {logging_mixin.py:190} INFO - [2024-11-26T18:16:34.995+0000] {dagbag.py:588} INFO - Filling up the DagBag from /home/airflow/.local/lib/python3.12/site-packages/airflow/example_dags/example_latest_only_with_trigger.py
[2024-11-26T18:16:35.001+0000] {processor.py:925} INFO - DAG(s) 'latest_only_with_trigger' retrieved from /home/airflow/.local/lib/python3.12/site-packages/airflow/example_dags/example_latest_only_with_trigger.py
[2024-11-26T18:16:35.018+0000] {logging_mixin.py:190} INFO - [2024-11-26T18:16:35.018+0000] {dag.py:3239} INFO - Sync 1 DAGs
[2024-11-26T18:16:35.038+0000] {logging_mixin.py:190} INFO - [2024-11-26T18:16:35.038+0000] {dag.py:4180} INFO - Setting next_dagrun for latest_only_with_trigger to 2024-11-26 12:00:00+00:00, run_after=2024-11-26 16:00:00+00:00
[2024-11-26T18:16:35.055+0000] {processor.py:208} INFO - Processing /home/airflow/.local/lib/python3.12/site-packages/airflow/example_dags/example_latest_only_with_trigger.py took 0.066 seconds
[2024-11-26T18:17:05.805+0000] {processor.py:186} INFO - Started process (PID=645) to work on /home/airflow/.local/lib/python3.12/site-packages/airflow/example_dags/example_latest_only_with_trigger.py
[2024-11-26T18:17:05.806+0000] {processor.py:914} INFO - Processing file /home/airflow/.local/lib/python3.12/site-packages/airflow/example_dags/example_latest_only_with_trigger.py for tasks to queue
[2024-11-26T18:17:05.808+0000] {logging_mixin.py:190} INFO - [2024-11-26T18:17:05.807+0000] {dagbag.py:588} INFO - Filling up the DagBag from /home/airflow/.local/lib/python3.12/site-packages/airflow/example_dags/example_latest_only_with_trigger.py
[2024-11-26T18:17:05.813+0000] {processor.py:925} INFO - DAG(s) 'latest_only_with_trigger' retrieved from /home/airflow/.local/lib/python3.12/site-packages/airflow/example_dags/example_latest_only_with_trigger.py
[2024-11-26T18:17:05.828+0000] {logging_mixin.py:190} INFO - [2024-11-26T18:17:05.828+0000] {dag.py:3239} INFO - Sync 1 DAGs
[2024-11-26T18:17:05.845+0000] {logging_mixin.py:190} INFO - [2024-11-26T18:17:05.845+0000] {dag.py:4180} INFO - Setting next_dagrun for latest_only_with_trigger to 2024-11-26 12:00:00+00:00, run_after=2024-11-26 16:00:00+00:00
[2024-11-26T18:17:05.860+0000] {processor.py:208} INFO - Processing /home/airflow/.local/lib/python3.12/site-packages/airflow/example_dags/example_latest_only_with_trigger.py took 0.058 seconds
[2024-11-26T18:17:36.514+0000] {processor.py:186} INFO - Started process (PID=709) to work on /home/airflow/.local/lib/python3.12/site-packages/airflow/example_dags/example_latest_only_with_trigger.py
[2024-11-26T18:17:36.515+0000] {processor.py:914} INFO - Processing file /home/airflow/.local/lib/python3.12/site-packages/airflow/example_dags/example_latest_only_with_trigger.py for tasks to queue
[2024-11-26T18:17:36.516+0000] {logging_mixin.py:190} INFO - [2024-11-26T18:17:36.516+0000] {dagbag.py:588} INFO - Filling up the DagBag from /home/airflow/.local/lib/python3.12/site-packages/airflow/example_dags/example_latest_only_with_trigger.py
[2024-11-26T18:17:36.521+0000] {processor.py:925} INFO - DAG(s) 'latest_only_with_trigger' retrieved from /home/airflow/.local/lib/python3.12/site-packages/airflow/example_dags/example_latest_only_with_trigger.py
[2024-11-26T18:17:36.537+0000] {logging_mixin.py:190} INFO - [2024-11-26T18:17:36.536+0000] {dag.py:3239} INFO - Sync 1 DAGs
[2024-11-26T18:17:36.553+0000] {logging_mixin.py:190} INFO - [2024-11-26T18:17:36.553+0000] {dag.py:4180} INFO - Setting next_dagrun for latest_only_with_trigger to 2024-11-26 12:00:00+00:00, run_after=2024-11-26 16:00:00+00:00
[2024-11-26T18:17:36.568+0000] {processor.py:208} INFO - Processing /home/airflow/.local/lib/python3.12/site-packages/airflow/example_dags/example_latest_only_with_trigger.py took 0.057 seconds
[2024-11-26T18:18:07.458+0000] {processor.py:186} INFO - Started process (PID=773) to work on /home/airflow/.local/lib/python3.12/site-packages/airflow/example_dags/example_latest_only_with_trigger.py
[2024-11-26T18:18:07.459+0000] {processor.py:914} INFO - Processing file /home/airflow/.local/lib/python3.12/site-packages/airflow/example_dags/example_latest_only_with_trigger.py for tasks to queue
[2024-11-26T18:18:07.460+0000] {logging_mixin.py:190} INFO - [2024-11-26T18:18:07.460+0000] {dagbag.py:588} INFO - Filling up the DagBag from /home/airflow/.local/lib/python3.12/site-packages/airflow/example_dags/example_latest_only_with_trigger.py
[2024-11-26T18:18:07.466+0000] {processor.py:925} INFO - DAG(s) 'latest_only_with_trigger' retrieved from /home/airflow/.local/lib/python3.12/site-packages/airflow/example_dags/example_latest_only_with_trigger.py
[2024-11-26T18:18:07.483+0000] {logging_mixin.py:190} INFO - [2024-11-26T18:18:07.483+0000] {dag.py:3239} INFO - Sync 1 DAGs
[2024-11-26T18:18:07.500+0000] {logging_mixin.py:190} INFO - [2024-11-26T18:18:07.500+0000] {dag.py:4180} INFO - Setting next_dagrun for latest_only_with_trigger to 2024-11-26 12:00:00+00:00, run_after=2024-11-26 16:00:00+00:00
[2024-11-26T18:18:07.515+0000] {processor.py:208} INFO - Processing /home/airflow/.local/lib/python3.12/site-packages/airflow/example_dags/example_latest_only_with_trigger.py took 0.061 seconds
[2024-11-26T18:44:10.166+0000] {processor.py:186} INFO - Started process (PID=81) to work on /home/airflow/.local/lib/python3.12/site-packages/airflow/example_dags/example_latest_only_with_trigger.py
[2024-11-26T18:44:10.166+0000] {processor.py:914} INFO - Processing file /home/airflow/.local/lib/python3.12/site-packages/airflow/example_dags/example_latest_only_with_trigger.py for tasks to queue
[2024-11-26T18:44:10.168+0000] {logging_mixin.py:190} INFO - [2024-11-26T18:44:10.168+0000] {dagbag.py:588} INFO - Filling up the DagBag from /home/airflow/.local/lib/python3.12/site-packages/airflow/example_dags/example_latest_only_with_trigger.py
[2024-11-26T18:44:10.174+0000] {processor.py:925} INFO - DAG(s) 'latest_only_with_trigger' retrieved from /home/airflow/.local/lib/python3.12/site-packages/airflow/example_dags/example_latest_only_with_trigger.py
[2024-11-26T18:44:10.195+0000] {logging_mixin.py:190} INFO - [2024-11-26T18:44:10.195+0000] {dag.py:3239} INFO - Sync 1 DAGs
[2024-11-26T18:44:10.213+0000] {logging_mixin.py:190} INFO - [2024-11-26T18:44:10.213+0000] {dag.py:4180} INFO - Setting next_dagrun for latest_only_with_trigger to 2024-11-26 12:00:00+00:00, run_after=2024-11-26 16:00:00+00:00
[2024-11-26T18:44:10.230+0000] {processor.py:208} INFO - Processing /home/airflow/.local/lib/python3.12/site-packages/airflow/example_dags/example_latest_only_with_trigger.py took 0.068 seconds
[2024-11-26T18:44:40.816+0000] {processor.py:186} INFO - Started process (PID=162) to work on /home/airflow/.local/lib/python3.12/site-packages/airflow/example_dags/example_latest_only_with_trigger.py
[2024-11-26T18:44:40.817+0000] {processor.py:914} INFO - Processing file /home/airflow/.local/lib/python3.12/site-packages/airflow/example_dags/example_latest_only_with_trigger.py for tasks to queue
[2024-11-26T18:44:40.818+0000] {logging_mixin.py:190} INFO - [2024-11-26T18:44:40.818+0000] {dagbag.py:588} INFO - Filling up the DagBag from /home/airflow/.local/lib/python3.12/site-packages/airflow/example_dags/example_latest_only_with_trigger.py
[2024-11-26T18:44:40.824+0000] {processor.py:925} INFO - DAG(s) 'latest_only_with_trigger' retrieved from /home/airflow/.local/lib/python3.12/site-packages/airflow/example_dags/example_latest_only_with_trigger.py
[2024-11-26T18:44:40.839+0000] {logging_mixin.py:190} INFO - [2024-11-26T18:44:40.839+0000] {dag.py:3239} INFO - Sync 1 DAGs
[2024-11-26T18:44:40.856+0000] {logging_mixin.py:190} INFO - [2024-11-26T18:44:40.856+0000] {dag.py:4180} INFO - Setting next_dagrun for latest_only_with_trigger to 2024-11-26 12:00:00+00:00, run_after=2024-11-26 16:00:00+00:00
[2024-11-26T18:44:40.871+0000] {processor.py:208} INFO - Processing /home/airflow/.local/lib/python3.12/site-packages/airflow/example_dags/example_latest_only_with_trigger.py took 0.058 seconds
[2024-11-26T18:45:12.143+0000] {processor.py:186} INFO - Started process (PID=237) to work on /home/airflow/.local/lib/python3.12/site-packages/airflow/example_dags/example_latest_only_with_trigger.py
[2024-11-26T18:45:12.144+0000] {processor.py:914} INFO - Processing file /home/airflow/.local/lib/python3.12/site-packages/airflow/example_dags/example_latest_only_with_trigger.py for tasks to queue
[2024-11-26T18:45:12.146+0000] {logging_mixin.py:190} INFO - [2024-11-26T18:45:12.146+0000] {dagbag.py:588} INFO - Filling up the DagBag from /home/airflow/.local/lib/python3.12/site-packages/airflow/example_dags/example_latest_only_with_trigger.py
[2024-11-26T18:45:12.152+0000] {processor.py:925} INFO - DAG(s) 'latest_only_with_trigger' retrieved from /home/airflow/.local/lib/python3.12/site-packages/airflow/example_dags/example_latest_only_with_trigger.py
[2024-11-26T18:45:12.167+0000] {logging_mixin.py:190} INFO - [2024-11-26T18:45:12.167+0000] {dag.py:3239} INFO - Sync 1 DAGs
[2024-11-26T18:45:12.184+0000] {logging_mixin.py:190} INFO - [2024-11-26T18:45:12.184+0000] {dag.py:4180} INFO - Setting next_dagrun for latest_only_with_trigger to 2024-11-26 12:00:00+00:00, run_after=2024-11-26 16:00:00+00:00
[2024-11-26T18:45:12.197+0000] {processor.py:208} INFO - Processing /home/airflow/.local/lib/python3.12/site-packages/airflow/example_dags/example_latest_only_with_trigger.py took 0.058 seconds
[2024-11-26T18:45:43.994+0000] {processor.py:186} INFO - Started process (PID=312) to work on /home/airflow/.local/lib/python3.12/site-packages/airflow/example_dags/example_latest_only_with_trigger.py
[2024-11-26T18:45:43.995+0000] {processor.py:914} INFO - Processing file /home/airflow/.local/lib/python3.12/site-packages/airflow/example_dags/example_latest_only_with_trigger.py for tasks to queue
[2024-11-26T18:45:43.996+0000] {logging_mixin.py:190} INFO - [2024-11-26T18:45:43.996+0000] {dagbag.py:588} INFO - Filling up the DagBag from /home/airflow/.local/lib/python3.12/site-packages/airflow/example_dags/example_latest_only_with_trigger.py
[2024-11-26T18:45:44.002+0000] {processor.py:925} INFO - DAG(s) 'latest_only_with_trigger' retrieved from /home/airflow/.local/lib/python3.12/site-packages/airflow/example_dags/example_latest_only_with_trigger.py
[2024-11-26T18:45:44.023+0000] {logging_mixin.py:190} INFO - [2024-11-26T18:45:44.023+0000] {dag.py:3239} INFO - Sync 1 DAGs
[2024-11-26T18:45:44.042+0000] {logging_mixin.py:190} INFO - [2024-11-26T18:45:44.042+0000] {dag.py:4180} INFO - Setting next_dagrun for latest_only_with_trigger to 2024-11-26 12:00:00+00:00, run_after=2024-11-26 16:00:00+00:00
[2024-11-26T18:45:44.059+0000] {processor.py:208} INFO - Processing /home/airflow/.local/lib/python3.12/site-packages/airflow/example_dags/example_latest_only_with_trigger.py took 0.069 seconds
[2024-11-26T18:46:14.835+0000] {processor.py:186} INFO - Started process (PID=387) to work on /home/airflow/.local/lib/python3.12/site-packages/airflow/example_dags/example_latest_only_with_trigger.py
[2024-11-26T18:46:14.837+0000] {processor.py:914} INFO - Processing file /home/airflow/.local/lib/python3.12/site-packages/airflow/example_dags/example_latest_only_with_trigger.py for tasks to queue
[2024-11-26T18:46:14.839+0000] {logging_mixin.py:190} INFO - [2024-11-26T18:46:14.839+0000] {dagbag.py:588} INFO - Filling up the DagBag from /home/airflow/.local/lib/python3.12/site-packages/airflow/example_dags/example_latest_only_with_trigger.py
[2024-11-26T18:46:14.844+0000] {processor.py:925} INFO - DAG(s) 'latest_only_with_trigger' retrieved from /home/airflow/.local/lib/python3.12/site-packages/airflow/example_dags/example_latest_only_with_trigger.py
[2024-11-26T18:46:14.862+0000] {logging_mixin.py:190} INFO - [2024-11-26T18:46:14.862+0000] {dag.py:3239} INFO - Sync 1 DAGs
[2024-11-26T18:46:14.882+0000] {logging_mixin.py:190} INFO - [2024-11-26T18:46:14.882+0000] {dag.py:4180} INFO - Setting next_dagrun for latest_only_with_trigger to 2024-11-26 12:00:00+00:00, run_after=2024-11-26 16:00:00+00:00
[2024-11-26T18:46:14.898+0000] {processor.py:208} INFO - Processing /home/airflow/.local/lib/python3.12/site-packages/airflow/example_dags/example_latest_only_with_trigger.py took 0.067 seconds
[2024-11-26T18:46:45.180+0000] {processor.py:186} INFO - Started process (PID=451) to work on /home/airflow/.local/lib/python3.12/site-packages/airflow/example_dags/example_latest_only_with_trigger.py
[2024-11-26T18:46:45.181+0000] {processor.py:914} INFO - Processing file /home/airflow/.local/lib/python3.12/site-packages/airflow/example_dags/example_latest_only_with_trigger.py for tasks to queue
[2024-11-26T18:46:45.182+0000] {logging_mixin.py:190} INFO - [2024-11-26T18:46:45.182+0000] {dagbag.py:588} INFO - Filling up the DagBag from /home/airflow/.local/lib/python3.12/site-packages/airflow/example_dags/example_latest_only_with_trigger.py
[2024-11-26T18:46:45.189+0000] {processor.py:925} INFO - DAG(s) 'latest_only_with_trigger' retrieved from /home/airflow/.local/lib/python3.12/site-packages/airflow/example_dags/example_latest_only_with_trigger.py
[2024-11-26T18:46:45.205+0000] {logging_mixin.py:190} INFO - [2024-11-26T18:46:45.204+0000] {dag.py:3239} INFO - Sync 1 DAGs
[2024-11-26T18:46:45.222+0000] {logging_mixin.py:190} INFO - [2024-11-26T18:46:45.222+0000] {dag.py:4180} INFO - Setting next_dagrun for latest_only_with_trigger to 2024-11-26 12:00:00+00:00, run_after=2024-11-26 16:00:00+00:00
[2024-11-26T18:46:45.236+0000] {processor.py:208} INFO - Processing /home/airflow/.local/lib/python3.12/site-packages/airflow/example_dags/example_latest_only_with_trigger.py took 0.060 seconds
[2024-11-26T18:47:15.488+0000] {processor.py:186} INFO - Started process (PID=525) to work on /home/airflow/.local/lib/python3.12/site-packages/airflow/example_dags/example_latest_only_with_trigger.py
[2024-11-26T18:47:15.488+0000] {processor.py:914} INFO - Processing file /home/airflow/.local/lib/python3.12/site-packages/airflow/example_dags/example_latest_only_with_trigger.py for tasks to queue
[2024-11-26T18:47:15.490+0000] {logging_mixin.py:190} INFO - [2024-11-26T18:47:15.490+0000] {dagbag.py:588} INFO - Filling up the DagBag from /home/airflow/.local/lib/python3.12/site-packages/airflow/example_dags/example_latest_only_with_trigger.py
[2024-11-26T18:47:15.497+0000] {processor.py:925} INFO - DAG(s) 'latest_only_with_trigger' retrieved from /home/airflow/.local/lib/python3.12/site-packages/airflow/example_dags/example_latest_only_with_trigger.py
[2024-11-26T18:47:15.514+0000] {logging_mixin.py:190} INFO - [2024-11-26T18:47:15.513+0000] {dag.py:3239} INFO - Sync 1 DAGs
[2024-11-26T18:47:15.532+0000] {logging_mixin.py:190} INFO - [2024-11-26T18:47:15.532+0000] {dag.py:4180} INFO - Setting next_dagrun for latest_only_with_trigger to 2024-11-26 12:00:00+00:00, run_after=2024-11-26 16:00:00+00:00
[2024-11-26T18:47:15.547+0000] {processor.py:208} INFO - Processing /home/airflow/.local/lib/python3.12/site-packages/airflow/example_dags/example_latest_only_with_trigger.py took 0.063 seconds
[2024-11-26T18:47:45.854+0000] {processor.py:186} INFO - Started process (PID=600) to work on /home/airflow/.local/lib/python3.12/site-packages/airflow/example_dags/example_latest_only_with_trigger.py
[2024-11-26T18:47:45.855+0000] {processor.py:914} INFO - Processing file /home/airflow/.local/lib/python3.12/site-packages/airflow/example_dags/example_latest_only_with_trigger.py for tasks to queue
[2024-11-26T18:47:45.857+0000] {logging_mixin.py:190} INFO - [2024-11-26T18:47:45.857+0000] {dagbag.py:588} INFO - Filling up the DagBag from /home/airflow/.local/lib/python3.12/site-packages/airflow/example_dags/example_latest_only_with_trigger.py
[2024-11-26T18:47:45.865+0000] {processor.py:925} INFO - DAG(s) 'latest_only_with_trigger' retrieved from /home/airflow/.local/lib/python3.12/site-packages/airflow/example_dags/example_latest_only_with_trigger.py
[2024-11-26T18:47:45.892+0000] {logging_mixin.py:190} INFO - [2024-11-26T18:47:45.892+0000] {dag.py:3239} INFO - Sync 1 DAGs
[2024-11-26T18:47:45.921+0000] {logging_mixin.py:190} INFO - [2024-11-26T18:47:45.921+0000] {dag.py:4180} INFO - Setting next_dagrun for latest_only_with_trigger to 2024-11-26 12:00:00+00:00, run_after=2024-11-26 16:00:00+00:00
[2024-11-26T18:47:45.937+0000] {processor.py:208} INFO - Processing /home/airflow/.local/lib/python3.12/site-packages/airflow/example_dags/example_latest_only_with_trigger.py took 0.087 seconds
[2024-11-26T18:48:16.649+0000] {processor.py:186} INFO - Started process (PID=674) to work on /home/airflow/.local/lib/python3.12/site-packages/airflow/example_dags/example_latest_only_with_trigger.py
[2024-11-26T18:48:16.650+0000] {processor.py:914} INFO - Processing file /home/airflow/.local/lib/python3.12/site-packages/airflow/example_dags/example_latest_only_with_trigger.py for tasks to queue
[2024-11-26T18:48:16.651+0000] {logging_mixin.py:190} INFO - [2024-11-26T18:48:16.651+0000] {dagbag.py:588} INFO - Filling up the DagBag from /home/airflow/.local/lib/python3.12/site-packages/airflow/example_dags/example_latest_only_with_trigger.py
[2024-11-26T18:48:16.657+0000] {processor.py:925} INFO - DAG(s) 'latest_only_with_trigger' retrieved from /home/airflow/.local/lib/python3.12/site-packages/airflow/example_dags/example_latest_only_with_trigger.py
[2024-11-26T18:48:16.672+0000] {logging_mixin.py:190} INFO - [2024-11-26T18:48:16.672+0000] {dag.py:3239} INFO - Sync 1 DAGs
[2024-11-26T18:48:16.688+0000] {logging_mixin.py:190} INFO - [2024-11-26T18:48:16.688+0000] {dag.py:4180} INFO - Setting next_dagrun for latest_only_with_trigger to 2024-11-26 12:00:00+00:00, run_after=2024-11-26 16:00:00+00:00
[2024-11-26T18:48:16.703+0000] {processor.py:208} INFO - Processing /home/airflow/.local/lib/python3.12/site-packages/airflow/example_dags/example_latest_only_with_trigger.py took 0.058 seconds
[2024-11-26T18:48:47.376+0000] {processor.py:186} INFO - Started process (PID=749) to work on /home/airflow/.local/lib/python3.12/site-packages/airflow/example_dags/example_latest_only_with_trigger.py
[2024-11-26T18:48:47.376+0000] {processor.py:914} INFO - Processing file /home/airflow/.local/lib/python3.12/site-packages/airflow/example_dags/example_latest_only_with_trigger.py for tasks to queue
[2024-11-26T18:48:47.378+0000] {logging_mixin.py:190} INFO - [2024-11-26T18:48:47.378+0000] {dagbag.py:588} INFO - Filling up the DagBag from /home/airflow/.local/lib/python3.12/site-packages/airflow/example_dags/example_latest_only_with_trigger.py
[2024-11-26T18:48:47.383+0000] {processor.py:925} INFO - DAG(s) 'latest_only_with_trigger' retrieved from /home/airflow/.local/lib/python3.12/site-packages/airflow/example_dags/example_latest_only_with_trigger.py
[2024-11-26T18:48:47.398+0000] {logging_mixin.py:190} INFO - [2024-11-26T18:48:47.398+0000] {dag.py:3239} INFO - Sync 1 DAGs
[2024-11-26T18:48:47.417+0000] {logging_mixin.py:190} INFO - [2024-11-26T18:48:47.416+0000] {dag.py:4180} INFO - Setting next_dagrun for latest_only_with_trigger to 2024-11-26 12:00:00+00:00, run_after=2024-11-26 16:00:00+00:00
[2024-11-26T18:48:47.431+0000] {processor.py:208} INFO - Processing /home/airflow/.local/lib/python3.12/site-packages/airflow/example_dags/example_latest_only_with_trigger.py took 0.060 seconds
[2024-11-26T18:49:17.557+0000] {processor.py:186} INFO - Started process (PID=824) to work on /home/airflow/.local/lib/python3.12/site-packages/airflow/example_dags/example_latest_only_with_trigger.py
[2024-11-26T18:49:17.558+0000] {processor.py:914} INFO - Processing file /home/airflow/.local/lib/python3.12/site-packages/airflow/example_dags/example_latest_only_with_trigger.py for tasks to queue
[2024-11-26T18:49:17.560+0000] {logging_mixin.py:190} INFO - [2024-11-26T18:49:17.559+0000] {dagbag.py:588} INFO - Filling up the DagBag from /home/airflow/.local/lib/python3.12/site-packages/airflow/example_dags/example_latest_only_with_trigger.py
[2024-11-26T18:49:17.566+0000] {processor.py:925} INFO - DAG(s) 'latest_only_with_trigger' retrieved from /home/airflow/.local/lib/python3.12/site-packages/airflow/example_dags/example_latest_only_with_trigger.py
[2024-11-26T18:49:17.581+0000] {logging_mixin.py:190} INFO - [2024-11-26T18:49:17.581+0000] {dag.py:3239} INFO - Sync 1 DAGs
[2024-11-26T18:49:17.599+0000] {logging_mixin.py:190} INFO - [2024-11-26T18:49:17.599+0000] {dag.py:4180} INFO - Setting next_dagrun for latest_only_with_trigger to 2024-11-26 12:00:00+00:00, run_after=2024-11-26 16:00:00+00:00
[2024-11-26T18:49:17.615+0000] {processor.py:208} INFO - Processing /home/airflow/.local/lib/python3.12/site-packages/airflow/example_dags/example_latest_only_with_trigger.py took 0.062 seconds
[2024-11-26T18:49:47.905+0000] {processor.py:186} INFO - Started process (PID=899) to work on /home/airflow/.local/lib/python3.12/site-packages/airflow/example_dags/example_latest_only_with_trigger.py
[2024-11-26T18:49:47.906+0000] {processor.py:914} INFO - Processing file /home/airflow/.local/lib/python3.12/site-packages/airflow/example_dags/example_latest_only_with_trigger.py for tasks to queue
[2024-11-26T18:49:47.908+0000] {logging_mixin.py:190} INFO - [2024-11-26T18:49:47.907+0000] {dagbag.py:588} INFO - Filling up the DagBag from /home/airflow/.local/lib/python3.12/site-packages/airflow/example_dags/example_latest_only_with_trigger.py
[2024-11-26T18:49:47.913+0000] {processor.py:925} INFO - DAG(s) 'latest_only_with_trigger' retrieved from /home/airflow/.local/lib/python3.12/site-packages/airflow/example_dags/example_latest_only_with_trigger.py
[2024-11-26T18:49:47.931+0000] {logging_mixin.py:190} INFO - [2024-11-26T18:49:47.931+0000] {dag.py:3239} INFO - Sync 1 DAGs
[2024-11-26T18:49:47.950+0000] {logging_mixin.py:190} INFO - [2024-11-26T18:49:47.950+0000] {dag.py:4180} INFO - Setting next_dagrun for latest_only_with_trigger to 2024-11-26 12:00:00+00:00, run_after=2024-11-26 16:00:00+00:00
[2024-11-26T18:49:47.967+0000] {processor.py:208} INFO - Processing /home/airflow/.local/lib/python3.12/site-packages/airflow/example_dags/example_latest_only_with_trigger.py took 0.066 seconds
[2024-11-26T18:50:18.203+0000] {processor.py:186} INFO - Started process (PID=974) to work on /home/airflow/.local/lib/python3.12/site-packages/airflow/example_dags/example_latest_only_with_trigger.py
[2024-11-26T18:50:18.204+0000] {processor.py:914} INFO - Processing file /home/airflow/.local/lib/python3.12/site-packages/airflow/example_dags/example_latest_only_with_trigger.py for tasks to queue
[2024-11-26T18:50:18.205+0000] {logging_mixin.py:190} INFO - [2024-11-26T18:50:18.205+0000] {dagbag.py:588} INFO - Filling up the DagBag from /home/airflow/.local/lib/python3.12/site-packages/airflow/example_dags/example_latest_only_with_trigger.py
[2024-11-26T18:50:18.211+0000] {processor.py:925} INFO - DAG(s) 'latest_only_with_trigger' retrieved from /home/airflow/.local/lib/python3.12/site-packages/airflow/example_dags/example_latest_only_with_trigger.py
[2024-11-26T18:50:18.226+0000] {logging_mixin.py:190} INFO - [2024-11-26T18:50:18.226+0000] {dag.py:3239} INFO - Sync 1 DAGs
[2024-11-26T18:50:18.244+0000] {logging_mixin.py:190} INFO - [2024-11-26T18:50:18.244+0000] {dag.py:4180} INFO - Setting next_dagrun for latest_only_with_trigger to 2024-11-26 12:00:00+00:00, run_after=2024-11-26 16:00:00+00:00
[2024-11-26T18:50:18.259+0000] {processor.py:208} INFO - Processing /home/airflow/.local/lib/python3.12/site-packages/airflow/example_dags/example_latest_only_with_trigger.py took 0.060 seconds
[2024-11-26T18:50:48.357+0000] {processor.py:186} INFO - Started process (PID=1049) to work on /home/airflow/.local/lib/python3.12/site-packages/airflow/example_dags/example_latest_only_with_trigger.py
[2024-11-26T18:50:48.358+0000] {processor.py:914} INFO - Processing file /home/airflow/.local/lib/python3.12/site-packages/airflow/example_dags/example_latest_only_with_trigger.py for tasks to queue
[2024-11-26T18:50:48.359+0000] {logging_mixin.py:190} INFO - [2024-11-26T18:50:48.359+0000] {dagbag.py:588} INFO - Filling up the DagBag from /home/airflow/.local/lib/python3.12/site-packages/airflow/example_dags/example_latest_only_with_trigger.py
[2024-11-26T18:50:48.364+0000] {processor.py:925} INFO - DAG(s) 'latest_only_with_trigger' retrieved from /home/airflow/.local/lib/python3.12/site-packages/airflow/example_dags/example_latest_only_with_trigger.py
[2024-11-26T18:50:48.379+0000] {logging_mixin.py:190} INFO - [2024-11-26T18:50:48.379+0000] {dag.py:3239} INFO - Sync 1 DAGs
[2024-11-26T18:50:48.396+0000] {logging_mixin.py:190} INFO - [2024-11-26T18:50:48.396+0000] {dag.py:4180} INFO - Setting next_dagrun for latest_only_with_trigger to 2024-11-26 12:00:00+00:00, run_after=2024-11-26 16:00:00+00:00
[2024-11-26T18:50:48.410+0000] {processor.py:208} INFO - Processing /home/airflow/.local/lib/python3.12/site-packages/airflow/example_dags/example_latest_only_with_trigger.py took 0.057 seconds
[2024-11-26T18:51:19.071+0000] {processor.py:186} INFO - Started process (PID=1124) to work on /home/airflow/.local/lib/python3.12/site-packages/airflow/example_dags/example_latest_only_with_trigger.py
[2024-11-26T18:51:19.072+0000] {processor.py:914} INFO - Processing file /home/airflow/.local/lib/python3.12/site-packages/airflow/example_dags/example_latest_only_with_trigger.py for tasks to queue
[2024-11-26T18:51:19.074+0000] {logging_mixin.py:190} INFO - [2024-11-26T18:51:19.074+0000] {dagbag.py:588} INFO - Filling up the DagBag from /home/airflow/.local/lib/python3.12/site-packages/airflow/example_dags/example_latest_only_with_trigger.py
[2024-11-26T18:51:19.080+0000] {processor.py:925} INFO - DAG(s) 'latest_only_with_trigger' retrieved from /home/airflow/.local/lib/python3.12/site-packages/airflow/example_dags/example_latest_only_with_trigger.py
[2024-11-26T18:51:19.096+0000] {logging_mixin.py:190} INFO - [2024-11-26T18:51:19.096+0000] {dag.py:3239} INFO - Sync 1 DAGs
[2024-11-26T18:51:19.113+0000] {logging_mixin.py:190} INFO - [2024-11-26T18:51:19.113+0000] {dag.py:4180} INFO - Setting next_dagrun for latest_only_with_trigger to 2024-11-26 12:00:00+00:00, run_after=2024-11-26 16:00:00+00:00
[2024-11-26T18:51:19.128+0000] {processor.py:208} INFO - Processing /home/airflow/.local/lib/python3.12/site-packages/airflow/example_dags/example_latest_only_with_trigger.py took 0.062 seconds
[2024-11-26T18:51:49.613+0000] {processor.py:186} INFO - Started process (PID=1199) to work on /home/airflow/.local/lib/python3.12/site-packages/airflow/example_dags/example_latest_only_with_trigger.py
[2024-11-26T18:51:49.614+0000] {processor.py:914} INFO - Processing file /home/airflow/.local/lib/python3.12/site-packages/airflow/example_dags/example_latest_only_with_trigger.py for tasks to queue
[2024-11-26T18:51:49.615+0000] {logging_mixin.py:190} INFO - [2024-11-26T18:51:49.615+0000] {dagbag.py:588} INFO - Filling up the DagBag from /home/airflow/.local/lib/python3.12/site-packages/airflow/example_dags/example_latest_only_with_trigger.py
[2024-11-26T18:51:49.622+0000] {processor.py:925} INFO - DAG(s) 'latest_only_with_trigger' retrieved from /home/airflow/.local/lib/python3.12/site-packages/airflow/example_dags/example_latest_only_with_trigger.py
[2024-11-26T18:51:49.638+0000] {logging_mixin.py:190} INFO - [2024-11-26T18:51:49.638+0000] {dag.py:3239} INFO - Sync 1 DAGs
[2024-11-26T18:51:49.659+0000] {logging_mixin.py:190} INFO - [2024-11-26T18:51:49.659+0000] {dag.py:4180} INFO - Setting next_dagrun for latest_only_with_trigger to 2024-11-26 12:00:00+00:00, run_after=2024-11-26 16:00:00+00:00
[2024-11-26T18:51:49.674+0000] {processor.py:208} INFO - Processing /home/airflow/.local/lib/python3.12/site-packages/airflow/example_dags/example_latest_only_with_trigger.py took 0.066 seconds
[2024-11-26T18:52:19.826+0000] {processor.py:186} INFO - Started process (PID=1274) to work on /home/airflow/.local/lib/python3.12/site-packages/airflow/example_dags/example_latest_only_with_trigger.py
[2024-11-26T18:52:19.827+0000] {processor.py:914} INFO - Processing file /home/airflow/.local/lib/python3.12/site-packages/airflow/example_dags/example_latest_only_with_trigger.py for tasks to queue
[2024-11-26T18:52:19.828+0000] {logging_mixin.py:190} INFO - [2024-11-26T18:52:19.828+0000] {dagbag.py:588} INFO - Filling up the DagBag from /home/airflow/.local/lib/python3.12/site-packages/airflow/example_dags/example_latest_only_with_trigger.py
[2024-11-26T18:52:19.834+0000] {processor.py:925} INFO - DAG(s) 'latest_only_with_trigger' retrieved from /home/airflow/.local/lib/python3.12/site-packages/airflow/example_dags/example_latest_only_with_trigger.py
[2024-11-26T18:52:19.849+0000] {logging_mixin.py:190} INFO - [2024-11-26T18:52:19.849+0000] {dag.py:3239} INFO - Sync 1 DAGs
[2024-11-26T18:52:19.866+0000] {logging_mixin.py:190} INFO - [2024-11-26T18:52:19.866+0000] {dag.py:4180} INFO - Setting next_dagrun for latest_only_with_trigger to 2024-11-26 12:00:00+00:00, run_after=2024-11-26 16:00:00+00:00
[2024-11-26T18:52:19.879+0000] {processor.py:208} INFO - Processing /home/airflow/.local/lib/python3.12/site-packages/airflow/example_dags/example_latest_only_with_trigger.py took 0.057 seconds
[2024-11-26T18:52:50.056+0000] {processor.py:186} INFO - Started process (PID=1349) to work on /home/airflow/.local/lib/python3.12/site-packages/airflow/example_dags/example_latest_only_with_trigger.py
[2024-11-26T18:52:50.057+0000] {processor.py:914} INFO - Processing file /home/airflow/.local/lib/python3.12/site-packages/airflow/example_dags/example_latest_only_with_trigger.py for tasks to queue
[2024-11-26T18:52:50.058+0000] {logging_mixin.py:190} INFO - [2024-11-26T18:52:50.058+0000] {dagbag.py:588} INFO - Filling up the DagBag from /home/airflow/.local/lib/python3.12/site-packages/airflow/example_dags/example_latest_only_with_trigger.py
[2024-11-26T18:52:50.063+0000] {processor.py:925} INFO - DAG(s) 'latest_only_with_trigger' retrieved from /home/airflow/.local/lib/python3.12/site-packages/airflow/example_dags/example_latest_only_with_trigger.py
[2024-11-26T18:52:50.078+0000] {logging_mixin.py:190} INFO - [2024-11-26T18:52:50.078+0000] {dag.py:3239} INFO - Sync 1 DAGs
[2024-11-26T18:52:50.095+0000] {logging_mixin.py:190} INFO - [2024-11-26T18:52:50.095+0000] {dag.py:4180} INFO - Setting next_dagrun for latest_only_with_trigger to 2024-11-26 12:00:00+00:00, run_after=2024-11-26 16:00:00+00:00
[2024-11-26T18:52:50.110+0000] {processor.py:208} INFO - Processing /home/airflow/.local/lib/python3.12/site-packages/airflow/example_dags/example_latest_only_with_trigger.py took 0.058 seconds
[2024-11-26T18:53:20.681+0000] {processor.py:186} INFO - Started process (PID=1424) to work on /home/airflow/.local/lib/python3.12/site-packages/airflow/example_dags/example_latest_only_with_trigger.py
[2024-11-26T18:53:20.681+0000] {processor.py:914} INFO - Processing file /home/airflow/.local/lib/python3.12/site-packages/airflow/example_dags/example_latest_only_with_trigger.py for tasks to queue
[2024-11-26T18:53:20.684+0000] {logging_mixin.py:190} INFO - [2024-11-26T18:53:20.683+0000] {dagbag.py:588} INFO - Filling up the DagBag from /home/airflow/.local/lib/python3.12/site-packages/airflow/example_dags/example_latest_only_with_trigger.py
[2024-11-26T18:53:20.693+0000] {processor.py:925} INFO - DAG(s) 'latest_only_with_trigger' retrieved from /home/airflow/.local/lib/python3.12/site-packages/airflow/example_dags/example_latest_only_with_trigger.py
[2024-11-26T18:53:20.710+0000] {logging_mixin.py:190} INFO - [2024-11-26T18:53:20.710+0000] {dag.py:3239} INFO - Sync 1 DAGs
[2024-11-26T18:53:20.731+0000] {logging_mixin.py:190} INFO - [2024-11-26T18:53:20.731+0000] {dag.py:4180} INFO - Setting next_dagrun for latest_only_with_trigger to 2024-11-26 12:00:00+00:00, run_after=2024-11-26 16:00:00+00:00
[2024-11-26T18:53:20.747+0000] {processor.py:208} INFO - Processing /home/airflow/.local/lib/python3.12/site-packages/airflow/example_dags/example_latest_only_with_trigger.py took 0.071 seconds
[2024-11-26T18:53:51.569+0000] {processor.py:186} INFO - Started process (PID=1499) to work on /home/airflow/.local/lib/python3.12/site-packages/airflow/example_dags/example_latest_only_with_trigger.py
[2024-11-26T18:53:51.570+0000] {processor.py:914} INFO - Processing file /home/airflow/.local/lib/python3.12/site-packages/airflow/example_dags/example_latest_only_with_trigger.py for tasks to queue
[2024-11-26T18:53:51.572+0000] {logging_mixin.py:190} INFO - [2024-11-26T18:53:51.572+0000] {dagbag.py:588} INFO - Filling up the DagBag from /home/airflow/.local/lib/python3.12/site-packages/airflow/example_dags/example_latest_only_with_trigger.py
[2024-11-26T18:53:51.578+0000] {processor.py:925} INFO - DAG(s) 'latest_only_with_trigger' retrieved from /home/airflow/.local/lib/python3.12/site-packages/airflow/example_dags/example_latest_only_with_trigger.py
[2024-11-26T18:53:51.595+0000] {logging_mixin.py:190} INFO - [2024-11-26T18:53:51.595+0000] {dag.py:3239} INFO - Sync 1 DAGs
[2024-11-26T18:53:51.615+0000] {logging_mixin.py:190} INFO - [2024-11-26T18:53:51.615+0000] {dag.py:4180} INFO - Setting next_dagrun for latest_only_with_trigger to 2024-11-26 12:00:00+00:00, run_after=2024-11-26 16:00:00+00:00
[2024-11-26T18:53:51.629+0000] {processor.py:208} INFO - Processing /home/airflow/.local/lib/python3.12/site-packages/airflow/example_dags/example_latest_only_with_trigger.py took 0.064 seconds
[2024-11-26T18:54:22.076+0000] {processor.py:186} INFO - Started process (PID=1574) to work on /home/airflow/.local/lib/python3.12/site-packages/airflow/example_dags/example_latest_only_with_trigger.py
[2024-11-26T18:54:22.076+0000] {processor.py:914} INFO - Processing file /home/airflow/.local/lib/python3.12/site-packages/airflow/example_dags/example_latest_only_with_trigger.py for tasks to queue
[2024-11-26T18:54:22.078+0000] {logging_mixin.py:190} INFO - [2024-11-26T18:54:22.078+0000] {dagbag.py:588} INFO - Filling up the DagBag from /home/airflow/.local/lib/python3.12/site-packages/airflow/example_dags/example_latest_only_with_trigger.py
[2024-11-26T18:54:22.083+0000] {processor.py:925} INFO - DAG(s) 'latest_only_with_trigger' retrieved from /home/airflow/.local/lib/python3.12/site-packages/airflow/example_dags/example_latest_only_with_trigger.py
[2024-11-26T18:54:22.099+0000] {logging_mixin.py:190} INFO - [2024-11-26T18:54:22.098+0000] {dag.py:3239} INFO - Sync 1 DAGs
[2024-11-26T18:54:22.116+0000] {logging_mixin.py:190} INFO - [2024-11-26T18:54:22.115+0000] {dag.py:4180} INFO - Setting next_dagrun for latest_only_with_trigger to 2024-11-26 12:00:00+00:00, run_after=2024-11-26 16:00:00+00:00
[2024-11-26T18:54:22.130+0000] {processor.py:208} INFO - Processing /home/airflow/.local/lib/python3.12/site-packages/airflow/example_dags/example_latest_only_with_trigger.py took 0.059 seconds
[2024-11-26T18:54:52.268+0000] {processor.py:186} INFO - Started process (PID=1649) to work on /home/airflow/.local/lib/python3.12/site-packages/airflow/example_dags/example_latest_only_with_trigger.py
[2024-11-26T18:54:52.269+0000] {processor.py:914} INFO - Processing file /home/airflow/.local/lib/python3.12/site-packages/airflow/example_dags/example_latest_only_with_trigger.py for tasks to queue
[2024-11-26T18:54:52.270+0000] {logging_mixin.py:190} INFO - [2024-11-26T18:54:52.270+0000] {dagbag.py:588} INFO - Filling up the DagBag from /home/airflow/.local/lib/python3.12/site-packages/airflow/example_dags/example_latest_only_with_trigger.py
[2024-11-26T18:54:52.275+0000] {processor.py:925} INFO - DAG(s) 'latest_only_with_trigger' retrieved from /home/airflow/.local/lib/python3.12/site-packages/airflow/example_dags/example_latest_only_with_trigger.py
[2024-11-26T18:54:52.291+0000] {logging_mixin.py:190} INFO - [2024-11-26T18:54:52.291+0000] {dag.py:3239} INFO - Sync 1 DAGs
[2024-11-26T18:54:52.308+0000] {logging_mixin.py:190} INFO - [2024-11-26T18:54:52.308+0000] {dag.py:4180} INFO - Setting next_dagrun for latest_only_with_trigger to 2024-11-26 12:00:00+00:00, run_after=2024-11-26 16:00:00+00:00
[2024-11-26T18:54:52.322+0000] {processor.py:208} INFO - Processing /home/airflow/.local/lib/python3.12/site-packages/airflow/example_dags/example_latest_only_with_trigger.py took 0.057 seconds
[2024-11-26T18:55:22.403+0000] {processor.py:186} INFO - Started process (PID=1724) to work on /home/airflow/.local/lib/python3.12/site-packages/airflow/example_dags/example_latest_only_with_trigger.py
[2024-11-26T18:55:22.404+0000] {processor.py:914} INFO - Processing file /home/airflow/.local/lib/python3.12/site-packages/airflow/example_dags/example_latest_only_with_trigger.py for tasks to queue
[2024-11-26T18:55:22.405+0000] {logging_mixin.py:190} INFO - [2024-11-26T18:55:22.405+0000] {dagbag.py:588} INFO - Filling up the DagBag from /home/airflow/.local/lib/python3.12/site-packages/airflow/example_dags/example_latest_only_with_trigger.py
[2024-11-26T18:55:22.410+0000] {processor.py:925} INFO - DAG(s) 'latest_only_with_trigger' retrieved from /home/airflow/.local/lib/python3.12/site-packages/airflow/example_dags/example_latest_only_with_trigger.py
[2024-11-26T18:55:22.425+0000] {logging_mixin.py:190} INFO - [2024-11-26T18:55:22.425+0000] {dag.py:3239} INFO - Sync 1 DAGs
[2024-11-26T18:55:22.442+0000] {logging_mixin.py:190} INFO - [2024-11-26T18:55:22.441+0000] {dag.py:4180} INFO - Setting next_dagrun for latest_only_with_trigger to 2024-11-26 12:00:00+00:00, run_after=2024-11-26 16:00:00+00:00
[2024-11-26T18:55:22.456+0000] {processor.py:208} INFO - Processing /home/airflow/.local/lib/python3.12/site-packages/airflow/example_dags/example_latest_only_with_trigger.py took 0.057 seconds
[2024-11-26T18:55:52.881+0000] {processor.py:186} INFO - Started process (PID=1798) to work on /home/airflow/.local/lib/python3.12/site-packages/airflow/example_dags/example_latest_only_with_trigger.py
[2024-11-26T18:55:52.882+0000] {processor.py:914} INFO - Processing file /home/airflow/.local/lib/python3.12/site-packages/airflow/example_dags/example_latest_only_with_trigger.py for tasks to queue
[2024-11-26T18:55:52.884+0000] {logging_mixin.py:190} INFO - [2024-11-26T18:55:52.883+0000] {dagbag.py:588} INFO - Filling up the DagBag from /home/airflow/.local/lib/python3.12/site-packages/airflow/example_dags/example_latest_only_with_trigger.py
[2024-11-26T18:55:52.889+0000] {processor.py:925} INFO - DAG(s) 'latest_only_with_trigger' retrieved from /home/airflow/.local/lib/python3.12/site-packages/airflow/example_dags/example_latest_only_with_trigger.py
[2024-11-26T18:55:52.905+0000] {logging_mixin.py:190} INFO - [2024-11-26T18:55:52.905+0000] {dag.py:3239} INFO - Sync 1 DAGs
[2024-11-26T18:55:52.922+0000] {logging_mixin.py:190} INFO - [2024-11-26T18:55:52.922+0000] {dag.py:4180} INFO - Setting next_dagrun for latest_only_with_trigger to 2024-11-26 12:00:00+00:00, run_after=2024-11-26 16:00:00+00:00
[2024-11-26T18:55:52.938+0000] {processor.py:208} INFO - Processing /home/airflow/.local/lib/python3.12/site-packages/airflow/example_dags/example_latest_only_with_trigger.py took 0.061 seconds
[2024-11-26T18:56:23.257+0000] {processor.py:186} INFO - Started process (PID=1873) to work on /home/airflow/.local/lib/python3.12/site-packages/airflow/example_dags/example_latest_only_with_trigger.py
[2024-11-26T18:56:23.258+0000] {processor.py:914} INFO - Processing file /home/airflow/.local/lib/python3.12/site-packages/airflow/example_dags/example_latest_only_with_trigger.py for tasks to queue
[2024-11-26T18:56:23.260+0000] {logging_mixin.py:190} INFO - [2024-11-26T18:56:23.260+0000] {dagbag.py:588} INFO - Filling up the DagBag from /home/airflow/.local/lib/python3.12/site-packages/airflow/example_dags/example_latest_only_with_trigger.py
[2024-11-26T18:56:23.267+0000] {processor.py:925} INFO - DAG(s) 'latest_only_with_trigger' retrieved from /home/airflow/.local/lib/python3.12/site-packages/airflow/example_dags/example_latest_only_with_trigger.py
[2024-11-26T18:56:23.282+0000] {logging_mixin.py:190} INFO - [2024-11-26T18:56:23.282+0000] {dag.py:3239} INFO - Sync 1 DAGs
[2024-11-26T18:56:23.299+0000] {logging_mixin.py:190} INFO - [2024-11-26T18:56:23.299+0000] {dag.py:4180} INFO - Setting next_dagrun for latest_only_with_trigger to 2024-11-26 12:00:00+00:00, run_after=2024-11-26 16:00:00+00:00
[2024-11-26T18:56:23.312+0000] {processor.py:208} INFO - Processing /home/airflow/.local/lib/python3.12/site-packages/airflow/example_dags/example_latest_only_with_trigger.py took 0.061 seconds
[2024-11-26T18:56:53.846+0000] {processor.py:186} INFO - Started process (PID=1948) to work on /home/airflow/.local/lib/python3.12/site-packages/airflow/example_dags/example_latest_only_with_trigger.py
[2024-11-26T18:56:53.847+0000] {processor.py:914} INFO - Processing file /home/airflow/.local/lib/python3.12/site-packages/airflow/example_dags/example_latest_only_with_trigger.py for tasks to queue
[2024-11-26T18:56:53.849+0000] {logging_mixin.py:190} INFO - [2024-11-26T18:56:53.849+0000] {dagbag.py:588} INFO - Filling up the DagBag from /home/airflow/.local/lib/python3.12/site-packages/airflow/example_dags/example_latest_only_with_trigger.py
[2024-11-26T18:56:53.854+0000] {processor.py:925} INFO - DAG(s) 'latest_only_with_trigger' retrieved from /home/airflow/.local/lib/python3.12/site-packages/airflow/example_dags/example_latest_only_with_trigger.py
[2024-11-26T18:56:53.869+0000] {logging_mixin.py:190} INFO - [2024-11-26T18:56:53.869+0000] {dag.py:3239} INFO - Sync 1 DAGs
[2024-11-26T18:56:53.886+0000] {logging_mixin.py:190} INFO - [2024-11-26T18:56:53.885+0000] {dag.py:4180} INFO - Setting next_dagrun for latest_only_with_trigger to 2024-11-26 12:00:00+00:00, run_after=2024-11-26 16:00:00+00:00
[2024-11-26T18:56:53.899+0000] {processor.py:208} INFO - Processing /home/airflow/.local/lib/python3.12/site-packages/airflow/example_dags/example_latest_only_with_trigger.py took 0.057 seconds
[2024-11-26T18:57:24.533+0000] {processor.py:186} INFO - Started process (PID=2023) to work on /home/airflow/.local/lib/python3.12/site-packages/airflow/example_dags/example_latest_only_with_trigger.py
[2024-11-26T18:57:24.534+0000] {processor.py:914} INFO - Processing file /home/airflow/.local/lib/python3.12/site-packages/airflow/example_dags/example_latest_only_with_trigger.py for tasks to queue
[2024-11-26T18:57:24.536+0000] {logging_mixin.py:190} INFO - [2024-11-26T18:57:24.535+0000] {dagbag.py:588} INFO - Filling up the DagBag from /home/airflow/.local/lib/python3.12/site-packages/airflow/example_dags/example_latest_only_with_trigger.py
[2024-11-26T18:57:24.541+0000] {processor.py:925} INFO - DAG(s) 'latest_only_with_trigger' retrieved from /home/airflow/.local/lib/python3.12/site-packages/airflow/example_dags/example_latest_only_with_trigger.py
[2024-11-26T18:57:24.557+0000] {logging_mixin.py:190} INFO - [2024-11-26T18:57:24.557+0000] {dag.py:3239} INFO - Sync 1 DAGs
[2024-11-26T18:57:24.574+0000] {logging_mixin.py:190} INFO - [2024-11-26T18:57:24.574+0000] {dag.py:4180} INFO - Setting next_dagrun for latest_only_with_trigger to 2024-11-26 12:00:00+00:00, run_after=2024-11-26 16:00:00+00:00
[2024-11-26T18:57:24.588+0000] {processor.py:208} INFO - Processing /home/airflow/.local/lib/python3.12/site-packages/airflow/example_dags/example_latest_only_with_trigger.py took 0.059 seconds
[2024-11-26T18:57:54.682+0000] {processor.py:186} INFO - Started process (PID=2098) to work on /home/airflow/.local/lib/python3.12/site-packages/airflow/example_dags/example_latest_only_with_trigger.py
[2024-11-26T18:57:54.683+0000] {processor.py:914} INFO - Processing file /home/airflow/.local/lib/python3.12/site-packages/airflow/example_dags/example_latest_only_with_trigger.py for tasks to queue
[2024-11-26T18:57:54.684+0000] {logging_mixin.py:190} INFO - [2024-11-26T18:57:54.684+0000] {dagbag.py:588} INFO - Filling up the DagBag from /home/airflow/.local/lib/python3.12/site-packages/airflow/example_dags/example_latest_only_with_trigger.py
[2024-11-26T18:57:54.690+0000] {processor.py:925} INFO - DAG(s) 'latest_only_with_trigger' retrieved from /home/airflow/.local/lib/python3.12/site-packages/airflow/example_dags/example_latest_only_with_trigger.py
[2024-11-26T18:57:54.706+0000] {logging_mixin.py:190} INFO - [2024-11-26T18:57:54.706+0000] {dag.py:3239} INFO - Sync 1 DAGs
[2024-11-26T18:57:54.724+0000] {logging_mixin.py:190} INFO - [2024-11-26T18:57:54.723+0000] {dag.py:4180} INFO - Setting next_dagrun for latest_only_with_trigger to 2024-11-26 12:00:00+00:00, run_after=2024-11-26 16:00:00+00:00
[2024-11-26T18:57:54.738+0000] {processor.py:208} INFO - Processing /home/airflow/.local/lib/python3.12/site-packages/airflow/example_dags/example_latest_only_with_trigger.py took 0.061 seconds
[2024-11-26T18:58:24.990+0000] {processor.py:186} INFO - Started process (PID=2173) to work on /home/airflow/.local/lib/python3.12/site-packages/airflow/example_dags/example_latest_only_with_trigger.py
[2024-11-26T18:58:24.991+0000] {processor.py:914} INFO - Processing file /home/airflow/.local/lib/python3.12/site-packages/airflow/example_dags/example_latest_only_with_trigger.py for tasks to queue
[2024-11-26T18:58:24.993+0000] {logging_mixin.py:190} INFO - [2024-11-26T18:58:24.993+0000] {dagbag.py:588} INFO - Filling up the DagBag from /home/airflow/.local/lib/python3.12/site-packages/airflow/example_dags/example_latest_only_with_trigger.py
[2024-11-26T18:58:24.998+0000] {processor.py:925} INFO - DAG(s) 'latest_only_with_trigger' retrieved from /home/airflow/.local/lib/python3.12/site-packages/airflow/example_dags/example_latest_only_with_trigger.py
[2024-11-26T18:58:25.013+0000] {logging_mixin.py:190} INFO - [2024-11-26T18:58:25.013+0000] {dag.py:3239} INFO - Sync 1 DAGs
[2024-11-26T18:58:25.031+0000] {logging_mixin.py:190} INFO - [2024-11-26T18:58:25.031+0000] {dag.py:4180} INFO - Setting next_dagrun for latest_only_with_trigger to 2024-11-26 12:00:00+00:00, run_after=2024-11-26 16:00:00+00:00
[2024-11-26T18:58:25.047+0000] {processor.py:208} INFO - Processing /home/airflow/.local/lib/python3.12/site-packages/airflow/example_dags/example_latest_only_with_trigger.py took 0.061 seconds
[2024-11-26T18:58:55.597+0000] {processor.py:186} INFO - Started process (PID=2248) to work on /home/airflow/.local/lib/python3.12/site-packages/airflow/example_dags/example_latest_only_with_trigger.py
[2024-11-26T18:58:55.598+0000] {processor.py:914} INFO - Processing file /home/airflow/.local/lib/python3.12/site-packages/airflow/example_dags/example_latest_only_with_trigger.py for tasks to queue
[2024-11-26T18:58:55.599+0000] {logging_mixin.py:190} INFO - [2024-11-26T18:58:55.599+0000] {dagbag.py:588} INFO - Filling up the DagBag from /home/airflow/.local/lib/python3.12/site-packages/airflow/example_dags/example_latest_only_with_trigger.py
[2024-11-26T18:58:55.606+0000] {processor.py:925} INFO - DAG(s) 'latest_only_with_trigger' retrieved from /home/airflow/.local/lib/python3.12/site-packages/airflow/example_dags/example_latest_only_with_trigger.py
[2024-11-26T18:58:55.628+0000] {logging_mixin.py:190} INFO - [2024-11-26T18:58:55.628+0000] {dag.py:3239} INFO - Sync 1 DAGs
[2024-11-26T18:58:55.647+0000] {logging_mixin.py:190} INFO - [2024-11-26T18:58:55.647+0000] {dag.py:4180} INFO - Setting next_dagrun for latest_only_with_trigger to 2024-11-26 12:00:00+00:00, run_after=2024-11-26 16:00:00+00:00
[2024-11-26T18:58:55.663+0000] {processor.py:208} INFO - Processing /home/airflow/.local/lib/python3.12/site-packages/airflow/example_dags/example_latest_only_with_trigger.py took 0.070 seconds
[2024-11-26T18:59:26.324+0000] {processor.py:186} INFO - Started process (PID=2323) to work on /home/airflow/.local/lib/python3.12/site-packages/airflow/example_dags/example_latest_only_with_trigger.py
[2024-11-26T18:59:26.324+0000] {processor.py:914} INFO - Processing file /home/airflow/.local/lib/python3.12/site-packages/airflow/example_dags/example_latest_only_with_trigger.py for tasks to queue
[2024-11-26T18:59:26.326+0000] {logging_mixin.py:190} INFO - [2024-11-26T18:59:26.326+0000] {dagbag.py:588} INFO - Filling up the DagBag from /home/airflow/.local/lib/python3.12/site-packages/airflow/example_dags/example_latest_only_with_trigger.py
[2024-11-26T18:59:26.332+0000] {processor.py:925} INFO - DAG(s) 'latest_only_with_trigger' retrieved from /home/airflow/.local/lib/python3.12/site-packages/airflow/example_dags/example_latest_only_with_trigger.py
[2024-11-26T18:59:26.347+0000] {logging_mixin.py:190} INFO - [2024-11-26T18:59:26.347+0000] {dag.py:3239} INFO - Sync 1 DAGs
[2024-11-26T18:59:26.364+0000] {logging_mixin.py:190} INFO - [2024-11-26T18:59:26.364+0000] {dag.py:4180} INFO - Setting next_dagrun for latest_only_with_trigger to 2024-11-26 12:00:00+00:00, run_after=2024-11-26 16:00:00+00:00
[2024-11-26T18:59:26.379+0000] {processor.py:208} INFO - Processing /home/airflow/.local/lib/python3.12/site-packages/airflow/example_dags/example_latest_only_with_trigger.py took 0.059 seconds
[2024-11-26T18:59:57.256+0000] {processor.py:186} INFO - Started process (PID=2399) to work on /home/airflow/.local/lib/python3.12/site-packages/airflow/example_dags/example_latest_only_with_trigger.py
[2024-11-26T18:59:57.256+0000] {processor.py:914} INFO - Processing file /home/airflow/.local/lib/python3.12/site-packages/airflow/example_dags/example_latest_only_with_trigger.py for tasks to queue
[2024-11-26T18:59:57.258+0000] {logging_mixin.py:190} INFO - [2024-11-26T18:59:57.258+0000] {dagbag.py:588} INFO - Filling up the DagBag from /home/airflow/.local/lib/python3.12/site-packages/airflow/example_dags/example_latest_only_with_trigger.py
[2024-11-26T18:59:57.264+0000] {processor.py:925} INFO - DAG(s) 'latest_only_with_trigger' retrieved from /home/airflow/.local/lib/python3.12/site-packages/airflow/example_dags/example_latest_only_with_trigger.py
[2024-11-26T18:59:57.280+0000] {logging_mixin.py:190} INFO - [2024-11-26T18:59:57.280+0000] {dag.py:3239} INFO - Sync 1 DAGs
[2024-11-26T18:59:57.296+0000] {logging_mixin.py:190} INFO - [2024-11-26T18:59:57.296+0000] {dag.py:4180} INFO - Setting next_dagrun for latest_only_with_trigger to 2024-11-26 12:00:00+00:00, run_after=2024-11-26 16:00:00+00:00
[2024-11-26T18:59:57.310+0000] {processor.py:208} INFO - Processing /home/airflow/.local/lib/python3.12/site-packages/airflow/example_dags/example_latest_only_with_trigger.py took 0.058 seconds
[2024-11-26T19:00:27.916+0000] {processor.py:186} INFO - Started process (PID=2474) to work on /home/airflow/.local/lib/python3.12/site-packages/airflow/example_dags/example_latest_only_with_trigger.py
[2024-11-26T19:00:27.917+0000] {processor.py:914} INFO - Processing file /home/airflow/.local/lib/python3.12/site-packages/airflow/example_dags/example_latest_only_with_trigger.py for tasks to queue
[2024-11-26T19:00:27.918+0000] {logging_mixin.py:190} INFO - [2024-11-26T19:00:27.918+0000] {dagbag.py:588} INFO - Filling up the DagBag from /home/airflow/.local/lib/python3.12/site-packages/airflow/example_dags/example_latest_only_with_trigger.py
[2024-11-26T19:00:27.925+0000] {processor.py:925} INFO - DAG(s) 'latest_only_with_trigger' retrieved from /home/airflow/.local/lib/python3.12/site-packages/airflow/example_dags/example_latest_only_with_trigger.py
[2024-11-26T19:00:27.940+0000] {logging_mixin.py:190} INFO - [2024-11-26T19:00:27.940+0000] {dag.py:3239} INFO - Sync 1 DAGs
[2024-11-26T19:00:27.959+0000] {logging_mixin.py:190} INFO - [2024-11-26T19:00:27.958+0000] {dag.py:4180} INFO - Setting next_dagrun for latest_only_with_trigger to 2024-11-26 12:00:00+00:00, run_after=2024-11-26 16:00:00+00:00
[2024-11-26T19:00:27.973+0000] {processor.py:208} INFO - Processing /home/airflow/.local/lib/python3.12/site-packages/airflow/example_dags/example_latest_only_with_trigger.py took 0.061 seconds
[2024-11-26T19:00:58.662+0000] {processor.py:186} INFO - Started process (PID=2549) to work on /home/airflow/.local/lib/python3.12/site-packages/airflow/example_dags/example_latest_only_with_trigger.py
[2024-11-26T19:00:58.662+0000] {processor.py:914} INFO - Processing file /home/airflow/.local/lib/python3.12/site-packages/airflow/example_dags/example_latest_only_with_trigger.py for tasks to queue
[2024-11-26T19:00:58.664+0000] {logging_mixin.py:190} INFO - [2024-11-26T19:00:58.664+0000] {dagbag.py:588} INFO - Filling up the DagBag from /home/airflow/.local/lib/python3.12/site-packages/airflow/example_dags/example_latest_only_with_trigger.py
[2024-11-26T19:00:58.670+0000] {processor.py:925} INFO - DAG(s) 'latest_only_with_trigger' retrieved from /home/airflow/.local/lib/python3.12/site-packages/airflow/example_dags/example_latest_only_with_trigger.py
[2024-11-26T19:00:58.686+0000] {logging_mixin.py:190} INFO - [2024-11-26T19:00:58.685+0000] {dag.py:3239} INFO - Sync 1 DAGs
[2024-11-26T19:00:58.703+0000] {logging_mixin.py:190} INFO - [2024-11-26T19:00:58.702+0000] {dag.py:4180} INFO - Setting next_dagrun for latest_only_with_trigger to 2024-11-26 12:00:00+00:00, run_after=2024-11-26 16:00:00+00:00
[2024-11-26T19:00:58.716+0000] {processor.py:208} INFO - Processing /home/airflow/.local/lib/python3.12/site-packages/airflow/example_dags/example_latest_only_with_trigger.py took 0.058 seconds
[2024-11-26T19:01:29.470+0000] {processor.py:186} INFO - Started process (PID=2624) to work on /home/airflow/.local/lib/python3.12/site-packages/airflow/example_dags/example_latest_only_with_trigger.py
[2024-11-26T19:01:29.471+0000] {processor.py:914} INFO - Processing file /home/airflow/.local/lib/python3.12/site-packages/airflow/example_dags/example_latest_only_with_trigger.py for tasks to queue
[2024-11-26T19:01:29.473+0000] {logging_mixin.py:190} INFO - [2024-11-26T19:01:29.473+0000] {dagbag.py:588} INFO - Filling up the DagBag from /home/airflow/.local/lib/python3.12/site-packages/airflow/example_dags/example_latest_only_with_trigger.py
[2024-11-26T19:01:29.480+0000] {processor.py:925} INFO - DAG(s) 'latest_only_with_trigger' retrieved from /home/airflow/.local/lib/python3.12/site-packages/airflow/example_dags/example_latest_only_with_trigger.py
[2024-11-26T19:01:29.499+0000] {logging_mixin.py:190} INFO - [2024-11-26T19:01:29.499+0000] {dag.py:3239} INFO - Sync 1 DAGs
[2024-11-26T19:01:29.519+0000] {logging_mixin.py:190} INFO - [2024-11-26T19:01:29.518+0000] {dag.py:4180} INFO - Setting next_dagrun for latest_only_with_trigger to 2024-11-26 12:00:00+00:00, run_after=2024-11-26 16:00:00+00:00
[2024-11-26T19:01:29.535+0000] {processor.py:208} INFO - Processing /home/airflow/.local/lib/python3.12/site-packages/airflow/example_dags/example_latest_only_with_trigger.py took 0.069 seconds
