[2024-11-26T17:53:55.366+0000] {processor.py:186} INFO - Started process (PID=73) to work on /home/airflow/.local/lib/python3.12/site-packages/airflow/example_dags/example_task_group_decorator.py
[2024-11-26T17:53:55.367+0000] {processor.py:914} INFO - Processing file /home/airflow/.local/lib/python3.12/site-packages/airflow/example_dags/example_task_group_decorator.py for tasks to queue
[2024-11-26T17:53:55.369+0000] {logging_mixin.py:190} INFO - [2024-11-26T17:53:55.368+0000] {dagbag.py:588} INFO - Filling up the DagBag from /home/airflow/.local/lib/python3.12/site-packages/airflow/example_dags/example_task_group_decorator.py
[2024-11-26T17:53:55.385+0000] {processor.py:925} INFO - DAG(s) 'example_task_group_decorator' retrieved from /home/airflow/.local/lib/python3.12/site-packages/airflow/example_dags/example_task_group_decorator.py
[2024-11-26T17:53:55.485+0000] {logging_mixin.py:190} INFO - [2024-11-26T17:53:55.485+0000] {override.py:1911} INFO - Created Permission View: can read on DAG:example_task_group_decorator
[2024-11-26T17:53:55.496+0000] {logging_mixin.py:190} INFO - [2024-11-26T17:53:55.495+0000] {override.py:1911} INFO - Created Permission View: can delete on DAG:example_task_group_decorator
[2024-11-26T17:53:55.502+0000] {logging_mixin.py:190} INFO - [2024-11-26T17:53:55.502+0000] {override.py:1911} INFO - Created Permission View: can edit on DAG:example_task_group_decorator
[2024-11-26T17:53:55.512+0000] {logging_mixin.py:190} INFO - [2024-11-26T17:53:55.512+0000] {override.py:1911} INFO - Created Permission View: can create on DAG Run:example_task_group_decorator
[2024-11-26T17:53:55.519+0000] {logging_mixin.py:190} INFO - [2024-11-26T17:53:55.518+0000] {override.py:1911} INFO - Created Permission View: can read on DAG Run:example_task_group_decorator
[2024-11-26T17:53:55.526+0000] {logging_mixin.py:190} INFO - [2024-11-26T17:53:55.525+0000] {override.py:1911} INFO - Created Permission View: can delete on DAG Run:example_task_group_decorator
[2024-11-26T17:53:55.531+0000] {logging_mixin.py:190} INFO - [2024-11-26T17:53:55.531+0000] {override.py:1911} INFO - Created Permission View: menu access on DAG Run:example_task_group_decorator
[2024-11-26T17:53:55.532+0000] {logging_mixin.py:190} INFO - [2024-11-26T17:53:55.531+0000] {dag.py:3239} INFO - Sync 1 DAGs
[2024-11-26T17:53:55.542+0000] {logging_mixin.py:190} INFO - [2024-11-26T17:53:55.542+0000] {dag.py:3262} INFO - Creating ORM DAG for example_task_group_decorator
[2024-11-26T17:53:55.543+0000] {logging_mixin.py:190} INFO - [2024-11-26T17:53:55.543+0000] {dag.py:4180} INFO - Setting next_dagrun for example_task_group_decorator to None, run_after=None
[2024-11-26T17:53:55.558+0000] {processor.py:208} INFO - Processing /home/airflow/.local/lib/python3.12/site-packages/airflow/example_dags/example_task_group_decorator.py took 0.196 seconds
[2024-11-26T17:54:26.383+0000] {processor.py:186} INFO - Started process (PID=136) to work on /home/airflow/.local/lib/python3.12/site-packages/airflow/example_dags/example_task_group_decorator.py
[2024-11-26T17:54:26.384+0000] {processor.py:914} INFO - Processing file /home/airflow/.local/lib/python3.12/site-packages/airflow/example_dags/example_task_group_decorator.py for tasks to queue
[2024-11-26T17:54:26.385+0000] {logging_mixin.py:190} INFO - [2024-11-26T17:54:26.385+0000] {dagbag.py:588} INFO - Filling up the DagBag from /home/airflow/.local/lib/python3.12/site-packages/airflow/example_dags/example_task_group_decorator.py
[2024-11-26T17:54:26.401+0000] {processor.py:925} INFO - DAG(s) 'example_task_group_decorator' retrieved from /home/airflow/.local/lib/python3.12/site-packages/airflow/example_dags/example_task_group_decorator.py
[2024-11-26T17:54:26.425+0000] {logging_mixin.py:190} INFO - [2024-11-26T17:54:26.425+0000] {dag.py:3239} INFO - Sync 1 DAGs
[2024-11-26T17:54:26.435+0000] {logging_mixin.py:190} INFO - [2024-11-26T17:54:26.435+0000] {dag.py:4180} INFO - Setting next_dagrun for example_task_group_decorator to None, run_after=None
[2024-11-26T17:54:26.451+0000] {processor.py:208} INFO - Processing /home/airflow/.local/lib/python3.12/site-packages/airflow/example_dags/example_task_group_decorator.py took 0.074 seconds
[2024-11-26T17:54:56.587+0000] {processor.py:186} INFO - Started process (PID=204) to work on /home/airflow/.local/lib/python3.12/site-packages/airflow/example_dags/example_task_group_decorator.py
[2024-11-26T17:54:56.588+0000] {processor.py:914} INFO - Processing file /home/airflow/.local/lib/python3.12/site-packages/airflow/example_dags/example_task_group_decorator.py for tasks to queue
[2024-11-26T17:54:56.590+0000] {logging_mixin.py:190} INFO - [2024-11-26T17:54:56.590+0000] {dagbag.py:588} INFO - Filling up the DagBag from /home/airflow/.local/lib/python3.12/site-packages/airflow/example_dags/example_task_group_decorator.py
[2024-11-26T17:54:56.604+0000] {processor.py:925} INFO - DAG(s) 'example_task_group_decorator' retrieved from /home/airflow/.local/lib/python3.12/site-packages/airflow/example_dags/example_task_group_decorator.py
[2024-11-26T17:54:56.622+0000] {logging_mixin.py:190} INFO - [2024-11-26T17:54:56.622+0000] {dag.py:3239} INFO - Sync 1 DAGs
[2024-11-26T17:54:56.632+0000] {logging_mixin.py:190} INFO - [2024-11-26T17:54:56.632+0000] {dag.py:4180} INFO - Setting next_dagrun for example_task_group_decorator to None, run_after=None
[2024-11-26T17:54:56.646+0000] {processor.py:208} INFO - Processing /home/airflow/.local/lib/python3.12/site-packages/airflow/example_dags/example_task_group_decorator.py took 0.063 seconds
[2024-11-26T17:55:26.785+0000] {processor.py:186} INFO - Started process (PID=267) to work on /home/airflow/.local/lib/python3.12/site-packages/airflow/example_dags/example_task_group_decorator.py
[2024-11-26T17:55:26.786+0000] {processor.py:914} INFO - Processing file /home/airflow/.local/lib/python3.12/site-packages/airflow/example_dags/example_task_group_decorator.py for tasks to queue
[2024-11-26T17:55:26.788+0000] {logging_mixin.py:190} INFO - [2024-11-26T17:55:26.788+0000] {dagbag.py:588} INFO - Filling up the DagBag from /home/airflow/.local/lib/python3.12/site-packages/airflow/example_dags/example_task_group_decorator.py
[2024-11-26T17:55:26.799+0000] {processor.py:925} INFO - DAG(s) 'example_task_group_decorator' retrieved from /home/airflow/.local/lib/python3.12/site-packages/airflow/example_dags/example_task_group_decorator.py
[2024-11-26T17:55:26.819+0000] {logging_mixin.py:190} INFO - [2024-11-26T17:55:26.819+0000] {dag.py:3239} INFO - Sync 1 DAGs
[2024-11-26T17:55:26.830+0000] {logging_mixin.py:190} INFO - [2024-11-26T17:55:26.830+0000] {dag.py:4180} INFO - Setting next_dagrun for example_task_group_decorator to None, run_after=None
[2024-11-26T17:55:26.846+0000] {processor.py:208} INFO - Processing /home/airflow/.local/lib/python3.12/site-packages/airflow/example_dags/example_task_group_decorator.py took 0.065 seconds
[2024-11-26T17:55:57.308+0000] {processor.py:186} INFO - Started process (PID=330) to work on /home/airflow/.local/lib/python3.12/site-packages/airflow/example_dags/example_task_group_decorator.py
[2024-11-26T17:55:57.308+0000] {processor.py:914} INFO - Processing file /home/airflow/.local/lib/python3.12/site-packages/airflow/example_dags/example_task_group_decorator.py for tasks to queue
[2024-11-26T17:55:57.310+0000] {logging_mixin.py:190} INFO - [2024-11-26T17:55:57.310+0000] {dagbag.py:588} INFO - Filling up the DagBag from /home/airflow/.local/lib/python3.12/site-packages/airflow/example_dags/example_task_group_decorator.py
[2024-11-26T17:55:57.321+0000] {processor.py:925} INFO - DAG(s) 'example_task_group_decorator' retrieved from /home/airflow/.local/lib/python3.12/site-packages/airflow/example_dags/example_task_group_decorator.py
[2024-11-26T17:55:57.343+0000] {logging_mixin.py:190} INFO - [2024-11-26T17:55:57.342+0000] {dag.py:3239} INFO - Sync 1 DAGs
[2024-11-26T17:55:57.356+0000] {logging_mixin.py:190} INFO - [2024-11-26T17:55:57.356+0000] {dag.py:4180} INFO - Setting next_dagrun for example_task_group_decorator to None, run_after=None
[2024-11-26T17:55:57.375+0000] {processor.py:208} INFO - Processing /home/airflow/.local/lib/python3.12/site-packages/airflow/example_dags/example_task_group_decorator.py took 0.071 seconds
[2024-11-26T17:56:28.122+0000] {processor.py:186} INFO - Started process (PID=393) to work on /home/airflow/.local/lib/python3.12/site-packages/airflow/example_dags/example_task_group_decorator.py
[2024-11-26T17:56:28.122+0000] {processor.py:914} INFO - Processing file /home/airflow/.local/lib/python3.12/site-packages/airflow/example_dags/example_task_group_decorator.py for tasks to queue
[2024-11-26T17:56:28.124+0000] {logging_mixin.py:190} INFO - [2024-11-26T17:56:28.124+0000] {dagbag.py:588} INFO - Filling up the DagBag from /home/airflow/.local/lib/python3.12/site-packages/airflow/example_dags/example_task_group_decorator.py
[2024-11-26T17:56:28.136+0000] {processor.py:925} INFO - DAG(s) 'example_task_group_decorator' retrieved from /home/airflow/.local/lib/python3.12/site-packages/airflow/example_dags/example_task_group_decorator.py
[2024-11-26T17:56:28.156+0000] {logging_mixin.py:190} INFO - [2024-11-26T17:56:28.156+0000] {dag.py:3239} INFO - Sync 1 DAGs
[2024-11-26T17:56:28.168+0000] {logging_mixin.py:190} INFO - [2024-11-26T17:56:28.168+0000] {dag.py:4180} INFO - Setting next_dagrun for example_task_group_decorator to None, run_after=None
[2024-11-26T17:56:28.183+0000] {processor.py:208} INFO - Processing /home/airflow/.local/lib/python3.12/site-packages/airflow/example_dags/example_task_group_decorator.py took 0.066 seconds
[2024-11-26T17:56:59.133+0000] {processor.py:186} INFO - Started process (PID=456) to work on /home/airflow/.local/lib/python3.12/site-packages/airflow/example_dags/example_task_group_decorator.py
[2024-11-26T17:56:59.133+0000] {processor.py:914} INFO - Processing file /home/airflow/.local/lib/python3.12/site-packages/airflow/example_dags/example_task_group_decorator.py for tasks to queue
[2024-11-26T17:56:59.135+0000] {logging_mixin.py:190} INFO - [2024-11-26T17:56:59.134+0000] {dagbag.py:588} INFO - Filling up the DagBag from /home/airflow/.local/lib/python3.12/site-packages/airflow/example_dags/example_task_group_decorator.py
[2024-11-26T17:56:59.146+0000] {processor.py:925} INFO - DAG(s) 'example_task_group_decorator' retrieved from /home/airflow/.local/lib/python3.12/site-packages/airflow/example_dags/example_task_group_decorator.py
[2024-11-26T17:56:59.166+0000] {logging_mixin.py:190} INFO - [2024-11-26T17:56:59.165+0000] {dag.py:3239} INFO - Sync 1 DAGs
[2024-11-26T17:56:59.177+0000] {logging_mixin.py:190} INFO - [2024-11-26T17:56:59.177+0000] {dag.py:4180} INFO - Setting next_dagrun for example_task_group_decorator to None, run_after=None
[2024-11-26T17:56:59.193+0000] {processor.py:208} INFO - Processing /home/airflow/.local/lib/python3.12/site-packages/airflow/example_dags/example_task_group_decorator.py took 0.064 seconds
[2024-11-26T17:57:29.926+0000] {processor.py:186} INFO - Started process (PID=519) to work on /home/airflow/.local/lib/python3.12/site-packages/airflow/example_dags/example_task_group_decorator.py
[2024-11-26T17:57:29.942+0000] {processor.py:914} INFO - Processing file /home/airflow/.local/lib/python3.12/site-packages/airflow/example_dags/example_task_group_decorator.py for tasks to queue
[2024-11-26T17:57:29.945+0000] {logging_mixin.py:190} INFO - [2024-11-26T17:57:29.945+0000] {dagbag.py:588} INFO - Filling up the DagBag from /home/airflow/.local/lib/python3.12/site-packages/airflow/example_dags/example_task_group_decorator.py
[2024-11-26T17:57:29.965+0000] {processor.py:925} INFO - DAG(s) 'example_task_group_decorator' retrieved from /home/airflow/.local/lib/python3.12/site-packages/airflow/example_dags/example_task_group_decorator.py
[2024-11-26T17:57:29.995+0000] {logging_mixin.py:190} INFO - [2024-11-26T17:57:29.995+0000] {dag.py:3239} INFO - Sync 1 DAGs
[2024-11-26T17:57:30.013+0000] {logging_mixin.py:190} INFO - [2024-11-26T17:57:30.013+0000] {dag.py:4180} INFO - Setting next_dagrun for example_task_group_decorator to None, run_after=None
[2024-11-26T17:57:30.035+0000] {processor.py:208} INFO - Processing /home/airflow/.local/lib/python3.12/site-packages/airflow/example_dags/example_task_group_decorator.py took 0.115 seconds
[2024-11-26T17:58:00.850+0000] {processor.py:186} INFO - Started process (PID=582) to work on /home/airflow/.local/lib/python3.12/site-packages/airflow/example_dags/example_task_group_decorator.py
[2024-11-26T17:58:00.851+0000] {processor.py:914} INFO - Processing file /home/airflow/.local/lib/python3.12/site-packages/airflow/example_dags/example_task_group_decorator.py for tasks to queue
[2024-11-26T17:58:00.852+0000] {logging_mixin.py:190} INFO - [2024-11-26T17:58:00.852+0000] {dagbag.py:588} INFO - Filling up the DagBag from /home/airflow/.local/lib/python3.12/site-packages/airflow/example_dags/example_task_group_decorator.py
[2024-11-26T17:58:00.863+0000] {processor.py:925} INFO - DAG(s) 'example_task_group_decorator' retrieved from /home/airflow/.local/lib/python3.12/site-packages/airflow/example_dags/example_task_group_decorator.py
[2024-11-26T17:58:00.881+0000] {logging_mixin.py:190} INFO - [2024-11-26T17:58:00.881+0000] {dag.py:3239} INFO - Sync 1 DAGs
[2024-11-26T17:58:00.891+0000] {logging_mixin.py:190} INFO - [2024-11-26T17:58:00.891+0000] {dag.py:4180} INFO - Setting next_dagrun for example_task_group_decorator to None, run_after=None
[2024-11-26T17:58:00.907+0000] {processor.py:208} INFO - Processing /home/airflow/.local/lib/python3.12/site-packages/airflow/example_dags/example_task_group_decorator.py took 0.061 seconds
[2024-11-26T17:58:31.078+0000] {processor.py:186} INFO - Started process (PID=645) to work on /home/airflow/.local/lib/python3.12/site-packages/airflow/example_dags/example_task_group_decorator.py
[2024-11-26T17:58:31.078+0000] {processor.py:914} INFO - Processing file /home/airflow/.local/lib/python3.12/site-packages/airflow/example_dags/example_task_group_decorator.py for tasks to queue
[2024-11-26T17:58:31.080+0000] {logging_mixin.py:190} INFO - [2024-11-26T17:58:31.080+0000] {dagbag.py:588} INFO - Filling up the DagBag from /home/airflow/.local/lib/python3.12/site-packages/airflow/example_dags/example_task_group_decorator.py
[2024-11-26T17:58:31.091+0000] {processor.py:925} INFO - DAG(s) 'example_task_group_decorator' retrieved from /home/airflow/.local/lib/python3.12/site-packages/airflow/example_dags/example_task_group_decorator.py
[2024-11-26T17:58:31.109+0000] {logging_mixin.py:190} INFO - [2024-11-26T17:58:31.109+0000] {dag.py:3239} INFO - Sync 1 DAGs
[2024-11-26T17:58:31.120+0000] {logging_mixin.py:190} INFO - [2024-11-26T17:58:31.120+0000] {dag.py:4180} INFO - Setting next_dagrun for example_task_group_decorator to None, run_after=None
[2024-11-26T17:58:31.133+0000] {processor.py:208} INFO - Processing /home/airflow/.local/lib/python3.12/site-packages/airflow/example_dags/example_task_group_decorator.py took 0.058 seconds
[2024-11-26T17:59:01.796+0000] {processor.py:186} INFO - Started process (PID=708) to work on /home/airflow/.local/lib/python3.12/site-packages/airflow/example_dags/example_task_group_decorator.py
[2024-11-26T17:59:01.797+0000] {processor.py:914} INFO - Processing file /home/airflow/.local/lib/python3.12/site-packages/airflow/example_dags/example_task_group_decorator.py for tasks to queue
[2024-11-26T17:59:01.799+0000] {logging_mixin.py:190} INFO - [2024-11-26T17:59:01.798+0000] {dagbag.py:588} INFO - Filling up the DagBag from /home/airflow/.local/lib/python3.12/site-packages/airflow/example_dags/example_task_group_decorator.py
[2024-11-26T17:59:01.810+0000] {processor.py:925} INFO - DAG(s) 'example_task_group_decorator' retrieved from /home/airflow/.local/lib/python3.12/site-packages/airflow/example_dags/example_task_group_decorator.py
[2024-11-26T17:59:01.830+0000] {logging_mixin.py:190} INFO - [2024-11-26T17:59:01.830+0000] {dag.py:3239} INFO - Sync 1 DAGs
[2024-11-26T17:59:01.842+0000] {logging_mixin.py:190} INFO - [2024-11-26T17:59:01.842+0000] {dag.py:4180} INFO - Setting next_dagrun for example_task_group_decorator to None, run_after=None
[2024-11-26T17:59:01.857+0000] {processor.py:208} INFO - Processing /home/airflow/.local/lib/python3.12/site-packages/airflow/example_dags/example_task_group_decorator.py took 0.065 seconds
[2024-11-26T18:06:05.773+0000] {processor.py:186} INFO - Started process (PID=74) to work on /home/airflow/.local/lib/python3.12/site-packages/airflow/example_dags/example_task_group_decorator.py
[2024-11-26T18:06:05.774+0000] {processor.py:914} INFO - Processing file /home/airflow/.local/lib/python3.12/site-packages/airflow/example_dags/example_task_group_decorator.py for tasks to queue
[2024-11-26T18:06:05.775+0000] {logging_mixin.py:190} INFO - [2024-11-26T18:06:05.775+0000] {dagbag.py:588} INFO - Filling up the DagBag from /home/airflow/.local/lib/python3.12/site-packages/airflow/example_dags/example_task_group_decorator.py
[2024-11-26T18:06:05.788+0000] {processor.py:925} INFO - DAG(s) 'example_task_group_decorator' retrieved from /home/airflow/.local/lib/python3.12/site-packages/airflow/example_dags/example_task_group_decorator.py
[2024-11-26T18:06:05.812+0000] {logging_mixin.py:190} INFO - [2024-11-26T18:06:05.812+0000] {dag.py:3239} INFO - Sync 1 DAGs
[2024-11-26T18:06:05.823+0000] {logging_mixin.py:190} INFO - [2024-11-26T18:06:05.823+0000] {dag.py:4180} INFO - Setting next_dagrun for example_task_group_decorator to None, run_after=None
[2024-11-26T18:06:05.837+0000] {processor.py:208} INFO - Processing /home/airflow/.local/lib/python3.12/site-packages/airflow/example_dags/example_task_group_decorator.py took 0.068 seconds
[2024-11-26T18:06:36.211+0000] {processor.py:186} INFO - Started process (PID=137) to work on /home/airflow/.local/lib/python3.12/site-packages/airflow/example_dags/example_task_group_decorator.py
[2024-11-26T18:06:36.212+0000] {processor.py:914} INFO - Processing file /home/airflow/.local/lib/python3.12/site-packages/airflow/example_dags/example_task_group_decorator.py for tasks to queue
[2024-11-26T18:06:36.213+0000] {logging_mixin.py:190} INFO - [2024-11-26T18:06:36.213+0000] {dagbag.py:588} INFO - Filling up the DagBag from /home/airflow/.local/lib/python3.12/site-packages/airflow/example_dags/example_task_group_decorator.py
[2024-11-26T18:06:36.224+0000] {processor.py:925} INFO - DAG(s) 'example_task_group_decorator' retrieved from /home/airflow/.local/lib/python3.12/site-packages/airflow/example_dags/example_task_group_decorator.py
[2024-11-26T18:06:36.243+0000] {logging_mixin.py:190} INFO - [2024-11-26T18:06:36.243+0000] {dag.py:3239} INFO - Sync 1 DAGs
[2024-11-26T18:06:36.253+0000] {logging_mixin.py:190} INFO - [2024-11-26T18:06:36.253+0000] {dag.py:4180} INFO - Setting next_dagrun for example_task_group_decorator to None, run_after=None
[2024-11-26T18:06:36.266+0000] {processor.py:208} INFO - Processing /home/airflow/.local/lib/python3.12/site-packages/airflow/example_dags/example_task_group_decorator.py took 0.060 seconds
[2024-11-26T18:07:06.334+0000] {processor.py:186} INFO - Started process (PID=201) to work on /home/airflow/.local/lib/python3.12/site-packages/airflow/example_dags/example_task_group_decorator.py
[2024-11-26T18:07:06.334+0000] {processor.py:914} INFO - Processing file /home/airflow/.local/lib/python3.12/site-packages/airflow/example_dags/example_task_group_decorator.py for tasks to queue
[2024-11-26T18:07:06.336+0000] {logging_mixin.py:190} INFO - [2024-11-26T18:07:06.336+0000] {dagbag.py:588} INFO - Filling up the DagBag from /home/airflow/.local/lib/python3.12/site-packages/airflow/example_dags/example_task_group_decorator.py
[2024-11-26T18:07:06.347+0000] {processor.py:925} INFO - DAG(s) 'example_task_group_decorator' retrieved from /home/airflow/.local/lib/python3.12/site-packages/airflow/example_dags/example_task_group_decorator.py
[2024-11-26T18:07:06.366+0000] {logging_mixin.py:190} INFO - [2024-11-26T18:07:06.366+0000] {dag.py:3239} INFO - Sync 1 DAGs
[2024-11-26T18:07:06.376+0000] {logging_mixin.py:190} INFO - [2024-11-26T18:07:06.376+0000] {dag.py:4180} INFO - Setting next_dagrun for example_task_group_decorator to None, run_after=None
[2024-11-26T18:07:06.390+0000] {processor.py:208} INFO - Processing /home/airflow/.local/lib/python3.12/site-packages/airflow/example_dags/example_task_group_decorator.py took 0.060 seconds
[2024-11-26T18:07:37.292+0000] {processor.py:186} INFO - Started process (PID=265) to work on /home/airflow/.local/lib/python3.12/site-packages/airflow/example_dags/example_task_group_decorator.py
[2024-11-26T18:07:37.293+0000] {processor.py:914} INFO - Processing file /home/airflow/.local/lib/python3.12/site-packages/airflow/example_dags/example_task_group_decorator.py for tasks to queue
[2024-11-26T18:07:37.294+0000] {logging_mixin.py:190} INFO - [2024-11-26T18:07:37.294+0000] {dagbag.py:588} INFO - Filling up the DagBag from /home/airflow/.local/lib/python3.12/site-packages/airflow/example_dags/example_task_group_decorator.py
[2024-11-26T18:07:37.305+0000] {processor.py:925} INFO - DAG(s) 'example_task_group_decorator' retrieved from /home/airflow/.local/lib/python3.12/site-packages/airflow/example_dags/example_task_group_decorator.py
[2024-11-26T18:07:37.324+0000] {logging_mixin.py:190} INFO - [2024-11-26T18:07:37.324+0000] {dag.py:3239} INFO - Sync 1 DAGs
[2024-11-26T18:07:37.335+0000] {logging_mixin.py:190} INFO - [2024-11-26T18:07:37.335+0000] {dag.py:4180} INFO - Setting next_dagrun for example_task_group_decorator to None, run_after=None
[2024-11-26T18:07:37.350+0000] {processor.py:208} INFO - Processing /home/airflow/.local/lib/python3.12/site-packages/airflow/example_dags/example_task_group_decorator.py took 0.062 seconds
[2024-11-26T18:08:07.890+0000] {processor.py:186} INFO - Started process (PID=329) to work on /home/airflow/.local/lib/python3.12/site-packages/airflow/example_dags/example_task_group_decorator.py
[2024-11-26T18:08:07.891+0000] {processor.py:914} INFO - Processing file /home/airflow/.local/lib/python3.12/site-packages/airflow/example_dags/example_task_group_decorator.py for tasks to queue
[2024-11-26T18:08:07.892+0000] {logging_mixin.py:190} INFO - [2024-11-26T18:08:07.892+0000] {dagbag.py:588} INFO - Filling up the DagBag from /home/airflow/.local/lib/python3.12/site-packages/airflow/example_dags/example_task_group_decorator.py
[2024-11-26T18:08:07.903+0000] {processor.py:925} INFO - DAG(s) 'example_task_group_decorator' retrieved from /home/airflow/.local/lib/python3.12/site-packages/airflow/example_dags/example_task_group_decorator.py
[2024-11-26T18:08:07.922+0000] {logging_mixin.py:190} INFO - [2024-11-26T18:08:07.922+0000] {dag.py:3239} INFO - Sync 1 DAGs
[2024-11-26T18:08:07.932+0000] {logging_mixin.py:190} INFO - [2024-11-26T18:08:07.932+0000] {dag.py:4180} INFO - Setting next_dagrun for example_task_group_decorator to None, run_after=None
[2024-11-26T18:08:07.946+0000] {processor.py:208} INFO - Processing /home/airflow/.local/lib/python3.12/site-packages/airflow/example_dags/example_task_group_decorator.py took 0.060 seconds
[2024-11-26T18:08:38.615+0000] {processor.py:186} INFO - Started process (PID=393) to work on /home/airflow/.local/lib/python3.12/site-packages/airflow/example_dags/example_task_group_decorator.py
[2024-11-26T18:08:38.616+0000] {processor.py:914} INFO - Processing file /home/airflow/.local/lib/python3.12/site-packages/airflow/example_dags/example_task_group_decorator.py for tasks to queue
[2024-11-26T18:08:38.618+0000] {logging_mixin.py:190} INFO - [2024-11-26T18:08:38.617+0000] {dagbag.py:588} INFO - Filling up the DagBag from /home/airflow/.local/lib/python3.12/site-packages/airflow/example_dags/example_task_group_decorator.py
[2024-11-26T18:08:38.629+0000] {processor.py:925} INFO - DAG(s) 'example_task_group_decorator' retrieved from /home/airflow/.local/lib/python3.12/site-packages/airflow/example_dags/example_task_group_decorator.py
[2024-11-26T18:08:38.647+0000] {logging_mixin.py:190} INFO - [2024-11-26T18:08:38.647+0000] {dag.py:3239} INFO - Sync 1 DAGs
[2024-11-26T18:08:38.659+0000] {logging_mixin.py:190} INFO - [2024-11-26T18:08:38.658+0000] {dag.py:4180} INFO - Setting next_dagrun for example_task_group_decorator to None, run_after=None
[2024-11-26T18:08:38.673+0000] {processor.py:208} INFO - Processing /home/airflow/.local/lib/python3.12/site-packages/airflow/example_dags/example_task_group_decorator.py took 0.062 seconds
[2024-11-26T18:09:09.443+0000] {processor.py:186} INFO - Started process (PID=458) to work on /home/airflow/.local/lib/python3.12/site-packages/airflow/example_dags/example_task_group_decorator.py
[2024-11-26T18:09:09.444+0000] {processor.py:914} INFO - Processing file /home/airflow/.local/lib/python3.12/site-packages/airflow/example_dags/example_task_group_decorator.py for tasks to queue
[2024-11-26T18:09:09.446+0000] {logging_mixin.py:190} INFO - [2024-11-26T18:09:09.446+0000] {dagbag.py:588} INFO - Filling up the DagBag from /home/airflow/.local/lib/python3.12/site-packages/airflow/example_dags/example_task_group_decorator.py
[2024-11-26T18:09:09.460+0000] {processor.py:925} INFO - DAG(s) 'example_task_group_decorator' retrieved from /home/airflow/.local/lib/python3.12/site-packages/airflow/example_dags/example_task_group_decorator.py
[2024-11-26T18:09:09.480+0000] {logging_mixin.py:190} INFO - [2024-11-26T18:09:09.480+0000] {dag.py:3239} INFO - Sync 1 DAGs
[2024-11-26T18:09:09.491+0000] {logging_mixin.py:190} INFO - [2024-11-26T18:09:09.491+0000] {dag.py:4180} INFO - Setting next_dagrun for example_task_group_decorator to None, run_after=None
[2024-11-26T18:09:09.509+0000] {processor.py:208} INFO - Processing /home/airflow/.local/lib/python3.12/site-packages/airflow/example_dags/example_task_group_decorator.py took 0.070 seconds
[2024-11-26T18:09:39.543+0000] {processor.py:186} INFO - Started process (PID=522) to work on /home/airflow/.local/lib/python3.12/site-packages/airflow/example_dags/example_task_group_decorator.py
[2024-11-26T18:09:39.543+0000] {processor.py:914} INFO - Processing file /home/airflow/.local/lib/python3.12/site-packages/airflow/example_dags/example_task_group_decorator.py for tasks to queue
[2024-11-26T18:09:39.545+0000] {logging_mixin.py:190} INFO - [2024-11-26T18:09:39.545+0000] {dagbag.py:588} INFO - Filling up the DagBag from /home/airflow/.local/lib/python3.12/site-packages/airflow/example_dags/example_task_group_decorator.py
[2024-11-26T18:09:39.556+0000] {processor.py:925} INFO - DAG(s) 'example_task_group_decorator' retrieved from /home/airflow/.local/lib/python3.12/site-packages/airflow/example_dags/example_task_group_decorator.py
[2024-11-26T18:09:39.582+0000] {logging_mixin.py:190} INFO - [2024-11-26T18:09:39.581+0000] {dag.py:3239} INFO - Sync 1 DAGs
[2024-11-26T18:09:39.595+0000] {logging_mixin.py:190} INFO - [2024-11-26T18:09:39.594+0000] {dag.py:4180} INFO - Setting next_dagrun for example_task_group_decorator to None, run_after=None
[2024-11-26T18:09:39.612+0000] {processor.py:208} INFO - Processing /home/airflow/.local/lib/python3.12/site-packages/airflow/example_dags/example_task_group_decorator.py took 0.073 seconds
[2024-11-26T18:10:10.315+0000] {processor.py:186} INFO - Started process (PID=585) to work on /home/airflow/.local/lib/python3.12/site-packages/airflow/example_dags/example_task_group_decorator.py
[2024-11-26T18:10:10.316+0000] {processor.py:914} INFO - Processing file /home/airflow/.local/lib/python3.12/site-packages/airflow/example_dags/example_task_group_decorator.py for tasks to queue
[2024-11-26T18:10:10.317+0000] {logging_mixin.py:190} INFO - [2024-11-26T18:10:10.317+0000] {dagbag.py:588} INFO - Filling up the DagBag from /home/airflow/.local/lib/python3.12/site-packages/airflow/example_dags/example_task_group_decorator.py
[2024-11-26T18:10:10.328+0000] {processor.py:925} INFO - DAG(s) 'example_task_group_decorator' retrieved from /home/airflow/.local/lib/python3.12/site-packages/airflow/example_dags/example_task_group_decorator.py
[2024-11-26T18:10:10.347+0000] {logging_mixin.py:190} INFO - [2024-11-26T18:10:10.347+0000] {dag.py:3239} INFO - Sync 1 DAGs
[2024-11-26T18:10:10.357+0000] {logging_mixin.py:190} INFO - [2024-11-26T18:10:10.357+0000] {dag.py:4180} INFO - Setting next_dagrun for example_task_group_decorator to None, run_after=None
[2024-11-26T18:10:10.372+0000] {processor.py:208} INFO - Processing /home/airflow/.local/lib/python3.12/site-packages/airflow/example_dags/example_task_group_decorator.py took 0.060 seconds
[2024-11-26T18:10:40.467+0000] {processor.py:186} INFO - Started process (PID=648) to work on /home/airflow/.local/lib/python3.12/site-packages/airflow/example_dags/example_task_group_decorator.py
[2024-11-26T18:10:40.467+0000] {processor.py:914} INFO - Processing file /home/airflow/.local/lib/python3.12/site-packages/airflow/example_dags/example_task_group_decorator.py for tasks to queue
[2024-11-26T18:10:40.468+0000] {logging_mixin.py:190} INFO - [2024-11-26T18:10:40.468+0000] {dagbag.py:588} INFO - Filling up the DagBag from /home/airflow/.local/lib/python3.12/site-packages/airflow/example_dags/example_task_group_decorator.py
[2024-11-26T18:10:40.478+0000] {processor.py:925} INFO - DAG(s) 'example_task_group_decorator' retrieved from /home/airflow/.local/lib/python3.12/site-packages/airflow/example_dags/example_task_group_decorator.py
[2024-11-26T18:10:40.497+0000] {logging_mixin.py:190} INFO - [2024-11-26T18:10:40.496+0000] {dag.py:3239} INFO - Sync 1 DAGs
[2024-11-26T18:10:40.507+0000] {logging_mixin.py:190} INFO - [2024-11-26T18:10:40.507+0000] {dag.py:4180} INFO - Setting next_dagrun for example_task_group_decorator to None, run_after=None
[2024-11-26T18:10:40.522+0000] {processor.py:208} INFO - Processing /home/airflow/.local/lib/python3.12/site-packages/airflow/example_dags/example_task_group_decorator.py took 0.059 seconds
[2024-11-26T18:11:10.563+0000] {processor.py:186} INFO - Started process (PID=712) to work on /home/airflow/.local/lib/python3.12/site-packages/airflow/example_dags/example_task_group_decorator.py
[2024-11-26T18:11:10.564+0000] {processor.py:914} INFO - Processing file /home/airflow/.local/lib/python3.12/site-packages/airflow/example_dags/example_task_group_decorator.py for tasks to queue
[2024-11-26T18:11:10.565+0000] {logging_mixin.py:190} INFO - [2024-11-26T18:11:10.565+0000] {dagbag.py:588} INFO - Filling up the DagBag from /home/airflow/.local/lib/python3.12/site-packages/airflow/example_dags/example_task_group_decorator.py
[2024-11-26T18:11:10.576+0000] {processor.py:925} INFO - DAG(s) 'example_task_group_decorator' retrieved from /home/airflow/.local/lib/python3.12/site-packages/airflow/example_dags/example_task_group_decorator.py
[2024-11-26T18:11:10.594+0000] {logging_mixin.py:190} INFO - [2024-11-26T18:11:10.594+0000] {dag.py:3239} INFO - Sync 1 DAGs
[2024-11-26T18:11:10.606+0000] {logging_mixin.py:190} INFO - [2024-11-26T18:11:10.606+0000] {dag.py:4180} INFO - Setting next_dagrun for example_task_group_decorator to None, run_after=None
[2024-11-26T18:11:10.621+0000] {processor.py:208} INFO - Processing /home/airflow/.local/lib/python3.12/site-packages/airflow/example_dags/example_task_group_decorator.py took 0.061 seconds
[2024-11-26T18:12:30.493+0000] {processor.py:186} INFO - Started process (PID=62) to work on /home/airflow/.local/lib/python3.12/site-packages/airflow/example_dags/example_task_group_decorator.py
[2024-11-26T18:12:30.493+0000] {processor.py:914} INFO - Processing file /home/airflow/.local/lib/python3.12/site-packages/airflow/example_dags/example_task_group_decorator.py for tasks to queue
[2024-11-26T18:12:30.495+0000] {logging_mixin.py:190} INFO - [2024-11-26T18:12:30.495+0000] {dagbag.py:588} INFO - Filling up the DagBag from /home/airflow/.local/lib/python3.12/site-packages/airflow/example_dags/example_task_group_decorator.py
[2024-11-26T18:12:30.510+0000] {processor.py:925} INFO - DAG(s) 'example_task_group_decorator' retrieved from /home/airflow/.local/lib/python3.12/site-packages/airflow/example_dags/example_task_group_decorator.py
[2024-11-26T18:12:30.537+0000] {logging_mixin.py:190} INFO - [2024-11-26T18:12:30.537+0000] {dag.py:3239} INFO - Sync 1 DAGs
[2024-11-26T18:12:30.549+0000] {logging_mixin.py:190} INFO - [2024-11-26T18:12:30.549+0000] {dag.py:4180} INFO - Setting next_dagrun for example_task_group_decorator to None, run_after=None
[2024-11-26T18:12:30.567+0000] {processor.py:208} INFO - Processing /home/airflow/.local/lib/python3.12/site-packages/airflow/example_dags/example_task_group_decorator.py took 0.078 seconds
[2024-11-26T18:13:01.007+0000] {processor.py:186} INFO - Started process (PID=126) to work on /home/airflow/.local/lib/python3.12/site-packages/airflow/example_dags/example_task_group_decorator.py
[2024-11-26T18:13:01.007+0000] {processor.py:914} INFO - Processing file /home/airflow/.local/lib/python3.12/site-packages/airflow/example_dags/example_task_group_decorator.py for tasks to queue
[2024-11-26T18:13:01.009+0000] {logging_mixin.py:190} INFO - [2024-11-26T18:13:01.009+0000] {dagbag.py:588} INFO - Filling up the DagBag from /home/airflow/.local/lib/python3.12/site-packages/airflow/example_dags/example_task_group_decorator.py
[2024-11-26T18:13:01.021+0000] {processor.py:925} INFO - DAG(s) 'example_task_group_decorator' retrieved from /home/airflow/.local/lib/python3.12/site-packages/airflow/example_dags/example_task_group_decorator.py
[2024-11-26T18:13:01.043+0000] {logging_mixin.py:190} INFO - [2024-11-26T18:13:01.043+0000] {dag.py:3239} INFO - Sync 1 DAGs
[2024-11-26T18:13:01.054+0000] {logging_mixin.py:190} INFO - [2024-11-26T18:13:01.054+0000] {dag.py:4180} INFO - Setting next_dagrun for example_task_group_decorator to None, run_after=None
[2024-11-26T18:13:01.071+0000] {processor.py:208} INFO - Processing /home/airflow/.local/lib/python3.12/site-packages/airflow/example_dags/example_task_group_decorator.py took 0.068 seconds
[2024-11-26T18:13:31.601+0000] {processor.py:186} INFO - Started process (PID=190) to work on /home/airflow/.local/lib/python3.12/site-packages/airflow/example_dags/example_task_group_decorator.py
[2024-11-26T18:13:31.602+0000] {processor.py:914} INFO - Processing file /home/airflow/.local/lib/python3.12/site-packages/airflow/example_dags/example_task_group_decorator.py for tasks to queue
[2024-11-26T18:13:31.604+0000] {logging_mixin.py:190} INFO - [2024-11-26T18:13:31.604+0000] {dagbag.py:588} INFO - Filling up the DagBag from /home/airflow/.local/lib/python3.12/site-packages/airflow/example_dags/example_task_group_decorator.py
[2024-11-26T18:13:31.614+0000] {processor.py:925} INFO - DAG(s) 'example_task_group_decorator' retrieved from /home/airflow/.local/lib/python3.12/site-packages/airflow/example_dags/example_task_group_decorator.py
[2024-11-26T18:13:31.634+0000] {logging_mixin.py:190} INFO - [2024-11-26T18:13:31.634+0000] {dag.py:3239} INFO - Sync 1 DAGs
[2024-11-26T18:13:31.644+0000] {logging_mixin.py:190} INFO - [2024-11-26T18:13:31.644+0000] {dag.py:4180} INFO - Setting next_dagrun for example_task_group_decorator to None, run_after=None
[2024-11-26T18:13:31.658+0000] {processor.py:208} INFO - Processing /home/airflow/.local/lib/python3.12/site-packages/airflow/example_dags/example_task_group_decorator.py took 0.061 seconds
[2024-11-26T18:14:01.737+0000] {processor.py:186} INFO - Started process (PID=253) to work on /home/airflow/.local/lib/python3.12/site-packages/airflow/example_dags/example_task_group_decorator.py
[2024-11-26T18:14:01.738+0000] {processor.py:914} INFO - Processing file /home/airflow/.local/lib/python3.12/site-packages/airflow/example_dags/example_task_group_decorator.py for tasks to queue
[2024-11-26T18:14:01.740+0000] {logging_mixin.py:190} INFO - [2024-11-26T18:14:01.739+0000] {dagbag.py:588} INFO - Filling up the DagBag from /home/airflow/.local/lib/python3.12/site-packages/airflow/example_dags/example_task_group_decorator.py
[2024-11-26T18:14:01.751+0000] {processor.py:925} INFO - DAG(s) 'example_task_group_decorator' retrieved from /home/airflow/.local/lib/python3.12/site-packages/airflow/example_dags/example_task_group_decorator.py
[2024-11-26T18:14:01.772+0000] {logging_mixin.py:190} INFO - [2024-11-26T18:14:01.772+0000] {dag.py:3239} INFO - Sync 1 DAGs
[2024-11-26T18:14:01.783+0000] {logging_mixin.py:190} INFO - [2024-11-26T18:14:01.783+0000] {dag.py:4180} INFO - Setting next_dagrun for example_task_group_decorator to None, run_after=None
[2024-11-26T18:14:01.799+0000] {processor.py:208} INFO - Processing /home/airflow/.local/lib/python3.12/site-packages/airflow/example_dags/example_task_group_decorator.py took 0.065 seconds
[2024-11-26T18:14:31.918+0000] {processor.py:186} INFO - Started process (PID=317) to work on /home/airflow/.local/lib/python3.12/site-packages/airflow/example_dags/example_task_group_decorator.py
[2024-11-26T18:14:31.919+0000] {processor.py:914} INFO - Processing file /home/airflow/.local/lib/python3.12/site-packages/airflow/example_dags/example_task_group_decorator.py for tasks to queue
[2024-11-26T18:14:31.920+0000] {logging_mixin.py:190} INFO - [2024-11-26T18:14:31.920+0000] {dagbag.py:588} INFO - Filling up the DagBag from /home/airflow/.local/lib/python3.12/site-packages/airflow/example_dags/example_task_group_decorator.py
[2024-11-26T18:14:31.931+0000] {processor.py:925} INFO - DAG(s) 'example_task_group_decorator' retrieved from /home/airflow/.local/lib/python3.12/site-packages/airflow/example_dags/example_task_group_decorator.py
[2024-11-26T18:14:31.949+0000] {logging_mixin.py:190} INFO - [2024-11-26T18:14:31.949+0000] {dag.py:3239} INFO - Sync 1 DAGs
[2024-11-26T18:14:31.960+0000] {logging_mixin.py:190} INFO - [2024-11-26T18:14:31.960+0000] {dag.py:4180} INFO - Setting next_dagrun for example_task_group_decorator to None, run_after=None
[2024-11-26T18:14:31.974+0000] {processor.py:208} INFO - Processing /home/airflow/.local/lib/python3.12/site-packages/airflow/example_dags/example_task_group_decorator.py took 0.060 seconds
[2024-11-26T18:15:02.675+0000] {processor.py:186} INFO - Started process (PID=387) to work on /home/airflow/.local/lib/python3.12/site-packages/airflow/example_dags/example_task_group_decorator.py
[2024-11-26T18:15:02.676+0000] {processor.py:914} INFO - Processing file /home/airflow/.local/lib/python3.12/site-packages/airflow/example_dags/example_task_group_decorator.py for tasks to queue
[2024-11-26T18:15:02.678+0000] {logging_mixin.py:190} INFO - [2024-11-26T18:15:02.677+0000] {dagbag.py:588} INFO - Filling up the DagBag from /home/airflow/.local/lib/python3.12/site-packages/airflow/example_dags/example_task_group_decorator.py
[2024-11-26T18:15:02.691+0000] {processor.py:925} INFO - DAG(s) 'example_task_group_decorator' retrieved from /home/airflow/.local/lib/python3.12/site-packages/airflow/example_dags/example_task_group_decorator.py
[2024-11-26T18:15:02.712+0000] {logging_mixin.py:190} INFO - [2024-11-26T18:15:02.712+0000] {dag.py:3239} INFO - Sync 1 DAGs
[2024-11-26T18:15:02.722+0000] {logging_mixin.py:190} INFO - [2024-11-26T18:15:02.722+0000] {dag.py:4180} INFO - Setting next_dagrun for example_task_group_decorator to None, run_after=None
[2024-11-26T18:15:02.736+0000] {processor.py:208} INFO - Processing /home/airflow/.local/lib/python3.12/site-packages/airflow/example_dags/example_task_group_decorator.py took 0.066 seconds
[2024-11-26T18:15:33.399+0000] {processor.py:186} INFO - Started process (PID=451) to work on /home/airflow/.local/lib/python3.12/site-packages/airflow/example_dags/example_task_group_decorator.py
[2024-11-26T18:15:33.400+0000] {processor.py:914} INFO - Processing file /home/airflow/.local/lib/python3.12/site-packages/airflow/example_dags/example_task_group_decorator.py for tasks to queue
[2024-11-26T18:15:33.401+0000] {logging_mixin.py:190} INFO - [2024-11-26T18:15:33.401+0000] {dagbag.py:588} INFO - Filling up the DagBag from /home/airflow/.local/lib/python3.12/site-packages/airflow/example_dags/example_task_group_decorator.py
[2024-11-26T18:15:33.412+0000] {processor.py:925} INFO - DAG(s) 'example_task_group_decorator' retrieved from /home/airflow/.local/lib/python3.12/site-packages/airflow/example_dags/example_task_group_decorator.py
[2024-11-26T18:15:33.431+0000] {logging_mixin.py:190} INFO - [2024-11-26T18:15:33.431+0000] {dag.py:3239} INFO - Sync 1 DAGs
[2024-11-26T18:15:33.442+0000] {logging_mixin.py:190} INFO - [2024-11-26T18:15:33.441+0000] {dag.py:4180} INFO - Setting next_dagrun for example_task_group_decorator to None, run_after=None
[2024-11-26T18:15:33.456+0000] {processor.py:208} INFO - Processing /home/airflow/.local/lib/python3.12/site-packages/airflow/example_dags/example_task_group_decorator.py took 0.061 seconds
[2024-11-26T18:16:04.285+0000] {processor.py:186} INFO - Started process (PID=515) to work on /home/airflow/.local/lib/python3.12/site-packages/airflow/example_dags/example_task_group_decorator.py
[2024-11-26T18:16:04.286+0000] {processor.py:914} INFO - Processing file /home/airflow/.local/lib/python3.12/site-packages/airflow/example_dags/example_task_group_decorator.py for tasks to queue
[2024-11-26T18:16:04.288+0000] {logging_mixin.py:190} INFO - [2024-11-26T18:16:04.288+0000] {dagbag.py:588} INFO - Filling up the DagBag from /home/airflow/.local/lib/python3.12/site-packages/airflow/example_dags/example_task_group_decorator.py
[2024-11-26T18:16:04.298+0000] {processor.py:925} INFO - DAG(s) 'example_task_group_decorator' retrieved from /home/airflow/.local/lib/python3.12/site-packages/airflow/example_dags/example_task_group_decorator.py
[2024-11-26T18:16:04.317+0000] {logging_mixin.py:190} INFO - [2024-11-26T18:16:04.317+0000] {dag.py:3239} INFO - Sync 1 DAGs
[2024-11-26T18:16:04.328+0000] {logging_mixin.py:190} INFO - [2024-11-26T18:16:04.327+0000] {dag.py:4180} INFO - Setting next_dagrun for example_task_group_decorator to None, run_after=None
[2024-11-26T18:16:04.343+0000] {processor.py:208} INFO - Processing /home/airflow/.local/lib/python3.12/site-packages/airflow/example_dags/example_task_group_decorator.py took 0.062 seconds
[2024-11-26T18:16:34.881+0000] {processor.py:186} INFO - Started process (PID=579) to work on /home/airflow/.local/lib/python3.12/site-packages/airflow/example_dags/example_task_group_decorator.py
[2024-11-26T18:16:34.881+0000] {processor.py:914} INFO - Processing file /home/airflow/.local/lib/python3.12/site-packages/airflow/example_dags/example_task_group_decorator.py for tasks to queue
[2024-11-26T18:16:34.883+0000] {logging_mixin.py:190} INFO - [2024-11-26T18:16:34.883+0000] {dagbag.py:588} INFO - Filling up the DagBag from /home/airflow/.local/lib/python3.12/site-packages/airflow/example_dags/example_task_group_decorator.py
[2024-11-26T18:16:34.895+0000] {processor.py:925} INFO - DAG(s) 'example_task_group_decorator' retrieved from /home/airflow/.local/lib/python3.12/site-packages/airflow/example_dags/example_task_group_decorator.py
[2024-11-26T18:16:34.915+0000] {logging_mixin.py:190} INFO - [2024-11-26T18:16:34.915+0000] {dag.py:3239} INFO - Sync 1 DAGs
[2024-11-26T18:16:34.925+0000] {logging_mixin.py:190} INFO - [2024-11-26T18:16:34.925+0000] {dag.py:4180} INFO - Setting next_dagrun for example_task_group_decorator to None, run_after=None
[2024-11-26T18:16:34.940+0000] {processor.py:208} INFO - Processing /home/airflow/.local/lib/python3.12/site-packages/airflow/example_dags/example_task_group_decorator.py took 0.064 seconds
[2024-11-26T18:17:05.691+0000] {processor.py:186} INFO - Started process (PID=643) to work on /home/airflow/.local/lib/python3.12/site-packages/airflow/example_dags/example_task_group_decorator.py
[2024-11-26T18:17:05.691+0000] {processor.py:914} INFO - Processing file /home/airflow/.local/lib/python3.12/site-packages/airflow/example_dags/example_task_group_decorator.py for tasks to queue
[2024-11-26T18:17:05.693+0000] {logging_mixin.py:190} INFO - [2024-11-26T18:17:05.693+0000] {dagbag.py:588} INFO - Filling up the DagBag from /home/airflow/.local/lib/python3.12/site-packages/airflow/example_dags/example_task_group_decorator.py
[2024-11-26T18:17:05.704+0000] {processor.py:925} INFO - DAG(s) 'example_task_group_decorator' retrieved from /home/airflow/.local/lib/python3.12/site-packages/airflow/example_dags/example_task_group_decorator.py
[2024-11-26T18:17:05.725+0000] {logging_mixin.py:190} INFO - [2024-11-26T18:17:05.724+0000] {dag.py:3239} INFO - Sync 1 DAGs
[2024-11-26T18:17:05.736+0000] {logging_mixin.py:190} INFO - [2024-11-26T18:17:05.736+0000] {dag.py:4180} INFO - Setting next_dagrun for example_task_group_decorator to None, run_after=None
[2024-11-26T18:17:05.751+0000] {processor.py:208} INFO - Processing /home/airflow/.local/lib/python3.12/site-packages/airflow/example_dags/example_task_group_decorator.py took 0.064 seconds
[2024-11-26T18:17:36.405+0000] {processor.py:186} INFO - Started process (PID=707) to work on /home/airflow/.local/lib/python3.12/site-packages/airflow/example_dags/example_task_group_decorator.py
[2024-11-26T18:17:36.406+0000] {processor.py:914} INFO - Processing file /home/airflow/.local/lib/python3.12/site-packages/airflow/example_dags/example_task_group_decorator.py for tasks to queue
[2024-11-26T18:17:36.408+0000] {logging_mixin.py:190} INFO - [2024-11-26T18:17:36.408+0000] {dagbag.py:588} INFO - Filling up the DagBag from /home/airflow/.local/lib/python3.12/site-packages/airflow/example_dags/example_task_group_decorator.py
[2024-11-26T18:17:36.418+0000] {processor.py:925} INFO - DAG(s) 'example_task_group_decorator' retrieved from /home/airflow/.local/lib/python3.12/site-packages/airflow/example_dags/example_task_group_decorator.py
[2024-11-26T18:17:36.437+0000] {logging_mixin.py:190} INFO - [2024-11-26T18:17:36.437+0000] {dag.py:3239} INFO - Sync 1 DAGs
[2024-11-26T18:17:36.447+0000] {logging_mixin.py:190} INFO - [2024-11-26T18:17:36.447+0000] {dag.py:4180} INFO - Setting next_dagrun for example_task_group_decorator to None, run_after=None
[2024-11-26T18:17:36.461+0000] {processor.py:208} INFO - Processing /home/airflow/.local/lib/python3.12/site-packages/airflow/example_dags/example_task_group_decorator.py took 0.059 seconds
[2024-11-26T18:18:07.374+0000] {processor.py:186} INFO - Started process (PID=771) to work on /home/airflow/.local/lib/python3.12/site-packages/airflow/example_dags/example_task_group_decorator.py
[2024-11-26T18:18:07.375+0000] {processor.py:914} INFO - Processing file /home/airflow/.local/lib/python3.12/site-packages/airflow/example_dags/example_task_group_decorator.py for tasks to queue
[2024-11-26T18:18:07.376+0000] {logging_mixin.py:190} INFO - [2024-11-26T18:18:07.376+0000] {dagbag.py:588} INFO - Filling up the DagBag from /home/airflow/.local/lib/python3.12/site-packages/airflow/example_dags/example_task_group_decorator.py
[2024-11-26T18:18:07.388+0000] {processor.py:925} INFO - DAG(s) 'example_task_group_decorator' retrieved from /home/airflow/.local/lib/python3.12/site-packages/airflow/example_dags/example_task_group_decorator.py
[2024-11-26T18:18:07.407+0000] {logging_mixin.py:190} INFO - [2024-11-26T18:18:07.407+0000] {dag.py:3239} INFO - Sync 1 DAGs
[2024-11-26T18:18:07.418+0000] {logging_mixin.py:190} INFO - [2024-11-26T18:18:07.418+0000] {dag.py:4180} INFO - Setting next_dagrun for example_task_group_decorator to None, run_after=None
[2024-11-26T18:18:07.432+0000] {processor.py:208} INFO - Processing /home/airflow/.local/lib/python3.12/site-packages/airflow/example_dags/example_task_group_decorator.py took 0.062 seconds
[2024-11-26T18:44:10.031+0000] {processor.py:186} INFO - Started process (PID=79) to work on /home/airflow/.local/lib/python3.12/site-packages/airflow/example_dags/example_task_group_decorator.py
[2024-11-26T18:44:10.032+0000] {processor.py:914} INFO - Processing file /home/airflow/.local/lib/python3.12/site-packages/airflow/example_dags/example_task_group_decorator.py for tasks to queue
[2024-11-26T18:44:10.033+0000] {logging_mixin.py:190} INFO - [2024-11-26T18:44:10.033+0000] {dagbag.py:588} INFO - Filling up the DagBag from /home/airflow/.local/lib/python3.12/site-packages/airflow/example_dags/example_task_group_decorator.py
[2024-11-26T18:44:10.045+0000] {processor.py:925} INFO - DAG(s) 'example_task_group_decorator' retrieved from /home/airflow/.local/lib/python3.12/site-packages/airflow/example_dags/example_task_group_decorator.py
[2024-11-26T18:44:10.070+0000] {logging_mixin.py:190} INFO - [2024-11-26T18:44:10.070+0000] {dag.py:3239} INFO - Sync 1 DAGs
[2024-11-26T18:44:10.081+0000] {logging_mixin.py:190} INFO - [2024-11-26T18:44:10.081+0000] {dag.py:4180} INFO - Setting next_dagrun for example_task_group_decorator to None, run_after=None
[2024-11-26T18:44:10.096+0000] {processor.py:208} INFO - Processing /home/airflow/.local/lib/python3.12/site-packages/airflow/example_dags/example_task_group_decorator.py took 0.069 seconds
[2024-11-26T18:44:40.719+0000] {processor.py:186} INFO - Started process (PID=154) to work on /home/airflow/.local/lib/python3.12/site-packages/airflow/example_dags/example_task_group_decorator.py
[2024-11-26T18:44:40.720+0000] {processor.py:914} INFO - Processing file /home/airflow/.local/lib/python3.12/site-packages/airflow/example_dags/example_task_group_decorator.py for tasks to queue
[2024-11-26T18:44:40.722+0000] {logging_mixin.py:190} INFO - [2024-11-26T18:44:40.722+0000] {dagbag.py:588} INFO - Filling up the DagBag from /home/airflow/.local/lib/python3.12/site-packages/airflow/example_dags/example_task_group_decorator.py
[2024-11-26T18:44:40.736+0000] {processor.py:925} INFO - DAG(s) 'example_task_group_decorator' retrieved from /home/airflow/.local/lib/python3.12/site-packages/airflow/example_dags/example_task_group_decorator.py
[2024-11-26T18:44:40.761+0000] {logging_mixin.py:190} INFO - [2024-11-26T18:44:40.761+0000] {dag.py:3239} INFO - Sync 1 DAGs
[2024-11-26T18:44:40.772+0000] {logging_mixin.py:190} INFO - [2024-11-26T18:44:40.772+0000] {dag.py:4180} INFO - Setting next_dagrun for example_task_group_decorator to None, run_after=None
[2024-11-26T18:44:40.788+0000] {processor.py:208} INFO - Processing /home/airflow/.local/lib/python3.12/site-packages/airflow/example_dags/example_task_group_decorator.py took 0.072 seconds
[2024-11-26T18:45:12.019+0000] {processor.py:186} INFO - Started process (PID=235) to work on /home/airflow/.local/lib/python3.12/site-packages/airflow/example_dags/example_task_group_decorator.py
[2024-11-26T18:45:12.019+0000] {processor.py:914} INFO - Processing file /home/airflow/.local/lib/python3.12/site-packages/airflow/example_dags/example_task_group_decorator.py for tasks to queue
[2024-11-26T18:45:12.021+0000] {logging_mixin.py:190} INFO - [2024-11-26T18:45:12.021+0000] {dagbag.py:588} INFO - Filling up the DagBag from /home/airflow/.local/lib/python3.12/site-packages/airflow/example_dags/example_task_group_decorator.py
[2024-11-26T18:45:12.033+0000] {processor.py:925} INFO - DAG(s) 'example_task_group_decorator' retrieved from /home/airflow/.local/lib/python3.12/site-packages/airflow/example_dags/example_task_group_decorator.py
[2024-11-26T18:45:12.053+0000] {logging_mixin.py:190} INFO - [2024-11-26T18:45:12.052+0000] {dag.py:3239} INFO - Sync 1 DAGs
[2024-11-26T18:45:12.063+0000] {logging_mixin.py:190} INFO - [2024-11-26T18:45:12.063+0000] {dag.py:4180} INFO - Setting next_dagrun for example_task_group_decorator to None, run_after=None
[2024-11-26T18:45:12.077+0000] {processor.py:208} INFO - Processing /home/airflow/.local/lib/python3.12/site-packages/airflow/example_dags/example_task_group_decorator.py took 0.062 seconds
[2024-11-26T18:45:43.792+0000] {processor.py:186} INFO - Started process (PID=310) to work on /home/airflow/.local/lib/python3.12/site-packages/airflow/example_dags/example_task_group_decorator.py
[2024-11-26T18:45:43.793+0000] {processor.py:914} INFO - Processing file /home/airflow/.local/lib/python3.12/site-packages/airflow/example_dags/example_task_group_decorator.py for tasks to queue
[2024-11-26T18:45:43.795+0000] {logging_mixin.py:190} INFO - [2024-11-26T18:45:43.795+0000] {dagbag.py:588} INFO - Filling up the DagBag from /home/airflow/.local/lib/python3.12/site-packages/airflow/example_dags/example_task_group_decorator.py
[2024-11-26T18:45:43.811+0000] {processor.py:925} INFO - DAG(s) 'example_task_group_decorator' retrieved from /home/airflow/.local/lib/python3.12/site-packages/airflow/example_dags/example_task_group_decorator.py
[2024-11-26T18:45:43.835+0000] {logging_mixin.py:190} INFO - [2024-11-26T18:45:43.835+0000] {dag.py:3239} INFO - Sync 1 DAGs
[2024-11-26T18:45:43.848+0000] {logging_mixin.py:190} INFO - [2024-11-26T18:45:43.847+0000] {dag.py:4180} INFO - Setting next_dagrun for example_task_group_decorator to None, run_after=None
[2024-11-26T18:45:43.865+0000] {processor.py:208} INFO - Processing /home/airflow/.local/lib/python3.12/site-packages/airflow/example_dags/example_task_group_decorator.py took 0.079 seconds
[2024-11-26T18:46:14.658+0000] {processor.py:186} INFO - Started process (PID=385) to work on /home/airflow/.local/lib/python3.12/site-packages/airflow/example_dags/example_task_group_decorator.py
[2024-11-26T18:46:14.660+0000] {processor.py:914} INFO - Processing file /home/airflow/.local/lib/python3.12/site-packages/airflow/example_dags/example_task_group_decorator.py for tasks to queue
[2024-11-26T18:46:14.662+0000] {logging_mixin.py:190} INFO - [2024-11-26T18:46:14.662+0000] {dagbag.py:588} INFO - Filling up the DagBag from /home/airflow/.local/lib/python3.12/site-packages/airflow/example_dags/example_task_group_decorator.py
[2024-11-26T18:46:14.677+0000] {processor.py:925} INFO - DAG(s) 'example_task_group_decorator' retrieved from /home/airflow/.local/lib/python3.12/site-packages/airflow/example_dags/example_task_group_decorator.py
[2024-11-26T18:46:14.699+0000] {logging_mixin.py:190} INFO - [2024-11-26T18:46:14.698+0000] {dag.py:3239} INFO - Sync 1 DAGs
[2024-11-26T18:46:14.710+0000] {logging_mixin.py:190} INFO - [2024-11-26T18:46:14.710+0000] {dag.py:4180} INFO - Setting next_dagrun for example_task_group_decorator to None, run_after=None
[2024-11-26T18:46:14.725+0000] {processor.py:208} INFO - Processing /home/airflow/.local/lib/python3.12/site-packages/airflow/example_dags/example_task_group_decorator.py took 0.072 seconds
[2024-11-26T18:46:45.006+0000] {processor.py:186} INFO - Started process (PID=448) to work on /home/airflow/.local/lib/python3.12/site-packages/airflow/example_dags/example_task_group_decorator.py
[2024-11-26T18:46:45.006+0000] {processor.py:914} INFO - Processing file /home/airflow/.local/lib/python3.12/site-packages/airflow/example_dags/example_task_group_decorator.py for tasks to queue
[2024-11-26T18:46:45.008+0000] {logging_mixin.py:190} INFO - [2024-11-26T18:46:45.008+0000] {dagbag.py:588} INFO - Filling up the DagBag from /home/airflow/.local/lib/python3.12/site-packages/airflow/example_dags/example_task_group_decorator.py
[2024-11-26T18:46:45.019+0000] {processor.py:925} INFO - DAG(s) 'example_task_group_decorator' retrieved from /home/airflow/.local/lib/python3.12/site-packages/airflow/example_dags/example_task_group_decorator.py
[2024-11-26T18:46:45.038+0000] {logging_mixin.py:190} INFO - [2024-11-26T18:46:45.038+0000] {dag.py:3239} INFO - Sync 1 DAGs
[2024-11-26T18:46:45.048+0000] {logging_mixin.py:190} INFO - [2024-11-26T18:46:45.048+0000] {dag.py:4180} INFO - Setting next_dagrun for example_task_group_decorator to None, run_after=None
[2024-11-26T18:46:45.062+0000] {processor.py:208} INFO - Processing /home/airflow/.local/lib/python3.12/site-packages/airflow/example_dags/example_task_group_decorator.py took 0.060 seconds
[2024-11-26T18:47:15.354+0000] {processor.py:186} INFO - Started process (PID=523) to work on /home/airflow/.local/lib/python3.12/site-packages/airflow/example_dags/example_task_group_decorator.py
[2024-11-26T18:47:15.355+0000] {processor.py:914} INFO - Processing file /home/airflow/.local/lib/python3.12/site-packages/airflow/example_dags/example_task_group_decorator.py for tasks to queue
[2024-11-26T18:47:15.356+0000] {logging_mixin.py:190} INFO - [2024-11-26T18:47:15.356+0000] {dagbag.py:588} INFO - Filling up the DagBag from /home/airflow/.local/lib/python3.12/site-packages/airflow/example_dags/example_task_group_decorator.py
[2024-11-26T18:47:15.368+0000] {processor.py:925} INFO - DAG(s) 'example_task_group_decorator' retrieved from /home/airflow/.local/lib/python3.12/site-packages/airflow/example_dags/example_task_group_decorator.py
[2024-11-26T18:47:15.388+0000] {logging_mixin.py:190} INFO - [2024-11-26T18:47:15.387+0000] {dag.py:3239} INFO - Sync 1 DAGs
[2024-11-26T18:47:15.399+0000] {logging_mixin.py:190} INFO - [2024-11-26T18:47:15.398+0000] {dag.py:4180} INFO - Setting next_dagrun for example_task_group_decorator to None, run_after=None
[2024-11-26T18:47:15.413+0000] {processor.py:208} INFO - Processing /home/airflow/.local/lib/python3.12/site-packages/airflow/example_dags/example_task_group_decorator.py took 0.063 seconds
[2024-11-26T18:47:45.681+0000] {processor.py:186} INFO - Started process (PID=597) to work on /home/airflow/.local/lib/python3.12/site-packages/airflow/example_dags/example_task_group_decorator.py
[2024-11-26T18:47:45.681+0000] {processor.py:914} INFO - Processing file /home/airflow/.local/lib/python3.12/site-packages/airflow/example_dags/example_task_group_decorator.py for tasks to queue
[2024-11-26T18:47:45.683+0000] {logging_mixin.py:190} INFO - [2024-11-26T18:47:45.683+0000] {dagbag.py:588} INFO - Filling up the DagBag from /home/airflow/.local/lib/python3.12/site-packages/airflow/example_dags/example_task_group_decorator.py
[2024-11-26T18:47:45.694+0000] {processor.py:925} INFO - DAG(s) 'example_task_group_decorator' retrieved from /home/airflow/.local/lib/python3.12/site-packages/airflow/example_dags/example_task_group_decorator.py
[2024-11-26T18:47:45.715+0000] {logging_mixin.py:190} INFO - [2024-11-26T18:47:45.714+0000] {dag.py:3239} INFO - Sync 1 DAGs
[2024-11-26T18:47:45.726+0000] {logging_mixin.py:190} INFO - [2024-11-26T18:47:45.726+0000] {dag.py:4180} INFO - Setting next_dagrun for example_task_group_decorator to None, run_after=None
[2024-11-26T18:47:45.744+0000] {processor.py:208} INFO - Processing /home/airflow/.local/lib/python3.12/site-packages/airflow/example_dags/example_task_group_decorator.py took 0.068 seconds
[2024-11-26T18:48:16.498+0000] {processor.py:186} INFO - Started process (PID=672) to work on /home/airflow/.local/lib/python3.12/site-packages/airflow/example_dags/example_task_group_decorator.py
[2024-11-26T18:48:16.499+0000] {processor.py:914} INFO - Processing file /home/airflow/.local/lib/python3.12/site-packages/airflow/example_dags/example_task_group_decorator.py for tasks to queue
[2024-11-26T18:48:16.501+0000] {logging_mixin.py:190} INFO - [2024-11-26T18:48:16.501+0000] {dagbag.py:588} INFO - Filling up the DagBag from /home/airflow/.local/lib/python3.12/site-packages/airflow/example_dags/example_task_group_decorator.py
[2024-11-26T18:48:16.512+0000] {processor.py:925} INFO - DAG(s) 'example_task_group_decorator' retrieved from /home/airflow/.local/lib/python3.12/site-packages/airflow/example_dags/example_task_group_decorator.py
[2024-11-26T18:48:16.531+0000] {logging_mixin.py:190} INFO - [2024-11-26T18:48:16.530+0000] {dag.py:3239} INFO - Sync 1 DAGs
[2024-11-26T18:48:16.542+0000] {logging_mixin.py:190} INFO - [2024-11-26T18:48:16.541+0000] {dag.py:4180} INFO - Setting next_dagrun for example_task_group_decorator to None, run_after=None
[2024-11-26T18:48:16.556+0000] {processor.py:208} INFO - Processing /home/airflow/.local/lib/python3.12/site-packages/airflow/example_dags/example_task_group_decorator.py took 0.061 seconds
[2024-11-26T18:48:47.229+0000] {processor.py:186} INFO - Started process (PID=747) to work on /home/airflow/.local/lib/python3.12/site-packages/airflow/example_dags/example_task_group_decorator.py
[2024-11-26T18:48:47.229+0000] {processor.py:914} INFO - Processing file /home/airflow/.local/lib/python3.12/site-packages/airflow/example_dags/example_task_group_decorator.py for tasks to queue
[2024-11-26T18:48:47.231+0000] {logging_mixin.py:190} INFO - [2024-11-26T18:48:47.231+0000] {dagbag.py:588} INFO - Filling up the DagBag from /home/airflow/.local/lib/python3.12/site-packages/airflow/example_dags/example_task_group_decorator.py
[2024-11-26T18:48:47.242+0000] {processor.py:925} INFO - DAG(s) 'example_task_group_decorator' retrieved from /home/airflow/.local/lib/python3.12/site-packages/airflow/example_dags/example_task_group_decorator.py
[2024-11-26T18:48:47.260+0000] {logging_mixin.py:190} INFO - [2024-11-26T18:48:47.259+0000] {dag.py:3239} INFO - Sync 1 DAGs
[2024-11-26T18:48:47.270+0000] {logging_mixin.py:190} INFO - [2024-11-26T18:48:47.270+0000] {dag.py:4180} INFO - Setting next_dagrun for example_task_group_decorator to None, run_after=None
[2024-11-26T18:48:47.284+0000] {processor.py:208} INFO - Processing /home/airflow/.local/lib/python3.12/site-packages/airflow/example_dags/example_task_group_decorator.py took 0.059 seconds
[2024-11-26T18:49:17.378+0000] {processor.py:186} INFO - Started process (PID=821) to work on /home/airflow/.local/lib/python3.12/site-packages/airflow/example_dags/example_task_group_decorator.py
[2024-11-26T18:49:17.379+0000] {processor.py:914} INFO - Processing file /home/airflow/.local/lib/python3.12/site-packages/airflow/example_dags/example_task_group_decorator.py for tasks to queue
[2024-11-26T18:49:17.380+0000] {logging_mixin.py:190} INFO - [2024-11-26T18:49:17.380+0000] {dagbag.py:588} INFO - Filling up the DagBag from /home/airflow/.local/lib/python3.12/site-packages/airflow/example_dags/example_task_group_decorator.py
[2024-11-26T18:49:17.391+0000] {processor.py:925} INFO - DAG(s) 'example_task_group_decorator' retrieved from /home/airflow/.local/lib/python3.12/site-packages/airflow/example_dags/example_task_group_decorator.py
[2024-11-26T18:49:17.412+0000] {logging_mixin.py:190} INFO - [2024-11-26T18:49:17.412+0000] {dag.py:3239} INFO - Sync 1 DAGs
[2024-11-26T18:49:17.424+0000] {logging_mixin.py:190} INFO - [2024-11-26T18:49:17.423+0000] {dag.py:4180} INFO - Setting next_dagrun for example_task_group_decorator to None, run_after=None
[2024-11-26T18:49:17.440+0000] {processor.py:208} INFO - Processing /home/airflow/.local/lib/python3.12/site-packages/airflow/example_dags/example_task_group_decorator.py took 0.066 seconds
[2024-11-26T18:49:47.722+0000] {processor.py:186} INFO - Started process (PID=896) to work on /home/airflow/.local/lib/python3.12/site-packages/airflow/example_dags/example_task_group_decorator.py
[2024-11-26T18:49:47.723+0000] {processor.py:914} INFO - Processing file /home/airflow/.local/lib/python3.12/site-packages/airflow/example_dags/example_task_group_decorator.py for tasks to queue
[2024-11-26T18:49:47.724+0000] {logging_mixin.py:190} INFO - [2024-11-26T18:49:47.724+0000] {dagbag.py:588} INFO - Filling up the DagBag from /home/airflow/.local/lib/python3.12/site-packages/airflow/example_dags/example_task_group_decorator.py
[2024-11-26T18:49:47.735+0000] {processor.py:925} INFO - DAG(s) 'example_task_group_decorator' retrieved from /home/airflow/.local/lib/python3.12/site-packages/airflow/example_dags/example_task_group_decorator.py
[2024-11-26T18:49:47.755+0000] {logging_mixin.py:190} INFO - [2024-11-26T18:49:47.755+0000] {dag.py:3239} INFO - Sync 1 DAGs
[2024-11-26T18:49:47.766+0000] {logging_mixin.py:190} INFO - [2024-11-26T18:49:47.766+0000] {dag.py:4180} INFO - Setting next_dagrun for example_task_group_decorator to None, run_after=None
[2024-11-26T18:49:47.794+0000] {processor.py:208} INFO - Processing /home/airflow/.local/lib/python3.12/site-packages/airflow/example_dags/example_task_group_decorator.py took 0.076 seconds
[2024-11-26T18:50:18.029+0000] {processor.py:186} INFO - Started process (PID=971) to work on /home/airflow/.local/lib/python3.12/site-packages/airflow/example_dags/example_task_group_decorator.py
[2024-11-26T18:50:18.030+0000] {processor.py:914} INFO - Processing file /home/airflow/.local/lib/python3.12/site-packages/airflow/example_dags/example_task_group_decorator.py for tasks to queue
[2024-11-26T18:50:18.032+0000] {logging_mixin.py:190} INFO - [2024-11-26T18:50:18.031+0000] {dagbag.py:588} INFO - Filling up the DagBag from /home/airflow/.local/lib/python3.12/site-packages/airflow/example_dags/example_task_group_decorator.py
[2024-11-26T18:50:18.044+0000] {processor.py:925} INFO - DAG(s) 'example_task_group_decorator' retrieved from /home/airflow/.local/lib/python3.12/site-packages/airflow/example_dags/example_task_group_decorator.py
[2024-11-26T18:50:18.065+0000] {logging_mixin.py:190} INFO - [2024-11-26T18:50:18.065+0000] {dag.py:3239} INFO - Sync 1 DAGs
[2024-11-26T18:50:18.077+0000] {logging_mixin.py:190} INFO - [2024-11-26T18:50:18.076+0000] {dag.py:4180} INFO - Setting next_dagrun for example_task_group_decorator to None, run_after=None
[2024-11-26T18:50:18.092+0000] {processor.py:208} INFO - Processing /home/airflow/.local/lib/python3.12/site-packages/airflow/example_dags/example_task_group_decorator.py took 0.067 seconds
[2024-11-26T18:50:48.193+0000] {processor.py:186} INFO - Started process (PID=1046) to work on /home/airflow/.local/lib/python3.12/site-packages/airflow/example_dags/example_task_group_decorator.py
[2024-11-26T18:50:48.193+0000] {processor.py:914} INFO - Processing file /home/airflow/.local/lib/python3.12/site-packages/airflow/example_dags/example_task_group_decorator.py for tasks to queue
[2024-11-26T18:50:48.195+0000] {logging_mixin.py:190} INFO - [2024-11-26T18:50:48.195+0000] {dagbag.py:588} INFO - Filling up the DagBag from /home/airflow/.local/lib/python3.12/site-packages/airflow/example_dags/example_task_group_decorator.py
[2024-11-26T18:50:48.205+0000] {processor.py:925} INFO - DAG(s) 'example_task_group_decorator' retrieved from /home/airflow/.local/lib/python3.12/site-packages/airflow/example_dags/example_task_group_decorator.py
[2024-11-26T18:50:48.227+0000] {logging_mixin.py:190} INFO - [2024-11-26T18:50:48.227+0000] {dag.py:3239} INFO - Sync 1 DAGs
[2024-11-26T18:50:48.238+0000] {logging_mixin.py:190} INFO - [2024-11-26T18:50:48.238+0000] {dag.py:4180} INFO - Setting next_dagrun for example_task_group_decorator to None, run_after=None
[2024-11-26T18:50:48.251+0000] {processor.py:208} INFO - Processing /home/airflow/.local/lib/python3.12/site-packages/airflow/example_dags/example_task_group_decorator.py took 0.063 seconds
[2024-11-26T18:51:18.905+0000] {processor.py:186} INFO - Started process (PID=1122) to work on /home/airflow/.local/lib/python3.12/site-packages/airflow/example_dags/example_task_group_decorator.py
[2024-11-26T18:51:18.906+0000] {processor.py:914} INFO - Processing file /home/airflow/.local/lib/python3.12/site-packages/airflow/example_dags/example_task_group_decorator.py for tasks to queue
[2024-11-26T18:51:18.908+0000] {logging_mixin.py:190} INFO - [2024-11-26T18:51:18.908+0000] {dagbag.py:588} INFO - Filling up the DagBag from /home/airflow/.local/lib/python3.12/site-packages/airflow/example_dags/example_task_group_decorator.py
[2024-11-26T18:51:18.920+0000] {processor.py:925} INFO - DAG(s) 'example_task_group_decorator' retrieved from /home/airflow/.local/lib/python3.12/site-packages/airflow/example_dags/example_task_group_decorator.py
[2024-11-26T18:51:18.941+0000] {logging_mixin.py:190} INFO - [2024-11-26T18:51:18.941+0000] {dag.py:3239} INFO - Sync 1 DAGs
[2024-11-26T18:51:18.954+0000] {logging_mixin.py:190} INFO - [2024-11-26T18:51:18.954+0000] {dag.py:4180} INFO - Setting next_dagrun for example_task_group_decorator to None, run_after=None
[2024-11-26T18:51:18.971+0000] {processor.py:208} INFO - Processing /home/airflow/.local/lib/python3.12/site-packages/airflow/example_dags/example_task_group_decorator.py took 0.070 seconds
[2024-11-26T18:51:49.515+0000] {processor.py:186} INFO - Started process (PID=1197) to work on /home/airflow/.local/lib/python3.12/site-packages/airflow/example_dags/example_task_group_decorator.py
[2024-11-26T18:51:49.516+0000] {processor.py:914} INFO - Processing file /home/airflow/.local/lib/python3.12/site-packages/airflow/example_dags/example_task_group_decorator.py for tasks to queue
[2024-11-26T18:51:49.518+0000] {logging_mixin.py:190} INFO - [2024-11-26T18:51:49.518+0000] {dagbag.py:588} INFO - Filling up the DagBag from /home/airflow/.local/lib/python3.12/site-packages/airflow/example_dags/example_task_group_decorator.py
[2024-11-26T18:51:49.530+0000] {processor.py:925} INFO - DAG(s) 'example_task_group_decorator' retrieved from /home/airflow/.local/lib/python3.12/site-packages/airflow/example_dags/example_task_group_decorator.py
[2024-11-26T18:51:49.553+0000] {logging_mixin.py:190} INFO - [2024-11-26T18:51:49.553+0000] {dag.py:3239} INFO - Sync 1 DAGs
[2024-11-26T18:51:49.565+0000] {logging_mixin.py:190} INFO - [2024-11-26T18:51:49.564+0000] {dag.py:4180} INFO - Setting next_dagrun for example_task_group_decorator to None, run_after=None
[2024-11-26T18:51:49.581+0000] {processor.py:208} INFO - Processing /home/airflow/.local/lib/python3.12/site-packages/airflow/example_dags/example_task_group_decorator.py took 0.071 seconds
[2024-11-26T18:52:19.667+0000] {processor.py:186} INFO - Started process (PID=1272) to work on /home/airflow/.local/lib/python3.12/site-packages/airflow/example_dags/example_task_group_decorator.py
[2024-11-26T18:52:19.667+0000] {processor.py:914} INFO - Processing file /home/airflow/.local/lib/python3.12/site-packages/airflow/example_dags/example_task_group_decorator.py for tasks to queue
[2024-11-26T18:52:19.669+0000] {logging_mixin.py:190} INFO - [2024-11-26T18:52:19.669+0000] {dagbag.py:588} INFO - Filling up the DagBag from /home/airflow/.local/lib/python3.12/site-packages/airflow/example_dags/example_task_group_decorator.py
[2024-11-26T18:52:19.680+0000] {processor.py:925} INFO - DAG(s) 'example_task_group_decorator' retrieved from /home/airflow/.local/lib/python3.12/site-packages/airflow/example_dags/example_task_group_decorator.py
[2024-11-26T18:52:19.699+0000] {logging_mixin.py:190} INFO - [2024-11-26T18:52:19.699+0000] {dag.py:3239} INFO - Sync 1 DAGs
[2024-11-26T18:52:19.710+0000] {logging_mixin.py:190} INFO - [2024-11-26T18:52:19.709+0000] {dag.py:4180} INFO - Setting next_dagrun for example_task_group_decorator to None, run_after=None
[2024-11-26T18:52:19.723+0000] {processor.py:208} INFO - Processing /home/airflow/.local/lib/python3.12/site-packages/airflow/example_dags/example_task_group_decorator.py took 0.060 seconds
[2024-11-26T18:52:49.895+0000] {processor.py:186} INFO - Started process (PID=1347) to work on /home/airflow/.local/lib/python3.12/site-packages/airflow/example_dags/example_task_group_decorator.py
[2024-11-26T18:52:49.896+0000] {processor.py:914} INFO - Processing file /home/airflow/.local/lib/python3.12/site-packages/airflow/example_dags/example_task_group_decorator.py for tasks to queue
[2024-11-26T18:52:49.897+0000] {logging_mixin.py:190} INFO - [2024-11-26T18:52:49.897+0000] {dagbag.py:588} INFO - Filling up the DagBag from /home/airflow/.local/lib/python3.12/site-packages/airflow/example_dags/example_task_group_decorator.py
[2024-11-26T18:52:49.908+0000] {processor.py:925} INFO - DAG(s) 'example_task_group_decorator' retrieved from /home/airflow/.local/lib/python3.12/site-packages/airflow/example_dags/example_task_group_decorator.py
[2024-11-26T18:52:49.928+0000] {logging_mixin.py:190} INFO - [2024-11-26T18:52:49.928+0000] {dag.py:3239} INFO - Sync 1 DAGs
[2024-11-26T18:52:49.939+0000] {logging_mixin.py:190} INFO - [2024-11-26T18:52:49.939+0000] {dag.py:4180} INFO - Setting next_dagrun for example_task_group_decorator to None, run_after=None
[2024-11-26T18:52:49.953+0000] {processor.py:208} INFO - Processing /home/airflow/.local/lib/python3.12/site-packages/airflow/example_dags/example_task_group_decorator.py took 0.062 seconds
[2024-11-26T18:53:20.506+0000] {processor.py:186} INFO - Started process (PID=1422) to work on /home/airflow/.local/lib/python3.12/site-packages/airflow/example_dags/example_task_group_decorator.py
[2024-11-26T18:53:20.507+0000] {processor.py:914} INFO - Processing file /home/airflow/.local/lib/python3.12/site-packages/airflow/example_dags/example_task_group_decorator.py for tasks to queue
[2024-11-26T18:53:20.509+0000] {logging_mixin.py:190} INFO - [2024-11-26T18:53:20.509+0000] {dagbag.py:588} INFO - Filling up the DagBag from /home/airflow/.local/lib/python3.12/site-packages/airflow/example_dags/example_task_group_decorator.py
[2024-11-26T18:53:20.522+0000] {processor.py:925} INFO - DAG(s) 'example_task_group_decorator' retrieved from /home/airflow/.local/lib/python3.12/site-packages/airflow/example_dags/example_task_group_decorator.py
[2024-11-26T18:53:20.546+0000] {logging_mixin.py:190} INFO - [2024-11-26T18:53:20.546+0000] {dag.py:3239} INFO - Sync 1 DAGs
[2024-11-26T18:53:20.558+0000] {logging_mixin.py:190} INFO - [2024-11-26T18:53:20.558+0000] {dag.py:4180} INFO - Setting next_dagrun for example_task_group_decorator to None, run_after=None
[2024-11-26T18:53:20.574+0000] {processor.py:208} INFO - Processing /home/airflow/.local/lib/python3.12/site-packages/airflow/example_dags/example_task_group_decorator.py took 0.073 seconds
[2024-11-26T18:53:51.389+0000] {processor.py:186} INFO - Started process (PID=1497) to work on /home/airflow/.local/lib/python3.12/site-packages/airflow/example_dags/example_task_group_decorator.py
[2024-11-26T18:53:51.390+0000] {processor.py:914} INFO - Processing file /home/airflow/.local/lib/python3.12/site-packages/airflow/example_dags/example_task_group_decorator.py for tasks to queue
[2024-11-26T18:53:51.392+0000] {logging_mixin.py:190} INFO - [2024-11-26T18:53:51.392+0000] {dagbag.py:588} INFO - Filling up the DagBag from /home/airflow/.local/lib/python3.12/site-packages/airflow/example_dags/example_task_group_decorator.py
[2024-11-26T18:53:51.404+0000] {processor.py:925} INFO - DAG(s) 'example_task_group_decorator' retrieved from /home/airflow/.local/lib/python3.12/site-packages/airflow/example_dags/example_task_group_decorator.py
[2024-11-26T18:53:51.426+0000] {logging_mixin.py:190} INFO - [2024-11-26T18:53:51.425+0000] {dag.py:3239} INFO - Sync 1 DAGs
[2024-11-26T18:53:51.438+0000] {logging_mixin.py:190} INFO - [2024-11-26T18:53:51.437+0000] {dag.py:4180} INFO - Setting next_dagrun for example_task_group_decorator to None, run_after=None
[2024-11-26T18:53:51.454+0000] {processor.py:208} INFO - Processing /home/airflow/.local/lib/python3.12/site-packages/airflow/example_dags/example_task_group_decorator.py took 0.068 seconds
[2024-11-26T18:54:21.909+0000] {processor.py:186} INFO - Started process (PID=1572) to work on /home/airflow/.local/lib/python3.12/site-packages/airflow/example_dags/example_task_group_decorator.py
[2024-11-26T18:54:21.909+0000] {processor.py:914} INFO - Processing file /home/airflow/.local/lib/python3.12/site-packages/airflow/example_dags/example_task_group_decorator.py for tasks to queue
[2024-11-26T18:54:21.911+0000] {logging_mixin.py:190} INFO - [2024-11-26T18:54:21.911+0000] {dagbag.py:588} INFO - Filling up the DagBag from /home/airflow/.local/lib/python3.12/site-packages/airflow/example_dags/example_task_group_decorator.py
[2024-11-26T18:54:21.923+0000] {processor.py:925} INFO - DAG(s) 'example_task_group_decorator' retrieved from /home/airflow/.local/lib/python3.12/site-packages/airflow/example_dags/example_task_group_decorator.py
[2024-11-26T18:54:21.944+0000] {logging_mixin.py:190} INFO - [2024-11-26T18:54:21.944+0000] {dag.py:3239} INFO - Sync 1 DAGs
[2024-11-26T18:54:21.954+0000] {logging_mixin.py:190} INFO - [2024-11-26T18:54:21.954+0000] {dag.py:4180} INFO - Setting next_dagrun for example_task_group_decorator to None, run_after=None
[2024-11-26T18:54:21.972+0000] {processor.py:208} INFO - Processing /home/airflow/.local/lib/python3.12/site-packages/airflow/example_dags/example_task_group_decorator.py took 0.067 seconds
[2024-11-26T18:54:52.125+0000] {processor.py:186} INFO - Started process (PID=1647) to work on /home/airflow/.local/lib/python3.12/site-packages/airflow/example_dags/example_task_group_decorator.py
[2024-11-26T18:54:52.125+0000] {processor.py:914} INFO - Processing file /home/airflow/.local/lib/python3.12/site-packages/airflow/example_dags/example_task_group_decorator.py for tasks to queue
[2024-11-26T18:54:52.127+0000] {logging_mixin.py:190} INFO - [2024-11-26T18:54:52.127+0000] {dagbag.py:588} INFO - Filling up the DagBag from /home/airflow/.local/lib/python3.12/site-packages/airflow/example_dags/example_task_group_decorator.py
[2024-11-26T18:54:52.138+0000] {processor.py:925} INFO - DAG(s) 'example_task_group_decorator' retrieved from /home/airflow/.local/lib/python3.12/site-packages/airflow/example_dags/example_task_group_decorator.py
[2024-11-26T18:54:52.157+0000] {logging_mixin.py:190} INFO - [2024-11-26T18:54:52.157+0000] {dag.py:3239} INFO - Sync 1 DAGs
[2024-11-26T18:54:52.168+0000] {logging_mixin.py:190} INFO - [2024-11-26T18:54:52.167+0000] {dag.py:4180} INFO - Setting next_dagrun for example_task_group_decorator to None, run_after=None
[2024-11-26T18:54:52.181+0000] {processor.py:208} INFO - Processing /home/airflow/.local/lib/python3.12/site-packages/airflow/example_dags/example_task_group_decorator.py took 0.060 seconds
[2024-11-26T18:55:22.242+0000] {processor.py:186} INFO - Started process (PID=1721) to work on /home/airflow/.local/lib/python3.12/site-packages/airflow/example_dags/example_task_group_decorator.py
[2024-11-26T18:55:22.243+0000] {processor.py:914} INFO - Processing file /home/airflow/.local/lib/python3.12/site-packages/airflow/example_dags/example_task_group_decorator.py for tasks to queue
[2024-11-26T18:55:22.244+0000] {logging_mixin.py:190} INFO - [2024-11-26T18:55:22.244+0000] {dagbag.py:588} INFO - Filling up the DagBag from /home/airflow/.local/lib/python3.12/site-packages/airflow/example_dags/example_task_group_decorator.py
[2024-11-26T18:55:22.255+0000] {processor.py:925} INFO - DAG(s) 'example_task_group_decorator' retrieved from /home/airflow/.local/lib/python3.12/site-packages/airflow/example_dags/example_task_group_decorator.py
[2024-11-26T18:55:22.273+0000] {logging_mixin.py:190} INFO - [2024-11-26T18:55:22.273+0000] {dag.py:3239} INFO - Sync 1 DAGs
[2024-11-26T18:55:22.284+0000] {logging_mixin.py:190} INFO - [2024-11-26T18:55:22.283+0000] {dag.py:4180} INFO - Setting next_dagrun for example_task_group_decorator to None, run_after=None
[2024-11-26T18:55:22.296+0000] {processor.py:208} INFO - Processing /home/airflow/.local/lib/python3.12/site-packages/airflow/example_dags/example_task_group_decorator.py took 0.058 seconds
[2024-11-26T18:55:52.729+0000] {processor.py:186} INFO - Started process (PID=1796) to work on /home/airflow/.local/lib/python3.12/site-packages/airflow/example_dags/example_task_group_decorator.py
[2024-11-26T18:55:52.729+0000] {processor.py:914} INFO - Processing file /home/airflow/.local/lib/python3.12/site-packages/airflow/example_dags/example_task_group_decorator.py for tasks to queue
[2024-11-26T18:55:52.731+0000] {logging_mixin.py:190} INFO - [2024-11-26T18:55:52.731+0000] {dagbag.py:588} INFO - Filling up the DagBag from /home/airflow/.local/lib/python3.12/site-packages/airflow/example_dags/example_task_group_decorator.py
[2024-11-26T18:55:52.743+0000] {processor.py:925} INFO - DAG(s) 'example_task_group_decorator' retrieved from /home/airflow/.local/lib/python3.12/site-packages/airflow/example_dags/example_task_group_decorator.py
[2024-11-26T18:55:52.763+0000] {logging_mixin.py:190} INFO - [2024-11-26T18:55:52.763+0000] {dag.py:3239} INFO - Sync 1 DAGs
[2024-11-26T18:55:52.773+0000] {logging_mixin.py:190} INFO - [2024-11-26T18:55:52.773+0000] {dag.py:4180} INFO - Setting next_dagrun for example_task_group_decorator to None, run_after=None
[2024-11-26T18:55:52.788+0000] {processor.py:208} INFO - Processing /home/airflow/.local/lib/python3.12/site-packages/airflow/example_dags/example_task_group_decorator.py took 0.063 seconds
[2024-11-26T18:56:23.111+0000] {processor.py:186} INFO - Started process (PID=1871) to work on /home/airflow/.local/lib/python3.12/site-packages/airflow/example_dags/example_task_group_decorator.py
[2024-11-26T18:56:23.112+0000] {processor.py:914} INFO - Processing file /home/airflow/.local/lib/python3.12/site-packages/airflow/example_dags/example_task_group_decorator.py for tasks to queue
[2024-11-26T18:56:23.113+0000] {logging_mixin.py:190} INFO - [2024-11-26T18:56:23.113+0000] {dagbag.py:588} INFO - Filling up the DagBag from /home/airflow/.local/lib/python3.12/site-packages/airflow/example_dags/example_task_group_decorator.py
[2024-11-26T18:56:23.124+0000] {processor.py:925} INFO - DAG(s) 'example_task_group_decorator' retrieved from /home/airflow/.local/lib/python3.12/site-packages/airflow/example_dags/example_task_group_decorator.py
[2024-11-26T18:56:23.144+0000] {logging_mixin.py:190} INFO - [2024-11-26T18:56:23.144+0000] {dag.py:3239} INFO - Sync 1 DAGs
[2024-11-26T18:56:23.156+0000] {logging_mixin.py:190} INFO - [2024-11-26T18:56:23.156+0000] {dag.py:4180} INFO - Setting next_dagrun for example_task_group_decorator to None, run_after=None
[2024-11-26T18:56:23.170+0000] {processor.py:208} INFO - Processing /home/airflow/.local/lib/python3.12/site-packages/airflow/example_dags/example_task_group_decorator.py took 0.063 seconds
[2024-11-26T18:56:53.699+0000] {processor.py:186} INFO - Started process (PID=1946) to work on /home/airflow/.local/lib/python3.12/site-packages/airflow/example_dags/example_task_group_decorator.py
[2024-11-26T18:56:53.699+0000] {processor.py:914} INFO - Processing file /home/airflow/.local/lib/python3.12/site-packages/airflow/example_dags/example_task_group_decorator.py for tasks to queue
[2024-11-26T18:56:53.701+0000] {logging_mixin.py:190} INFO - [2024-11-26T18:56:53.701+0000] {dagbag.py:588} INFO - Filling up the DagBag from /home/airflow/.local/lib/python3.12/site-packages/airflow/example_dags/example_task_group_decorator.py
[2024-11-26T18:56:53.712+0000] {processor.py:925} INFO - DAG(s) 'example_task_group_decorator' retrieved from /home/airflow/.local/lib/python3.12/site-packages/airflow/example_dags/example_task_group_decorator.py
[2024-11-26T18:56:53.730+0000] {logging_mixin.py:190} INFO - [2024-11-26T18:56:53.730+0000] {dag.py:3239} INFO - Sync 1 DAGs
[2024-11-26T18:56:53.740+0000] {logging_mixin.py:190} INFO - [2024-11-26T18:56:53.740+0000] {dag.py:4180} INFO - Setting next_dagrun for example_task_group_decorator to None, run_after=None
[2024-11-26T18:56:53.754+0000] {processor.py:208} INFO - Processing /home/airflow/.local/lib/python3.12/site-packages/airflow/example_dags/example_task_group_decorator.py took 0.059 seconds
[2024-11-26T18:57:24.379+0000] {processor.py:186} INFO - Started process (PID=2021) to work on /home/airflow/.local/lib/python3.12/site-packages/airflow/example_dags/example_task_group_decorator.py
[2024-11-26T18:57:24.379+0000] {processor.py:914} INFO - Processing file /home/airflow/.local/lib/python3.12/site-packages/airflow/example_dags/example_task_group_decorator.py for tasks to queue
[2024-11-26T18:57:24.381+0000] {logging_mixin.py:190} INFO - [2024-11-26T18:57:24.381+0000] {dagbag.py:588} INFO - Filling up the DagBag from /home/airflow/.local/lib/python3.12/site-packages/airflow/example_dags/example_task_group_decorator.py
[2024-11-26T18:57:24.391+0000] {processor.py:925} INFO - DAG(s) 'example_task_group_decorator' retrieved from /home/airflow/.local/lib/python3.12/site-packages/airflow/example_dags/example_task_group_decorator.py
[2024-11-26T18:57:24.410+0000] {logging_mixin.py:190} INFO - [2024-11-26T18:57:24.410+0000] {dag.py:3239} INFO - Sync 1 DAGs
[2024-11-26T18:57:24.421+0000] {logging_mixin.py:190} INFO - [2024-11-26T18:57:24.420+0000] {dag.py:4180} INFO - Setting next_dagrun for example_task_group_decorator to None, run_after=None
[2024-11-26T18:57:24.434+0000] {processor.py:208} INFO - Processing /home/airflow/.local/lib/python3.12/site-packages/airflow/example_dags/example_task_group_decorator.py took 0.058 seconds
[2024-11-26T18:57:54.508+0000] {processor.py:186} INFO - Started process (PID=2095) to work on /home/airflow/.local/lib/python3.12/site-packages/airflow/example_dags/example_task_group_decorator.py
[2024-11-26T18:57:54.508+0000] {processor.py:914} INFO - Processing file /home/airflow/.local/lib/python3.12/site-packages/airflow/example_dags/example_task_group_decorator.py for tasks to queue
[2024-11-26T18:57:54.510+0000] {logging_mixin.py:190} INFO - [2024-11-26T18:57:54.510+0000] {dagbag.py:588} INFO - Filling up the DagBag from /home/airflow/.local/lib/python3.12/site-packages/airflow/example_dags/example_task_group_decorator.py
[2024-11-26T18:57:54.521+0000] {processor.py:925} INFO - DAG(s) 'example_task_group_decorator' retrieved from /home/airflow/.local/lib/python3.12/site-packages/airflow/example_dags/example_task_group_decorator.py
[2024-11-26T18:57:54.541+0000] {logging_mixin.py:190} INFO - [2024-11-26T18:57:54.541+0000] {dag.py:3239} INFO - Sync 1 DAGs
[2024-11-26T18:57:54.552+0000] {logging_mixin.py:190} INFO - [2024-11-26T18:57:54.552+0000] {dag.py:4180} INFO - Setting next_dagrun for example_task_group_decorator to None, run_after=None
[2024-11-26T18:57:54.567+0000] {processor.py:208} INFO - Processing /home/airflow/.local/lib/python3.12/site-packages/airflow/example_dags/example_task_group_decorator.py took 0.063 seconds
[2024-11-26T18:58:24.822+0000] {processor.py:186} INFO - Started process (PID=2170) to work on /home/airflow/.local/lib/python3.12/site-packages/airflow/example_dags/example_task_group_decorator.py
[2024-11-26T18:58:24.823+0000] {processor.py:914} INFO - Processing file /home/airflow/.local/lib/python3.12/site-packages/airflow/example_dags/example_task_group_decorator.py for tasks to queue
[2024-11-26T18:58:24.825+0000] {logging_mixin.py:190} INFO - [2024-11-26T18:58:24.825+0000] {dagbag.py:588} INFO - Filling up the DagBag from /home/airflow/.local/lib/python3.12/site-packages/airflow/example_dags/example_task_group_decorator.py
[2024-11-26T18:58:24.838+0000] {processor.py:925} INFO - DAG(s) 'example_task_group_decorator' retrieved from /home/airflow/.local/lib/python3.12/site-packages/airflow/example_dags/example_task_group_decorator.py
[2024-11-26T18:58:24.858+0000] {logging_mixin.py:190} INFO - [2024-11-26T18:58:24.858+0000] {dag.py:3239} INFO - Sync 1 DAGs
[2024-11-26T18:58:24.868+0000] {logging_mixin.py:190} INFO - [2024-11-26T18:58:24.868+0000] {dag.py:4180} INFO - Setting next_dagrun for example_task_group_decorator to None, run_after=None
[2024-11-26T18:58:24.881+0000] {processor.py:208} INFO - Processing /home/airflow/.local/lib/python3.12/site-packages/airflow/example_dags/example_task_group_decorator.py took 0.064 seconds
[2024-11-26T18:58:55.437+0000] {processor.py:186} INFO - Started process (PID=2246) to work on /home/airflow/.local/lib/python3.12/site-packages/airflow/example_dags/example_task_group_decorator.py
[2024-11-26T18:58:55.438+0000] {processor.py:914} INFO - Processing file /home/airflow/.local/lib/python3.12/site-packages/airflow/example_dags/example_task_group_decorator.py for tasks to queue
[2024-11-26T18:58:55.439+0000] {logging_mixin.py:190} INFO - [2024-11-26T18:58:55.439+0000] {dagbag.py:588} INFO - Filling up the DagBag from /home/airflow/.local/lib/python3.12/site-packages/airflow/example_dags/example_task_group_decorator.py
[2024-11-26T18:58:55.456+0000] {processor.py:925} INFO - DAG(s) 'example_task_group_decorator' retrieved from /home/airflow/.local/lib/python3.12/site-packages/airflow/example_dags/example_task_group_decorator.py
[2024-11-26T18:58:55.477+0000] {logging_mixin.py:190} INFO - [2024-11-26T18:58:55.476+0000] {dag.py:3239} INFO - Sync 1 DAGs
[2024-11-26T18:58:55.487+0000] {logging_mixin.py:190} INFO - [2024-11-26T18:58:55.487+0000] {dag.py:4180} INFO - Setting next_dagrun for example_task_group_decorator to None, run_after=None
[2024-11-26T18:58:55.502+0000] {processor.py:208} INFO - Processing /home/airflow/.local/lib/python3.12/site-packages/airflow/example_dags/example_task_group_decorator.py took 0.069 seconds
[2024-11-26T18:59:26.178+0000] {processor.py:186} INFO - Started process (PID=2321) to work on /home/airflow/.local/lib/python3.12/site-packages/airflow/example_dags/example_task_group_decorator.py
[2024-11-26T18:59:26.178+0000] {processor.py:914} INFO - Processing file /home/airflow/.local/lib/python3.12/site-packages/airflow/example_dags/example_task_group_decorator.py for tasks to queue
[2024-11-26T18:59:26.180+0000] {logging_mixin.py:190} INFO - [2024-11-26T18:59:26.180+0000] {dagbag.py:588} INFO - Filling up the DagBag from /home/airflow/.local/lib/python3.12/site-packages/airflow/example_dags/example_task_group_decorator.py
[2024-11-26T18:59:26.191+0000] {processor.py:925} INFO - DAG(s) 'example_task_group_decorator' retrieved from /home/airflow/.local/lib/python3.12/site-packages/airflow/example_dags/example_task_group_decorator.py
[2024-11-26T18:59:26.209+0000] {logging_mixin.py:190} INFO - [2024-11-26T18:59:26.209+0000] {dag.py:3239} INFO - Sync 1 DAGs
[2024-11-26T18:59:26.221+0000] {logging_mixin.py:190} INFO - [2024-11-26T18:59:26.221+0000] {dag.py:4180} INFO - Setting next_dagrun for example_task_group_decorator to None, run_after=None
[2024-11-26T18:59:26.235+0000] {processor.py:208} INFO - Processing /home/airflow/.local/lib/python3.12/site-packages/airflow/example_dags/example_task_group_decorator.py took 0.061 seconds
[2024-11-26T18:59:57.110+0000] {processor.py:186} INFO - Started process (PID=2397) to work on /home/airflow/.local/lib/python3.12/site-packages/airflow/example_dags/example_task_group_decorator.py
[2024-11-26T18:59:57.111+0000] {processor.py:914} INFO - Processing file /home/airflow/.local/lib/python3.12/site-packages/airflow/example_dags/example_task_group_decorator.py for tasks to queue
[2024-11-26T18:59:57.112+0000] {logging_mixin.py:190} INFO - [2024-11-26T18:59:57.112+0000] {dagbag.py:588} INFO - Filling up the DagBag from /home/airflow/.local/lib/python3.12/site-packages/airflow/example_dags/example_task_group_decorator.py
[2024-11-26T18:59:57.123+0000] {processor.py:925} INFO - DAG(s) 'example_task_group_decorator' retrieved from /home/airflow/.local/lib/python3.12/site-packages/airflow/example_dags/example_task_group_decorator.py
[2024-11-26T18:59:57.143+0000] {logging_mixin.py:190} INFO - [2024-11-26T18:59:57.143+0000] {dag.py:3239} INFO - Sync 1 DAGs
[2024-11-26T18:59:57.153+0000] {logging_mixin.py:190} INFO - [2024-11-26T18:59:57.153+0000] {dag.py:4180} INFO - Setting next_dagrun for example_task_group_decorator to None, run_after=None
[2024-11-26T18:59:57.166+0000] {processor.py:208} INFO - Processing /home/airflow/.local/lib/python3.12/site-packages/airflow/example_dags/example_task_group_decorator.py took 0.059 seconds
[2024-11-26T19:00:27.746+0000] {processor.py:186} INFO - Started process (PID=2472) to work on /home/airflow/.local/lib/python3.12/site-packages/airflow/example_dags/example_task_group_decorator.py
[2024-11-26T19:00:27.747+0000] {processor.py:914} INFO - Processing file /home/airflow/.local/lib/python3.12/site-packages/airflow/example_dags/example_task_group_decorator.py for tasks to queue
[2024-11-26T19:00:27.749+0000] {logging_mixin.py:190} INFO - [2024-11-26T19:00:27.748+0000] {dagbag.py:588} INFO - Filling up the DagBag from /home/airflow/.local/lib/python3.12/site-packages/airflow/example_dags/example_task_group_decorator.py
[2024-11-26T19:00:27.763+0000] {processor.py:925} INFO - DAG(s) 'example_task_group_decorator' retrieved from /home/airflow/.local/lib/python3.12/site-packages/airflow/example_dags/example_task_group_decorator.py
[2024-11-26T19:00:27.783+0000] {logging_mixin.py:190} INFO - [2024-11-26T19:00:27.783+0000] {dag.py:3239} INFO - Sync 1 DAGs
[2024-11-26T19:00:27.794+0000] {logging_mixin.py:190} INFO - [2024-11-26T19:00:27.793+0000] {dag.py:4180} INFO - Setting next_dagrun for example_task_group_decorator to None, run_after=None
[2024-11-26T19:00:27.808+0000] {processor.py:208} INFO - Processing /home/airflow/.local/lib/python3.12/site-packages/airflow/example_dags/example_task_group_decorator.py took 0.066 seconds
[2024-11-26T19:00:58.509+0000] {processor.py:186} INFO - Started process (PID=2547) to work on /home/airflow/.local/lib/python3.12/site-packages/airflow/example_dags/example_task_group_decorator.py
[2024-11-26T19:00:58.510+0000] {processor.py:914} INFO - Processing file /home/airflow/.local/lib/python3.12/site-packages/airflow/example_dags/example_task_group_decorator.py for tasks to queue
[2024-11-26T19:00:58.512+0000] {logging_mixin.py:190} INFO - [2024-11-26T19:00:58.512+0000] {dagbag.py:588} INFO - Filling up the DagBag from /home/airflow/.local/lib/python3.12/site-packages/airflow/example_dags/example_task_group_decorator.py
[2024-11-26T19:00:58.523+0000] {processor.py:925} INFO - DAG(s) 'example_task_group_decorator' retrieved from /home/airflow/.local/lib/python3.12/site-packages/airflow/example_dags/example_task_group_decorator.py
[2024-11-26T19:00:58.543+0000] {logging_mixin.py:190} INFO - [2024-11-26T19:00:58.543+0000] {dag.py:3239} INFO - Sync 1 DAGs
[2024-11-26T19:00:58.554+0000] {logging_mixin.py:190} INFO - [2024-11-26T19:00:58.554+0000] {dag.py:4180} INFO - Setting next_dagrun for example_task_group_decorator to None, run_after=None
[2024-11-26T19:00:58.570+0000] {processor.py:208} INFO - Processing /home/airflow/.local/lib/python3.12/site-packages/airflow/example_dags/example_task_group_decorator.py took 0.064 seconds
[2024-11-26T19:01:29.289+0000] {processor.py:186} INFO - Started process (PID=2622) to work on /home/airflow/.local/lib/python3.12/site-packages/airflow/example_dags/example_task_group_decorator.py
[2024-11-26T19:01:29.290+0000] {processor.py:914} INFO - Processing file /home/airflow/.local/lib/python3.12/site-packages/airflow/example_dags/example_task_group_decorator.py for tasks to queue
[2024-11-26T19:01:29.292+0000] {logging_mixin.py:190} INFO - [2024-11-26T19:01:29.292+0000] {dagbag.py:588} INFO - Filling up the DagBag from /home/airflow/.local/lib/python3.12/site-packages/airflow/example_dags/example_task_group_decorator.py
[2024-11-26T19:01:29.306+0000] {processor.py:925} INFO - DAG(s) 'example_task_group_decorator' retrieved from /home/airflow/.local/lib/python3.12/site-packages/airflow/example_dags/example_task_group_decorator.py
[2024-11-26T19:01:29.329+0000] {logging_mixin.py:190} INFO - [2024-11-26T19:01:29.329+0000] {dag.py:3239} INFO - Sync 1 DAGs
[2024-11-26T19:01:29.345+0000] {logging_mixin.py:190} INFO - [2024-11-26T19:01:29.345+0000] {dag.py:4180} INFO - Setting next_dagrun for example_task_group_decorator to None, run_after=None
[2024-11-26T19:01:29.363+0000] {processor.py:208} INFO - Processing /home/airflow/.local/lib/python3.12/site-packages/airflow/example_dags/example_task_group_decorator.py took 0.078 seconds
