[2024-11-26T17:53:54.697+0000] {processor.py:186} INFO - Started process (PID=70) to work on /home/airflow/.local/lib/python3.12/site-packages/airflow/example_dags/example_short_circuit_operator.py
[2024-11-26T17:53:54.698+0000] {processor.py:914} INFO - Processing file /home/airflow/.local/lib/python3.12/site-packages/airflow/example_dags/example_short_circuit_operator.py for tasks to queue
[2024-11-26T17:53:54.699+0000] {logging_mixin.py:190} INFO - [2024-11-26T17:53:54.699+0000] {dagbag.py:588} INFO - Filling up the DagBag from /home/airflow/.local/lib/python3.12/site-packages/airflow/example_dags/example_short_circuit_operator.py
[2024-11-26T17:53:54.708+0000] {processor.py:925} INFO - DAG(s) 'example_short_circuit_operator' retrieved from /home/airflow/.local/lib/python3.12/site-packages/airflow/example_dags/example_short_circuit_operator.py
[2024-11-26T17:53:54.812+0000] {logging_mixin.py:190} INFO - [2024-11-26T17:53:54.811+0000] {override.py:1911} INFO - Created Permission View: can read on DAG:example_short_circuit_operator
[2024-11-26T17:53:54.821+0000] {logging_mixin.py:190} INFO - [2024-11-26T17:53:54.821+0000] {override.py:1911} INFO - Created Permission View: can delete on DAG:example_short_circuit_operator
[2024-11-26T17:53:54.828+0000] {logging_mixin.py:190} INFO - [2024-11-26T17:53:54.827+0000] {override.py:1911} INFO - Created Permission View: can edit on DAG:example_short_circuit_operator
[2024-11-26T17:53:54.835+0000] {logging_mixin.py:190} INFO - [2024-11-26T17:53:54.835+0000] {override.py:1911} INFO - Created Permission View: can create on DAG Run:example_short_circuit_operator
[2024-11-26T17:53:54.842+0000] {logging_mixin.py:190} INFO - [2024-11-26T17:53:54.842+0000] {override.py:1911} INFO - Created Permission View: can read on DAG Run:example_short_circuit_operator
[2024-11-26T17:53:54.848+0000] {logging_mixin.py:190} INFO - [2024-11-26T17:53:54.848+0000] {override.py:1911} INFO - Created Permission View: can delete on DAG Run:example_short_circuit_operator
[2024-11-26T17:53:54.855+0000] {logging_mixin.py:190} INFO - [2024-11-26T17:53:54.854+0000] {override.py:1911} INFO - Created Permission View: menu access on DAG Run:example_short_circuit_operator
[2024-11-26T17:53:54.856+0000] {logging_mixin.py:190} INFO - [2024-11-26T17:53:54.856+0000] {dag.py:3239} INFO - Sync 1 DAGs
[2024-11-26T17:53:54.866+0000] {logging_mixin.py:190} INFO - [2024-11-26T17:53:54.866+0000] {dag.py:3262} INFO - Creating ORM DAG for example_short_circuit_operator
[2024-11-26T17:53:54.867+0000] {logging_mixin.py:190} INFO - [2024-11-26T17:53:54.867+0000] {dag.py:4180} INFO - Setting next_dagrun for example_short_circuit_operator to None, run_after=None
[2024-11-26T17:53:54.881+0000] {processor.py:208} INFO - Processing /home/airflow/.local/lib/python3.12/site-packages/airflow/example_dags/example_short_circuit_operator.py took 0.190 seconds
[2024-11-26T17:54:25.126+0000] {processor.py:186} INFO - Started process (PID=132) to work on /home/airflow/.local/lib/python3.12/site-packages/airflow/example_dags/example_short_circuit_operator.py
[2024-11-26T17:54:25.127+0000] {processor.py:914} INFO - Processing file /home/airflow/.local/lib/python3.12/site-packages/airflow/example_dags/example_short_circuit_operator.py for tasks to queue
[2024-11-26T17:54:25.128+0000] {logging_mixin.py:190} INFO - [2024-11-26T17:54:25.128+0000] {dagbag.py:588} INFO - Filling up the DagBag from /home/airflow/.local/lib/python3.12/site-packages/airflow/example_dags/example_short_circuit_operator.py
[2024-11-26T17:54:25.135+0000] {processor.py:925} INFO - DAG(s) 'example_short_circuit_operator' retrieved from /home/airflow/.local/lib/python3.12/site-packages/airflow/example_dags/example_short_circuit_operator.py
[2024-11-26T17:54:25.153+0000] {logging_mixin.py:190} INFO - [2024-11-26T17:54:25.153+0000] {dag.py:3239} INFO - Sync 1 DAGs
[2024-11-26T17:54:25.163+0000] {logging_mixin.py:190} INFO - [2024-11-26T17:54:25.163+0000] {dag.py:4180} INFO - Setting next_dagrun for example_short_circuit_operator to None, run_after=None
[2024-11-26T17:54:25.178+0000] {processor.py:208} INFO - Processing /home/airflow/.local/lib/python3.12/site-packages/airflow/example_dags/example_short_circuit_operator.py took 0.056 seconds
[2024-11-26T17:54:55.226+0000] {processor.py:186} INFO - Started process (PID=195) to work on /home/airflow/.local/lib/python3.12/site-packages/airflow/example_dags/example_short_circuit_operator.py
[2024-11-26T17:54:55.227+0000] {processor.py:914} INFO - Processing file /home/airflow/.local/lib/python3.12/site-packages/airflow/example_dags/example_short_circuit_operator.py for tasks to queue
[2024-11-26T17:54:55.228+0000] {logging_mixin.py:190} INFO - [2024-11-26T17:54:55.228+0000] {dagbag.py:588} INFO - Filling up the DagBag from /home/airflow/.local/lib/python3.12/site-packages/airflow/example_dags/example_short_circuit_operator.py
[2024-11-26T17:54:55.235+0000] {processor.py:925} INFO - DAG(s) 'example_short_circuit_operator' retrieved from /home/airflow/.local/lib/python3.12/site-packages/airflow/example_dags/example_short_circuit_operator.py
[2024-11-26T17:54:55.254+0000] {logging_mixin.py:190} INFO - [2024-11-26T17:54:55.253+0000] {dag.py:3239} INFO - Sync 1 DAGs
[2024-11-26T17:54:55.264+0000] {logging_mixin.py:190} INFO - [2024-11-26T17:54:55.264+0000] {dag.py:4180} INFO - Setting next_dagrun for example_short_circuit_operator to None, run_after=None
[2024-11-26T17:54:55.279+0000] {processor.py:208} INFO - Processing /home/airflow/.local/lib/python3.12/site-packages/airflow/example_dags/example_short_circuit_operator.py took 0.057 seconds
[2024-11-26T17:55:25.683+0000] {processor.py:186} INFO - Started process (PID=258) to work on /home/airflow/.local/lib/python3.12/site-packages/airflow/example_dags/example_short_circuit_operator.py
[2024-11-26T17:55:25.683+0000] {processor.py:914} INFO - Processing file /home/airflow/.local/lib/python3.12/site-packages/airflow/example_dags/example_short_circuit_operator.py for tasks to queue
[2024-11-26T17:55:25.685+0000] {logging_mixin.py:190} INFO - [2024-11-26T17:55:25.685+0000] {dagbag.py:588} INFO - Filling up the DagBag from /home/airflow/.local/lib/python3.12/site-packages/airflow/example_dags/example_short_circuit_operator.py
[2024-11-26T17:55:25.692+0000] {processor.py:925} INFO - DAG(s) 'example_short_circuit_operator' retrieved from /home/airflow/.local/lib/python3.12/site-packages/airflow/example_dags/example_short_circuit_operator.py
[2024-11-26T17:55:25.710+0000] {logging_mixin.py:190} INFO - [2024-11-26T17:55:25.710+0000] {dag.py:3239} INFO - Sync 1 DAGs
[2024-11-26T17:55:25.721+0000] {logging_mixin.py:190} INFO - [2024-11-26T17:55:25.721+0000] {dag.py:4180} INFO - Setting next_dagrun for example_short_circuit_operator to None, run_after=None
[2024-11-26T17:55:25.740+0000] {processor.py:208} INFO - Processing /home/airflow/.local/lib/python3.12/site-packages/airflow/example_dags/example_short_circuit_operator.py took 0.061 seconds
[2024-11-26T17:55:56.210+0000] {processor.py:186} INFO - Started process (PID=321) to work on /home/airflow/.local/lib/python3.12/site-packages/airflow/example_dags/example_short_circuit_operator.py
[2024-11-26T17:55:56.211+0000] {processor.py:914} INFO - Processing file /home/airflow/.local/lib/python3.12/site-packages/airflow/example_dags/example_short_circuit_operator.py for tasks to queue
[2024-11-26T17:55:56.213+0000] {logging_mixin.py:190} INFO - [2024-11-26T17:55:56.213+0000] {dagbag.py:588} INFO - Filling up the DagBag from /home/airflow/.local/lib/python3.12/site-packages/airflow/example_dags/example_short_circuit_operator.py
[2024-11-26T17:55:56.220+0000] {processor.py:925} INFO - DAG(s) 'example_short_circuit_operator' retrieved from /home/airflow/.local/lib/python3.12/site-packages/airflow/example_dags/example_short_circuit_operator.py
[2024-11-26T17:55:56.239+0000] {logging_mixin.py:190} INFO - [2024-11-26T17:55:56.239+0000] {dag.py:3239} INFO - Sync 1 DAGs
[2024-11-26T17:55:56.249+0000] {logging_mixin.py:190} INFO - [2024-11-26T17:55:56.249+0000] {dag.py:4180} INFO - Setting next_dagrun for example_short_circuit_operator to None, run_after=None
[2024-11-26T17:55:56.265+0000] {processor.py:208} INFO - Processing /home/airflow/.local/lib/python3.12/site-packages/airflow/example_dags/example_short_circuit_operator.py took 0.061 seconds
[2024-11-26T17:56:27.020+0000] {processor.py:186} INFO - Started process (PID=390) to work on /home/airflow/.local/lib/python3.12/site-packages/airflow/example_dags/example_short_circuit_operator.py
[2024-11-26T17:56:27.021+0000] {processor.py:914} INFO - Processing file /home/airflow/.local/lib/python3.12/site-packages/airflow/example_dags/example_short_circuit_operator.py for tasks to queue
[2024-11-26T17:56:27.024+0000] {logging_mixin.py:190} INFO - [2024-11-26T17:56:27.023+0000] {dagbag.py:588} INFO - Filling up the DagBag from /home/airflow/.local/lib/python3.12/site-packages/airflow/example_dags/example_short_circuit_operator.py
[2024-11-26T17:56:27.030+0000] {processor.py:925} INFO - DAG(s) 'example_short_circuit_operator' retrieved from /home/airflow/.local/lib/python3.12/site-packages/airflow/example_dags/example_short_circuit_operator.py
[2024-11-26T17:56:27.048+0000] {logging_mixin.py:190} INFO - [2024-11-26T17:56:27.047+0000] {dag.py:3239} INFO - Sync 1 DAGs
[2024-11-26T17:56:27.059+0000] {logging_mixin.py:190} INFO - [2024-11-26T17:56:27.058+0000] {dag.py:4180} INFO - Setting next_dagrun for example_short_circuit_operator to None, run_after=None
[2024-11-26T17:56:27.073+0000] {processor.py:208} INFO - Processing /home/airflow/.local/lib/python3.12/site-packages/airflow/example_dags/example_short_circuit_operator.py took 0.057 seconds
[2024-11-26T17:56:58.012+0000] {processor.py:186} INFO - Started process (PID=453) to work on /home/airflow/.local/lib/python3.12/site-packages/airflow/example_dags/example_short_circuit_operator.py
[2024-11-26T17:56:58.039+0000] {processor.py:914} INFO - Processing file /home/airflow/.local/lib/python3.12/site-packages/airflow/example_dags/example_short_circuit_operator.py for tasks to queue
[2024-11-26T17:56:58.041+0000] {logging_mixin.py:190} INFO - [2024-11-26T17:56:58.041+0000] {dagbag.py:588} INFO - Filling up the DagBag from /home/airflow/.local/lib/python3.12/site-packages/airflow/example_dags/example_short_circuit_operator.py
[2024-11-26T17:56:58.048+0000] {processor.py:925} INFO - DAG(s) 'example_short_circuit_operator' retrieved from /home/airflow/.local/lib/python3.12/site-packages/airflow/example_dags/example_short_circuit_operator.py
[2024-11-26T17:56:58.066+0000] {logging_mixin.py:190} INFO - [2024-11-26T17:56:58.066+0000] {dag.py:3239} INFO - Sync 1 DAGs
[2024-11-26T17:56:58.077+0000] {logging_mixin.py:190} INFO - [2024-11-26T17:56:58.077+0000] {dag.py:4180} INFO - Setting next_dagrun for example_short_circuit_operator to None, run_after=None
[2024-11-26T17:56:58.094+0000] {processor.py:208} INFO - Processing /home/airflow/.local/lib/python3.12/site-packages/airflow/example_dags/example_short_circuit_operator.py took 0.086 seconds
[2024-11-26T17:57:28.818+0000] {processor.py:186} INFO - Started process (PID=516) to work on /home/airflow/.local/lib/python3.12/site-packages/airflow/example_dags/example_short_circuit_operator.py
[2024-11-26T17:57:28.819+0000] {processor.py:914} INFO - Processing file /home/airflow/.local/lib/python3.12/site-packages/airflow/example_dags/example_short_circuit_operator.py for tasks to queue
[2024-11-26T17:57:28.821+0000] {logging_mixin.py:190} INFO - [2024-11-26T17:57:28.821+0000] {dagbag.py:588} INFO - Filling up the DagBag from /home/airflow/.local/lib/python3.12/site-packages/airflow/example_dags/example_short_circuit_operator.py
[2024-11-26T17:57:28.828+0000] {processor.py:925} INFO - DAG(s) 'example_short_circuit_operator' retrieved from /home/airflow/.local/lib/python3.12/site-packages/airflow/example_dags/example_short_circuit_operator.py
[2024-11-26T17:57:28.846+0000] {logging_mixin.py:190} INFO - [2024-11-26T17:57:28.845+0000] {dag.py:3239} INFO - Sync 1 DAGs
[2024-11-26T17:57:28.856+0000] {logging_mixin.py:190} INFO - [2024-11-26T17:57:28.856+0000] {dag.py:4180} INFO - Setting next_dagrun for example_short_circuit_operator to None, run_after=None
[2024-11-26T17:57:28.871+0000] {processor.py:208} INFO - Processing /home/airflow/.local/lib/python3.12/site-packages/airflow/example_dags/example_short_circuit_operator.py took 0.057 seconds
[2024-11-26T17:57:59.763+0000] {processor.py:186} INFO - Started process (PID=579) to work on /home/airflow/.local/lib/python3.12/site-packages/airflow/example_dags/example_short_circuit_operator.py
[2024-11-26T17:57:59.763+0000] {processor.py:914} INFO - Processing file /home/airflow/.local/lib/python3.12/site-packages/airflow/example_dags/example_short_circuit_operator.py for tasks to queue
[2024-11-26T17:57:59.765+0000] {logging_mixin.py:190} INFO - [2024-11-26T17:57:59.765+0000] {dagbag.py:588} INFO - Filling up the DagBag from /home/airflow/.local/lib/python3.12/site-packages/airflow/example_dags/example_short_circuit_operator.py
[2024-11-26T17:57:59.772+0000] {processor.py:925} INFO - DAG(s) 'example_short_circuit_operator' retrieved from /home/airflow/.local/lib/python3.12/site-packages/airflow/example_dags/example_short_circuit_operator.py
[2024-11-26T17:57:59.789+0000] {logging_mixin.py:190} INFO - [2024-11-26T17:57:59.789+0000] {dag.py:3239} INFO - Sync 1 DAGs
[2024-11-26T17:57:59.799+0000] {logging_mixin.py:190} INFO - [2024-11-26T17:57:59.799+0000] {dag.py:4180} INFO - Setting next_dagrun for example_short_circuit_operator to None, run_after=None
[2024-11-26T17:57:59.815+0000] {processor.py:208} INFO - Processing /home/airflow/.local/lib/python3.12/site-packages/airflow/example_dags/example_short_circuit_operator.py took 0.056 seconds
[2024-11-26T17:58:29.976+0000] {processor.py:186} INFO - Started process (PID=642) to work on /home/airflow/.local/lib/python3.12/site-packages/airflow/example_dags/example_short_circuit_operator.py
[2024-11-26T17:58:29.977+0000] {processor.py:914} INFO - Processing file /home/airflow/.local/lib/python3.12/site-packages/airflow/example_dags/example_short_circuit_operator.py for tasks to queue
[2024-11-26T17:58:29.979+0000] {logging_mixin.py:190} INFO - [2024-11-26T17:58:29.979+0000] {dagbag.py:588} INFO - Filling up the DagBag from /home/airflow/.local/lib/python3.12/site-packages/airflow/example_dags/example_short_circuit_operator.py
[2024-11-26T17:58:29.985+0000] {processor.py:925} INFO - DAG(s) 'example_short_circuit_operator' retrieved from /home/airflow/.local/lib/python3.12/site-packages/airflow/example_dags/example_short_circuit_operator.py
[2024-11-26T17:58:30.002+0000] {logging_mixin.py:190} INFO - [2024-11-26T17:58:30.001+0000] {dag.py:3239} INFO - Sync 1 DAGs
[2024-11-26T17:58:30.012+0000] {logging_mixin.py:190} INFO - [2024-11-26T17:58:30.012+0000] {dag.py:4180} INFO - Setting next_dagrun for example_short_circuit_operator to None, run_after=None
[2024-11-26T17:58:30.034+0000] {processor.py:208} INFO - Processing /home/airflow/.local/lib/python3.12/site-packages/airflow/example_dags/example_short_circuit_operator.py took 0.061 seconds
[2024-11-26T17:59:00.702+0000] {processor.py:186} INFO - Started process (PID=705) to work on /home/airflow/.local/lib/python3.12/site-packages/airflow/example_dags/example_short_circuit_operator.py
[2024-11-26T17:59:00.703+0000] {processor.py:914} INFO - Processing file /home/airflow/.local/lib/python3.12/site-packages/airflow/example_dags/example_short_circuit_operator.py for tasks to queue
[2024-11-26T17:59:00.705+0000] {logging_mixin.py:190} INFO - [2024-11-26T17:59:00.705+0000] {dagbag.py:588} INFO - Filling up the DagBag from /home/airflow/.local/lib/python3.12/site-packages/airflow/example_dags/example_short_circuit_operator.py
[2024-11-26T17:59:00.711+0000] {processor.py:925} INFO - DAG(s) 'example_short_circuit_operator' retrieved from /home/airflow/.local/lib/python3.12/site-packages/airflow/example_dags/example_short_circuit_operator.py
[2024-11-26T17:59:00.730+0000] {logging_mixin.py:190} INFO - [2024-11-26T17:59:00.729+0000] {dag.py:3239} INFO - Sync 1 DAGs
[2024-11-26T17:59:00.740+0000] {logging_mixin.py:190} INFO - [2024-11-26T17:59:00.740+0000] {dag.py:4180} INFO - Setting next_dagrun for example_short_circuit_operator to None, run_after=None
[2024-11-26T17:59:00.756+0000] {processor.py:208} INFO - Processing /home/airflow/.local/lib/python3.12/site-packages/airflow/example_dags/example_short_circuit_operator.py took 0.058 seconds
[2024-11-26T18:06:05.180+0000] {processor.py:186} INFO - Started process (PID=65) to work on /home/airflow/.local/lib/python3.12/site-packages/airflow/example_dags/example_short_circuit_operator.py
[2024-11-26T18:06:05.181+0000] {processor.py:914} INFO - Processing file /home/airflow/.local/lib/python3.12/site-packages/airflow/example_dags/example_short_circuit_operator.py for tasks to queue
[2024-11-26T18:06:05.186+0000] {logging_mixin.py:190} INFO - [2024-11-26T18:06:05.186+0000] {dagbag.py:588} INFO - Filling up the DagBag from /home/airflow/.local/lib/python3.12/site-packages/airflow/example_dags/example_short_circuit_operator.py
[2024-11-26T18:06:05.205+0000] {processor.py:925} INFO - DAG(s) 'example_short_circuit_operator' retrieved from /home/airflow/.local/lib/python3.12/site-packages/airflow/example_dags/example_short_circuit_operator.py
[2024-11-26T18:06:05.248+0000] {logging_mixin.py:190} INFO - [2024-11-26T18:06:05.248+0000] {dag.py:3239} INFO - Sync 1 DAGs
[2024-11-26T18:06:05.265+0000] {logging_mixin.py:190} INFO - [2024-11-26T18:06:05.264+0000] {dag.py:4180} INFO - Setting next_dagrun for example_short_circuit_operator to None, run_after=None
[2024-11-26T18:06:05.282+0000] {processor.py:208} INFO - Processing /home/airflow/.local/lib/python3.12/site-packages/airflow/example_dags/example_short_circuit_operator.py took 0.107 seconds
[2024-11-26T18:06:36.042+0000] {processor.py:186} INFO - Started process (PID=134) to work on /home/airflow/.local/lib/python3.12/site-packages/airflow/example_dags/example_short_circuit_operator.py
[2024-11-26T18:06:36.043+0000] {processor.py:914} INFO - Processing file /home/airflow/.local/lib/python3.12/site-packages/airflow/example_dags/example_short_circuit_operator.py for tasks to queue
[2024-11-26T18:06:36.045+0000] {logging_mixin.py:190} INFO - [2024-11-26T18:06:36.044+0000] {dagbag.py:588} INFO - Filling up the DagBag from /home/airflow/.local/lib/python3.12/site-packages/airflow/example_dags/example_short_circuit_operator.py
[2024-11-26T18:06:36.050+0000] {processor.py:925} INFO - DAG(s) 'example_short_circuit_operator' retrieved from /home/airflow/.local/lib/python3.12/site-packages/airflow/example_dags/example_short_circuit_operator.py
[2024-11-26T18:06:36.068+0000] {logging_mixin.py:190} INFO - [2024-11-26T18:06:36.067+0000] {dag.py:3239} INFO - Sync 1 DAGs
[2024-11-26T18:06:36.078+0000] {logging_mixin.py:190} INFO - [2024-11-26T18:06:36.078+0000] {dag.py:4180} INFO - Setting next_dagrun for example_short_circuit_operator to None, run_after=None
[2024-11-26T18:06:36.092+0000] {processor.py:208} INFO - Processing /home/airflow/.local/lib/python3.12/site-packages/airflow/example_dags/example_short_circuit_operator.py took 0.054 seconds
[2024-11-26T18:07:06.172+0000] {processor.py:186} INFO - Started process (PID=198) to work on /home/airflow/.local/lib/python3.12/site-packages/airflow/example_dags/example_short_circuit_operator.py
[2024-11-26T18:07:06.172+0000] {processor.py:914} INFO - Processing file /home/airflow/.local/lib/python3.12/site-packages/airflow/example_dags/example_short_circuit_operator.py for tasks to queue
[2024-11-26T18:07:06.174+0000] {logging_mixin.py:190} INFO - [2024-11-26T18:07:06.174+0000] {dagbag.py:588} INFO - Filling up the DagBag from /home/airflow/.local/lib/python3.12/site-packages/airflow/example_dags/example_short_circuit_operator.py
[2024-11-26T18:07:06.181+0000] {processor.py:925} INFO - DAG(s) 'example_short_circuit_operator' retrieved from /home/airflow/.local/lib/python3.12/site-packages/airflow/example_dags/example_short_circuit_operator.py
[2024-11-26T18:07:06.198+0000] {logging_mixin.py:190} INFO - [2024-11-26T18:07:06.198+0000] {dag.py:3239} INFO - Sync 1 DAGs
[2024-11-26T18:07:06.209+0000] {logging_mixin.py:190} INFO - [2024-11-26T18:07:06.209+0000] {dag.py:4180} INFO - Setting next_dagrun for example_short_circuit_operator to None, run_after=None
[2024-11-26T18:07:06.222+0000] {processor.py:208} INFO - Processing /home/airflow/.local/lib/python3.12/site-packages/airflow/example_dags/example_short_circuit_operator.py took 0.054 seconds
[2024-11-26T18:07:37.124+0000] {processor.py:186} INFO - Started process (PID=262) to work on /home/airflow/.local/lib/python3.12/site-packages/airflow/example_dags/example_short_circuit_operator.py
[2024-11-26T18:07:37.125+0000] {processor.py:914} INFO - Processing file /home/airflow/.local/lib/python3.12/site-packages/airflow/example_dags/example_short_circuit_operator.py for tasks to queue
[2024-11-26T18:07:37.126+0000] {logging_mixin.py:190} INFO - [2024-11-26T18:07:37.126+0000] {dagbag.py:588} INFO - Filling up the DagBag from /home/airflow/.local/lib/python3.12/site-packages/airflow/example_dags/example_short_circuit_operator.py
[2024-11-26T18:07:37.132+0000] {processor.py:925} INFO - DAG(s) 'example_short_circuit_operator' retrieved from /home/airflow/.local/lib/python3.12/site-packages/airflow/example_dags/example_short_circuit_operator.py
[2024-11-26T18:07:37.151+0000] {logging_mixin.py:190} INFO - [2024-11-26T18:07:37.151+0000] {dag.py:3239} INFO - Sync 1 DAGs
[2024-11-26T18:07:37.163+0000] {logging_mixin.py:190} INFO - [2024-11-26T18:07:37.162+0000] {dag.py:4180} INFO - Setting next_dagrun for example_short_circuit_operator to None, run_after=None
[2024-11-26T18:07:37.177+0000] {processor.py:208} INFO - Processing /home/airflow/.local/lib/python3.12/site-packages/airflow/example_dags/example_short_circuit_operator.py took 0.057 seconds
[2024-11-26T18:08:07.733+0000] {processor.py:186} INFO - Started process (PID=326) to work on /home/airflow/.local/lib/python3.12/site-packages/airflow/example_dags/example_short_circuit_operator.py
[2024-11-26T18:08:07.733+0000] {processor.py:914} INFO - Processing file /home/airflow/.local/lib/python3.12/site-packages/airflow/example_dags/example_short_circuit_operator.py for tasks to queue
[2024-11-26T18:08:07.735+0000] {logging_mixin.py:190} INFO - [2024-11-26T18:08:07.734+0000] {dagbag.py:588} INFO - Filling up the DagBag from /home/airflow/.local/lib/python3.12/site-packages/airflow/example_dags/example_short_circuit_operator.py
[2024-11-26T18:08:07.741+0000] {processor.py:925} INFO - DAG(s) 'example_short_circuit_operator' retrieved from /home/airflow/.local/lib/python3.12/site-packages/airflow/example_dags/example_short_circuit_operator.py
[2024-11-26T18:08:07.757+0000] {logging_mixin.py:190} INFO - [2024-11-26T18:08:07.757+0000] {dag.py:3239} INFO - Sync 1 DAGs
[2024-11-26T18:08:07.769+0000] {logging_mixin.py:190} INFO - [2024-11-26T18:08:07.769+0000] {dag.py:4180} INFO - Setting next_dagrun for example_short_circuit_operator to None, run_after=None
[2024-11-26T18:08:07.782+0000] {processor.py:208} INFO - Processing /home/airflow/.local/lib/python3.12/site-packages/airflow/example_dags/example_short_circuit_operator.py took 0.053 seconds
[2024-11-26T18:08:38.458+0000] {processor.py:186} INFO - Started process (PID=390) to work on /home/airflow/.local/lib/python3.12/site-packages/airflow/example_dags/example_short_circuit_operator.py
[2024-11-26T18:08:38.459+0000] {processor.py:914} INFO - Processing file /home/airflow/.local/lib/python3.12/site-packages/airflow/example_dags/example_short_circuit_operator.py for tasks to queue
[2024-11-26T18:08:38.460+0000] {logging_mixin.py:190} INFO - [2024-11-26T18:08:38.460+0000] {dagbag.py:588} INFO - Filling up the DagBag from /home/airflow/.local/lib/python3.12/site-packages/airflow/example_dags/example_short_circuit_operator.py
[2024-11-26T18:08:38.466+0000] {processor.py:925} INFO - DAG(s) 'example_short_circuit_operator' retrieved from /home/airflow/.local/lib/python3.12/site-packages/airflow/example_dags/example_short_circuit_operator.py
[2024-11-26T18:08:38.483+0000] {logging_mixin.py:190} INFO - [2024-11-26T18:08:38.483+0000] {dag.py:3239} INFO - Sync 1 DAGs
[2024-11-26T18:08:38.493+0000] {logging_mixin.py:190} INFO - [2024-11-26T18:08:38.493+0000] {dag.py:4180} INFO - Setting next_dagrun for example_short_circuit_operator to None, run_after=None
[2024-11-26T18:08:38.506+0000] {processor.py:208} INFO - Processing /home/airflow/.local/lib/python3.12/site-packages/airflow/example_dags/example_short_circuit_operator.py took 0.052 seconds
[2024-11-26T18:09:09.266+0000] {processor.py:186} INFO - Started process (PID=455) to work on /home/airflow/.local/lib/python3.12/site-packages/airflow/example_dags/example_short_circuit_operator.py
[2024-11-26T18:09:09.267+0000] {processor.py:914} INFO - Processing file /home/airflow/.local/lib/python3.12/site-packages/airflow/example_dags/example_short_circuit_operator.py for tasks to queue
[2024-11-26T18:09:09.269+0000] {logging_mixin.py:190} INFO - [2024-11-26T18:09:09.268+0000] {dagbag.py:588} INFO - Filling up the DagBag from /home/airflow/.local/lib/python3.12/site-packages/airflow/example_dags/example_short_circuit_operator.py
[2024-11-26T18:09:09.275+0000] {processor.py:925} INFO - DAG(s) 'example_short_circuit_operator' retrieved from /home/airflow/.local/lib/python3.12/site-packages/airflow/example_dags/example_short_circuit_operator.py
[2024-11-26T18:09:09.293+0000] {logging_mixin.py:190} INFO - [2024-11-26T18:09:09.293+0000] {dag.py:3239} INFO - Sync 1 DAGs
[2024-11-26T18:09:09.304+0000] {logging_mixin.py:190} INFO - [2024-11-26T18:09:09.304+0000] {dag.py:4180} INFO - Setting next_dagrun for example_short_circuit_operator to None, run_after=None
[2024-11-26T18:09:09.318+0000] {processor.py:208} INFO - Processing /home/airflow/.local/lib/python3.12/site-packages/airflow/example_dags/example_short_circuit_operator.py took 0.055 seconds
[2024-11-26T18:09:39.375+0000] {processor.py:186} INFO - Started process (PID=519) to work on /home/airflow/.local/lib/python3.12/site-packages/airflow/example_dags/example_short_circuit_operator.py
[2024-11-26T18:09:39.376+0000] {processor.py:914} INFO - Processing file /home/airflow/.local/lib/python3.12/site-packages/airflow/example_dags/example_short_circuit_operator.py for tasks to queue
[2024-11-26T18:09:39.378+0000] {logging_mixin.py:190} INFO - [2024-11-26T18:09:39.378+0000] {dagbag.py:588} INFO - Filling up the DagBag from /home/airflow/.local/lib/python3.12/site-packages/airflow/example_dags/example_short_circuit_operator.py
[2024-11-26T18:09:39.384+0000] {processor.py:925} INFO - DAG(s) 'example_short_circuit_operator' retrieved from /home/airflow/.local/lib/python3.12/site-packages/airflow/example_dags/example_short_circuit_operator.py
[2024-11-26T18:09:39.401+0000] {logging_mixin.py:190} INFO - [2024-11-26T18:09:39.401+0000] {dag.py:3239} INFO - Sync 1 DAGs
[2024-11-26T18:09:39.411+0000] {logging_mixin.py:190} INFO - [2024-11-26T18:09:39.411+0000] {dag.py:4180} INFO - Setting next_dagrun for example_short_circuit_operator to None, run_after=None
[2024-11-26T18:09:39.425+0000] {processor.py:208} INFO - Processing /home/airflow/.local/lib/python3.12/site-packages/airflow/example_dags/example_short_circuit_operator.py took 0.053 seconds
[2024-11-26T18:10:10.164+0000] {processor.py:186} INFO - Started process (PID=582) to work on /home/airflow/.local/lib/python3.12/site-packages/airflow/example_dags/example_short_circuit_operator.py
[2024-11-26T18:10:10.165+0000] {processor.py:914} INFO - Processing file /home/airflow/.local/lib/python3.12/site-packages/airflow/example_dags/example_short_circuit_operator.py for tasks to queue
[2024-11-26T18:10:10.166+0000] {logging_mixin.py:190} INFO - [2024-11-26T18:10:10.166+0000] {dagbag.py:588} INFO - Filling up the DagBag from /home/airflow/.local/lib/python3.12/site-packages/airflow/example_dags/example_short_circuit_operator.py
[2024-11-26T18:10:10.173+0000] {processor.py:925} INFO - DAG(s) 'example_short_circuit_operator' retrieved from /home/airflow/.local/lib/python3.12/site-packages/airflow/example_dags/example_short_circuit_operator.py
[2024-11-26T18:10:10.194+0000] {logging_mixin.py:190} INFO - [2024-11-26T18:10:10.194+0000] {dag.py:3239} INFO - Sync 1 DAGs
[2024-11-26T18:10:10.208+0000] {logging_mixin.py:190} INFO - [2024-11-26T18:10:10.207+0000] {dag.py:4180} INFO - Setting next_dagrun for example_short_circuit_operator to None, run_after=None
[2024-11-26T18:10:10.223+0000] {processor.py:208} INFO - Processing /home/airflow/.local/lib/python3.12/site-packages/airflow/example_dags/example_short_circuit_operator.py took 0.064 seconds
[2024-11-26T18:10:40.317+0000] {processor.py:186} INFO - Started process (PID=645) to work on /home/airflow/.local/lib/python3.12/site-packages/airflow/example_dags/example_short_circuit_operator.py
[2024-11-26T18:10:40.318+0000] {processor.py:914} INFO - Processing file /home/airflow/.local/lib/python3.12/site-packages/airflow/example_dags/example_short_circuit_operator.py for tasks to queue
[2024-11-26T18:10:40.319+0000] {logging_mixin.py:190} INFO - [2024-11-26T18:10:40.319+0000] {dagbag.py:588} INFO - Filling up the DagBag from /home/airflow/.local/lib/python3.12/site-packages/airflow/example_dags/example_short_circuit_operator.py
[2024-11-26T18:10:40.325+0000] {processor.py:925} INFO - DAG(s) 'example_short_circuit_operator' retrieved from /home/airflow/.local/lib/python3.12/site-packages/airflow/example_dags/example_short_circuit_operator.py
[2024-11-26T18:10:40.343+0000] {logging_mixin.py:190} INFO - [2024-11-26T18:10:40.343+0000] {dag.py:3239} INFO - Sync 1 DAGs
[2024-11-26T18:10:40.354+0000] {logging_mixin.py:190} INFO - [2024-11-26T18:10:40.354+0000] {dag.py:4180} INFO - Setting next_dagrun for example_short_circuit_operator to None, run_after=None
[2024-11-26T18:10:40.368+0000] {processor.py:208} INFO - Processing /home/airflow/.local/lib/python3.12/site-packages/airflow/example_dags/example_short_circuit_operator.py took 0.054 seconds
[2024-11-26T18:11:10.415+0000] {processor.py:186} INFO - Started process (PID=709) to work on /home/airflow/.local/lib/python3.12/site-packages/airflow/example_dags/example_short_circuit_operator.py
[2024-11-26T18:11:10.416+0000] {processor.py:914} INFO - Processing file /home/airflow/.local/lib/python3.12/site-packages/airflow/example_dags/example_short_circuit_operator.py for tasks to queue
[2024-11-26T18:11:10.417+0000] {logging_mixin.py:190} INFO - [2024-11-26T18:11:10.417+0000] {dagbag.py:588} INFO - Filling up the DagBag from /home/airflow/.local/lib/python3.12/site-packages/airflow/example_dags/example_short_circuit_operator.py
[2024-11-26T18:11:10.423+0000] {processor.py:925} INFO - DAG(s) 'example_short_circuit_operator' retrieved from /home/airflow/.local/lib/python3.12/site-packages/airflow/example_dags/example_short_circuit_operator.py
[2024-11-26T18:11:10.441+0000] {logging_mixin.py:190} INFO - [2024-11-26T18:11:10.441+0000] {dag.py:3239} INFO - Sync 1 DAGs
[2024-11-26T18:11:10.454+0000] {logging_mixin.py:190} INFO - [2024-11-26T18:11:10.453+0000] {dag.py:4180} INFO - Setting next_dagrun for example_short_circuit_operator to None, run_after=None
[2024-11-26T18:11:10.469+0000] {processor.py:208} INFO - Processing /home/airflow/.local/lib/python3.12/site-packages/airflow/example_dags/example_short_circuit_operator.py took 0.057 seconds
[2024-11-26T18:12:30.221+0000] {processor.py:186} INFO - Started process (PID=59) to work on /home/airflow/.local/lib/python3.12/site-packages/airflow/example_dags/example_short_circuit_operator.py
[2024-11-26T18:12:30.221+0000] {processor.py:914} INFO - Processing file /home/airflow/.local/lib/python3.12/site-packages/airflow/example_dags/example_short_circuit_operator.py for tasks to queue
[2024-11-26T18:12:30.223+0000] {logging_mixin.py:190} INFO - [2024-11-26T18:12:30.223+0000] {dagbag.py:588} INFO - Filling up the DagBag from /home/airflow/.local/lib/python3.12/site-packages/airflow/example_dags/example_short_circuit_operator.py
[2024-11-26T18:12:30.231+0000] {processor.py:925} INFO - DAG(s) 'example_short_circuit_operator' retrieved from /home/airflow/.local/lib/python3.12/site-packages/airflow/example_dags/example_short_circuit_operator.py
[2024-11-26T18:12:30.256+0000] {logging_mixin.py:190} INFO - [2024-11-26T18:12:30.255+0000] {dag.py:3239} INFO - Sync 1 DAGs
[2024-11-26T18:12:30.267+0000] {logging_mixin.py:190} INFO - [2024-11-26T18:12:30.267+0000] {dag.py:4180} INFO - Setting next_dagrun for example_short_circuit_operator to None, run_after=None
[2024-11-26T18:12:30.284+0000] {processor.py:208} INFO - Processing /home/airflow/.local/lib/python3.12/site-packages/airflow/example_dags/example_short_circuit_operator.py took 0.068 seconds
[2024-11-26T18:13:00.687+0000] {processor.py:186} INFO - Started process (PID=122) to work on /home/airflow/.local/lib/python3.12/site-packages/airflow/example_dags/example_short_circuit_operator.py
[2024-11-26T18:13:00.687+0000] {processor.py:914} INFO - Processing file /home/airflow/.local/lib/python3.12/site-packages/airflow/example_dags/example_short_circuit_operator.py for tasks to queue
[2024-11-26T18:13:00.689+0000] {logging_mixin.py:190} INFO - [2024-11-26T18:13:00.689+0000] {dagbag.py:588} INFO - Filling up the DagBag from /home/airflow/.local/lib/python3.12/site-packages/airflow/example_dags/example_short_circuit_operator.py
[2024-11-26T18:13:00.697+0000] {processor.py:925} INFO - DAG(s) 'example_short_circuit_operator' retrieved from /home/airflow/.local/lib/python3.12/site-packages/airflow/example_dags/example_short_circuit_operator.py
[2024-11-26T18:13:00.716+0000] {logging_mixin.py:190} INFO - [2024-11-26T18:13:00.716+0000] {dag.py:3239} INFO - Sync 1 DAGs
[2024-11-26T18:13:00.727+0000] {logging_mixin.py:190} INFO - [2024-11-26T18:13:00.727+0000] {dag.py:4180} INFO - Setting next_dagrun for example_short_circuit_operator to None, run_after=None
[2024-11-26T18:13:00.745+0000] {processor.py:208} INFO - Processing /home/airflow/.local/lib/python3.12/site-packages/airflow/example_dags/example_short_circuit_operator.py took 0.063 seconds
[2024-11-26T18:13:31.369+0000] {processor.py:186} INFO - Started process (PID=186) to work on /home/airflow/.local/lib/python3.12/site-packages/airflow/example_dags/example_short_circuit_operator.py
[2024-11-26T18:13:31.370+0000] {processor.py:914} INFO - Processing file /home/airflow/.local/lib/python3.12/site-packages/airflow/example_dags/example_short_circuit_operator.py for tasks to queue
[2024-11-26T18:13:31.372+0000] {logging_mixin.py:190} INFO - [2024-11-26T18:13:31.371+0000] {dagbag.py:588} INFO - Filling up the DagBag from /home/airflow/.local/lib/python3.12/site-packages/airflow/example_dags/example_short_circuit_operator.py
[2024-11-26T18:13:31.379+0000] {processor.py:925} INFO - DAG(s) 'example_short_circuit_operator' retrieved from /home/airflow/.local/lib/python3.12/site-packages/airflow/example_dags/example_short_circuit_operator.py
[2024-11-26T18:13:31.398+0000] {logging_mixin.py:190} INFO - [2024-11-26T18:13:31.398+0000] {dag.py:3239} INFO - Sync 1 DAGs
[2024-11-26T18:13:31.409+0000] {logging_mixin.py:190} INFO - [2024-11-26T18:13:31.409+0000] {dag.py:4180} INFO - Setting next_dagrun for example_short_circuit_operator to None, run_after=None
[2024-11-26T18:13:31.423+0000] {processor.py:208} INFO - Processing /home/airflow/.local/lib/python3.12/site-packages/airflow/example_dags/example_short_circuit_operator.py took 0.059 seconds
[2024-11-26T18:14:01.557+0000] {processor.py:186} INFO - Started process (PID=250) to work on /home/airflow/.local/lib/python3.12/site-packages/airflow/example_dags/example_short_circuit_operator.py
[2024-11-26T18:14:01.558+0000] {processor.py:914} INFO - Processing file /home/airflow/.local/lib/python3.12/site-packages/airflow/example_dags/example_short_circuit_operator.py for tasks to queue
[2024-11-26T18:14:01.560+0000] {logging_mixin.py:190} INFO - [2024-11-26T18:14:01.560+0000] {dagbag.py:588} INFO - Filling up the DagBag from /home/airflow/.local/lib/python3.12/site-packages/airflow/example_dags/example_short_circuit_operator.py
[2024-11-26T18:14:01.567+0000] {processor.py:925} INFO - DAG(s) 'example_short_circuit_operator' retrieved from /home/airflow/.local/lib/python3.12/site-packages/airflow/example_dags/example_short_circuit_operator.py
[2024-11-26T18:14:01.586+0000] {logging_mixin.py:190} INFO - [2024-11-26T18:14:01.586+0000] {dag.py:3239} INFO - Sync 1 DAGs
[2024-11-26T18:14:01.598+0000] {logging_mixin.py:190} INFO - [2024-11-26T18:14:01.598+0000] {dag.py:4180} INFO - Setting next_dagrun for example_short_circuit_operator to None, run_after=None
[2024-11-26T18:14:01.613+0000] {processor.py:208} INFO - Processing /home/airflow/.local/lib/python3.12/site-packages/airflow/example_dags/example_short_circuit_operator.py took 0.060 seconds
[2024-11-26T18:14:31.649+0000] {processor.py:186} INFO - Started process (PID=314) to work on /home/airflow/.local/lib/python3.12/site-packages/airflow/example_dags/example_short_circuit_operator.py
[2024-11-26T18:14:31.649+0000] {processor.py:914} INFO - Processing file /home/airflow/.local/lib/python3.12/site-packages/airflow/example_dags/example_short_circuit_operator.py for tasks to queue
[2024-11-26T18:14:31.651+0000] {logging_mixin.py:190} INFO - [2024-11-26T18:14:31.651+0000] {dagbag.py:588} INFO - Filling up the DagBag from /home/airflow/.local/lib/python3.12/site-packages/airflow/example_dags/example_short_circuit_operator.py
[2024-11-26T18:14:31.658+0000] {processor.py:925} INFO - DAG(s) 'example_short_circuit_operator' retrieved from /home/airflow/.local/lib/python3.12/site-packages/airflow/example_dags/example_short_circuit_operator.py
[2024-11-26T18:14:31.675+0000] {logging_mixin.py:190} INFO - [2024-11-26T18:14:31.675+0000] {dag.py:3239} INFO - Sync 1 DAGs
[2024-11-26T18:14:31.686+0000] {logging_mixin.py:190} INFO - [2024-11-26T18:14:31.686+0000] {dag.py:4180} INFO - Setting next_dagrun for example_short_circuit_operator to None, run_after=None
[2024-11-26T18:14:31.700+0000] {processor.py:208} INFO - Processing /home/airflow/.local/lib/python3.12/site-packages/airflow/example_dags/example_short_circuit_operator.py took 0.055 seconds
[2024-11-26T18:15:02.528+0000] {processor.py:186} INFO - Started process (PID=384) to work on /home/airflow/.local/lib/python3.12/site-packages/airflow/example_dags/example_short_circuit_operator.py
[2024-11-26T18:15:02.529+0000] {processor.py:914} INFO - Processing file /home/airflow/.local/lib/python3.12/site-packages/airflow/example_dags/example_short_circuit_operator.py for tasks to queue
[2024-11-26T18:15:02.530+0000] {logging_mixin.py:190} INFO - [2024-11-26T18:15:02.530+0000] {dagbag.py:588} INFO - Filling up the DagBag from /home/airflow/.local/lib/python3.12/site-packages/airflow/example_dags/example_short_circuit_operator.py
[2024-11-26T18:15:02.536+0000] {processor.py:925} INFO - DAG(s) 'example_short_circuit_operator' retrieved from /home/airflow/.local/lib/python3.12/site-packages/airflow/example_dags/example_short_circuit_operator.py
[2024-11-26T18:15:02.554+0000] {logging_mixin.py:190} INFO - [2024-11-26T18:15:02.554+0000] {dag.py:3239} INFO - Sync 1 DAGs
[2024-11-26T18:15:02.565+0000] {logging_mixin.py:190} INFO - [2024-11-26T18:15:02.565+0000] {dag.py:4180} INFO - Setting next_dagrun for example_short_circuit_operator to None, run_after=None
[2024-11-26T18:15:02.580+0000] {processor.py:208} INFO - Processing /home/airflow/.local/lib/python3.12/site-packages/airflow/example_dags/example_short_circuit_operator.py took 0.056 seconds
[2024-11-26T18:15:33.282+0000] {processor.py:186} INFO - Started process (PID=448) to work on /home/airflow/.local/lib/python3.12/site-packages/airflow/example_dags/example_short_circuit_operator.py
[2024-11-26T18:15:33.282+0000] {processor.py:914} INFO - Processing file /home/airflow/.local/lib/python3.12/site-packages/airflow/example_dags/example_short_circuit_operator.py for tasks to queue
[2024-11-26T18:15:33.284+0000] {logging_mixin.py:190} INFO - [2024-11-26T18:15:33.284+0000] {dagbag.py:588} INFO - Filling up the DagBag from /home/airflow/.local/lib/python3.12/site-packages/airflow/example_dags/example_short_circuit_operator.py
[2024-11-26T18:15:33.290+0000] {processor.py:925} INFO - DAG(s) 'example_short_circuit_operator' retrieved from /home/airflow/.local/lib/python3.12/site-packages/airflow/example_dags/example_short_circuit_operator.py
[2024-11-26T18:15:33.307+0000] {logging_mixin.py:190} INFO - [2024-11-26T18:15:33.307+0000] {dag.py:3239} INFO - Sync 1 DAGs
[2024-11-26T18:15:33.319+0000] {logging_mixin.py:190} INFO - [2024-11-26T18:15:33.318+0000] {dag.py:4180} INFO - Setting next_dagrun for example_short_circuit_operator to None, run_after=None
[2024-11-26T18:15:33.332+0000] {processor.py:208} INFO - Processing /home/airflow/.local/lib/python3.12/site-packages/airflow/example_dags/example_short_circuit_operator.py took 0.054 seconds
[2024-11-26T18:16:04.163+0000] {processor.py:186} INFO - Started process (PID=512) to work on /home/airflow/.local/lib/python3.12/site-packages/airflow/example_dags/example_short_circuit_operator.py
[2024-11-26T18:16:04.163+0000] {processor.py:914} INFO - Processing file /home/airflow/.local/lib/python3.12/site-packages/airflow/example_dags/example_short_circuit_operator.py for tasks to queue
[2024-11-26T18:16:04.165+0000] {logging_mixin.py:190} INFO - [2024-11-26T18:16:04.165+0000] {dagbag.py:588} INFO - Filling up the DagBag from /home/airflow/.local/lib/python3.12/site-packages/airflow/example_dags/example_short_circuit_operator.py
[2024-11-26T18:16:04.171+0000] {processor.py:925} INFO - DAG(s) 'example_short_circuit_operator' retrieved from /home/airflow/.local/lib/python3.12/site-packages/airflow/example_dags/example_short_circuit_operator.py
[2024-11-26T18:16:04.189+0000] {logging_mixin.py:190} INFO - [2024-11-26T18:16:04.188+0000] {dag.py:3239} INFO - Sync 1 DAGs
[2024-11-26T18:16:04.199+0000] {logging_mixin.py:190} INFO - [2024-11-26T18:16:04.199+0000] {dag.py:4180} INFO - Setting next_dagrun for example_short_circuit_operator to None, run_after=None
[2024-11-26T18:16:04.213+0000] {processor.py:208} INFO - Processing /home/airflow/.local/lib/python3.12/site-packages/airflow/example_dags/example_short_circuit_operator.py took 0.055 seconds
[2024-11-26T18:16:34.759+0000] {processor.py:186} INFO - Started process (PID=576) to work on /home/airflow/.local/lib/python3.12/site-packages/airflow/example_dags/example_short_circuit_operator.py
[2024-11-26T18:16:34.759+0000] {processor.py:914} INFO - Processing file /home/airflow/.local/lib/python3.12/site-packages/airflow/example_dags/example_short_circuit_operator.py for tasks to queue
[2024-11-26T18:16:34.761+0000] {logging_mixin.py:190} INFO - [2024-11-26T18:16:34.761+0000] {dagbag.py:588} INFO - Filling up the DagBag from /home/airflow/.local/lib/python3.12/site-packages/airflow/example_dags/example_short_circuit_operator.py
[2024-11-26T18:16:34.767+0000] {processor.py:925} INFO - DAG(s) 'example_short_circuit_operator' retrieved from /home/airflow/.local/lib/python3.12/site-packages/airflow/example_dags/example_short_circuit_operator.py
[2024-11-26T18:16:34.786+0000] {logging_mixin.py:190} INFO - [2024-11-26T18:16:34.786+0000] {dag.py:3239} INFO - Sync 1 DAGs
[2024-11-26T18:16:34.797+0000] {logging_mixin.py:190} INFO - [2024-11-26T18:16:34.797+0000] {dag.py:4180} INFO - Setting next_dagrun for example_short_circuit_operator to None, run_after=None
[2024-11-26T18:16:34.811+0000] {processor.py:208} INFO - Processing /home/airflow/.local/lib/python3.12/site-packages/airflow/example_dags/example_short_circuit_operator.py took 0.057 seconds
[2024-11-26T18:17:05.565+0000] {processor.py:186} INFO - Started process (PID=640) to work on /home/airflow/.local/lib/python3.12/site-packages/airflow/example_dags/example_short_circuit_operator.py
[2024-11-26T18:17:05.565+0000] {processor.py:914} INFO - Processing file /home/airflow/.local/lib/python3.12/site-packages/airflow/example_dags/example_short_circuit_operator.py for tasks to queue
[2024-11-26T18:17:05.568+0000] {logging_mixin.py:190} INFO - [2024-11-26T18:17:05.567+0000] {dagbag.py:588} INFO - Filling up the DagBag from /home/airflow/.local/lib/python3.12/site-packages/airflow/example_dags/example_short_circuit_operator.py
[2024-11-26T18:17:05.574+0000] {processor.py:925} INFO - DAG(s) 'example_short_circuit_operator' retrieved from /home/airflow/.local/lib/python3.12/site-packages/airflow/example_dags/example_short_circuit_operator.py
[2024-11-26T18:17:05.594+0000] {logging_mixin.py:190} INFO - [2024-11-26T18:17:05.593+0000] {dag.py:3239} INFO - Sync 1 DAGs
[2024-11-26T18:17:05.605+0000] {logging_mixin.py:190} INFO - [2024-11-26T18:17:05.605+0000] {dag.py:4180} INFO - Setting next_dagrun for example_short_circuit_operator to None, run_after=None
[2024-11-26T18:17:05.622+0000] {processor.py:208} INFO - Processing /home/airflow/.local/lib/python3.12/site-packages/airflow/example_dags/example_short_circuit_operator.py took 0.062 seconds
[2024-11-26T18:17:36.291+0000] {processor.py:186} INFO - Started process (PID=704) to work on /home/airflow/.local/lib/python3.12/site-packages/airflow/example_dags/example_short_circuit_operator.py
[2024-11-26T18:17:36.291+0000] {processor.py:914} INFO - Processing file /home/airflow/.local/lib/python3.12/site-packages/airflow/example_dags/example_short_circuit_operator.py for tasks to queue
[2024-11-26T18:17:36.293+0000] {logging_mixin.py:190} INFO - [2024-11-26T18:17:36.293+0000] {dagbag.py:588} INFO - Filling up the DagBag from /home/airflow/.local/lib/python3.12/site-packages/airflow/example_dags/example_short_circuit_operator.py
[2024-11-26T18:17:36.300+0000] {processor.py:925} INFO - DAG(s) 'example_short_circuit_operator' retrieved from /home/airflow/.local/lib/python3.12/site-packages/airflow/example_dags/example_short_circuit_operator.py
[2024-11-26T18:17:36.318+0000] {logging_mixin.py:190} INFO - [2024-11-26T18:17:36.317+0000] {dag.py:3239} INFO - Sync 1 DAGs
[2024-11-26T18:17:36.328+0000] {logging_mixin.py:190} INFO - [2024-11-26T18:17:36.328+0000] {dag.py:4180} INFO - Setting next_dagrun for example_short_circuit_operator to None, run_after=None
[2024-11-26T18:17:36.342+0000] {processor.py:208} INFO - Processing /home/airflow/.local/lib/python3.12/site-packages/airflow/example_dags/example_short_circuit_operator.py took 0.055 seconds
[2024-11-26T18:18:07.253+0000] {processor.py:186} INFO - Started process (PID=768) to work on /home/airflow/.local/lib/python3.12/site-packages/airflow/example_dags/example_short_circuit_operator.py
[2024-11-26T18:18:07.254+0000] {processor.py:914} INFO - Processing file /home/airflow/.local/lib/python3.12/site-packages/airflow/example_dags/example_short_circuit_operator.py for tasks to queue
[2024-11-26T18:18:07.255+0000] {logging_mixin.py:190} INFO - [2024-11-26T18:18:07.255+0000] {dagbag.py:588} INFO - Filling up the DagBag from /home/airflow/.local/lib/python3.12/site-packages/airflow/example_dags/example_short_circuit_operator.py
[2024-11-26T18:18:07.261+0000] {processor.py:925} INFO - DAG(s) 'example_short_circuit_operator' retrieved from /home/airflow/.local/lib/python3.12/site-packages/airflow/example_dags/example_short_circuit_operator.py
[2024-11-26T18:18:07.279+0000] {logging_mixin.py:190} INFO - [2024-11-26T18:18:07.278+0000] {dag.py:3239} INFO - Sync 1 DAGs
[2024-11-26T18:18:07.289+0000] {logging_mixin.py:190} INFO - [2024-11-26T18:18:07.289+0000] {dag.py:4180} INFO - Setting next_dagrun for example_short_circuit_operator to None, run_after=None
[2024-11-26T18:18:07.303+0000] {processor.py:208} INFO - Processing /home/airflow/.local/lib/python3.12/site-packages/airflow/example_dags/example_short_circuit_operator.py took 0.054 seconds
[2024-11-26T18:44:09.774+0000] {processor.py:186} INFO - Started process (PID=76) to work on /home/airflow/.local/lib/python3.12/site-packages/airflow/example_dags/example_short_circuit_operator.py
[2024-11-26T18:44:09.775+0000] {processor.py:914} INFO - Processing file /home/airflow/.local/lib/python3.12/site-packages/airflow/example_dags/example_short_circuit_operator.py for tasks to queue
[2024-11-26T18:44:09.776+0000] {logging_mixin.py:190} INFO - [2024-11-26T18:44:09.776+0000] {dagbag.py:588} INFO - Filling up the DagBag from /home/airflow/.local/lib/python3.12/site-packages/airflow/example_dags/example_short_circuit_operator.py
[2024-11-26T18:44:09.783+0000] {processor.py:925} INFO - DAG(s) 'example_short_circuit_operator' retrieved from /home/airflow/.local/lib/python3.12/site-packages/airflow/example_dags/example_short_circuit_operator.py
[2024-11-26T18:44:09.806+0000] {logging_mixin.py:190} INFO - [2024-11-26T18:44:09.806+0000] {dag.py:3239} INFO - Sync 1 DAGs
[2024-11-26T18:44:09.817+0000] {logging_mixin.py:190} INFO - [2024-11-26T18:44:09.817+0000] {dag.py:4180} INFO - Setting next_dagrun for example_short_circuit_operator to None, run_after=None
[2024-11-26T18:44:09.830+0000] {processor.py:208} INFO - Processing /home/airflow/.local/lib/python3.12/site-packages/airflow/example_dags/example_short_circuit_operator.py took 0.060 seconds
[2024-11-26T18:44:40.554+0000] {processor.py:186} INFO - Started process (PID=151) to work on /home/airflow/.local/lib/python3.12/site-packages/airflow/example_dags/example_short_circuit_operator.py
[2024-11-26T18:44:40.555+0000] {processor.py:914} INFO - Processing file /home/airflow/.local/lib/python3.12/site-packages/airflow/example_dags/example_short_circuit_operator.py for tasks to queue
[2024-11-26T18:44:40.556+0000] {logging_mixin.py:190} INFO - [2024-11-26T18:44:40.556+0000] {dagbag.py:588} INFO - Filling up the DagBag from /home/airflow/.local/lib/python3.12/site-packages/airflow/example_dags/example_short_circuit_operator.py
[2024-11-26T18:44:40.563+0000] {processor.py:925} INFO - DAG(s) 'example_short_circuit_operator' retrieved from /home/airflow/.local/lib/python3.12/site-packages/airflow/example_dags/example_short_circuit_operator.py
[2024-11-26T18:44:40.580+0000] {logging_mixin.py:190} INFO - [2024-11-26T18:44:40.580+0000] {dag.py:3239} INFO - Sync 1 DAGs
[2024-11-26T18:44:40.592+0000] {logging_mixin.py:190} INFO - [2024-11-26T18:44:40.592+0000] {dag.py:4180} INFO - Setting next_dagrun for example_short_circuit_operator to None, run_after=None
[2024-11-26T18:44:40.606+0000] {processor.py:208} INFO - Processing /home/airflow/.local/lib/python3.12/site-packages/airflow/example_dags/example_short_circuit_operator.py took 0.056 seconds
[2024-11-26T18:45:11.916+0000] {processor.py:186} INFO - Started process (PID=232) to work on /home/airflow/.local/lib/python3.12/site-packages/airflow/example_dags/example_short_circuit_operator.py
[2024-11-26T18:45:11.916+0000] {processor.py:914} INFO - Processing file /home/airflow/.local/lib/python3.12/site-packages/airflow/example_dags/example_short_circuit_operator.py for tasks to queue
[2024-11-26T18:45:11.918+0000] {logging_mixin.py:190} INFO - [2024-11-26T18:45:11.918+0000] {dagbag.py:588} INFO - Filling up the DagBag from /home/airflow/.local/lib/python3.12/site-packages/airflow/example_dags/example_short_circuit_operator.py
[2024-11-26T18:45:11.925+0000] {processor.py:925} INFO - DAG(s) 'example_short_circuit_operator' retrieved from /home/airflow/.local/lib/python3.12/site-packages/airflow/example_dags/example_short_circuit_operator.py
[2024-11-26T18:45:11.942+0000] {logging_mixin.py:190} INFO - [2024-11-26T18:45:11.942+0000] {dag.py:3239} INFO - Sync 1 DAGs
[2024-11-26T18:45:11.953+0000] {logging_mixin.py:190} INFO - [2024-11-26T18:45:11.952+0000] {dag.py:4180} INFO - Setting next_dagrun for example_short_circuit_operator to None, run_after=None
[2024-11-26T18:45:11.970+0000] {processor.py:208} INFO - Processing /home/airflow/.local/lib/python3.12/site-packages/airflow/example_dags/example_short_circuit_operator.py took 0.058 seconds
[2024-11-26T18:45:43.626+0000] {processor.py:186} INFO - Started process (PID=307) to work on /home/airflow/.local/lib/python3.12/site-packages/airflow/example_dags/example_short_circuit_operator.py
[2024-11-26T18:45:43.627+0000] {processor.py:914} INFO - Processing file /home/airflow/.local/lib/python3.12/site-packages/airflow/example_dags/example_short_circuit_operator.py for tasks to queue
[2024-11-26T18:45:43.629+0000] {logging_mixin.py:190} INFO - [2024-11-26T18:45:43.629+0000] {dagbag.py:588} INFO - Filling up the DagBag from /home/airflow/.local/lib/python3.12/site-packages/airflow/example_dags/example_short_circuit_operator.py
[2024-11-26T18:45:43.637+0000] {processor.py:925} INFO - DAG(s) 'example_short_circuit_operator' retrieved from /home/airflow/.local/lib/python3.12/site-packages/airflow/example_dags/example_short_circuit_operator.py
[2024-11-26T18:45:43.661+0000] {logging_mixin.py:190} INFO - [2024-11-26T18:45:43.661+0000] {dag.py:3239} INFO - Sync 1 DAGs
[2024-11-26T18:45:43.678+0000] {logging_mixin.py:190} INFO - [2024-11-26T18:45:43.677+0000] {dag.py:4180} INFO - Setting next_dagrun for example_short_circuit_operator to None, run_after=None
[2024-11-26T18:45:43.695+0000] {processor.py:208} INFO - Processing /home/airflow/.local/lib/python3.12/site-packages/airflow/example_dags/example_short_circuit_operator.py took 0.073 seconds
[2024-11-26T18:46:14.314+0000] {processor.py:186} INFO - Started process (PID=371) to work on /home/airflow/.local/lib/python3.12/site-packages/airflow/example_dags/example_short_circuit_operator.py
[2024-11-26T18:46:14.315+0000] {processor.py:914} INFO - Processing file /home/airflow/.local/lib/python3.12/site-packages/airflow/example_dags/example_short_circuit_operator.py for tasks to queue
[2024-11-26T18:46:14.317+0000] {logging_mixin.py:190} INFO - [2024-11-26T18:46:14.317+0000] {dagbag.py:588} INFO - Filling up the DagBag from /home/airflow/.local/lib/python3.12/site-packages/airflow/example_dags/example_short_circuit_operator.py
[2024-11-26T18:46:14.325+0000] {processor.py:925} INFO - DAG(s) 'example_short_circuit_operator' retrieved from /home/airflow/.local/lib/python3.12/site-packages/airflow/example_dags/example_short_circuit_operator.py
[2024-11-26T18:46:14.371+0000] {logging_mixin.py:190} INFO - [2024-11-26T18:46:14.371+0000] {dag.py:3239} INFO - Sync 1 DAGs
[2024-11-26T18:46:14.384+0000] {logging_mixin.py:190} INFO - [2024-11-26T18:46:14.384+0000] {dag.py:4180} INFO - Setting next_dagrun for example_short_circuit_operator to None, run_after=None
[2024-11-26T18:46:14.402+0000] {processor.py:208} INFO - Processing /home/airflow/.local/lib/python3.12/site-packages/airflow/example_dags/example_short_circuit_operator.py took 0.093 seconds
[2024-11-26T18:46:44.844+0000] {processor.py:186} INFO - Started process (PID=445) to work on /home/airflow/.local/lib/python3.12/site-packages/airflow/example_dags/example_short_circuit_operator.py
[2024-11-26T18:46:44.845+0000] {processor.py:914} INFO - Processing file /home/airflow/.local/lib/python3.12/site-packages/airflow/example_dags/example_short_circuit_operator.py for tasks to queue
[2024-11-26T18:46:44.846+0000] {logging_mixin.py:190} INFO - [2024-11-26T18:46:44.846+0000] {dagbag.py:588} INFO - Filling up the DagBag from /home/airflow/.local/lib/python3.12/site-packages/airflow/example_dags/example_short_circuit_operator.py
[2024-11-26T18:46:44.852+0000] {processor.py:925} INFO - DAG(s) 'example_short_circuit_operator' retrieved from /home/airflow/.local/lib/python3.12/site-packages/airflow/example_dags/example_short_circuit_operator.py
[2024-11-26T18:46:44.869+0000] {logging_mixin.py:190} INFO - [2024-11-26T18:46:44.869+0000] {dag.py:3239} INFO - Sync 1 DAGs
[2024-11-26T18:46:44.879+0000] {logging_mixin.py:190} INFO - [2024-11-26T18:46:44.879+0000] {dag.py:4180} INFO - Setting next_dagrun for example_short_circuit_operator to None, run_after=None
[2024-11-26T18:46:44.893+0000] {processor.py:208} INFO - Processing /home/airflow/.local/lib/python3.12/site-packages/airflow/example_dags/example_short_circuit_operator.py took 0.053 seconds
[2024-11-26T18:47:15.011+0000] {processor.py:186} INFO - Started process (PID=520) to work on /home/airflow/.local/lib/python3.12/site-packages/airflow/example_dags/example_short_circuit_operator.py
[2024-11-26T18:47:15.012+0000] {processor.py:914} INFO - Processing file /home/airflow/.local/lib/python3.12/site-packages/airflow/example_dags/example_short_circuit_operator.py for tasks to queue
[2024-11-26T18:47:15.014+0000] {logging_mixin.py:190} INFO - [2024-11-26T18:47:15.013+0000] {dagbag.py:588} INFO - Filling up the DagBag from /home/airflow/.local/lib/python3.12/site-packages/airflow/example_dags/example_short_circuit_operator.py
[2024-11-26T18:47:15.021+0000] {processor.py:925} INFO - DAG(s) 'example_short_circuit_operator' retrieved from /home/airflow/.local/lib/python3.12/site-packages/airflow/example_dags/example_short_circuit_operator.py
[2024-11-26T18:47:15.044+0000] {logging_mixin.py:190} INFO - [2024-11-26T18:47:15.044+0000] {dag.py:3239} INFO - Sync 1 DAGs
[2024-11-26T18:47:15.059+0000] {logging_mixin.py:190} INFO - [2024-11-26T18:47:15.058+0000] {dag.py:4180} INFO - Setting next_dagrun for example_short_circuit_operator to None, run_after=None
[2024-11-26T18:47:15.076+0000] {processor.py:208} INFO - Processing /home/airflow/.local/lib/python3.12/site-packages/airflow/example_dags/example_short_circuit_operator.py took 0.069 seconds
[2024-11-26T18:47:45.475+0000] {processor.py:186} INFO - Started process (PID=594) to work on /home/airflow/.local/lib/python3.12/site-packages/airflow/example_dags/example_short_circuit_operator.py
[2024-11-26T18:47:45.476+0000] {processor.py:914} INFO - Processing file /home/airflow/.local/lib/python3.12/site-packages/airflow/example_dags/example_short_circuit_operator.py for tasks to queue
[2024-11-26T18:47:45.478+0000] {logging_mixin.py:190} INFO - [2024-11-26T18:47:45.477+0000] {dagbag.py:588} INFO - Filling up the DagBag from /home/airflow/.local/lib/python3.12/site-packages/airflow/example_dags/example_short_circuit_operator.py
[2024-11-26T18:47:45.484+0000] {processor.py:925} INFO - DAG(s) 'example_short_circuit_operator' retrieved from /home/airflow/.local/lib/python3.12/site-packages/airflow/example_dags/example_short_circuit_operator.py
[2024-11-26T18:47:45.503+0000] {logging_mixin.py:190} INFO - [2024-11-26T18:47:45.502+0000] {dag.py:3239} INFO - Sync 1 DAGs
[2024-11-26T18:47:45.514+0000] {logging_mixin.py:190} INFO - [2024-11-26T18:47:45.514+0000] {dag.py:4180} INFO - Setting next_dagrun for example_short_circuit_operator to None, run_after=None
[2024-11-26T18:47:45.530+0000] {processor.py:208} INFO - Processing /home/airflow/.local/lib/python3.12/site-packages/airflow/example_dags/example_short_circuit_operator.py took 0.059 seconds
[2024-11-26T18:48:16.326+0000] {processor.py:186} INFO - Started process (PID=669) to work on /home/airflow/.local/lib/python3.12/site-packages/airflow/example_dags/example_short_circuit_operator.py
[2024-11-26T18:48:16.327+0000] {processor.py:914} INFO - Processing file /home/airflow/.local/lib/python3.12/site-packages/airflow/example_dags/example_short_circuit_operator.py for tasks to queue
[2024-11-26T18:48:16.328+0000] {logging_mixin.py:190} INFO - [2024-11-26T18:48:16.328+0000] {dagbag.py:588} INFO - Filling up the DagBag from /home/airflow/.local/lib/python3.12/site-packages/airflow/example_dags/example_short_circuit_operator.py
[2024-11-26T18:48:16.334+0000] {processor.py:925} INFO - DAG(s) 'example_short_circuit_operator' retrieved from /home/airflow/.local/lib/python3.12/site-packages/airflow/example_dags/example_short_circuit_operator.py
[2024-11-26T18:48:16.354+0000] {logging_mixin.py:190} INFO - [2024-11-26T18:48:16.353+0000] {dag.py:3239} INFO - Sync 1 DAGs
[2024-11-26T18:48:16.364+0000] {logging_mixin.py:190} INFO - [2024-11-26T18:48:16.364+0000] {dag.py:4180} INFO - Setting next_dagrun for example_short_circuit_operator to None, run_after=None
[2024-11-26T18:48:16.381+0000] {processor.py:208} INFO - Processing /home/airflow/.local/lib/python3.12/site-packages/airflow/example_dags/example_short_circuit_operator.py took 0.059 seconds
[2024-11-26T18:48:47.063+0000] {processor.py:186} INFO - Started process (PID=744) to work on /home/airflow/.local/lib/python3.12/site-packages/airflow/example_dags/example_short_circuit_operator.py
[2024-11-26T18:48:47.063+0000] {processor.py:914} INFO - Processing file /home/airflow/.local/lib/python3.12/site-packages/airflow/example_dags/example_short_circuit_operator.py for tasks to queue
[2024-11-26T18:48:47.065+0000] {logging_mixin.py:190} INFO - [2024-11-26T18:48:47.065+0000] {dagbag.py:588} INFO - Filling up the DagBag from /home/airflow/.local/lib/python3.12/site-packages/airflow/example_dags/example_short_circuit_operator.py
[2024-11-26T18:48:47.071+0000] {processor.py:925} INFO - DAG(s) 'example_short_circuit_operator' retrieved from /home/airflow/.local/lib/python3.12/site-packages/airflow/example_dags/example_short_circuit_operator.py
[2024-11-26T18:48:47.088+0000] {logging_mixin.py:190} INFO - [2024-11-26T18:48:47.088+0000] {dag.py:3239} INFO - Sync 1 DAGs
[2024-11-26T18:48:47.100+0000] {logging_mixin.py:190} INFO - [2024-11-26T18:48:47.099+0000] {dag.py:4180} INFO - Setting next_dagrun for example_short_circuit_operator to None, run_after=None
[2024-11-26T18:48:47.114+0000] {processor.py:208} INFO - Processing /home/airflow/.local/lib/python3.12/site-packages/airflow/example_dags/example_short_circuit_operator.py took 0.055 seconds
[2024-11-26T18:49:17.177+0000] {processor.py:186} INFO - Started process (PID=819) to work on /home/airflow/.local/lib/python3.12/site-packages/airflow/example_dags/example_short_circuit_operator.py
[2024-11-26T18:49:17.178+0000] {processor.py:914} INFO - Processing file /home/airflow/.local/lib/python3.12/site-packages/airflow/example_dags/example_short_circuit_operator.py for tasks to queue
[2024-11-26T18:49:17.179+0000] {logging_mixin.py:190} INFO - [2024-11-26T18:49:17.179+0000] {dagbag.py:588} INFO - Filling up the DagBag from /home/airflow/.local/lib/python3.12/site-packages/airflow/example_dags/example_short_circuit_operator.py
[2024-11-26T18:49:17.187+0000] {processor.py:925} INFO - DAG(s) 'example_short_circuit_operator' retrieved from /home/airflow/.local/lib/python3.12/site-packages/airflow/example_dags/example_short_circuit_operator.py
[2024-11-26T18:49:17.212+0000] {logging_mixin.py:190} INFO - [2024-11-26T18:49:17.212+0000] {dag.py:3239} INFO - Sync 1 DAGs
[2024-11-26T18:49:17.224+0000] {logging_mixin.py:190} INFO - [2024-11-26T18:49:17.224+0000] {dag.py:4180} INFO - Setting next_dagrun for example_short_circuit_operator to None, run_after=None
[2024-11-26T18:49:17.244+0000] {processor.py:208} INFO - Processing /home/airflow/.local/lib/python3.12/site-packages/airflow/example_dags/example_short_circuit_operator.py took 0.070 seconds
[2024-11-26T18:49:47.561+0000] {processor.py:186} INFO - Started process (PID=894) to work on /home/airflow/.local/lib/python3.12/site-packages/airflow/example_dags/example_short_circuit_operator.py
[2024-11-26T18:49:47.561+0000] {processor.py:914} INFO - Processing file /home/airflow/.local/lib/python3.12/site-packages/airflow/example_dags/example_short_circuit_operator.py for tasks to queue
[2024-11-26T18:49:47.563+0000] {logging_mixin.py:190} INFO - [2024-11-26T18:49:47.563+0000] {dagbag.py:588} INFO - Filling up the DagBag from /home/airflow/.local/lib/python3.12/site-packages/airflow/example_dags/example_short_circuit_operator.py
[2024-11-26T18:49:47.569+0000] {processor.py:925} INFO - DAG(s) 'example_short_circuit_operator' retrieved from /home/airflow/.local/lib/python3.12/site-packages/airflow/example_dags/example_short_circuit_operator.py
[2024-11-26T18:49:47.586+0000] {logging_mixin.py:190} INFO - [2024-11-26T18:49:47.586+0000] {dag.py:3239} INFO - Sync 1 DAGs
[2024-11-26T18:49:47.596+0000] {logging_mixin.py:190} INFO - [2024-11-26T18:49:47.595+0000] {dag.py:4180} INFO - Setting next_dagrun for example_short_circuit_operator to None, run_after=None
[2024-11-26T18:49:47.609+0000] {processor.py:208} INFO - Processing /home/airflow/.local/lib/python3.12/site-packages/airflow/example_dags/example_short_circuit_operator.py took 0.052 seconds
[2024-11-26T18:50:17.843+0000] {processor.py:186} INFO - Started process (PID=969) to work on /home/airflow/.local/lib/python3.12/site-packages/airflow/example_dags/example_short_circuit_operator.py
[2024-11-26T18:50:17.844+0000] {processor.py:914} INFO - Processing file /home/airflow/.local/lib/python3.12/site-packages/airflow/example_dags/example_short_circuit_operator.py for tasks to queue
[2024-11-26T18:50:17.846+0000] {logging_mixin.py:190} INFO - [2024-11-26T18:50:17.846+0000] {dagbag.py:588} INFO - Filling up the DagBag from /home/airflow/.local/lib/python3.12/site-packages/airflow/example_dags/example_short_circuit_operator.py
[2024-11-26T18:50:17.853+0000] {processor.py:925} INFO - DAG(s) 'example_short_circuit_operator' retrieved from /home/airflow/.local/lib/python3.12/site-packages/airflow/example_dags/example_short_circuit_operator.py
[2024-11-26T18:50:17.873+0000] {logging_mixin.py:190} INFO - [2024-11-26T18:50:17.872+0000] {dag.py:3239} INFO - Sync 1 DAGs
[2024-11-26T18:50:17.884+0000] {logging_mixin.py:190} INFO - [2024-11-26T18:50:17.884+0000] {dag.py:4180} INFO - Setting next_dagrun for example_short_circuit_operator to None, run_after=None
[2024-11-26T18:50:17.903+0000] {processor.py:208} INFO - Processing /home/airflow/.local/lib/python3.12/site-packages/airflow/example_dags/example_short_circuit_operator.py took 0.063 seconds
[2024-11-26T18:50:47.940+0000] {processor.py:186} INFO - Started process (PID=1043) to work on /home/airflow/.local/lib/python3.12/site-packages/airflow/example_dags/example_short_circuit_operator.py
[2024-11-26T18:50:47.941+0000] {processor.py:914} INFO - Processing file /home/airflow/.local/lib/python3.12/site-packages/airflow/example_dags/example_short_circuit_operator.py for tasks to queue
[2024-11-26T18:50:47.942+0000] {logging_mixin.py:190} INFO - [2024-11-26T18:50:47.942+0000] {dagbag.py:588} INFO - Filling up the DagBag from /home/airflow/.local/lib/python3.12/site-packages/airflow/example_dags/example_short_circuit_operator.py
[2024-11-26T18:50:47.948+0000] {processor.py:925} INFO - DAG(s) 'example_short_circuit_operator' retrieved from /home/airflow/.local/lib/python3.12/site-packages/airflow/example_dags/example_short_circuit_operator.py
[2024-11-26T18:50:47.966+0000] {logging_mixin.py:190} INFO - [2024-11-26T18:50:47.966+0000] {dag.py:3239} INFO - Sync 1 DAGs
[2024-11-26T18:50:47.976+0000] {logging_mixin.py:190} INFO - [2024-11-26T18:50:47.976+0000] {dag.py:4180} INFO - Setting next_dagrun for example_short_circuit_operator to None, run_after=None
[2024-11-26T18:50:47.989+0000] {processor.py:208} INFO - Processing /home/airflow/.local/lib/python3.12/site-packages/airflow/example_dags/example_short_circuit_operator.py took 0.053 seconds
[2024-11-26T18:51:18.717+0000] {processor.py:186} INFO - Started process (PID=1119) to work on /home/airflow/.local/lib/python3.12/site-packages/airflow/example_dags/example_short_circuit_operator.py
[2024-11-26T18:51:18.718+0000] {processor.py:914} INFO - Processing file /home/airflow/.local/lib/python3.12/site-packages/airflow/example_dags/example_short_circuit_operator.py for tasks to queue
[2024-11-26T18:51:18.720+0000] {logging_mixin.py:190} INFO - [2024-11-26T18:51:18.719+0000] {dagbag.py:588} INFO - Filling up the DagBag from /home/airflow/.local/lib/python3.12/site-packages/airflow/example_dags/example_short_circuit_operator.py
[2024-11-26T18:51:18.726+0000] {processor.py:925} INFO - DAG(s) 'example_short_circuit_operator' retrieved from /home/airflow/.local/lib/python3.12/site-packages/airflow/example_dags/example_short_circuit_operator.py
[2024-11-26T18:51:18.747+0000] {logging_mixin.py:190} INFO - [2024-11-26T18:51:18.747+0000] {dag.py:3239} INFO - Sync 1 DAGs
[2024-11-26T18:51:18.759+0000] {logging_mixin.py:190} INFO - [2024-11-26T18:51:18.759+0000] {dag.py:4180} INFO - Setting next_dagrun for example_short_circuit_operator to None, run_after=None
[2024-11-26T18:51:18.777+0000] {processor.py:208} INFO - Processing /home/airflow/.local/lib/python3.12/site-packages/airflow/example_dags/example_short_circuit_operator.py took 0.065 seconds
[2024-11-26T18:51:49.331+0000] {processor.py:186} INFO - Started process (PID=1194) to work on /home/airflow/.local/lib/python3.12/site-packages/airflow/example_dags/example_short_circuit_operator.py
[2024-11-26T18:51:49.332+0000] {processor.py:914} INFO - Processing file /home/airflow/.local/lib/python3.12/site-packages/airflow/example_dags/example_short_circuit_operator.py for tasks to queue
[2024-11-26T18:51:49.334+0000] {logging_mixin.py:190} INFO - [2024-11-26T18:51:49.333+0000] {dagbag.py:588} INFO - Filling up the DagBag from /home/airflow/.local/lib/python3.12/site-packages/airflow/example_dags/example_short_circuit_operator.py
[2024-11-26T18:51:49.341+0000] {processor.py:925} INFO - DAG(s) 'example_short_circuit_operator' retrieved from /home/airflow/.local/lib/python3.12/site-packages/airflow/example_dags/example_short_circuit_operator.py
[2024-11-26T18:51:49.361+0000] {logging_mixin.py:190} INFO - [2024-11-26T18:51:49.361+0000] {dag.py:3239} INFO - Sync 1 DAGs
[2024-11-26T18:51:49.372+0000] {logging_mixin.py:190} INFO - [2024-11-26T18:51:49.372+0000] {dag.py:4180} INFO - Setting next_dagrun for example_short_circuit_operator to None, run_after=None
[2024-11-26T18:51:49.388+0000] {processor.py:208} INFO - Processing /home/airflow/.local/lib/python3.12/site-packages/airflow/example_dags/example_short_circuit_operator.py took 0.061 seconds
[2024-11-26T18:52:19.498+0000] {processor.py:186} INFO - Started process (PID=1269) to work on /home/airflow/.local/lib/python3.12/site-packages/airflow/example_dags/example_short_circuit_operator.py
[2024-11-26T18:52:19.499+0000] {processor.py:914} INFO - Processing file /home/airflow/.local/lib/python3.12/site-packages/airflow/example_dags/example_short_circuit_operator.py for tasks to queue
[2024-11-26T18:52:19.500+0000] {logging_mixin.py:190} INFO - [2024-11-26T18:52:19.500+0000] {dagbag.py:588} INFO - Filling up the DagBag from /home/airflow/.local/lib/python3.12/site-packages/airflow/example_dags/example_short_circuit_operator.py
[2024-11-26T18:52:19.506+0000] {processor.py:925} INFO - DAG(s) 'example_short_circuit_operator' retrieved from /home/airflow/.local/lib/python3.12/site-packages/airflow/example_dags/example_short_circuit_operator.py
[2024-11-26T18:52:19.525+0000] {logging_mixin.py:190} INFO - [2024-11-26T18:52:19.524+0000] {dag.py:3239} INFO - Sync 1 DAGs
[2024-11-26T18:52:19.535+0000] {logging_mixin.py:190} INFO - [2024-11-26T18:52:19.535+0000] {dag.py:4180} INFO - Setting next_dagrun for example_short_circuit_operator to None, run_after=None
[2024-11-26T18:52:19.549+0000] {processor.py:208} INFO - Processing /home/airflow/.local/lib/python3.12/site-packages/airflow/example_dags/example_short_circuit_operator.py took 0.056 seconds
[2024-11-26T18:52:49.714+0000] {processor.py:186} INFO - Started process (PID=1344) to work on /home/airflow/.local/lib/python3.12/site-packages/airflow/example_dags/example_short_circuit_operator.py
[2024-11-26T18:52:49.714+0000] {processor.py:914} INFO - Processing file /home/airflow/.local/lib/python3.12/site-packages/airflow/example_dags/example_short_circuit_operator.py for tasks to queue
[2024-11-26T18:52:49.716+0000] {logging_mixin.py:190} INFO - [2024-11-26T18:52:49.716+0000] {dagbag.py:588} INFO - Filling up the DagBag from /home/airflow/.local/lib/python3.12/site-packages/airflow/example_dags/example_short_circuit_operator.py
[2024-11-26T18:52:49.722+0000] {processor.py:925} INFO - DAG(s) 'example_short_circuit_operator' retrieved from /home/airflow/.local/lib/python3.12/site-packages/airflow/example_dags/example_short_circuit_operator.py
[2024-11-26T18:52:49.741+0000] {logging_mixin.py:190} INFO - [2024-11-26T18:52:49.741+0000] {dag.py:3239} INFO - Sync 1 DAGs
[2024-11-26T18:52:49.754+0000] {logging_mixin.py:190} INFO - [2024-11-26T18:52:49.754+0000] {dag.py:4180} INFO - Setting next_dagrun for example_short_circuit_operator to None, run_after=None
[2024-11-26T18:52:49.770+0000] {processor.py:208} INFO - Processing /home/airflow/.local/lib/python3.12/site-packages/airflow/example_dags/example_short_circuit_operator.py took 0.061 seconds
[2024-11-26T18:53:20.324+0000] {processor.py:186} INFO - Started process (PID=1419) to work on /home/airflow/.local/lib/python3.12/site-packages/airflow/example_dags/example_short_circuit_operator.py
[2024-11-26T18:53:20.325+0000] {processor.py:914} INFO - Processing file /home/airflow/.local/lib/python3.12/site-packages/airflow/example_dags/example_short_circuit_operator.py for tasks to queue
[2024-11-26T18:53:20.326+0000] {logging_mixin.py:190} INFO - [2024-11-26T18:53:20.326+0000] {dagbag.py:588} INFO - Filling up the DagBag from /home/airflow/.local/lib/python3.12/site-packages/airflow/example_dags/example_short_circuit_operator.py
[2024-11-26T18:53:20.332+0000] {processor.py:925} INFO - DAG(s) 'example_short_circuit_operator' retrieved from /home/airflow/.local/lib/python3.12/site-packages/airflow/example_dags/example_short_circuit_operator.py
[2024-11-26T18:53:20.351+0000] {logging_mixin.py:190} INFO - [2024-11-26T18:53:20.351+0000] {dag.py:3239} INFO - Sync 1 DAGs
[2024-11-26T18:53:20.361+0000] {logging_mixin.py:190} INFO - [2024-11-26T18:53:20.361+0000] {dag.py:4180} INFO - Setting next_dagrun for example_short_circuit_operator to None, run_after=None
[2024-11-26T18:53:20.377+0000] {processor.py:208} INFO - Processing /home/airflow/.local/lib/python3.12/site-packages/airflow/example_dags/example_short_circuit_operator.py took 0.057 seconds
[2024-11-26T18:53:51.199+0000] {processor.py:186} INFO - Started process (PID=1494) to work on /home/airflow/.local/lib/python3.12/site-packages/airflow/example_dags/example_short_circuit_operator.py
[2024-11-26T18:53:51.200+0000] {processor.py:914} INFO - Processing file /home/airflow/.local/lib/python3.12/site-packages/airflow/example_dags/example_short_circuit_operator.py for tasks to queue
[2024-11-26T18:53:51.202+0000] {logging_mixin.py:190} INFO - [2024-11-26T18:53:51.202+0000] {dagbag.py:588} INFO - Filling up the DagBag from /home/airflow/.local/lib/python3.12/site-packages/airflow/example_dags/example_short_circuit_operator.py
[2024-11-26T18:53:51.208+0000] {processor.py:925} INFO - DAG(s) 'example_short_circuit_operator' retrieved from /home/airflow/.local/lib/python3.12/site-packages/airflow/example_dags/example_short_circuit_operator.py
[2024-11-26T18:53:51.231+0000] {logging_mixin.py:190} INFO - [2024-11-26T18:53:51.230+0000] {dag.py:3239} INFO - Sync 1 DAGs
[2024-11-26T18:53:51.242+0000] {logging_mixin.py:190} INFO - [2024-11-26T18:53:51.242+0000] {dag.py:4180} INFO - Setting next_dagrun for example_short_circuit_operator to None, run_after=None
[2024-11-26T18:53:51.257+0000] {processor.py:208} INFO - Processing /home/airflow/.local/lib/python3.12/site-packages/airflow/example_dags/example_short_circuit_operator.py took 0.063 seconds
[2024-11-26T18:54:21.741+0000] {processor.py:186} INFO - Started process (PID=1569) to work on /home/airflow/.local/lib/python3.12/site-packages/airflow/example_dags/example_short_circuit_operator.py
[2024-11-26T18:54:21.741+0000] {processor.py:914} INFO - Processing file /home/airflow/.local/lib/python3.12/site-packages/airflow/example_dags/example_short_circuit_operator.py for tasks to queue
[2024-11-26T18:54:21.743+0000] {logging_mixin.py:190} INFO - [2024-11-26T18:54:21.742+0000] {dagbag.py:588} INFO - Filling up the DagBag from /home/airflow/.local/lib/python3.12/site-packages/airflow/example_dags/example_short_circuit_operator.py
[2024-11-26T18:54:21.751+0000] {processor.py:925} INFO - DAG(s) 'example_short_circuit_operator' retrieved from /home/airflow/.local/lib/python3.12/site-packages/airflow/example_dags/example_short_circuit_operator.py
[2024-11-26T18:54:21.768+0000] {logging_mixin.py:190} INFO - [2024-11-26T18:54:21.767+0000] {dag.py:3239} INFO - Sync 1 DAGs
[2024-11-26T18:54:21.778+0000] {logging_mixin.py:190} INFO - [2024-11-26T18:54:21.778+0000] {dag.py:4180} INFO - Setting next_dagrun for example_short_circuit_operator to None, run_after=None
[2024-11-26T18:54:21.792+0000] {processor.py:208} INFO - Processing /home/airflow/.local/lib/python3.12/site-packages/airflow/example_dags/example_short_circuit_operator.py took 0.054 seconds
[2024-11-26T18:54:51.962+0000] {processor.py:186} INFO - Started process (PID=1644) to work on /home/airflow/.local/lib/python3.12/site-packages/airflow/example_dags/example_short_circuit_operator.py
[2024-11-26T18:54:51.963+0000] {processor.py:914} INFO - Processing file /home/airflow/.local/lib/python3.12/site-packages/airflow/example_dags/example_short_circuit_operator.py for tasks to queue
[2024-11-26T18:54:51.965+0000] {logging_mixin.py:190} INFO - [2024-11-26T18:54:51.964+0000] {dagbag.py:588} INFO - Filling up the DagBag from /home/airflow/.local/lib/python3.12/site-packages/airflow/example_dags/example_short_circuit_operator.py
[2024-11-26T18:54:51.970+0000] {processor.py:925} INFO - DAG(s) 'example_short_circuit_operator' retrieved from /home/airflow/.local/lib/python3.12/site-packages/airflow/example_dags/example_short_circuit_operator.py
[2024-11-26T18:54:51.987+0000] {logging_mixin.py:190} INFO - [2024-11-26T18:54:51.987+0000] {dag.py:3239} INFO - Sync 1 DAGs
[2024-11-26T18:54:51.998+0000] {logging_mixin.py:190} INFO - [2024-11-26T18:54:51.997+0000] {dag.py:4180} INFO - Setting next_dagrun for example_short_circuit_operator to None, run_after=None
[2024-11-26T18:54:52.011+0000] {processor.py:208} INFO - Processing /home/airflow/.local/lib/python3.12/site-packages/airflow/example_dags/example_short_circuit_operator.py took 0.052 seconds
[2024-11-26T18:55:22.077+0000] {processor.py:186} INFO - Started process (PID=1719) to work on /home/airflow/.local/lib/python3.12/site-packages/airflow/example_dags/example_short_circuit_operator.py
[2024-11-26T18:55:22.078+0000] {processor.py:914} INFO - Processing file /home/airflow/.local/lib/python3.12/site-packages/airflow/example_dags/example_short_circuit_operator.py for tasks to queue
[2024-11-26T18:55:22.080+0000] {logging_mixin.py:190} INFO - [2024-11-26T18:55:22.080+0000] {dagbag.py:588} INFO - Filling up the DagBag from /home/airflow/.local/lib/python3.12/site-packages/airflow/example_dags/example_short_circuit_operator.py
[2024-11-26T18:55:22.086+0000] {processor.py:925} INFO - DAG(s) 'example_short_circuit_operator' retrieved from /home/airflow/.local/lib/python3.12/site-packages/airflow/example_dags/example_short_circuit_operator.py
[2024-11-26T18:55:22.103+0000] {logging_mixin.py:190} INFO - [2024-11-26T18:55:22.103+0000] {dag.py:3239} INFO - Sync 1 DAGs
[2024-11-26T18:55:22.113+0000] {logging_mixin.py:190} INFO - [2024-11-26T18:55:22.113+0000] {dag.py:4180} INFO - Setting next_dagrun for example_short_circuit_operator to None, run_after=None
[2024-11-26T18:55:22.126+0000] {processor.py:208} INFO - Processing /home/airflow/.local/lib/python3.12/site-packages/airflow/example_dags/example_short_circuit_operator.py took 0.053 seconds
[2024-11-26T18:55:52.557+0000] {processor.py:186} INFO - Started process (PID=1793) to work on /home/airflow/.local/lib/python3.12/site-packages/airflow/example_dags/example_short_circuit_operator.py
[2024-11-26T18:55:52.558+0000] {processor.py:914} INFO - Processing file /home/airflow/.local/lib/python3.12/site-packages/airflow/example_dags/example_short_circuit_operator.py for tasks to queue
[2024-11-26T18:55:52.560+0000] {logging_mixin.py:190} INFO - [2024-11-26T18:55:52.559+0000] {dagbag.py:588} INFO - Filling up the DagBag from /home/airflow/.local/lib/python3.12/site-packages/airflow/example_dags/example_short_circuit_operator.py
[2024-11-26T18:55:52.566+0000] {processor.py:925} INFO - DAG(s) 'example_short_circuit_operator' retrieved from /home/airflow/.local/lib/python3.12/site-packages/airflow/example_dags/example_short_circuit_operator.py
[2024-11-26T18:55:52.584+0000] {logging_mixin.py:190} INFO - [2024-11-26T18:55:52.583+0000] {dag.py:3239} INFO - Sync 1 DAGs
[2024-11-26T18:55:52.593+0000] {logging_mixin.py:190} INFO - [2024-11-26T18:55:52.593+0000] {dag.py:4180} INFO - Setting next_dagrun for example_short_circuit_operator to None, run_after=None
[2024-11-26T18:55:52.608+0000] {processor.py:208} INFO - Processing /home/airflow/.local/lib/python3.12/site-packages/airflow/example_dags/example_short_circuit_operator.py took 0.055 seconds
[2024-11-26T18:56:22.942+0000] {processor.py:186} INFO - Started process (PID=1868) to work on /home/airflow/.local/lib/python3.12/site-packages/airflow/example_dags/example_short_circuit_operator.py
[2024-11-26T18:56:22.942+0000] {processor.py:914} INFO - Processing file /home/airflow/.local/lib/python3.12/site-packages/airflow/example_dags/example_short_circuit_operator.py for tasks to queue
[2024-11-26T18:56:22.944+0000] {logging_mixin.py:190} INFO - [2024-11-26T18:56:22.944+0000] {dagbag.py:588} INFO - Filling up the DagBag from /home/airflow/.local/lib/python3.12/site-packages/airflow/example_dags/example_short_circuit_operator.py
[2024-11-26T18:56:22.950+0000] {processor.py:925} INFO - DAG(s) 'example_short_circuit_operator' retrieved from /home/airflow/.local/lib/python3.12/site-packages/airflow/example_dags/example_short_circuit_operator.py
[2024-11-26T18:56:22.969+0000] {logging_mixin.py:190} INFO - [2024-11-26T18:56:22.968+0000] {dag.py:3239} INFO - Sync 1 DAGs
[2024-11-26T18:56:22.979+0000] {logging_mixin.py:190} INFO - [2024-11-26T18:56:22.979+0000] {dag.py:4180} INFO - Setting next_dagrun for example_short_circuit_operator to None, run_after=None
[2024-11-26T18:56:22.994+0000] {processor.py:208} INFO - Processing /home/airflow/.local/lib/python3.12/site-packages/airflow/example_dags/example_short_circuit_operator.py took 0.056 seconds
[2024-11-26T18:56:53.538+0000] {processor.py:186} INFO - Started process (PID=1943) to work on /home/airflow/.local/lib/python3.12/site-packages/airflow/example_dags/example_short_circuit_operator.py
[2024-11-26T18:56:53.538+0000] {processor.py:914} INFO - Processing file /home/airflow/.local/lib/python3.12/site-packages/airflow/example_dags/example_short_circuit_operator.py for tasks to queue
[2024-11-26T18:56:53.540+0000] {logging_mixin.py:190} INFO - [2024-11-26T18:56:53.540+0000] {dagbag.py:588} INFO - Filling up the DagBag from /home/airflow/.local/lib/python3.12/site-packages/airflow/example_dags/example_short_circuit_operator.py
[2024-11-26T18:56:53.546+0000] {processor.py:925} INFO - DAG(s) 'example_short_circuit_operator' retrieved from /home/airflow/.local/lib/python3.12/site-packages/airflow/example_dags/example_short_circuit_operator.py
[2024-11-26T18:56:53.563+0000] {logging_mixin.py:190} INFO - [2024-11-26T18:56:53.563+0000] {dag.py:3239} INFO - Sync 1 DAGs
[2024-11-26T18:56:53.572+0000] {logging_mixin.py:190} INFO - [2024-11-26T18:56:53.572+0000] {dag.py:4180} INFO - Setting next_dagrun for example_short_circuit_operator to None, run_after=None
[2024-11-26T18:56:53.586+0000] {processor.py:208} INFO - Processing /home/airflow/.local/lib/python3.12/site-packages/airflow/example_dags/example_short_circuit_operator.py took 0.052 seconds
[2024-11-26T18:57:24.213+0000] {processor.py:186} INFO - Started process (PID=2018) to work on /home/airflow/.local/lib/python3.12/site-packages/airflow/example_dags/example_short_circuit_operator.py
[2024-11-26T18:57:24.214+0000] {processor.py:914} INFO - Processing file /home/airflow/.local/lib/python3.12/site-packages/airflow/example_dags/example_short_circuit_operator.py for tasks to queue
[2024-11-26T18:57:24.216+0000] {logging_mixin.py:190} INFO - [2024-11-26T18:57:24.215+0000] {dagbag.py:588} INFO - Filling up the DagBag from /home/airflow/.local/lib/python3.12/site-packages/airflow/example_dags/example_short_circuit_operator.py
[2024-11-26T18:57:24.222+0000] {processor.py:925} INFO - DAG(s) 'example_short_circuit_operator' retrieved from /home/airflow/.local/lib/python3.12/site-packages/airflow/example_dags/example_short_circuit_operator.py
[2024-11-26T18:57:24.243+0000] {logging_mixin.py:190} INFO - [2024-11-26T18:57:24.242+0000] {dag.py:3239} INFO - Sync 1 DAGs
[2024-11-26T18:57:24.253+0000] {logging_mixin.py:190} INFO - [2024-11-26T18:57:24.253+0000] {dag.py:4180} INFO - Setting next_dagrun for example_short_circuit_operator to None, run_after=None
[2024-11-26T18:57:24.266+0000] {processor.py:208} INFO - Processing /home/airflow/.local/lib/python3.12/site-packages/airflow/example_dags/example_short_circuit_operator.py took 0.056 seconds
[2024-11-26T18:57:54.328+0000] {processor.py:186} INFO - Started process (PID=2093) to work on /home/airflow/.local/lib/python3.12/site-packages/airflow/example_dags/example_short_circuit_operator.py
[2024-11-26T18:57:54.329+0000] {processor.py:914} INFO - Processing file /home/airflow/.local/lib/python3.12/site-packages/airflow/example_dags/example_short_circuit_operator.py for tasks to queue
[2024-11-26T18:57:54.331+0000] {logging_mixin.py:190} INFO - [2024-11-26T18:57:54.331+0000] {dagbag.py:588} INFO - Filling up the DagBag from /home/airflow/.local/lib/python3.12/site-packages/airflow/example_dags/example_short_circuit_operator.py
[2024-11-26T18:57:54.340+0000] {processor.py:925} INFO - DAG(s) 'example_short_circuit_operator' retrieved from /home/airflow/.local/lib/python3.12/site-packages/airflow/example_dags/example_short_circuit_operator.py
[2024-11-26T18:57:54.358+0000] {logging_mixin.py:190} INFO - [2024-11-26T18:57:54.358+0000] {dag.py:3239} INFO - Sync 1 DAGs
[2024-11-26T18:57:54.371+0000] {logging_mixin.py:190} INFO - [2024-11-26T18:57:54.370+0000] {dag.py:4180} INFO - Setting next_dagrun for example_short_circuit_operator to None, run_after=None
[2024-11-26T18:57:54.385+0000] {processor.py:208} INFO - Processing /home/airflow/.local/lib/python3.12/site-packages/airflow/example_dags/example_short_circuit_operator.py took 0.062 seconds
[2024-11-26T18:58:24.658+0000] {processor.py:186} INFO - Started process (PID=2168) to work on /home/airflow/.local/lib/python3.12/site-packages/airflow/example_dags/example_short_circuit_operator.py
[2024-11-26T18:58:24.658+0000] {processor.py:914} INFO - Processing file /home/airflow/.local/lib/python3.12/site-packages/airflow/example_dags/example_short_circuit_operator.py for tasks to queue
[2024-11-26T18:58:24.660+0000] {logging_mixin.py:190} INFO - [2024-11-26T18:58:24.660+0000] {dagbag.py:588} INFO - Filling up the DagBag from /home/airflow/.local/lib/python3.12/site-packages/airflow/example_dags/example_short_circuit_operator.py
[2024-11-26T18:58:24.666+0000] {processor.py:925} INFO - DAG(s) 'example_short_circuit_operator' retrieved from /home/airflow/.local/lib/python3.12/site-packages/airflow/example_dags/example_short_circuit_operator.py
[2024-11-26T18:58:24.683+0000] {logging_mixin.py:190} INFO - [2024-11-26T18:58:24.683+0000] {dag.py:3239} INFO - Sync 1 DAGs
[2024-11-26T18:58:24.694+0000] {logging_mixin.py:190} INFO - [2024-11-26T18:58:24.694+0000] {dag.py:4180} INFO - Setting next_dagrun for example_short_circuit_operator to None, run_after=None
[2024-11-26T18:58:24.708+0000] {processor.py:208} INFO - Processing /home/airflow/.local/lib/python3.12/site-packages/airflow/example_dags/example_short_circuit_operator.py took 0.054 seconds
[2024-11-26T18:58:55.265+0000] {processor.py:186} INFO - Started process (PID=2243) to work on /home/airflow/.local/lib/python3.12/site-packages/airflow/example_dags/example_short_circuit_operator.py
[2024-11-26T18:58:55.266+0000] {processor.py:914} INFO - Processing file /home/airflow/.local/lib/python3.12/site-packages/airflow/example_dags/example_short_circuit_operator.py for tasks to queue
[2024-11-26T18:58:55.267+0000] {logging_mixin.py:190} INFO - [2024-11-26T18:58:55.267+0000] {dagbag.py:588} INFO - Filling up the DagBag from /home/airflow/.local/lib/python3.12/site-packages/airflow/example_dags/example_short_circuit_operator.py
[2024-11-26T18:58:55.273+0000] {processor.py:925} INFO - DAG(s) 'example_short_circuit_operator' retrieved from /home/airflow/.local/lib/python3.12/site-packages/airflow/example_dags/example_short_circuit_operator.py
[2024-11-26T18:58:55.291+0000] {logging_mixin.py:190} INFO - [2024-11-26T18:58:55.290+0000] {dag.py:3239} INFO - Sync 1 DAGs
[2024-11-26T18:58:55.301+0000] {logging_mixin.py:190} INFO - [2024-11-26T18:58:55.301+0000] {dag.py:4180} INFO - Setting next_dagrun for example_short_circuit_operator to None, run_after=None
[2024-11-26T18:58:55.316+0000] {processor.py:208} INFO - Processing /home/airflow/.local/lib/python3.12/site-packages/airflow/example_dags/example_short_circuit_operator.py took 0.055 seconds
[2024-11-26T18:59:26.012+0000] {processor.py:186} INFO - Started process (PID=2318) to work on /home/airflow/.local/lib/python3.12/site-packages/airflow/example_dags/example_short_circuit_operator.py
[2024-11-26T18:59:26.013+0000] {processor.py:914} INFO - Processing file /home/airflow/.local/lib/python3.12/site-packages/airflow/example_dags/example_short_circuit_operator.py for tasks to queue
[2024-11-26T18:59:26.014+0000] {logging_mixin.py:190} INFO - [2024-11-26T18:59:26.014+0000] {dagbag.py:588} INFO - Filling up the DagBag from /home/airflow/.local/lib/python3.12/site-packages/airflow/example_dags/example_short_circuit_operator.py
[2024-11-26T18:59:26.020+0000] {processor.py:925} INFO - DAG(s) 'example_short_circuit_operator' retrieved from /home/airflow/.local/lib/python3.12/site-packages/airflow/example_dags/example_short_circuit_operator.py
[2024-11-26T18:59:26.037+0000] {logging_mixin.py:190} INFO - [2024-11-26T18:59:26.037+0000] {dag.py:3239} INFO - Sync 1 DAGs
[2024-11-26T18:59:26.047+0000] {logging_mixin.py:190} INFO - [2024-11-26T18:59:26.047+0000] {dag.py:4180} INFO - Setting next_dagrun for example_short_circuit_operator to None, run_after=None
[2024-11-26T18:59:26.061+0000] {processor.py:208} INFO - Processing /home/airflow/.local/lib/python3.12/site-packages/airflow/example_dags/example_short_circuit_operator.py took 0.053 seconds
[2024-11-26T18:59:56.950+0000] {processor.py:186} INFO - Started process (PID=2394) to work on /home/airflow/.local/lib/python3.12/site-packages/airflow/example_dags/example_short_circuit_operator.py
[2024-11-26T18:59:56.951+0000] {processor.py:914} INFO - Processing file /home/airflow/.local/lib/python3.12/site-packages/airflow/example_dags/example_short_circuit_operator.py for tasks to queue
[2024-11-26T18:59:56.953+0000] {logging_mixin.py:190} INFO - [2024-11-26T18:59:56.952+0000] {dagbag.py:588} INFO - Filling up the DagBag from /home/airflow/.local/lib/python3.12/site-packages/airflow/example_dags/example_short_circuit_operator.py
[2024-11-26T18:59:56.958+0000] {processor.py:925} INFO - DAG(s) 'example_short_circuit_operator' retrieved from /home/airflow/.local/lib/python3.12/site-packages/airflow/example_dags/example_short_circuit_operator.py
[2024-11-26T18:59:56.976+0000] {logging_mixin.py:190} INFO - [2024-11-26T18:59:56.975+0000] {dag.py:3239} INFO - Sync 1 DAGs
[2024-11-26T18:59:56.986+0000] {logging_mixin.py:190} INFO - [2024-11-26T18:59:56.985+0000] {dag.py:4180} INFO - Setting next_dagrun for example_short_circuit_operator to None, run_after=None
[2024-11-26T18:59:56.999+0000] {processor.py:208} INFO - Processing /home/airflow/.local/lib/python3.12/site-packages/airflow/example_dags/example_short_circuit_operator.py took 0.053 seconds
[2024-11-26T19:00:27.573+0000] {processor.py:186} INFO - Started process (PID=2469) to work on /home/airflow/.local/lib/python3.12/site-packages/airflow/example_dags/example_short_circuit_operator.py
[2024-11-26T19:00:27.574+0000] {processor.py:914} INFO - Processing file /home/airflow/.local/lib/python3.12/site-packages/airflow/example_dags/example_short_circuit_operator.py for tasks to queue
[2024-11-26T19:00:27.575+0000] {logging_mixin.py:190} INFO - [2024-11-26T19:00:27.575+0000] {dagbag.py:588} INFO - Filling up the DagBag from /home/airflow/.local/lib/python3.12/site-packages/airflow/example_dags/example_short_circuit_operator.py
[2024-11-26T19:00:27.582+0000] {processor.py:925} INFO - DAG(s) 'example_short_circuit_operator' retrieved from /home/airflow/.local/lib/python3.12/site-packages/airflow/example_dags/example_short_circuit_operator.py
[2024-11-26T19:00:27.600+0000] {logging_mixin.py:190} INFO - [2024-11-26T19:00:27.600+0000] {dag.py:3239} INFO - Sync 1 DAGs
[2024-11-26T19:00:27.610+0000] {logging_mixin.py:190} INFO - [2024-11-26T19:00:27.610+0000] {dag.py:4180} INFO - Setting next_dagrun for example_short_circuit_operator to None, run_after=None
[2024-11-26T19:00:27.625+0000] {processor.py:208} INFO - Processing /home/airflow/.local/lib/python3.12/site-packages/airflow/example_dags/example_short_circuit_operator.py took 0.056 seconds
[2024-11-26T19:00:58.345+0000] {processor.py:186} INFO - Started process (PID=2544) to work on /home/airflow/.local/lib/python3.12/site-packages/airflow/example_dags/example_short_circuit_operator.py
[2024-11-26T19:00:58.346+0000] {processor.py:914} INFO - Processing file /home/airflow/.local/lib/python3.12/site-packages/airflow/example_dags/example_short_circuit_operator.py for tasks to queue
[2024-11-26T19:00:58.348+0000] {logging_mixin.py:190} INFO - [2024-11-26T19:00:58.348+0000] {dagbag.py:588} INFO - Filling up the DagBag from /home/airflow/.local/lib/python3.12/site-packages/airflow/example_dags/example_short_circuit_operator.py
[2024-11-26T19:00:58.355+0000] {processor.py:925} INFO - DAG(s) 'example_short_circuit_operator' retrieved from /home/airflow/.local/lib/python3.12/site-packages/airflow/example_dags/example_short_circuit_operator.py
[2024-11-26T19:00:58.372+0000] {logging_mixin.py:190} INFO - [2024-11-26T19:00:58.372+0000] {dag.py:3239} INFO - Sync 1 DAGs
[2024-11-26T19:00:58.383+0000] {logging_mixin.py:190} INFO - [2024-11-26T19:00:58.382+0000] {dag.py:4180} INFO - Setting next_dagrun for example_short_circuit_operator to None, run_after=None
[2024-11-26T19:00:58.396+0000] {processor.py:208} INFO - Processing /home/airflow/.local/lib/python3.12/site-packages/airflow/example_dags/example_short_circuit_operator.py took 0.054 seconds
[2024-11-26T19:01:29.079+0000] {processor.py:186} INFO - Started process (PID=2619) to work on /home/airflow/.local/lib/python3.12/site-packages/airflow/example_dags/example_short_circuit_operator.py
[2024-11-26T19:01:29.080+0000] {processor.py:914} INFO - Processing file /home/airflow/.local/lib/python3.12/site-packages/airflow/example_dags/example_short_circuit_operator.py for tasks to queue
[2024-11-26T19:01:29.082+0000] {logging_mixin.py:190} INFO - [2024-11-26T19:01:29.082+0000] {dagbag.py:588} INFO - Filling up the DagBag from /home/airflow/.local/lib/python3.12/site-packages/airflow/example_dags/example_short_circuit_operator.py
[2024-11-26T19:01:29.089+0000] {processor.py:925} INFO - DAG(s) 'example_short_circuit_operator' retrieved from /home/airflow/.local/lib/python3.12/site-packages/airflow/example_dags/example_short_circuit_operator.py
[2024-11-26T19:01:29.112+0000] {logging_mixin.py:190} INFO - [2024-11-26T19:01:29.112+0000] {dag.py:3239} INFO - Sync 1 DAGs
[2024-11-26T19:01:29.130+0000] {logging_mixin.py:190} INFO - [2024-11-26T19:01:29.130+0000] {dag.py:4180} INFO - Setting next_dagrun for example_short_circuit_operator to None, run_after=None
[2024-11-26T19:01:29.152+0000] {processor.py:208} INFO - Processing /home/airflow/.local/lib/python3.12/site-packages/airflow/example_dags/example_short_circuit_operator.py took 0.077 seconds
