[2024-11-26T17:53:59.563+0000] {processor.py:186} INFO - Started process (PID=108) to work on /home/airflow/.local/lib/python3.12/site-packages/airflow/example_dags/example_sla_dag.py
[2024-11-26T17:53:59.564+0000] {processor.py:914} INFO - Processing file /home/airflow/.local/lib/python3.12/site-packages/airflow/example_dags/example_sla_dag.py for tasks to queue
[2024-11-26T17:53:59.566+0000] {logging_mixin.py:190} INFO - [2024-11-26T17:53:59.566+0000] {dagbag.py:588} INFO - Filling up the DagBag from /home/airflow/.local/lib/python3.12/site-packages/airflow/example_dags/example_sla_dag.py
[2024-11-26T17:53:59.574+0000] {processor.py:925} INFO - DAG(s) 'example_sla_dag' retrieved from /home/airflow/.local/lib/python3.12/site-packages/airflow/example_dags/example_sla_dag.py
[2024-11-26T17:53:59.662+0000] {logging_mixin.py:190} INFO - [2024-11-26T17:53:59.661+0000] {override.py:1911} INFO - Created Permission View: can read on DAG:example_sla_dag
[2024-11-26T17:53:59.670+0000] {logging_mixin.py:190} INFO - [2024-11-26T17:53:59.670+0000] {override.py:1911} INFO - Created Permission View: can delete on DAG:example_sla_dag
[2024-11-26T17:53:59.677+0000] {logging_mixin.py:190} INFO - [2024-11-26T17:53:59.677+0000] {override.py:1911} INFO - Created Permission View: can edit on DAG:example_sla_dag
[2024-11-26T17:53:59.685+0000] {logging_mixin.py:190} INFO - [2024-11-26T17:53:59.685+0000] {override.py:1911} INFO - Created Permission View: can create on DAG Run:example_sla_dag
[2024-11-26T17:53:59.692+0000] {logging_mixin.py:190} INFO - [2024-11-26T17:53:59.692+0000] {override.py:1911} INFO - Created Permission View: can read on DAG Run:example_sla_dag
[2024-11-26T17:53:59.699+0000] {logging_mixin.py:190} INFO - [2024-11-26T17:53:59.699+0000] {override.py:1911} INFO - Created Permission View: can delete on DAG Run:example_sla_dag
[2024-11-26T17:53:59.705+0000] {logging_mixin.py:190} INFO - [2024-11-26T17:53:59.705+0000] {override.py:1911} INFO - Created Permission View: menu access on DAG Run:example_sla_dag
[2024-11-26T17:53:59.706+0000] {logging_mixin.py:190} INFO - [2024-11-26T17:53:59.706+0000] {dag.py:3239} INFO - Sync 1 DAGs
[2024-11-26T17:53:59.717+0000] {logging_mixin.py:190} INFO - [2024-11-26T17:53:59.717+0000] {dag.py:3262} INFO - Creating ORM DAG for example_sla_dag
[2024-11-26T17:53:59.727+0000] {logging_mixin.py:190} INFO - [2024-11-26T17:53:59.727+0000] {dag.py:4180} INFO - Setting next_dagrun for example_sla_dag to 2024-11-26 17:50:00+00:00, run_after=2024-11-26 17:52:00+00:00
[2024-11-26T17:53:59.740+0000] {processor.py:208} INFO - Processing /home/airflow/.local/lib/python3.12/site-packages/airflow/example_dags/example_sla_dag.py took 0.181 seconds
[2024-11-26T17:54:29.813+0000] {processor.py:186} INFO - Started process (PID=170) to work on /home/airflow/.local/lib/python3.12/site-packages/airflow/example_dags/example_sla_dag.py
[2024-11-26T17:54:29.813+0000] {processor.py:914} INFO - Processing file /home/airflow/.local/lib/python3.12/site-packages/airflow/example_dags/example_sla_dag.py for tasks to queue
[2024-11-26T17:54:29.815+0000] {logging_mixin.py:190} INFO - [2024-11-26T17:54:29.815+0000] {dagbag.py:588} INFO - Filling up the DagBag from /home/airflow/.local/lib/python3.12/site-packages/airflow/example_dags/example_sla_dag.py
[2024-11-26T17:54:29.823+0000] {processor.py:925} INFO - DAG(s) 'example_sla_dag' retrieved from /home/airflow/.local/lib/python3.12/site-packages/airflow/example_dags/example_sla_dag.py
[2024-11-26T17:54:29.839+0000] {logging_mixin.py:190} INFO - [2024-11-26T17:54:29.839+0000] {dag.py:3239} INFO - Sync 1 DAGs
[2024-11-26T17:54:29.860+0000] {logging_mixin.py:190} INFO - [2024-11-26T17:54:29.860+0000] {dag.py:4180} INFO - Setting next_dagrun for example_sla_dag to 2024-11-26 17:52:00+00:00, run_after=2024-11-26 17:54:00+00:00
[2024-11-26T17:54:29.875+0000] {processor.py:208} INFO - Processing /home/airflow/.local/lib/python3.12/site-packages/airflow/example_dags/example_sla_dag.py took 0.067 seconds
[2024-11-26T17:55:00.702+0000] {processor.py:186} INFO - Started process (PID=234) to work on /home/airflow/.local/lib/python3.12/site-packages/airflow/example_dags/example_sla_dag.py
[2024-11-26T17:55:00.702+0000] {processor.py:914} INFO - Processing file /home/airflow/.local/lib/python3.12/site-packages/airflow/example_dags/example_sla_dag.py for tasks to queue
[2024-11-26T17:55:00.704+0000] {logging_mixin.py:190} INFO - [2024-11-26T17:55:00.704+0000] {dagbag.py:588} INFO - Filling up the DagBag from /home/airflow/.local/lib/python3.12/site-packages/airflow/example_dags/example_sla_dag.py
[2024-11-26T17:55:00.711+0000] {processor.py:925} INFO - DAG(s) 'example_sla_dag' retrieved from /home/airflow/.local/lib/python3.12/site-packages/airflow/example_dags/example_sla_dag.py
[2024-11-26T17:55:00.726+0000] {logging_mixin.py:190} INFO - [2024-11-26T17:55:00.726+0000] {dag.py:3239} INFO - Sync 1 DAGs
[2024-11-26T17:55:00.745+0000] {logging_mixin.py:190} INFO - [2024-11-26T17:55:00.744+0000] {dag.py:4180} INFO - Setting next_dagrun for example_sla_dag to 2024-11-26 17:52:00+00:00, run_after=2024-11-26 17:54:00+00:00
[2024-11-26T17:55:00.759+0000] {processor.py:208} INFO - Processing /home/airflow/.local/lib/python3.12/site-packages/airflow/example_dags/example_sla_dag.py took 0.061 seconds
[2024-11-26T17:55:30.879+0000] {processor.py:186} INFO - Started process (PID=296) to work on /home/airflow/.local/lib/python3.12/site-packages/airflow/example_dags/example_sla_dag.py
[2024-11-26T17:55:30.880+0000] {processor.py:914} INFO - Processing file /home/airflow/.local/lib/python3.12/site-packages/airflow/example_dags/example_sla_dag.py for tasks to queue
[2024-11-26T17:55:30.882+0000] {logging_mixin.py:190} INFO - [2024-11-26T17:55:30.881+0000] {dagbag.py:588} INFO - Filling up the DagBag from /home/airflow/.local/lib/python3.12/site-packages/airflow/example_dags/example_sla_dag.py
[2024-11-26T17:55:30.889+0000] {processor.py:925} INFO - DAG(s) 'example_sla_dag' retrieved from /home/airflow/.local/lib/python3.12/site-packages/airflow/example_dags/example_sla_dag.py
[2024-11-26T17:55:30.905+0000] {logging_mixin.py:190} INFO - [2024-11-26T17:55:30.905+0000] {dag.py:3239} INFO - Sync 1 DAGs
[2024-11-26T17:55:30.925+0000] {logging_mixin.py:190} INFO - [2024-11-26T17:55:30.925+0000] {dag.py:4180} INFO - Setting next_dagrun for example_sla_dag to 2024-11-26 17:52:00+00:00, run_after=2024-11-26 17:54:00+00:00
[2024-11-26T17:55:30.942+0000] {processor.py:208} INFO - Processing /home/airflow/.local/lib/python3.12/site-packages/airflow/example_dags/example_sla_dag.py took 0.066 seconds
[2024-11-26T17:56:01.115+0000] {processor.py:186} INFO - Started process (PID=359) to work on /home/airflow/.local/lib/python3.12/site-packages/airflow/example_dags/example_sla_dag.py
[2024-11-26T17:56:01.116+0000] {processor.py:914} INFO - Processing file /home/airflow/.local/lib/python3.12/site-packages/airflow/example_dags/example_sla_dag.py for tasks to queue
[2024-11-26T17:56:01.118+0000] {logging_mixin.py:190} INFO - [2024-11-26T17:56:01.118+0000] {dagbag.py:588} INFO - Filling up the DagBag from /home/airflow/.local/lib/python3.12/site-packages/airflow/example_dags/example_sla_dag.py
[2024-11-26T17:56:01.125+0000] {processor.py:925} INFO - DAG(s) 'example_sla_dag' retrieved from /home/airflow/.local/lib/python3.12/site-packages/airflow/example_dags/example_sla_dag.py
[2024-11-26T17:56:01.142+0000] {logging_mixin.py:190} INFO - [2024-11-26T17:56:01.142+0000] {dag.py:3239} INFO - Sync 1 DAGs
[2024-11-26T17:56:01.164+0000] {logging_mixin.py:190} INFO - [2024-11-26T17:56:01.164+0000] {dag.py:4180} INFO - Setting next_dagrun for example_sla_dag to 2024-11-26 17:54:00+00:00, run_after=2024-11-26 17:56:00+00:00
[2024-11-26T17:56:01.180+0000] {processor.py:208} INFO - Processing /home/airflow/.local/lib/python3.12/site-packages/airflow/example_dags/example_sla_dag.py took 0.069 seconds
[2024-11-26T17:56:32.106+0000] {processor.py:186} INFO - Started process (PID=421) to work on /home/airflow/.local/lib/python3.12/site-packages/airflow/example_dags/example_sla_dag.py
[2024-11-26T17:56:32.107+0000] {processor.py:914} INFO - Processing file /home/airflow/.local/lib/python3.12/site-packages/airflow/example_dags/example_sla_dag.py for tasks to queue
[2024-11-26T17:56:32.109+0000] {logging_mixin.py:190} INFO - [2024-11-26T17:56:32.109+0000] {dagbag.py:588} INFO - Filling up the DagBag from /home/airflow/.local/lib/python3.12/site-packages/airflow/example_dags/example_sla_dag.py
[2024-11-26T17:56:32.116+0000] {processor.py:925} INFO - DAG(s) 'example_sla_dag' retrieved from /home/airflow/.local/lib/python3.12/site-packages/airflow/example_dags/example_sla_dag.py
[2024-11-26T17:56:32.131+0000] {logging_mixin.py:190} INFO - [2024-11-26T17:56:32.130+0000] {dag.py:3239} INFO - Sync 1 DAGs
[2024-11-26T17:56:32.150+0000] {logging_mixin.py:190} INFO - [2024-11-26T17:56:32.150+0000] {dag.py:4180} INFO - Setting next_dagrun for example_sla_dag to 2024-11-26 17:54:00+00:00, run_after=2024-11-26 17:56:00+00:00
[2024-11-26T17:56:32.166+0000] {processor.py:208} INFO - Processing /home/airflow/.local/lib/python3.12/site-packages/airflow/example_dags/example_sla_dag.py took 0.064 seconds
[2024-11-26T17:57:03.005+0000] {processor.py:186} INFO - Started process (PID=484) to work on /home/airflow/.local/lib/python3.12/site-packages/airflow/example_dags/example_sla_dag.py
[2024-11-26T17:57:03.005+0000] {processor.py:914} INFO - Processing file /home/airflow/.local/lib/python3.12/site-packages/airflow/example_dags/example_sla_dag.py for tasks to queue
[2024-11-26T17:57:03.007+0000] {logging_mixin.py:190} INFO - [2024-11-26T17:57:03.007+0000] {dagbag.py:588} INFO - Filling up the DagBag from /home/airflow/.local/lib/python3.12/site-packages/airflow/example_dags/example_sla_dag.py
[2024-11-26T17:57:03.015+0000] {processor.py:925} INFO - DAG(s) 'example_sla_dag' retrieved from /home/airflow/.local/lib/python3.12/site-packages/airflow/example_dags/example_sla_dag.py
[2024-11-26T17:57:03.032+0000] {logging_mixin.py:190} INFO - [2024-11-26T17:57:03.032+0000] {dag.py:3239} INFO - Sync 1 DAGs
[2024-11-26T17:57:03.052+0000] {logging_mixin.py:190} INFO - [2024-11-26T17:57:03.052+0000] {dag.py:4180} INFO - Setting next_dagrun for example_sla_dag to 2024-11-26 17:54:00+00:00, run_after=2024-11-26 17:56:00+00:00
[2024-11-26T17:57:03.067+0000] {processor.py:208} INFO - Processing /home/airflow/.local/lib/python3.12/site-packages/airflow/example_dags/example_sla_dag.py took 0.067 seconds
[2024-11-26T17:57:33.976+0000] {processor.py:186} INFO - Started process (PID=547) to work on /home/airflow/.local/lib/python3.12/site-packages/airflow/example_dags/example_sla_dag.py
[2024-11-26T17:57:33.978+0000] {processor.py:914} INFO - Processing file /home/airflow/.local/lib/python3.12/site-packages/airflow/example_dags/example_sla_dag.py for tasks to queue
[2024-11-26T17:57:33.979+0000] {logging_mixin.py:190} INFO - [2024-11-26T17:57:33.979+0000] {dagbag.py:588} INFO - Filling up the DagBag from /home/airflow/.local/lib/python3.12/site-packages/airflow/example_dags/example_sla_dag.py
[2024-11-26T17:57:33.987+0000] {processor.py:925} INFO - DAG(s) 'example_sla_dag' retrieved from /home/airflow/.local/lib/python3.12/site-packages/airflow/example_dags/example_sla_dag.py
[2024-11-26T17:57:34.002+0000] {logging_mixin.py:190} INFO - [2024-11-26T17:57:34.002+0000] {dag.py:3239} INFO - Sync 1 DAGs
[2024-11-26T17:57:34.021+0000] {logging_mixin.py:190} INFO - [2024-11-26T17:57:34.021+0000] {dag.py:4180} INFO - Setting next_dagrun for example_sla_dag to 2024-11-26 17:54:00+00:00, run_after=2024-11-26 17:56:00+00:00
[2024-11-26T17:57:34.037+0000] {processor.py:208} INFO - Processing /home/airflow/.local/lib/python3.12/site-packages/airflow/example_dags/example_sla_dag.py took 0.065 seconds
[2024-11-26T17:58:04.648+0000] {processor.py:186} INFO - Started process (PID=610) to work on /home/airflow/.local/lib/python3.12/site-packages/airflow/example_dags/example_sla_dag.py
[2024-11-26T17:58:04.649+0000] {processor.py:914} INFO - Processing file /home/airflow/.local/lib/python3.12/site-packages/airflow/example_dags/example_sla_dag.py for tasks to queue
[2024-11-26T17:58:04.651+0000] {logging_mixin.py:190} INFO - [2024-11-26T17:58:04.650+0000] {dagbag.py:588} INFO - Filling up the DagBag from /home/airflow/.local/lib/python3.12/site-packages/airflow/example_dags/example_sla_dag.py
[2024-11-26T17:58:04.660+0000] {processor.py:925} INFO - DAG(s) 'example_sla_dag' retrieved from /home/airflow/.local/lib/python3.12/site-packages/airflow/example_dags/example_sla_dag.py
[2024-11-26T17:58:04.676+0000] {logging_mixin.py:190} INFO - [2024-11-26T17:58:04.676+0000] {dag.py:3239} INFO - Sync 1 DAGs
[2024-11-26T17:58:04.695+0000] {logging_mixin.py:190} INFO - [2024-11-26T17:58:04.695+0000] {dag.py:4180} INFO - Setting next_dagrun for example_sla_dag to 2024-11-26 17:56:00+00:00, run_after=2024-11-26 17:58:00+00:00
[2024-11-26T17:58:04.710+0000] {processor.py:208} INFO - Processing /home/airflow/.local/lib/python3.12/site-packages/airflow/example_dags/example_sla_dag.py took 0.067 seconds
[2024-11-26T17:58:35.063+0000] {processor.py:186} INFO - Started process (PID=673) to work on /home/airflow/.local/lib/python3.12/site-packages/airflow/example_dags/example_sla_dag.py
[2024-11-26T17:58:35.063+0000] {processor.py:914} INFO - Processing file /home/airflow/.local/lib/python3.12/site-packages/airflow/example_dags/example_sla_dag.py for tasks to queue
[2024-11-26T17:58:35.065+0000] {logging_mixin.py:190} INFO - [2024-11-26T17:58:35.065+0000] {dagbag.py:588} INFO - Filling up the DagBag from /home/airflow/.local/lib/python3.12/site-packages/airflow/example_dags/example_sla_dag.py
[2024-11-26T17:58:35.072+0000] {processor.py:925} INFO - DAG(s) 'example_sla_dag' retrieved from /home/airflow/.local/lib/python3.12/site-packages/airflow/example_dags/example_sla_dag.py
[2024-11-26T17:58:35.086+0000] {logging_mixin.py:190} INFO - [2024-11-26T17:58:35.086+0000] {dag.py:3239} INFO - Sync 1 DAGs
[2024-11-26T17:58:35.105+0000] {logging_mixin.py:190} INFO - [2024-11-26T17:58:35.105+0000] {dag.py:4180} INFO - Setting next_dagrun for example_sla_dag to 2024-11-26 17:56:00+00:00, run_after=2024-11-26 17:58:00+00:00
[2024-11-26T17:58:35.119+0000] {processor.py:208} INFO - Processing /home/airflow/.local/lib/python3.12/site-packages/airflow/example_dags/example_sla_dag.py took 0.060 seconds
[2024-11-26T17:59:05.369+0000] {processor.py:186} INFO - Started process (PID=736) to work on /home/airflow/.local/lib/python3.12/site-packages/airflow/example_dags/example_sla_dag.py
[2024-11-26T17:59:05.369+0000] {processor.py:914} INFO - Processing file /home/airflow/.local/lib/python3.12/site-packages/airflow/example_dags/example_sla_dag.py for tasks to queue
[2024-11-26T17:59:05.371+0000] {logging_mixin.py:190} INFO - [2024-11-26T17:59:05.371+0000] {dagbag.py:588} INFO - Filling up the DagBag from /home/airflow/.local/lib/python3.12/site-packages/airflow/example_dags/example_sla_dag.py
[2024-11-26T17:59:05.379+0000] {processor.py:925} INFO - DAG(s) 'example_sla_dag' retrieved from /home/airflow/.local/lib/python3.12/site-packages/airflow/example_dags/example_sla_dag.py
[2024-11-26T17:59:05.394+0000] {logging_mixin.py:190} INFO - [2024-11-26T17:59:05.394+0000] {dag.py:3239} INFO - Sync 1 DAGs
[2024-11-26T17:59:05.413+0000] {logging_mixin.py:190} INFO - [2024-11-26T17:59:05.413+0000] {dag.py:4180} INFO - Setting next_dagrun for example_sla_dag to 2024-11-26 17:56:00+00:00, run_after=2024-11-26 17:58:00+00:00
[2024-11-26T17:59:05.426+0000] {processor.py:208} INFO - Processing /home/airflow/.local/lib/python3.12/site-packages/airflow/example_dags/example_sla_dag.py took 0.061 seconds
[2024-11-26T18:06:08.268+0000] {processor.py:186} INFO - Started process (PID=103) to work on /home/airflow/.local/lib/python3.12/site-packages/airflow/example_dags/example_sla_dag.py
[2024-11-26T18:06:08.269+0000] {processor.py:914} INFO - Processing file /home/airflow/.local/lib/python3.12/site-packages/airflow/example_dags/example_sla_dag.py for tasks to queue
[2024-11-26T18:06:08.271+0000] {logging_mixin.py:190} INFO - [2024-11-26T18:06:08.271+0000] {dagbag.py:588} INFO - Filling up the DagBag from /home/airflow/.local/lib/python3.12/site-packages/airflow/example_dags/example_sla_dag.py
[2024-11-26T18:06:08.279+0000] {processor.py:925} INFO - DAG(s) 'example_sla_dag' retrieved from /home/airflow/.local/lib/python3.12/site-packages/airflow/example_dags/example_sla_dag.py
[2024-11-26T18:06:08.294+0000] {logging_mixin.py:190} INFO - [2024-11-26T18:06:08.294+0000] {dag.py:3239} INFO - Sync 1 DAGs
[2024-11-26T18:06:08.314+0000] {logging_mixin.py:190} INFO - [2024-11-26T18:06:08.314+0000] {dag.py:4180} INFO - Setting next_dagrun for example_sla_dag to 2024-11-26 18:04:00+00:00, run_after=2024-11-26 18:06:00+00:00
[2024-11-26T18:06:08.330+0000] {processor.py:208} INFO - Processing /home/airflow/.local/lib/python3.12/site-packages/airflow/example_dags/example_sla_dag.py took 0.066 seconds
[2024-11-26T18:06:38.390+0000] {processor.py:186} INFO - Started process (PID=166) to work on /home/airflow/.local/lib/python3.12/site-packages/airflow/example_dags/example_sla_dag.py
[2024-11-26T18:06:38.391+0000] {processor.py:914} INFO - Processing file /home/airflow/.local/lib/python3.12/site-packages/airflow/example_dags/example_sla_dag.py for tasks to queue
[2024-11-26T18:06:38.393+0000] {logging_mixin.py:190} INFO - [2024-11-26T18:06:38.393+0000] {dagbag.py:588} INFO - Filling up the DagBag from /home/airflow/.local/lib/python3.12/site-packages/airflow/example_dags/example_sla_dag.py
[2024-11-26T18:06:38.401+0000] {processor.py:925} INFO - DAG(s) 'example_sla_dag' retrieved from /home/airflow/.local/lib/python3.12/site-packages/airflow/example_dags/example_sla_dag.py
[2024-11-26T18:06:38.414+0000] {logging_mixin.py:190} INFO - [2024-11-26T18:06:38.414+0000] {dag.py:3239} INFO - Sync 1 DAGs
[2024-11-26T18:06:38.432+0000] {logging_mixin.py:190} INFO - [2024-11-26T18:06:38.432+0000] {dag.py:4180} INFO - Setting next_dagrun for example_sla_dag to 2024-11-26 18:04:00+00:00, run_after=2024-11-26 18:06:00+00:00
[2024-11-26T18:06:38.444+0000] {processor.py:208} INFO - Processing /home/airflow/.local/lib/python3.12/site-packages/airflow/example_dags/example_sla_dag.py took 0.058 seconds
[2024-11-26T18:07:09.409+0000] {processor.py:186} INFO - Started process (PID=230) to work on /home/airflow/.local/lib/python3.12/site-packages/airflow/example_dags/example_sla_dag.py
[2024-11-26T18:07:09.410+0000] {processor.py:914} INFO - Processing file /home/airflow/.local/lib/python3.12/site-packages/airflow/example_dags/example_sla_dag.py for tasks to queue
[2024-11-26T18:07:09.412+0000] {logging_mixin.py:190} INFO - [2024-11-26T18:07:09.412+0000] {dagbag.py:588} INFO - Filling up the DagBag from /home/airflow/.local/lib/python3.12/site-packages/airflow/example_dags/example_sla_dag.py
[2024-11-26T18:07:09.419+0000] {processor.py:925} INFO - DAG(s) 'example_sla_dag' retrieved from /home/airflow/.local/lib/python3.12/site-packages/airflow/example_dags/example_sla_dag.py
[2024-11-26T18:07:09.433+0000] {logging_mixin.py:190} INFO - [2024-11-26T18:07:09.433+0000] {dag.py:3239} INFO - Sync 1 DAGs
[2024-11-26T18:07:09.452+0000] {logging_mixin.py:190} INFO - [2024-11-26T18:07:09.452+0000] {dag.py:4180} INFO - Setting next_dagrun for example_sla_dag to 2024-11-26 18:04:00+00:00, run_after=2024-11-26 18:06:00+00:00
[2024-11-26T18:07:09.467+0000] {processor.py:208} INFO - Processing /home/airflow/.local/lib/python3.12/site-packages/airflow/example_dags/example_sla_dag.py took 0.062 seconds
[2024-11-26T18:07:39.506+0000] {processor.py:186} INFO - Started process (PID=293) to work on /home/airflow/.local/lib/python3.12/site-packages/airflow/example_dags/example_sla_dag.py
[2024-11-26T18:07:39.506+0000] {processor.py:914} INFO - Processing file /home/airflow/.local/lib/python3.12/site-packages/airflow/example_dags/example_sla_dag.py for tasks to queue
[2024-11-26T18:07:39.508+0000] {logging_mixin.py:190} INFO - [2024-11-26T18:07:39.508+0000] {dagbag.py:588} INFO - Filling up the DagBag from /home/airflow/.local/lib/python3.12/site-packages/airflow/example_dags/example_sla_dag.py
[2024-11-26T18:07:39.516+0000] {processor.py:925} INFO - DAG(s) 'example_sla_dag' retrieved from /home/airflow/.local/lib/python3.12/site-packages/airflow/example_dags/example_sla_dag.py
[2024-11-26T18:07:39.530+0000] {logging_mixin.py:190} INFO - [2024-11-26T18:07:39.530+0000] {dag.py:3239} INFO - Sync 1 DAGs
[2024-11-26T18:07:39.548+0000] {logging_mixin.py:190} INFO - [2024-11-26T18:07:39.548+0000] {dag.py:4180} INFO - Setting next_dagrun for example_sla_dag to 2024-11-26 18:04:00+00:00, run_after=2024-11-26 18:06:00+00:00
[2024-11-26T18:07:39.562+0000] {processor.py:208} INFO - Processing /home/airflow/.local/lib/python3.12/site-packages/airflow/example_dags/example_sla_dag.py took 0.060 seconds
[2024-11-26T18:08:10.079+0000] {processor.py:186} INFO - Started process (PID=357) to work on /home/airflow/.local/lib/python3.12/site-packages/airflow/example_dags/example_sla_dag.py
[2024-11-26T18:08:10.079+0000] {processor.py:914} INFO - Processing file /home/airflow/.local/lib/python3.12/site-packages/airflow/example_dags/example_sla_dag.py for tasks to queue
[2024-11-26T18:08:10.081+0000] {logging_mixin.py:190} INFO - [2024-11-26T18:08:10.081+0000] {dagbag.py:588} INFO - Filling up the DagBag from /home/airflow/.local/lib/python3.12/site-packages/airflow/example_dags/example_sla_dag.py
[2024-11-26T18:08:10.088+0000] {processor.py:925} INFO - DAG(s) 'example_sla_dag' retrieved from /home/airflow/.local/lib/python3.12/site-packages/airflow/example_dags/example_sla_dag.py
[2024-11-26T18:08:10.103+0000] {logging_mixin.py:190} INFO - [2024-11-26T18:08:10.103+0000] {dag.py:3239} INFO - Sync 1 DAGs
[2024-11-26T18:08:10.122+0000] {logging_mixin.py:190} INFO - [2024-11-26T18:08:10.122+0000] {dag.py:4180} INFO - Setting next_dagrun for example_sla_dag to 2024-11-26 18:06:00+00:00, run_after=2024-11-26 18:08:00+00:00
[2024-11-26T18:08:10.137+0000] {processor.py:208} INFO - Processing /home/airflow/.local/lib/python3.12/site-packages/airflow/example_dags/example_sla_dag.py took 0.061 seconds
[2024-11-26T18:08:40.368+0000] {processor.py:186} INFO - Started process (PID=421) to work on /home/airflow/.local/lib/python3.12/site-packages/airflow/example_dags/example_sla_dag.py
[2024-11-26T18:08:40.369+0000] {processor.py:914} INFO - Processing file /home/airflow/.local/lib/python3.12/site-packages/airflow/example_dags/example_sla_dag.py for tasks to queue
[2024-11-26T18:08:40.371+0000] {logging_mixin.py:190} INFO - [2024-11-26T18:08:40.371+0000] {dagbag.py:588} INFO - Filling up the DagBag from /home/airflow/.local/lib/python3.12/site-packages/airflow/example_dags/example_sla_dag.py
[2024-11-26T18:08:40.378+0000] {processor.py:925} INFO - DAG(s) 'example_sla_dag' retrieved from /home/airflow/.local/lib/python3.12/site-packages/airflow/example_dags/example_sla_dag.py
[2024-11-26T18:08:40.392+0000] {logging_mixin.py:190} INFO - [2024-11-26T18:08:40.392+0000] {dag.py:3239} INFO - Sync 1 DAGs
[2024-11-26T18:08:40.410+0000] {logging_mixin.py:190} INFO - [2024-11-26T18:08:40.410+0000] {dag.py:4180} INFO - Setting next_dagrun for example_sla_dag to 2024-11-26 18:06:00+00:00, run_after=2024-11-26 18:08:00+00:00
[2024-11-26T18:08:40.423+0000] {processor.py:208} INFO - Processing /home/airflow/.local/lib/python3.12/site-packages/airflow/example_dags/example_sla_dag.py took 0.059 seconds
[2024-11-26T18:09:11.291+0000] {processor.py:186} INFO - Started process (PID=486) to work on /home/airflow/.local/lib/python3.12/site-packages/airflow/example_dags/example_sla_dag.py
[2024-11-26T18:09:11.292+0000] {processor.py:914} INFO - Processing file /home/airflow/.local/lib/python3.12/site-packages/airflow/example_dags/example_sla_dag.py for tasks to queue
[2024-11-26T18:09:11.294+0000] {logging_mixin.py:190} INFO - [2024-11-26T18:09:11.294+0000] {dagbag.py:588} INFO - Filling up the DagBag from /home/airflow/.local/lib/python3.12/site-packages/airflow/example_dags/example_sla_dag.py
[2024-11-26T18:09:11.301+0000] {processor.py:925} INFO - DAG(s) 'example_sla_dag' retrieved from /home/airflow/.local/lib/python3.12/site-packages/airflow/example_dags/example_sla_dag.py
[2024-11-26T18:09:11.317+0000] {logging_mixin.py:190} INFO - [2024-11-26T18:09:11.317+0000] {dag.py:3239} INFO - Sync 1 DAGs
[2024-11-26T18:09:11.337+0000] {logging_mixin.py:190} INFO - [2024-11-26T18:09:11.337+0000] {dag.py:4180} INFO - Setting next_dagrun for example_sla_dag to 2024-11-26 18:06:00+00:00, run_after=2024-11-26 18:08:00+00:00
[2024-11-26T18:09:11.352+0000] {processor.py:208} INFO - Processing /home/airflow/.local/lib/python3.12/site-packages/airflow/example_dags/example_sla_dag.py took 0.065 seconds
[2024-11-26T18:09:42.212+0000] {processor.py:186} INFO - Started process (PID=550) to work on /home/airflow/.local/lib/python3.12/site-packages/airflow/example_dags/example_sla_dag.py
[2024-11-26T18:09:42.213+0000] {processor.py:914} INFO - Processing file /home/airflow/.local/lib/python3.12/site-packages/airflow/example_dags/example_sla_dag.py for tasks to queue
[2024-11-26T18:09:42.215+0000] {logging_mixin.py:190} INFO - [2024-11-26T18:09:42.214+0000] {dagbag.py:588} INFO - Filling up the DagBag from /home/airflow/.local/lib/python3.12/site-packages/airflow/example_dags/example_sla_dag.py
[2024-11-26T18:09:42.223+0000] {processor.py:925} INFO - DAG(s) 'example_sla_dag' retrieved from /home/airflow/.local/lib/python3.12/site-packages/airflow/example_dags/example_sla_dag.py
[2024-11-26T18:09:42.238+0000] {logging_mixin.py:190} INFO - [2024-11-26T18:09:42.238+0000] {dag.py:3239} INFO - Sync 1 DAGs
[2024-11-26T18:09:42.259+0000] {logging_mixin.py:190} INFO - [2024-11-26T18:09:42.259+0000] {dag.py:4180} INFO - Setting next_dagrun for example_sla_dag to 2024-11-26 18:06:00+00:00, run_after=2024-11-26 18:08:00+00:00
[2024-11-26T18:09:42.275+0000] {processor.py:208} INFO - Processing /home/airflow/.local/lib/python3.12/site-packages/airflow/example_dags/example_sla_dag.py took 0.068 seconds
[2024-11-26T18:10:12.698+0000] {processor.py:186} INFO - Started process (PID=613) to work on /home/airflow/.local/lib/python3.12/site-packages/airflow/example_dags/example_sla_dag.py
[2024-11-26T18:10:12.699+0000] {processor.py:914} INFO - Processing file /home/airflow/.local/lib/python3.12/site-packages/airflow/example_dags/example_sla_dag.py for tasks to queue
[2024-11-26T18:10:12.700+0000] {logging_mixin.py:190} INFO - [2024-11-26T18:10:12.700+0000] {dagbag.py:588} INFO - Filling up the DagBag from /home/airflow/.local/lib/python3.12/site-packages/airflow/example_dags/example_sla_dag.py
[2024-11-26T18:10:12.708+0000] {processor.py:925} INFO - DAG(s) 'example_sla_dag' retrieved from /home/airflow/.local/lib/python3.12/site-packages/airflow/example_dags/example_sla_dag.py
[2024-11-26T18:10:12.724+0000] {logging_mixin.py:190} INFO - [2024-11-26T18:10:12.724+0000] {dag.py:3239} INFO - Sync 1 DAGs
[2024-11-26T18:10:12.747+0000] {logging_mixin.py:190} INFO - [2024-11-26T18:10:12.747+0000] {dag.py:4180} INFO - Setting next_dagrun for example_sla_dag to 2024-11-26 18:08:00+00:00, run_after=2024-11-26 18:10:00+00:00
[2024-11-26T18:10:12.765+0000] {processor.py:208} INFO - Processing /home/airflow/.local/lib/python3.12/site-packages/airflow/example_dags/example_sla_dag.py took 0.071 seconds
[2024-11-26T18:10:43.073+0000] {processor.py:186} INFO - Started process (PID=676) to work on /home/airflow/.local/lib/python3.12/site-packages/airflow/example_dags/example_sla_dag.py
[2024-11-26T18:10:43.073+0000] {processor.py:914} INFO - Processing file /home/airflow/.local/lib/python3.12/site-packages/airflow/example_dags/example_sla_dag.py for tasks to queue
[2024-11-26T18:10:43.074+0000] {logging_mixin.py:190} INFO - [2024-11-26T18:10:43.074+0000] {dagbag.py:588} INFO - Filling up the DagBag from /home/airflow/.local/lib/python3.12/site-packages/airflow/example_dags/example_sla_dag.py
[2024-11-26T18:10:43.081+0000] {processor.py:925} INFO - DAG(s) 'example_sla_dag' retrieved from /home/airflow/.local/lib/python3.12/site-packages/airflow/example_dags/example_sla_dag.py
[2024-11-26T18:10:43.095+0000] {logging_mixin.py:190} INFO - [2024-11-26T18:10:43.095+0000] {dag.py:3239} INFO - Sync 1 DAGs
[2024-11-26T18:10:43.114+0000] {logging_mixin.py:190} INFO - [2024-11-26T18:10:43.114+0000] {dag.py:4180} INFO - Setting next_dagrun for example_sla_dag to 2024-11-26 18:08:00+00:00, run_after=2024-11-26 18:10:00+00:00
[2024-11-26T18:10:43.128+0000] {processor.py:208} INFO - Processing /home/airflow/.local/lib/python3.12/site-packages/airflow/example_dags/example_sla_dag.py took 0.059 seconds
[2024-11-26T18:11:13.490+0000] {processor.py:186} INFO - Started process (PID=739) to work on /home/airflow/.local/lib/python3.12/site-packages/airflow/example_dags/example_sla_dag.py
[2024-11-26T18:11:13.491+0000] {processor.py:914} INFO - Processing file /home/airflow/.local/lib/python3.12/site-packages/airflow/example_dags/example_sla_dag.py for tasks to queue
[2024-11-26T18:11:13.492+0000] {logging_mixin.py:190} INFO - [2024-11-26T18:11:13.491+0000] {dagbag.py:588} INFO - Filling up the DagBag from /home/airflow/.local/lib/python3.12/site-packages/airflow/example_dags/example_sla_dag.py
[2024-11-26T18:11:13.499+0000] {processor.py:925} INFO - DAG(s) 'example_sla_dag' retrieved from /home/airflow/.local/lib/python3.12/site-packages/airflow/example_dags/example_sla_dag.py
[2024-11-26T18:11:13.513+0000] {logging_mixin.py:190} INFO - [2024-11-26T18:11:13.513+0000] {dag.py:3239} INFO - Sync 1 DAGs
[2024-11-26T18:11:13.533+0000] {logging_mixin.py:190} INFO - [2024-11-26T18:11:13.533+0000] {dag.py:4180} INFO - Setting next_dagrun for example_sla_dag to 2024-11-26 18:08:00+00:00, run_after=2024-11-26 18:10:00+00:00
[2024-11-26T18:11:13.546+0000] {processor.py:208} INFO - Processing /home/airflow/.local/lib/python3.12/site-packages/airflow/example_dags/example_sla_dag.py took 0.060 seconds
[2024-11-26T18:12:33.132+0000] {processor.py:186} INFO - Started process (PID=97) to work on /home/airflow/.local/lib/python3.12/site-packages/airflow/example_dags/example_sla_dag.py
[2024-11-26T18:12:33.132+0000] {processor.py:914} INFO - Processing file /home/airflow/.local/lib/python3.12/site-packages/airflow/example_dags/example_sla_dag.py for tasks to queue
[2024-11-26T18:12:33.134+0000] {logging_mixin.py:190} INFO - [2024-11-26T18:12:33.134+0000] {dagbag.py:588} INFO - Filling up the DagBag from /home/airflow/.local/lib/python3.12/site-packages/airflow/example_dags/example_sla_dag.py
[2024-11-26T18:12:33.141+0000] {processor.py:925} INFO - DAG(s) 'example_sla_dag' retrieved from /home/airflow/.local/lib/python3.12/site-packages/airflow/example_dags/example_sla_dag.py
[2024-11-26T18:12:33.155+0000] {logging_mixin.py:190} INFO - [2024-11-26T18:12:33.155+0000] {dag.py:3239} INFO - Sync 1 DAGs
[2024-11-26T18:12:33.177+0000] {logging_mixin.py:190} INFO - [2024-11-26T18:12:33.177+0000] {dag.py:4180} INFO - Setting next_dagrun for example_sla_dag to 2024-11-26 18:10:00+00:00, run_after=2024-11-26 18:12:00+00:00
[2024-11-26T18:12:33.191+0000] {processor.py:208} INFO - Processing /home/airflow/.local/lib/python3.12/site-packages/airflow/example_dags/example_sla_dag.py took 0.063 seconds
[2024-11-26T18:13:03.439+0000] {processor.py:186} INFO - Started process (PID=160) to work on /home/airflow/.local/lib/python3.12/site-packages/airflow/example_dags/example_sla_dag.py
[2024-11-26T18:13:03.440+0000] {processor.py:914} INFO - Processing file /home/airflow/.local/lib/python3.12/site-packages/airflow/example_dags/example_sla_dag.py for tasks to queue
[2024-11-26T18:13:03.441+0000] {logging_mixin.py:190} INFO - [2024-11-26T18:13:03.441+0000] {dagbag.py:588} INFO - Filling up the DagBag from /home/airflow/.local/lib/python3.12/site-packages/airflow/example_dags/example_sla_dag.py
[2024-11-26T18:13:03.449+0000] {processor.py:925} INFO - DAG(s) 'example_sla_dag' retrieved from /home/airflow/.local/lib/python3.12/site-packages/airflow/example_dags/example_sla_dag.py
[2024-11-26T18:13:03.463+0000] {logging_mixin.py:190} INFO - [2024-11-26T18:13:03.463+0000] {dag.py:3239} INFO - Sync 1 DAGs
[2024-11-26T18:13:03.484+0000] {logging_mixin.py:190} INFO - [2024-11-26T18:13:03.484+0000] {dag.py:4180} INFO - Setting next_dagrun for example_sla_dag to 2024-11-26 18:10:00+00:00, run_after=2024-11-26 18:12:00+00:00
[2024-11-26T18:13:03.500+0000] {processor.py:208} INFO - Processing /home/airflow/.local/lib/python3.12/site-packages/airflow/example_dags/example_sla_dag.py took 0.064 seconds
[2024-11-26T18:13:33.760+0000] {processor.py:186} INFO - Started process (PID=224) to work on /home/airflow/.local/lib/python3.12/site-packages/airflow/example_dags/example_sla_dag.py
[2024-11-26T18:13:33.761+0000] {processor.py:914} INFO - Processing file /home/airflow/.local/lib/python3.12/site-packages/airflow/example_dags/example_sla_dag.py for tasks to queue
[2024-11-26T18:13:33.763+0000] {logging_mixin.py:190} INFO - [2024-11-26T18:13:33.763+0000] {dagbag.py:588} INFO - Filling up the DagBag from /home/airflow/.local/lib/python3.12/site-packages/airflow/example_dags/example_sla_dag.py
[2024-11-26T18:13:33.771+0000] {processor.py:925} INFO - DAG(s) 'example_sla_dag' retrieved from /home/airflow/.local/lib/python3.12/site-packages/airflow/example_dags/example_sla_dag.py
[2024-11-26T18:13:33.786+0000] {logging_mixin.py:190} INFO - [2024-11-26T18:13:33.786+0000] {dag.py:3239} INFO - Sync 1 DAGs
[2024-11-26T18:13:33.806+0000] {logging_mixin.py:190} INFO - [2024-11-26T18:13:33.806+0000] {dag.py:4180} INFO - Setting next_dagrun for example_sla_dag to 2024-11-26 18:10:00+00:00, run_after=2024-11-26 18:12:00+00:00
[2024-11-26T18:13:33.819+0000] {processor.py:208} INFO - Processing /home/airflow/.local/lib/python3.12/site-packages/airflow/example_dags/example_sla_dag.py took 0.063 seconds
[2024-11-26T18:14:04.799+0000] {processor.py:186} INFO - Started process (PID=288) to work on /home/airflow/.local/lib/python3.12/site-packages/airflow/example_dags/example_sla_dag.py
[2024-11-26T18:14:04.800+0000] {processor.py:914} INFO - Processing file /home/airflow/.local/lib/python3.12/site-packages/airflow/example_dags/example_sla_dag.py for tasks to queue
[2024-11-26T18:14:04.802+0000] {logging_mixin.py:190} INFO - [2024-11-26T18:14:04.802+0000] {dagbag.py:588} INFO - Filling up the DagBag from /home/airflow/.local/lib/python3.12/site-packages/airflow/example_dags/example_sla_dag.py
[2024-11-26T18:14:04.811+0000] {processor.py:925} INFO - DAG(s) 'example_sla_dag' retrieved from /home/airflow/.local/lib/python3.12/site-packages/airflow/example_dags/example_sla_dag.py
[2024-11-26T18:14:04.827+0000] {logging_mixin.py:190} INFO - [2024-11-26T18:14:04.827+0000] {dag.py:3239} INFO - Sync 1 DAGs
[2024-11-26T18:14:04.849+0000] {logging_mixin.py:190} INFO - [2024-11-26T18:14:04.849+0000] {dag.py:4180} INFO - Setting next_dagrun for example_sla_dag to 2024-11-26 18:12:00+00:00, run_after=2024-11-26 18:14:00+00:00
[2024-11-26T18:14:04.863+0000] {processor.py:208} INFO - Processing /home/airflow/.local/lib/python3.12/site-packages/airflow/example_dags/example_sla_dag.py took 0.070 seconds
[2024-11-26T18:14:35.296+0000] {processor.py:186} INFO - Started process (PID=352) to work on /home/airflow/.local/lib/python3.12/site-packages/airflow/example_dags/example_sla_dag.py
[2024-11-26T18:14:35.297+0000] {processor.py:914} INFO - Processing file /home/airflow/.local/lib/python3.12/site-packages/airflow/example_dags/example_sla_dag.py for tasks to queue
[2024-11-26T18:14:35.299+0000] {logging_mixin.py:190} INFO - [2024-11-26T18:14:35.298+0000] {dagbag.py:588} INFO - Filling up the DagBag from /home/airflow/.local/lib/python3.12/site-packages/airflow/example_dags/example_sla_dag.py
[2024-11-26T18:14:35.306+0000] {processor.py:925} INFO - DAG(s) 'example_sla_dag' retrieved from /home/airflow/.local/lib/python3.12/site-packages/airflow/example_dags/example_sla_dag.py
[2024-11-26T18:14:35.320+0000] {logging_mixin.py:190} INFO - [2024-11-26T18:14:35.320+0000] {dag.py:3239} INFO - Sync 1 DAGs
[2024-11-26T18:14:35.338+0000] {logging_mixin.py:190} INFO - [2024-11-26T18:14:35.338+0000] {dag.py:4180} INFO - Setting next_dagrun for example_sla_dag to 2024-11-26 18:12:00+00:00, run_after=2024-11-26 18:14:00+00:00
[2024-11-26T18:14:35.352+0000] {processor.py:208} INFO - Processing /home/airflow/.local/lib/python3.12/site-packages/airflow/example_dags/example_sla_dag.py took 0.060 seconds
[2024-11-26T18:15:06.478+0000] {processor.py:186} INFO - Started process (PID=415) to work on /home/airflow/.local/lib/python3.12/site-packages/airflow/example_dags/example_sla_dag.py
[2024-11-26T18:15:06.479+0000] {processor.py:914} INFO - Processing file /home/airflow/.local/lib/python3.12/site-packages/airflow/example_dags/example_sla_dag.py for tasks to queue
[2024-11-26T18:15:06.481+0000] {logging_mixin.py:190} INFO - [2024-11-26T18:15:06.480+0000] {dagbag.py:588} INFO - Filling up the DagBag from /home/airflow/.local/lib/python3.12/site-packages/airflow/example_dags/example_sla_dag.py
[2024-11-26T18:15:06.488+0000] {processor.py:925} INFO - DAG(s) 'example_sla_dag' retrieved from /home/airflow/.local/lib/python3.12/site-packages/airflow/example_dags/example_sla_dag.py
[2024-11-26T18:15:06.502+0000] {logging_mixin.py:190} INFO - [2024-11-26T18:15:06.502+0000] {dag.py:3239} INFO - Sync 1 DAGs
[2024-11-26T18:15:06.521+0000] {logging_mixin.py:190} INFO - [2024-11-26T18:15:06.520+0000] {dag.py:4180} INFO - Setting next_dagrun for example_sla_dag to 2024-11-26 18:12:00+00:00, run_after=2024-11-26 18:14:00+00:00
[2024-11-26T18:15:06.534+0000] {processor.py:208} INFO - Processing /home/airflow/.local/lib/python3.12/site-packages/airflow/example_dags/example_sla_dag.py took 0.060 seconds
[2024-11-26T18:15:37.311+0000] {processor.py:186} INFO - Started process (PID=479) to work on /home/airflow/.local/lib/python3.12/site-packages/airflow/example_dags/example_sla_dag.py
[2024-11-26T18:15:37.311+0000] {processor.py:914} INFO - Processing file /home/airflow/.local/lib/python3.12/site-packages/airflow/example_dags/example_sla_dag.py for tasks to queue
[2024-11-26T18:15:37.313+0000] {logging_mixin.py:190} INFO - [2024-11-26T18:15:37.313+0000] {dagbag.py:588} INFO - Filling up the DagBag from /home/airflow/.local/lib/python3.12/site-packages/airflow/example_dags/example_sla_dag.py
[2024-11-26T18:15:37.320+0000] {processor.py:925} INFO - DAG(s) 'example_sla_dag' retrieved from /home/airflow/.local/lib/python3.12/site-packages/airflow/example_dags/example_sla_dag.py
[2024-11-26T18:15:37.335+0000] {logging_mixin.py:190} INFO - [2024-11-26T18:15:37.334+0000] {dag.py:3239} INFO - Sync 1 DAGs
[2024-11-26T18:15:37.356+0000] {logging_mixin.py:190} INFO - [2024-11-26T18:15:37.355+0000] {dag.py:4180} INFO - Setting next_dagrun for example_sla_dag to 2024-11-26 18:12:00+00:00, run_after=2024-11-26 18:14:00+00:00
[2024-11-26T18:15:37.371+0000] {processor.py:208} INFO - Processing /home/airflow/.local/lib/python3.12/site-packages/airflow/example_dags/example_sla_dag.py took 0.064 seconds
[2024-11-26T18:16:08.026+0000] {processor.py:186} INFO - Started process (PID=543) to work on /home/airflow/.local/lib/python3.12/site-packages/airflow/example_dags/example_sla_dag.py
[2024-11-26T18:16:08.026+0000] {processor.py:914} INFO - Processing file /home/airflow/.local/lib/python3.12/site-packages/airflow/example_dags/example_sla_dag.py for tasks to queue
[2024-11-26T18:16:08.028+0000] {logging_mixin.py:190} INFO - [2024-11-26T18:16:08.028+0000] {dagbag.py:588} INFO - Filling up the DagBag from /home/airflow/.local/lib/python3.12/site-packages/airflow/example_dags/example_sla_dag.py
[2024-11-26T18:16:08.035+0000] {processor.py:925} INFO - DAG(s) 'example_sla_dag' retrieved from /home/airflow/.local/lib/python3.12/site-packages/airflow/example_dags/example_sla_dag.py
[2024-11-26T18:16:08.051+0000] {logging_mixin.py:190} INFO - [2024-11-26T18:16:08.051+0000] {dag.py:3239} INFO - Sync 1 DAGs
[2024-11-26T18:16:08.071+0000] {logging_mixin.py:190} INFO - [2024-11-26T18:16:08.071+0000] {dag.py:4180} INFO - Setting next_dagrun for example_sla_dag to 2024-11-26 18:14:00+00:00, run_after=2024-11-26 18:16:00+00:00
[2024-11-26T18:16:08.087+0000] {processor.py:208} INFO - Processing /home/airflow/.local/lib/python3.12/site-packages/airflow/example_dags/example_sla_dag.py took 0.065 seconds
[2024-11-26T18:16:38.503+0000] {processor.py:186} INFO - Started process (PID=607) to work on /home/airflow/.local/lib/python3.12/site-packages/airflow/example_dags/example_sla_dag.py
[2024-11-26T18:16:38.504+0000] {processor.py:914} INFO - Processing file /home/airflow/.local/lib/python3.12/site-packages/airflow/example_dags/example_sla_dag.py for tasks to queue
[2024-11-26T18:16:38.506+0000] {logging_mixin.py:190} INFO - [2024-11-26T18:16:38.506+0000] {dagbag.py:588} INFO - Filling up the DagBag from /home/airflow/.local/lib/python3.12/site-packages/airflow/example_dags/example_sla_dag.py
[2024-11-26T18:16:38.514+0000] {processor.py:925} INFO - DAG(s) 'example_sla_dag' retrieved from /home/airflow/.local/lib/python3.12/site-packages/airflow/example_dags/example_sla_dag.py
[2024-11-26T18:16:38.530+0000] {logging_mixin.py:190} INFO - [2024-11-26T18:16:38.530+0000] {dag.py:3239} INFO - Sync 1 DAGs
[2024-11-26T18:16:38.551+0000] {logging_mixin.py:190} INFO - [2024-11-26T18:16:38.551+0000] {dag.py:4180} INFO - Setting next_dagrun for example_sla_dag to 2024-11-26 18:14:00+00:00, run_after=2024-11-26 18:16:00+00:00
[2024-11-26T18:16:38.565+0000] {processor.py:208} INFO - Processing /home/airflow/.local/lib/python3.12/site-packages/airflow/example_dags/example_sla_dag.py took 0.066 seconds
[2024-11-26T18:17:09.050+0000] {processor.py:186} INFO - Started process (PID=670) to work on /home/airflow/.local/lib/python3.12/site-packages/airflow/example_dags/example_sla_dag.py
[2024-11-26T18:17:09.051+0000] {processor.py:914} INFO - Processing file /home/airflow/.local/lib/python3.12/site-packages/airflow/example_dags/example_sla_dag.py for tasks to queue
[2024-11-26T18:17:09.052+0000] {logging_mixin.py:190} INFO - [2024-11-26T18:17:09.052+0000] {dagbag.py:588} INFO - Filling up the DagBag from /home/airflow/.local/lib/python3.12/site-packages/airflow/example_dags/example_sla_dag.py
[2024-11-26T18:17:09.060+0000] {processor.py:925} INFO - DAG(s) 'example_sla_dag' retrieved from /home/airflow/.local/lib/python3.12/site-packages/airflow/example_dags/example_sla_dag.py
[2024-11-26T18:17:09.074+0000] {logging_mixin.py:190} INFO - [2024-11-26T18:17:09.074+0000] {dag.py:3239} INFO - Sync 1 DAGs
[2024-11-26T18:17:09.094+0000] {logging_mixin.py:190} INFO - [2024-11-26T18:17:09.094+0000] {dag.py:4180} INFO - Setting next_dagrun for example_sla_dag to 2024-11-26 18:14:00+00:00, run_after=2024-11-26 18:16:00+00:00
[2024-11-26T18:17:09.108+0000] {processor.py:208} INFO - Processing /home/airflow/.local/lib/python3.12/site-packages/airflow/example_dags/example_sla_dag.py took 0.063 seconds
[2024-11-26T18:17:39.170+0000] {processor.py:186} INFO - Started process (PID=734) to work on /home/airflow/.local/lib/python3.12/site-packages/airflow/example_dags/example_sla_dag.py
[2024-11-26T18:17:39.171+0000] {processor.py:914} INFO - Processing file /home/airflow/.local/lib/python3.12/site-packages/airflow/example_dags/example_sla_dag.py for tasks to queue
[2024-11-26T18:17:39.172+0000] {logging_mixin.py:190} INFO - [2024-11-26T18:17:39.172+0000] {dagbag.py:588} INFO - Filling up the DagBag from /home/airflow/.local/lib/python3.12/site-packages/airflow/example_dags/example_sla_dag.py
[2024-11-26T18:17:39.180+0000] {processor.py:925} INFO - DAG(s) 'example_sla_dag' retrieved from /home/airflow/.local/lib/python3.12/site-packages/airflow/example_dags/example_sla_dag.py
[2024-11-26T18:17:39.194+0000] {logging_mixin.py:190} INFO - [2024-11-26T18:17:39.194+0000] {dag.py:3239} INFO - Sync 1 DAGs
[2024-11-26T18:17:39.213+0000] {logging_mixin.py:190} INFO - [2024-11-26T18:17:39.212+0000] {dag.py:4180} INFO - Setting next_dagrun for example_sla_dag to 2024-11-26 18:14:00+00:00, run_after=2024-11-26 18:16:00+00:00
[2024-11-26T18:17:39.227+0000] {processor.py:208} INFO - Processing /home/airflow/.local/lib/python3.12/site-packages/airflow/example_dags/example_sla_dag.py took 0.061 seconds
[2024-11-26T18:18:09.737+0000] {processor.py:186} INFO - Started process (PID=798) to work on /home/airflow/.local/lib/python3.12/site-packages/airflow/example_dags/example_sla_dag.py
[2024-11-26T18:18:09.738+0000] {processor.py:914} INFO - Processing file /home/airflow/.local/lib/python3.12/site-packages/airflow/example_dags/example_sla_dag.py for tasks to queue
[2024-11-26T18:18:09.740+0000] {logging_mixin.py:190} INFO - [2024-11-26T18:18:09.739+0000] {dagbag.py:588} INFO - Filling up the DagBag from /home/airflow/.local/lib/python3.12/site-packages/airflow/example_dags/example_sla_dag.py
[2024-11-26T18:18:09.747+0000] {processor.py:925} INFO - DAG(s) 'example_sla_dag' retrieved from /home/airflow/.local/lib/python3.12/site-packages/airflow/example_dags/example_sla_dag.py
[2024-11-26T18:18:09.762+0000] {logging_mixin.py:190} INFO - [2024-11-26T18:18:09.762+0000] {dag.py:3239} INFO - Sync 1 DAGs
[2024-11-26T18:18:09.781+0000] {logging_mixin.py:190} INFO - [2024-11-26T18:18:09.781+0000] {dag.py:4180} INFO - Setting next_dagrun for example_sla_dag to 2024-11-26 18:16:00+00:00, run_after=2024-11-26 18:18:00+00:00
[2024-11-26T18:18:09.795+0000] {processor.py:208} INFO - Processing /home/airflow/.local/lib/python3.12/site-packages/airflow/example_dags/example_sla_dag.py took 0.062 seconds
[2024-11-26T18:44:12.438+0000] {processor.py:186} INFO - Started process (PID=114) to work on /home/airflow/.local/lib/python3.12/site-packages/airflow/example_dags/example_sla_dag.py
[2024-11-26T18:44:12.439+0000] {processor.py:914} INFO - Processing file /home/airflow/.local/lib/python3.12/site-packages/airflow/example_dags/example_sla_dag.py for tasks to queue
[2024-11-26T18:44:12.441+0000] {logging_mixin.py:190} INFO - [2024-11-26T18:44:12.440+0000] {dagbag.py:588} INFO - Filling up the DagBag from /home/airflow/.local/lib/python3.12/site-packages/airflow/example_dags/example_sla_dag.py
[2024-11-26T18:44:12.448+0000] {processor.py:925} INFO - DAG(s) 'example_sla_dag' retrieved from /home/airflow/.local/lib/python3.12/site-packages/airflow/example_dags/example_sla_dag.py
[2024-11-26T18:44:12.464+0000] {logging_mixin.py:190} INFO - [2024-11-26T18:44:12.463+0000] {dag.py:3239} INFO - Sync 1 DAGs
[2024-11-26T18:44:12.485+0000] {logging_mixin.py:190} INFO - [2024-11-26T18:44:12.485+0000] {dag.py:4180} INFO - Setting next_dagrun for example_sla_dag to 2024-11-26 18:42:00+00:00, run_after=2024-11-26 18:44:00+00:00
[2024-11-26T18:44:12.501+0000] {processor.py:208} INFO - Processing /home/airflow/.local/lib/python3.12/site-packages/airflow/example_dags/example_sla_dag.py took 0.066 seconds
[2024-11-26T18:44:42.618+0000] {processor.py:186} INFO - Started process (PID=188) to work on /home/airflow/.local/lib/python3.12/site-packages/airflow/example_dags/example_sla_dag.py
[2024-11-26T18:44:42.619+0000] {processor.py:914} INFO - Processing file /home/airflow/.local/lib/python3.12/site-packages/airflow/example_dags/example_sla_dag.py for tasks to queue
[2024-11-26T18:44:42.621+0000] {logging_mixin.py:190} INFO - [2024-11-26T18:44:42.621+0000] {dagbag.py:588} INFO - Filling up the DagBag from /home/airflow/.local/lib/python3.12/site-packages/airflow/example_dags/example_sla_dag.py
[2024-11-26T18:44:42.628+0000] {processor.py:925} INFO - DAG(s) 'example_sla_dag' retrieved from /home/airflow/.local/lib/python3.12/site-packages/airflow/example_dags/example_sla_dag.py
[2024-11-26T18:44:42.642+0000] {logging_mixin.py:190} INFO - [2024-11-26T18:44:42.642+0000] {dag.py:3239} INFO - Sync 1 DAGs
[2024-11-26T18:44:42.662+0000] {logging_mixin.py:190} INFO - [2024-11-26T18:44:42.661+0000] {dag.py:4180} INFO - Setting next_dagrun for example_sla_dag to 2024-11-26 18:42:00+00:00, run_after=2024-11-26 18:44:00+00:00
[2024-11-26T18:44:42.674+0000] {processor.py:208} INFO - Processing /home/airflow/.local/lib/python3.12/site-packages/airflow/example_dags/example_sla_dag.py took 0.061 seconds
[2024-11-26T18:45:13.606+0000] {processor.py:186} INFO - Started process (PID=263) to work on /home/airflow/.local/lib/python3.12/site-packages/airflow/example_dags/example_sla_dag.py
[2024-11-26T18:45:13.606+0000] {processor.py:914} INFO - Processing file /home/airflow/.local/lib/python3.12/site-packages/airflow/example_dags/example_sla_dag.py for tasks to queue
[2024-11-26T18:45:13.608+0000] {logging_mixin.py:190} INFO - [2024-11-26T18:45:13.608+0000] {dagbag.py:588} INFO - Filling up the DagBag from /home/airflow/.local/lib/python3.12/site-packages/airflow/example_dags/example_sla_dag.py
[2024-11-26T18:45:13.615+0000] {processor.py:925} INFO - DAG(s) 'example_sla_dag' retrieved from /home/airflow/.local/lib/python3.12/site-packages/airflow/example_dags/example_sla_dag.py
[2024-11-26T18:45:13.630+0000] {logging_mixin.py:190} INFO - [2024-11-26T18:45:13.630+0000] {dag.py:3239} INFO - Sync 1 DAGs
[2024-11-26T18:45:13.651+0000] {logging_mixin.py:190} INFO - [2024-11-26T18:45:13.651+0000] {dag.py:4180} INFO - Setting next_dagrun for example_sla_dag to 2024-11-26 18:42:00+00:00, run_after=2024-11-26 18:44:00+00:00
[2024-11-26T18:45:13.668+0000] {processor.py:208} INFO - Processing /home/airflow/.local/lib/python3.12/site-packages/airflow/example_dags/example_sla_dag.py took 0.067 seconds
[2024-11-26T18:45:45.810+0000] {processor.py:186} INFO - Started process (PID=338) to work on /home/airflow/.local/lib/python3.12/site-packages/airflow/example_dags/example_sla_dag.py
[2024-11-26T18:45:45.811+0000] {processor.py:914} INFO - Processing file /home/airflow/.local/lib/python3.12/site-packages/airflow/example_dags/example_sla_dag.py for tasks to queue
[2024-11-26T18:45:45.813+0000] {logging_mixin.py:190} INFO - [2024-11-26T18:45:45.812+0000] {dagbag.py:588} INFO - Filling up the DagBag from /home/airflow/.local/lib/python3.12/site-packages/airflow/example_dags/example_sla_dag.py
[2024-11-26T18:45:45.820+0000] {processor.py:925} INFO - DAG(s) 'example_sla_dag' retrieved from /home/airflow/.local/lib/python3.12/site-packages/airflow/example_dags/example_sla_dag.py
[2024-11-26T18:45:45.835+0000] {logging_mixin.py:190} INFO - [2024-11-26T18:45:45.835+0000] {dag.py:3239} INFO - Sync 1 DAGs
[2024-11-26T18:45:45.855+0000] {logging_mixin.py:190} INFO - [2024-11-26T18:45:45.855+0000] {dag.py:4180} INFO - Setting next_dagrun for example_sla_dag to 2024-11-26 18:42:00+00:00, run_after=2024-11-26 18:44:00+00:00
[2024-11-26T18:45:45.869+0000] {processor.py:208} INFO - Processing /home/airflow/.local/lib/python3.12/site-packages/airflow/example_dags/example_sla_dag.py took 0.065 seconds
[2024-11-26T18:46:16.681+0000] {processor.py:186} INFO - Started process (PID=414) to work on /home/airflow/.local/lib/python3.12/site-packages/airflow/example_dags/example_sla_dag.py
[2024-11-26T18:46:16.682+0000] {processor.py:914} INFO - Processing file /home/airflow/.local/lib/python3.12/site-packages/airflow/example_dags/example_sla_dag.py for tasks to queue
[2024-11-26T18:46:16.684+0000] {logging_mixin.py:190} INFO - [2024-11-26T18:46:16.684+0000] {dagbag.py:588} INFO - Filling up the DagBag from /home/airflow/.local/lib/python3.12/site-packages/airflow/example_dags/example_sla_dag.py
[2024-11-26T18:46:16.692+0000] {processor.py:925} INFO - DAG(s) 'example_sla_dag' retrieved from /home/airflow/.local/lib/python3.12/site-packages/airflow/example_dags/example_sla_dag.py
[2024-11-26T18:46:16.710+0000] {logging_mixin.py:190} INFO - [2024-11-26T18:46:16.709+0000] {dag.py:3239} INFO - Sync 1 DAGs
[2024-11-26T18:46:16.731+0000] {logging_mixin.py:190} INFO - [2024-11-26T18:46:16.730+0000] {dag.py:4180} INFO - Setting next_dagrun for example_sla_dag to 2024-11-26 18:44:00+00:00, run_after=2024-11-26 18:46:00+00:00
[2024-11-26T18:46:16.747+0000] {processor.py:208} INFO - Processing /home/airflow/.local/lib/python3.12/site-packages/airflow/example_dags/example_sla_dag.py took 0.070 seconds
[2024-11-26T18:46:47.142+0000] {processor.py:186} INFO - Started process (PID=488) to work on /home/airflow/.local/lib/python3.12/site-packages/airflow/example_dags/example_sla_dag.py
[2024-11-26T18:46:47.143+0000] {processor.py:914} INFO - Processing file /home/airflow/.local/lib/python3.12/site-packages/airflow/example_dags/example_sla_dag.py for tasks to queue
[2024-11-26T18:46:47.144+0000] {logging_mixin.py:190} INFO - [2024-11-26T18:46:47.144+0000] {dagbag.py:588} INFO - Filling up the DagBag from /home/airflow/.local/lib/python3.12/site-packages/airflow/example_dags/example_sla_dag.py
[2024-11-26T18:46:47.152+0000] {processor.py:925} INFO - DAG(s) 'example_sla_dag' retrieved from /home/airflow/.local/lib/python3.12/site-packages/airflow/example_dags/example_sla_dag.py
[2024-11-26T18:46:47.166+0000] {logging_mixin.py:190} INFO - [2024-11-26T18:46:47.166+0000] {dag.py:3239} INFO - Sync 1 DAGs
[2024-11-26T18:46:47.184+0000] {logging_mixin.py:190} INFO - [2024-11-26T18:46:47.184+0000] {dag.py:4180} INFO - Setting next_dagrun for example_sla_dag to 2024-11-26 18:44:00+00:00, run_after=2024-11-26 18:46:00+00:00
[2024-11-26T18:46:47.198+0000] {processor.py:208} INFO - Processing /home/airflow/.local/lib/python3.12/site-packages/airflow/example_dags/example_sla_dag.py took 0.060 seconds
[2024-11-26T18:47:18.989+0000] {processor.py:186} INFO - Started process (PID=564) to work on /home/airflow/.local/lib/python3.12/site-packages/airflow/example_dags/example_sla_dag.py
[2024-11-26T18:47:18.990+0000] {processor.py:914} INFO - Processing file /home/airflow/.local/lib/python3.12/site-packages/airflow/example_dags/example_sla_dag.py for tasks to queue
[2024-11-26T18:47:18.991+0000] {logging_mixin.py:190} INFO - [2024-11-26T18:47:18.991+0000] {dagbag.py:588} INFO - Filling up the DagBag from /home/airflow/.local/lib/python3.12/site-packages/airflow/example_dags/example_sla_dag.py
[2024-11-26T18:47:18.999+0000] {processor.py:925} INFO - DAG(s) 'example_sla_dag' retrieved from /home/airflow/.local/lib/python3.12/site-packages/airflow/example_dags/example_sla_dag.py
[2024-11-26T18:47:19.015+0000] {logging_mixin.py:190} INFO - [2024-11-26T18:47:19.015+0000] {dag.py:3239} INFO - Sync 1 DAGs
[2024-11-26T18:47:19.035+0000] {logging_mixin.py:190} INFO - [2024-11-26T18:47:19.035+0000] {dag.py:4180} INFO - Setting next_dagrun for example_sla_dag to 2024-11-26 18:44:00+00:00, run_after=2024-11-26 18:46:00+00:00
[2024-11-26T18:47:19.050+0000] {processor.py:208} INFO - Processing /home/airflow/.local/lib/python3.12/site-packages/airflow/example_dags/example_sla_dag.py took 0.066 seconds
[2024-11-26T18:47:50.697+0000] {processor.py:186} INFO - Started process (PID=639) to work on /home/airflow/.local/lib/python3.12/site-packages/airflow/example_dags/example_sla_dag.py
[2024-11-26T18:47:50.699+0000] {processor.py:914} INFO - Processing file /home/airflow/.local/lib/python3.12/site-packages/airflow/example_dags/example_sla_dag.py for tasks to queue
[2024-11-26T18:47:50.702+0000] {logging_mixin.py:190} INFO - [2024-11-26T18:47:50.701+0000] {dagbag.py:588} INFO - Filling up the DagBag from /home/airflow/.local/lib/python3.12/site-packages/airflow/example_dags/example_sla_dag.py
[2024-11-26T18:47:50.717+0000] {processor.py:925} INFO - DAG(s) 'example_sla_dag' retrieved from /home/airflow/.local/lib/python3.12/site-packages/airflow/example_dags/example_sla_dag.py
[2024-11-26T18:47:50.737+0000] {logging_mixin.py:190} INFO - [2024-11-26T18:47:50.736+0000] {dag.py:3239} INFO - Sync 1 DAGs
[2024-11-26T18:47:50.757+0000] {logging_mixin.py:190} INFO - [2024-11-26T18:47:50.757+0000] {dag.py:4180} INFO - Setting next_dagrun for example_sla_dag to 2024-11-26 18:44:00+00:00, run_after=2024-11-26 18:46:00+00:00
[2024-11-26T18:47:50.774+0000] {processor.py:208} INFO - Processing /home/airflow/.local/lib/python3.12/site-packages/airflow/example_dags/example_sla_dag.py took 0.090 seconds
[2024-11-26T18:48:21.138+0000] {processor.py:186} INFO - Started process (PID=713) to work on /home/airflow/.local/lib/python3.12/site-packages/airflow/example_dags/example_sla_dag.py
[2024-11-26T18:48:21.139+0000] {processor.py:914} INFO - Processing file /home/airflow/.local/lib/python3.12/site-packages/airflow/example_dags/example_sla_dag.py for tasks to queue
[2024-11-26T18:48:21.140+0000] {logging_mixin.py:190} INFO - [2024-11-26T18:48:21.140+0000] {dagbag.py:588} INFO - Filling up the DagBag from /home/airflow/.local/lib/python3.12/site-packages/airflow/example_dags/example_sla_dag.py
[2024-11-26T18:48:21.149+0000] {processor.py:925} INFO - DAG(s) 'example_sla_dag' retrieved from /home/airflow/.local/lib/python3.12/site-packages/airflow/example_dags/example_sla_dag.py
[2024-11-26T18:48:21.163+0000] {logging_mixin.py:190} INFO - [2024-11-26T18:48:21.163+0000] {dag.py:3239} INFO - Sync 1 DAGs
[2024-11-26T18:48:21.182+0000] {logging_mixin.py:190} INFO - [2024-11-26T18:48:21.182+0000] {dag.py:4180} INFO - Setting next_dagrun for example_sla_dag to 2024-11-26 18:46:00+00:00, run_after=2024-11-26 18:48:00+00:00
[2024-11-26T18:48:21.197+0000] {processor.py:208} INFO - Processing /home/airflow/.local/lib/python3.12/site-packages/airflow/example_dags/example_sla_dag.py took 0.063 seconds
[2024-11-26T18:48:51.843+0000] {processor.py:186} INFO - Started process (PID=788) to work on /home/airflow/.local/lib/python3.12/site-packages/airflow/example_dags/example_sla_dag.py
[2024-11-26T18:48:51.843+0000] {processor.py:914} INFO - Processing file /home/airflow/.local/lib/python3.12/site-packages/airflow/example_dags/example_sla_dag.py for tasks to queue
[2024-11-26T18:48:51.845+0000] {logging_mixin.py:190} INFO - [2024-11-26T18:48:51.845+0000] {dagbag.py:588} INFO - Filling up the DagBag from /home/airflow/.local/lib/python3.12/site-packages/airflow/example_dags/example_sla_dag.py
[2024-11-26T18:48:51.853+0000] {processor.py:925} INFO - DAG(s) 'example_sla_dag' retrieved from /home/airflow/.local/lib/python3.12/site-packages/airflow/example_dags/example_sla_dag.py
[2024-11-26T18:48:51.867+0000] {logging_mixin.py:190} INFO - [2024-11-26T18:48:51.867+0000] {dag.py:3239} INFO - Sync 1 DAGs
[2024-11-26T18:48:51.885+0000] {logging_mixin.py:190} INFO - [2024-11-26T18:48:51.885+0000] {dag.py:4180} INFO - Setting next_dagrun for example_sla_dag to 2024-11-26 18:46:00+00:00, run_after=2024-11-26 18:48:00+00:00
[2024-11-26T18:48:51.899+0000] {processor.py:208} INFO - Processing /home/airflow/.local/lib/python3.12/site-packages/airflow/example_dags/example_sla_dag.py took 0.061 seconds
[2024-11-26T18:49:23.199+0000] {processor.py:186} INFO - Started process (PID=864) to work on /home/airflow/.local/lib/python3.12/site-packages/airflow/example_dags/example_sla_dag.py
[2024-11-26T18:49:23.199+0000] {processor.py:914} INFO - Processing file /home/airflow/.local/lib/python3.12/site-packages/airflow/example_dags/example_sla_dag.py for tasks to queue
[2024-11-26T18:49:23.201+0000] {logging_mixin.py:190} INFO - [2024-11-26T18:49:23.201+0000] {dagbag.py:588} INFO - Filling up the DagBag from /home/airflow/.local/lib/python3.12/site-packages/airflow/example_dags/example_sla_dag.py
[2024-11-26T18:49:23.209+0000] {processor.py:925} INFO - DAG(s) 'example_sla_dag' retrieved from /home/airflow/.local/lib/python3.12/site-packages/airflow/example_dags/example_sla_dag.py
[2024-11-26T18:49:23.227+0000] {logging_mixin.py:190} INFO - [2024-11-26T18:49:23.226+0000] {dag.py:3239} INFO - Sync 1 DAGs
[2024-11-26T18:49:23.252+0000] {logging_mixin.py:190} INFO - [2024-11-26T18:49:23.251+0000] {dag.py:4180} INFO - Setting next_dagrun for example_sla_dag to 2024-11-26 18:46:00+00:00, run_after=2024-11-26 18:48:00+00:00
[2024-11-26T18:49:23.271+0000] {processor.py:208} INFO - Processing /home/airflow/.local/lib/python3.12/site-packages/airflow/example_dags/example_sla_dag.py took 0.077 seconds
[2024-11-26T18:49:54.105+0000] {processor.py:186} INFO - Started process (PID=939) to work on /home/airflow/.local/lib/python3.12/site-packages/airflow/example_dags/example_sla_dag.py
[2024-11-26T18:49:54.106+0000] {processor.py:914} INFO - Processing file /home/airflow/.local/lib/python3.12/site-packages/airflow/example_dags/example_sla_dag.py for tasks to queue
[2024-11-26T18:49:54.108+0000] {logging_mixin.py:190} INFO - [2024-11-26T18:49:54.108+0000] {dagbag.py:588} INFO - Filling up the DagBag from /home/airflow/.local/lib/python3.12/site-packages/airflow/example_dags/example_sla_dag.py
[2024-11-26T18:49:54.116+0000] {processor.py:925} INFO - DAG(s) 'example_sla_dag' retrieved from /home/airflow/.local/lib/python3.12/site-packages/airflow/example_dags/example_sla_dag.py
[2024-11-26T18:49:54.132+0000] {logging_mixin.py:190} INFO - [2024-11-26T18:49:54.132+0000] {dag.py:3239} INFO - Sync 1 DAGs
[2024-11-26T18:49:54.153+0000] {logging_mixin.py:190} INFO - [2024-11-26T18:49:54.152+0000] {dag.py:4180} INFO - Setting next_dagrun for example_sla_dag to 2024-11-26 18:46:00+00:00, run_after=2024-11-26 18:48:00+00:00
[2024-11-26T18:49:54.167+0000] {processor.py:208} INFO - Processing /home/airflow/.local/lib/python3.12/site-packages/airflow/example_dags/example_sla_dag.py took 0.066 seconds
[2024-11-26T18:50:24.710+0000] {processor.py:186} INFO - Started process (PID=1013) to work on /home/airflow/.local/lib/python3.12/site-packages/airflow/example_dags/example_sla_dag.py
[2024-11-26T18:50:24.710+0000] {processor.py:914} INFO - Processing file /home/airflow/.local/lib/python3.12/site-packages/airflow/example_dags/example_sla_dag.py for tasks to queue
[2024-11-26T18:50:24.712+0000] {logging_mixin.py:190} INFO - [2024-11-26T18:50:24.712+0000] {dagbag.py:588} INFO - Filling up the DagBag from /home/airflow/.local/lib/python3.12/site-packages/airflow/example_dags/example_sla_dag.py
[2024-11-26T18:50:24.720+0000] {processor.py:925} INFO - DAG(s) 'example_sla_dag' retrieved from /home/airflow/.local/lib/python3.12/site-packages/airflow/example_dags/example_sla_dag.py
[2024-11-26T18:50:24.737+0000] {logging_mixin.py:190} INFO - [2024-11-26T18:50:24.737+0000] {dag.py:3239} INFO - Sync 1 DAGs
[2024-11-26T18:50:24.757+0000] {logging_mixin.py:190} INFO - [2024-11-26T18:50:24.757+0000] {dag.py:4180} INFO - Setting next_dagrun for example_sla_dag to 2024-11-26 18:48:00+00:00, run_after=2024-11-26 18:50:00+00:00
[2024-11-26T18:50:24.771+0000] {processor.py:208} INFO - Processing /home/airflow/.local/lib/python3.12/site-packages/airflow/example_dags/example_sla_dag.py took 0.066 seconds
[2024-11-26T18:50:55.770+0000] {processor.py:186} INFO - Started process (PID=1089) to work on /home/airflow/.local/lib/python3.12/site-packages/airflow/example_dags/example_sla_dag.py
[2024-11-26T18:50:55.771+0000] {processor.py:914} INFO - Processing file /home/airflow/.local/lib/python3.12/site-packages/airflow/example_dags/example_sla_dag.py for tasks to queue
[2024-11-26T18:50:55.773+0000] {logging_mixin.py:190} INFO - [2024-11-26T18:50:55.773+0000] {dagbag.py:588} INFO - Filling up the DagBag from /home/airflow/.local/lib/python3.12/site-packages/airflow/example_dags/example_sla_dag.py
[2024-11-26T18:50:55.782+0000] {processor.py:925} INFO - DAG(s) 'example_sla_dag' retrieved from /home/airflow/.local/lib/python3.12/site-packages/airflow/example_dags/example_sla_dag.py
[2024-11-26T18:50:55.799+0000] {logging_mixin.py:190} INFO - [2024-11-26T18:50:55.798+0000] {dag.py:3239} INFO - Sync 1 DAGs
[2024-11-26T18:50:55.820+0000] {logging_mixin.py:190} INFO - [2024-11-26T18:50:55.820+0000] {dag.py:4180} INFO - Setting next_dagrun for example_sla_dag to 2024-11-26 18:48:00+00:00, run_after=2024-11-26 18:50:00+00:00
[2024-11-26T18:50:55.836+0000] {processor.py:208} INFO - Processing /home/airflow/.local/lib/python3.12/site-packages/airflow/example_dags/example_sla_dag.py took 0.070 seconds
[2024-11-26T18:51:26.828+0000] {processor.py:186} INFO - Started process (PID=1164) to work on /home/airflow/.local/lib/python3.12/site-packages/airflow/example_dags/example_sla_dag.py
[2024-11-26T18:51:26.828+0000] {processor.py:914} INFO - Processing file /home/airflow/.local/lib/python3.12/site-packages/airflow/example_dags/example_sla_dag.py for tasks to queue
[2024-11-26T18:51:26.830+0000] {logging_mixin.py:190} INFO - [2024-11-26T18:51:26.830+0000] {dagbag.py:588} INFO - Filling up the DagBag from /home/airflow/.local/lib/python3.12/site-packages/airflow/example_dags/example_sla_dag.py
[2024-11-26T18:51:26.839+0000] {processor.py:925} INFO - DAG(s) 'example_sla_dag' retrieved from /home/airflow/.local/lib/python3.12/site-packages/airflow/example_dags/example_sla_dag.py
[2024-11-26T18:51:26.854+0000] {logging_mixin.py:190} INFO - [2024-11-26T18:51:26.854+0000] {dag.py:3239} INFO - Sync 1 DAGs
[2024-11-26T18:51:26.874+0000] {logging_mixin.py:190} INFO - [2024-11-26T18:51:26.874+0000] {dag.py:4180} INFO - Setting next_dagrun for example_sla_dag to 2024-11-26 18:48:00+00:00, run_after=2024-11-26 18:50:00+00:00
[2024-11-26T18:51:26.890+0000] {processor.py:208} INFO - Processing /home/airflow/.local/lib/python3.12/site-packages/airflow/example_dags/example_sla_dag.py took 0.067 seconds
[2024-11-26T18:51:58.103+0000] {processor.py:186} INFO - Started process (PID=1239) to work on /home/airflow/.local/lib/python3.12/site-packages/airflow/example_dags/example_sla_dag.py
[2024-11-26T18:51:58.104+0000] {processor.py:914} INFO - Processing file /home/airflow/.local/lib/python3.12/site-packages/airflow/example_dags/example_sla_dag.py for tasks to queue
[2024-11-26T18:51:58.105+0000] {logging_mixin.py:190} INFO - [2024-11-26T18:51:58.105+0000] {dagbag.py:588} INFO - Filling up the DagBag from /home/airflow/.local/lib/python3.12/site-packages/airflow/example_dags/example_sla_dag.py
[2024-11-26T18:51:58.112+0000] {processor.py:925} INFO - DAG(s) 'example_sla_dag' retrieved from /home/airflow/.local/lib/python3.12/site-packages/airflow/example_dags/example_sla_dag.py
[2024-11-26T18:51:58.128+0000] {logging_mixin.py:190} INFO - [2024-11-26T18:51:58.128+0000] {dag.py:3239} INFO - Sync 1 DAGs
[2024-11-26T18:51:58.147+0000] {logging_mixin.py:190} INFO - [2024-11-26T18:51:58.147+0000] {dag.py:4180} INFO - Setting next_dagrun for example_sla_dag to 2024-11-26 18:48:00+00:00, run_after=2024-11-26 18:50:00+00:00
[2024-11-26T18:51:58.160+0000] {processor.py:208} INFO - Processing /home/airflow/.local/lib/python3.12/site-packages/airflow/example_dags/example_sla_dag.py took 0.062 seconds
[2024-11-26T18:52:29.142+0000] {processor.py:186} INFO - Started process (PID=1314) to work on /home/airflow/.local/lib/python3.12/site-packages/airflow/example_dags/example_sla_dag.py
[2024-11-26T18:52:29.142+0000] {processor.py:914} INFO - Processing file /home/airflow/.local/lib/python3.12/site-packages/airflow/example_dags/example_sla_dag.py for tasks to queue
[2024-11-26T18:52:29.144+0000] {logging_mixin.py:190} INFO - [2024-11-26T18:52:29.144+0000] {dagbag.py:588} INFO - Filling up the DagBag from /home/airflow/.local/lib/python3.12/site-packages/airflow/example_dags/example_sla_dag.py
[2024-11-26T18:52:29.152+0000] {processor.py:925} INFO - DAG(s) 'example_sla_dag' retrieved from /home/airflow/.local/lib/python3.12/site-packages/airflow/example_dags/example_sla_dag.py
[2024-11-26T18:52:29.168+0000] {logging_mixin.py:190} INFO - [2024-11-26T18:52:29.167+0000] {dag.py:3239} INFO - Sync 1 DAGs
[2024-11-26T18:52:29.187+0000] {logging_mixin.py:190} INFO - [2024-11-26T18:52:29.187+0000] {dag.py:4180} INFO - Setting next_dagrun for example_sla_dag to 2024-11-26 18:50:00+00:00, run_after=2024-11-26 18:52:00+00:00
[2024-11-26T18:52:29.202+0000] {processor.py:208} INFO - Processing /home/airflow/.local/lib/python3.12/site-packages/airflow/example_dags/example_sla_dag.py took 0.065 seconds
[2024-11-26T18:53:00.708+0000] {processor.py:186} INFO - Started process (PID=1388) to work on /home/airflow/.local/lib/python3.12/site-packages/airflow/example_dags/example_sla_dag.py
[2024-11-26T18:53:00.708+0000] {processor.py:914} INFO - Processing file /home/airflow/.local/lib/python3.12/site-packages/airflow/example_dags/example_sla_dag.py for tasks to queue
[2024-11-26T18:53:00.710+0000] {logging_mixin.py:190} INFO - [2024-11-26T18:53:00.710+0000] {dagbag.py:588} INFO - Filling up the DagBag from /home/airflow/.local/lib/python3.12/site-packages/airflow/example_dags/example_sla_dag.py
[2024-11-26T18:53:00.718+0000] {processor.py:925} INFO - DAG(s) 'example_sla_dag' retrieved from /home/airflow/.local/lib/python3.12/site-packages/airflow/example_dags/example_sla_dag.py
[2024-11-26T18:53:00.732+0000] {logging_mixin.py:190} INFO - [2024-11-26T18:53:00.732+0000] {dag.py:3239} INFO - Sync 1 DAGs
[2024-11-26T18:53:00.751+0000] {logging_mixin.py:190} INFO - [2024-11-26T18:53:00.751+0000] {dag.py:4180} INFO - Setting next_dagrun for example_sla_dag to 2024-11-26 18:50:00+00:00, run_after=2024-11-26 18:52:00+00:00
[2024-11-26T18:53:00.765+0000] {processor.py:208} INFO - Processing /home/airflow/.local/lib/python3.12/site-packages/airflow/example_dags/example_sla_dag.py took 0.062 seconds
[2024-11-26T18:53:32.327+0000] {processor.py:186} INFO - Started process (PID=1463) to work on /home/airflow/.local/lib/python3.12/site-packages/airflow/example_dags/example_sla_dag.py
[2024-11-26T18:53:32.328+0000] {processor.py:914} INFO - Processing file /home/airflow/.local/lib/python3.12/site-packages/airflow/example_dags/example_sla_dag.py for tasks to queue
[2024-11-26T18:53:32.330+0000] {logging_mixin.py:190} INFO - [2024-11-26T18:53:32.329+0000] {dagbag.py:588} INFO - Filling up the DagBag from /home/airflow/.local/lib/python3.12/site-packages/airflow/example_dags/example_sla_dag.py
[2024-11-26T18:53:32.338+0000] {processor.py:925} INFO - DAG(s) 'example_sla_dag' retrieved from /home/airflow/.local/lib/python3.12/site-packages/airflow/example_dags/example_sla_dag.py
[2024-11-26T18:53:32.352+0000] {logging_mixin.py:190} INFO - [2024-11-26T18:53:32.352+0000] {dag.py:3239} INFO - Sync 1 DAGs
[2024-11-26T18:53:32.370+0000] {logging_mixin.py:190} INFO - [2024-11-26T18:53:32.370+0000] {dag.py:4180} INFO - Setting next_dagrun for example_sla_dag to 2024-11-26 18:50:00+00:00, run_after=2024-11-26 18:52:00+00:00
[2024-11-26T18:53:32.386+0000] {processor.py:208} INFO - Processing /home/airflow/.local/lib/python3.12/site-packages/airflow/example_dags/example_sla_dag.py took 0.062 seconds
[2024-11-26T18:54:02.976+0000] {processor.py:186} INFO - Started process (PID=1538) to work on /home/airflow/.local/lib/python3.12/site-packages/airflow/example_dags/example_sla_dag.py
[2024-11-26T18:54:02.977+0000] {processor.py:914} INFO - Processing file /home/airflow/.local/lib/python3.12/site-packages/airflow/example_dags/example_sla_dag.py for tasks to queue
[2024-11-26T18:54:02.978+0000] {logging_mixin.py:190} INFO - [2024-11-26T18:54:02.978+0000] {dagbag.py:588} INFO - Filling up the DagBag from /home/airflow/.local/lib/python3.12/site-packages/airflow/example_dags/example_sla_dag.py
[2024-11-26T18:54:02.986+0000] {processor.py:925} INFO - DAG(s) 'example_sla_dag' retrieved from /home/airflow/.local/lib/python3.12/site-packages/airflow/example_dags/example_sla_dag.py
[2024-11-26T18:54:03.001+0000] {logging_mixin.py:190} INFO - [2024-11-26T18:54:03.001+0000] {dag.py:3239} INFO - Sync 1 DAGs
[2024-11-26T18:54:03.020+0000] {logging_mixin.py:190} INFO - [2024-11-26T18:54:03.020+0000] {dag.py:4180} INFO - Setting next_dagrun for example_sla_dag to 2024-11-26 18:52:00+00:00, run_after=2024-11-26 18:54:00+00:00
[2024-11-26T18:54:03.034+0000] {processor.py:208} INFO - Processing /home/airflow/.local/lib/python3.12/site-packages/airflow/example_dags/example_sla_dag.py took 0.062 seconds
[2024-11-26T18:54:34.392+0000] {processor.py:186} INFO - Started process (PID=1613) to work on /home/airflow/.local/lib/python3.12/site-packages/airflow/example_dags/example_sla_dag.py
[2024-11-26T18:54:34.393+0000] {processor.py:914} INFO - Processing file /home/airflow/.local/lib/python3.12/site-packages/airflow/example_dags/example_sla_dag.py for tasks to queue
[2024-11-26T18:54:34.395+0000] {logging_mixin.py:190} INFO - [2024-11-26T18:54:34.395+0000] {dagbag.py:588} INFO - Filling up the DagBag from /home/airflow/.local/lib/python3.12/site-packages/airflow/example_dags/example_sla_dag.py
[2024-11-26T18:54:34.405+0000] {processor.py:925} INFO - DAG(s) 'example_sla_dag' retrieved from /home/airflow/.local/lib/python3.12/site-packages/airflow/example_dags/example_sla_dag.py
[2024-11-26T18:54:34.420+0000] {logging_mixin.py:190} INFO - [2024-11-26T18:54:34.420+0000] {dag.py:3239} INFO - Sync 1 DAGs
[2024-11-26T18:54:34.440+0000] {logging_mixin.py:190} INFO - [2024-11-26T18:54:34.439+0000] {dag.py:4180} INFO - Setting next_dagrun for example_sla_dag to 2024-11-26 18:52:00+00:00, run_after=2024-11-26 18:54:00+00:00
[2024-11-26T18:54:34.455+0000] {processor.py:208} INFO - Processing /home/airflow/.local/lib/python3.12/site-packages/airflow/example_dags/example_sla_dag.py took 0.067 seconds
[2024-11-26T18:55:05.531+0000] {processor.py:186} INFO - Started process (PID=1689) to work on /home/airflow/.local/lib/python3.12/site-packages/airflow/example_dags/example_sla_dag.py
[2024-11-26T18:55:05.532+0000] {processor.py:914} INFO - Processing file /home/airflow/.local/lib/python3.12/site-packages/airflow/example_dags/example_sla_dag.py for tasks to queue
[2024-11-26T18:55:05.533+0000] {logging_mixin.py:190} INFO - [2024-11-26T18:55:05.533+0000] {dagbag.py:588} INFO - Filling up the DagBag from /home/airflow/.local/lib/python3.12/site-packages/airflow/example_dags/example_sla_dag.py
[2024-11-26T18:55:05.540+0000] {processor.py:925} INFO - DAG(s) 'example_sla_dag' retrieved from /home/airflow/.local/lib/python3.12/site-packages/airflow/example_dags/example_sla_dag.py
[2024-11-26T18:55:05.555+0000] {logging_mixin.py:190} INFO - [2024-11-26T18:55:05.555+0000] {dag.py:3239} INFO - Sync 1 DAGs
[2024-11-26T18:55:05.574+0000] {logging_mixin.py:190} INFO - [2024-11-26T18:55:05.574+0000] {dag.py:4180} INFO - Setting next_dagrun for example_sla_dag to 2024-11-26 18:52:00+00:00, run_after=2024-11-26 18:54:00+00:00
[2024-11-26T18:55:05.589+0000] {processor.py:208} INFO - Processing /home/airflow/.local/lib/python3.12/site-packages/airflow/example_dags/example_sla_dag.py took 0.062 seconds
[2024-11-26T18:55:36.854+0000] {processor.py:186} INFO - Started process (PID=1763) to work on /home/airflow/.local/lib/python3.12/site-packages/airflow/example_dags/example_sla_dag.py
[2024-11-26T18:55:36.855+0000] {processor.py:914} INFO - Processing file /home/airflow/.local/lib/python3.12/site-packages/airflow/example_dags/example_sla_dag.py for tasks to queue
[2024-11-26T18:55:36.856+0000] {logging_mixin.py:190} INFO - [2024-11-26T18:55:36.856+0000] {dagbag.py:588} INFO - Filling up the DagBag from /home/airflow/.local/lib/python3.12/site-packages/airflow/example_dags/example_sla_dag.py
[2024-11-26T18:55:36.864+0000] {processor.py:925} INFO - DAG(s) 'example_sla_dag' retrieved from /home/airflow/.local/lib/python3.12/site-packages/airflow/example_dags/example_sla_dag.py
[2024-11-26T18:55:36.878+0000] {logging_mixin.py:190} INFO - [2024-11-26T18:55:36.878+0000] {dag.py:3239} INFO - Sync 1 DAGs
[2024-11-26T18:55:36.897+0000] {logging_mixin.py:190} INFO - [2024-11-26T18:55:36.897+0000] {dag.py:4180} INFO - Setting next_dagrun for example_sla_dag to 2024-11-26 18:52:00+00:00, run_after=2024-11-26 18:54:00+00:00
[2024-11-26T18:55:36.911+0000] {processor.py:208} INFO - Processing /home/airflow/.local/lib/python3.12/site-packages/airflow/example_dags/example_sla_dag.py took 0.061 seconds
[2024-11-26T18:56:08.325+0000] {processor.py:186} INFO - Started process (PID=1837) to work on /home/airflow/.local/lib/python3.12/site-packages/airflow/example_dags/example_sla_dag.py
[2024-11-26T18:56:08.326+0000] {processor.py:914} INFO - Processing file /home/airflow/.local/lib/python3.12/site-packages/airflow/example_dags/example_sla_dag.py for tasks to queue
[2024-11-26T18:56:08.328+0000] {logging_mixin.py:190} INFO - [2024-11-26T18:56:08.328+0000] {dagbag.py:588} INFO - Filling up the DagBag from /home/airflow/.local/lib/python3.12/site-packages/airflow/example_dags/example_sla_dag.py
[2024-11-26T18:56:08.335+0000] {processor.py:925} INFO - DAG(s) 'example_sla_dag' retrieved from /home/airflow/.local/lib/python3.12/site-packages/airflow/example_dags/example_sla_dag.py
[2024-11-26T18:56:08.349+0000] {logging_mixin.py:190} INFO - [2024-11-26T18:56:08.349+0000] {dag.py:3239} INFO - Sync 1 DAGs
[2024-11-26T18:56:08.369+0000] {logging_mixin.py:190} INFO - [2024-11-26T18:56:08.369+0000] {dag.py:4180} INFO - Setting next_dagrun for example_sla_dag to 2024-11-26 18:54:00+00:00, run_after=2024-11-26 18:56:00+00:00
[2024-11-26T18:56:08.384+0000] {processor.py:208} INFO - Processing /home/airflow/.local/lib/python3.12/site-packages/airflow/example_dags/example_sla_dag.py took 0.064 seconds
[2024-11-26T18:56:39.736+0000] {processor.py:186} INFO - Started process (PID=1912) to work on /home/airflow/.local/lib/python3.12/site-packages/airflow/example_dags/example_sla_dag.py
[2024-11-26T18:56:39.737+0000] {processor.py:914} INFO - Processing file /home/airflow/.local/lib/python3.12/site-packages/airflow/example_dags/example_sla_dag.py for tasks to queue
[2024-11-26T18:56:39.738+0000] {logging_mixin.py:190} INFO - [2024-11-26T18:56:39.738+0000] {dagbag.py:588} INFO - Filling up the DagBag from /home/airflow/.local/lib/python3.12/site-packages/airflow/example_dags/example_sla_dag.py
[2024-11-26T18:56:39.745+0000] {processor.py:925} INFO - DAG(s) 'example_sla_dag' retrieved from /home/airflow/.local/lib/python3.12/site-packages/airflow/example_dags/example_sla_dag.py
[2024-11-26T18:56:39.760+0000] {logging_mixin.py:190} INFO - [2024-11-26T18:56:39.760+0000] {dag.py:3239} INFO - Sync 1 DAGs
[2024-11-26T18:56:39.779+0000] {logging_mixin.py:190} INFO - [2024-11-26T18:56:39.779+0000] {dag.py:4180} INFO - Setting next_dagrun for example_sla_dag to 2024-11-26 18:54:00+00:00, run_after=2024-11-26 18:56:00+00:00
[2024-11-26T18:56:39.792+0000] {processor.py:208} INFO - Processing /home/airflow/.local/lib/python3.12/site-packages/airflow/example_dags/example_sla_dag.py took 0.060 seconds
[2024-11-26T18:57:10.637+0000] {processor.py:186} INFO - Started process (PID=1987) to work on /home/airflow/.local/lib/python3.12/site-packages/airflow/example_dags/example_sla_dag.py
[2024-11-26T18:57:10.638+0000] {processor.py:914} INFO - Processing file /home/airflow/.local/lib/python3.12/site-packages/airflow/example_dags/example_sla_dag.py for tasks to queue
[2024-11-26T18:57:10.641+0000] {logging_mixin.py:190} INFO - [2024-11-26T18:57:10.640+0000] {dagbag.py:588} INFO - Filling up the DagBag from /home/airflow/.local/lib/python3.12/site-packages/airflow/example_dags/example_sla_dag.py
[2024-11-26T18:57:10.648+0000] {processor.py:925} INFO - DAG(s) 'example_sla_dag' retrieved from /home/airflow/.local/lib/python3.12/site-packages/airflow/example_dags/example_sla_dag.py
[2024-11-26T18:57:10.663+0000] {logging_mixin.py:190} INFO - [2024-11-26T18:57:10.663+0000] {dag.py:3239} INFO - Sync 1 DAGs
[2024-11-26T18:57:10.682+0000] {logging_mixin.py:190} INFO - [2024-11-26T18:57:10.682+0000] {dag.py:4180} INFO - Setting next_dagrun for example_sla_dag to 2024-11-26 18:54:00+00:00, run_after=2024-11-26 18:56:00+00:00
[2024-11-26T18:57:10.697+0000] {processor.py:208} INFO - Processing /home/airflow/.local/lib/python3.12/site-packages/airflow/example_dags/example_sla_dag.py took 0.063 seconds
[2024-11-26T18:57:41.849+0000] {processor.py:186} INFO - Started process (PID=2069) to work on /home/airflow/.local/lib/python3.12/site-packages/airflow/example_dags/example_sla_dag.py
[2024-11-26T18:57:41.850+0000] {processor.py:914} INFO - Processing file /home/airflow/.local/lib/python3.12/site-packages/airflow/example_dags/example_sla_dag.py for tasks to queue
[2024-11-26T18:57:41.851+0000] {logging_mixin.py:190} INFO - [2024-11-26T18:57:41.851+0000] {dagbag.py:588} INFO - Filling up the DagBag from /home/airflow/.local/lib/python3.12/site-packages/airflow/example_dags/example_sla_dag.py
[2024-11-26T18:57:41.860+0000] {processor.py:925} INFO - DAG(s) 'example_sla_dag' retrieved from /home/airflow/.local/lib/python3.12/site-packages/airflow/example_dags/example_sla_dag.py
[2024-11-26T18:57:41.877+0000] {logging_mixin.py:190} INFO - [2024-11-26T18:57:41.876+0000] {dag.py:3239} INFO - Sync 1 DAGs
[2024-11-26T18:57:41.898+0000] {logging_mixin.py:190} INFO - [2024-11-26T18:57:41.898+0000] {dag.py:4180} INFO - Setting next_dagrun for example_sla_dag to 2024-11-26 18:54:00+00:00, run_after=2024-11-26 18:56:00+00:00
[2024-11-26T18:57:41.917+0000] {processor.py:208} INFO - Processing /home/airflow/.local/lib/python3.12/site-packages/airflow/example_dags/example_sla_dag.py took 0.073 seconds
[2024-11-26T18:58:13.082+0000] {processor.py:186} INFO - Started process (PID=2144) to work on /home/airflow/.local/lib/python3.12/site-packages/airflow/example_dags/example_sla_dag.py
[2024-11-26T18:58:13.083+0000] {processor.py:914} INFO - Processing file /home/airflow/.local/lib/python3.12/site-packages/airflow/example_dags/example_sla_dag.py for tasks to queue
[2024-11-26T18:58:13.085+0000] {logging_mixin.py:190} INFO - [2024-11-26T18:58:13.084+0000] {dagbag.py:588} INFO - Filling up the DagBag from /home/airflow/.local/lib/python3.12/site-packages/airflow/example_dags/example_sla_dag.py
[2024-11-26T18:58:13.092+0000] {processor.py:925} INFO - DAG(s) 'example_sla_dag' retrieved from /home/airflow/.local/lib/python3.12/site-packages/airflow/example_dags/example_sla_dag.py
[2024-11-26T18:58:13.110+0000] {logging_mixin.py:190} INFO - [2024-11-26T18:58:13.110+0000] {dag.py:3239} INFO - Sync 1 DAGs
[2024-11-26T18:58:13.131+0000] {logging_mixin.py:190} INFO - [2024-11-26T18:58:13.131+0000] {dag.py:4180} INFO - Setting next_dagrun for example_sla_dag to 2024-11-26 18:56:00+00:00, run_after=2024-11-26 18:58:00+00:00
[2024-11-26T18:58:13.146+0000] {processor.py:208} INFO - Processing /home/airflow/.local/lib/python3.12/site-packages/airflow/example_dags/example_sla_dag.py took 0.068 seconds
[2024-11-26T18:58:43.694+0000] {processor.py:186} INFO - Started process (PID=2218) to work on /home/airflow/.local/lib/python3.12/site-packages/airflow/example_dags/example_sla_dag.py
[2024-11-26T18:58:43.695+0000] {processor.py:914} INFO - Processing file /home/airflow/.local/lib/python3.12/site-packages/airflow/example_dags/example_sla_dag.py for tasks to queue
[2024-11-26T18:58:43.697+0000] {logging_mixin.py:190} INFO - [2024-11-26T18:58:43.696+0000] {dagbag.py:588} INFO - Filling up the DagBag from /home/airflow/.local/lib/python3.12/site-packages/airflow/example_dags/example_sla_dag.py
[2024-11-26T18:58:43.704+0000] {processor.py:925} INFO - DAG(s) 'example_sla_dag' retrieved from /home/airflow/.local/lib/python3.12/site-packages/airflow/example_dags/example_sla_dag.py
[2024-11-26T18:58:43.719+0000] {logging_mixin.py:190} INFO - [2024-11-26T18:58:43.719+0000] {dag.py:3239} INFO - Sync 1 DAGs
[2024-11-26T18:58:43.738+0000] {logging_mixin.py:190} INFO - [2024-11-26T18:58:43.737+0000] {dag.py:4180} INFO - Setting next_dagrun for example_sla_dag to 2024-11-26 18:56:00+00:00, run_after=2024-11-26 18:58:00+00:00
[2024-11-26T18:58:43.751+0000] {processor.py:208} INFO - Processing /home/airflow/.local/lib/python3.12/site-packages/airflow/example_dags/example_sla_dag.py took 0.061 seconds
[2024-11-26T18:59:14.457+0000] {processor.py:186} INFO - Started process (PID=2293) to work on /home/airflow/.local/lib/python3.12/site-packages/airflow/example_dags/example_sla_dag.py
[2024-11-26T18:59:14.458+0000] {processor.py:914} INFO - Processing file /home/airflow/.local/lib/python3.12/site-packages/airflow/example_dags/example_sla_dag.py for tasks to queue
[2024-11-26T18:59:14.459+0000] {logging_mixin.py:190} INFO - [2024-11-26T18:59:14.459+0000] {dagbag.py:588} INFO - Filling up the DagBag from /home/airflow/.local/lib/python3.12/site-packages/airflow/example_dags/example_sla_dag.py
[2024-11-26T18:59:14.467+0000] {processor.py:925} INFO - DAG(s) 'example_sla_dag' retrieved from /home/airflow/.local/lib/python3.12/site-packages/airflow/example_dags/example_sla_dag.py
[2024-11-26T18:59:14.482+0000] {logging_mixin.py:190} INFO - [2024-11-26T18:59:14.482+0000] {dag.py:3239} INFO - Sync 1 DAGs
[2024-11-26T18:59:14.501+0000] {logging_mixin.py:190} INFO - [2024-11-26T18:59:14.500+0000] {dag.py:4180} INFO - Setting next_dagrun for example_sla_dag to 2024-11-26 18:56:00+00:00, run_after=2024-11-26 18:58:00+00:00
[2024-11-26T18:59:14.515+0000] {processor.py:208} INFO - Processing /home/airflow/.local/lib/python3.12/site-packages/airflow/example_dags/example_sla_dag.py took 0.062 seconds
[2024-11-26T18:59:45.199+0000] {processor.py:186} INFO - Started process (PID=2369) to work on /home/airflow/.local/lib/python3.12/site-packages/airflow/example_dags/example_sla_dag.py
[2024-11-26T18:59:45.201+0000] {processor.py:914} INFO - Processing file /home/airflow/.local/lib/python3.12/site-packages/airflow/example_dags/example_sla_dag.py for tasks to queue
[2024-11-26T18:59:45.203+0000] {logging_mixin.py:190} INFO - [2024-11-26T18:59:45.203+0000] {dagbag.py:588} INFO - Filling up the DagBag from /home/airflow/.local/lib/python3.12/site-packages/airflow/example_dags/example_sla_dag.py
[2024-11-26T18:59:45.211+0000] {processor.py:925} INFO - DAG(s) 'example_sla_dag' retrieved from /home/airflow/.local/lib/python3.12/site-packages/airflow/example_dags/example_sla_dag.py
[2024-11-26T18:59:45.227+0000] {logging_mixin.py:190} INFO - [2024-11-26T18:59:45.227+0000] {dag.py:3239} INFO - Sync 1 DAGs
[2024-11-26T18:59:45.247+0000] {logging_mixin.py:190} INFO - [2024-11-26T18:59:45.246+0000] {dag.py:4180} INFO - Setting next_dagrun for example_sla_dag to 2024-11-26 18:56:00+00:00, run_after=2024-11-26 18:58:00+00:00
[2024-11-26T18:59:45.262+0000] {processor.py:208} INFO - Processing /home/airflow/.local/lib/python3.12/site-packages/airflow/example_dags/example_sla_dag.py took 0.066 seconds
[2024-11-26T19:00:15.978+0000] {processor.py:186} INFO - Started process (PID=2444) to work on /home/airflow/.local/lib/python3.12/site-packages/airflow/example_dags/example_sla_dag.py
[2024-11-26T19:00:15.979+0000] {processor.py:914} INFO - Processing file /home/airflow/.local/lib/python3.12/site-packages/airflow/example_dags/example_sla_dag.py for tasks to queue
[2024-11-26T19:00:15.980+0000] {logging_mixin.py:190} INFO - [2024-11-26T19:00:15.980+0000] {dagbag.py:588} INFO - Filling up the DagBag from /home/airflow/.local/lib/python3.12/site-packages/airflow/example_dags/example_sla_dag.py
[2024-11-26T19:00:15.987+0000] {processor.py:925} INFO - DAG(s) 'example_sla_dag' retrieved from /home/airflow/.local/lib/python3.12/site-packages/airflow/example_dags/example_sla_dag.py
[2024-11-26T19:00:16.003+0000] {logging_mixin.py:190} INFO - [2024-11-26T19:00:16.002+0000] {dag.py:3239} INFO - Sync 1 DAGs
[2024-11-26T19:00:16.022+0000] {logging_mixin.py:190} INFO - [2024-11-26T19:00:16.022+0000] {dag.py:4180} INFO - Setting next_dagrun for example_sla_dag to 2024-11-26 18:58:00+00:00, run_after=2024-11-26 19:00:00+00:00
[2024-11-26T19:00:16.035+0000] {processor.py:208} INFO - Processing /home/airflow/.local/lib/python3.12/site-packages/airflow/example_dags/example_sla_dag.py took 0.061 seconds
[2024-11-26T19:00:46.688+0000] {processor.py:186} INFO - Started process (PID=2519) to work on /home/airflow/.local/lib/python3.12/site-packages/airflow/example_dags/example_sla_dag.py
[2024-11-26T19:00:46.689+0000] {processor.py:914} INFO - Processing file /home/airflow/.local/lib/python3.12/site-packages/airflow/example_dags/example_sla_dag.py for tasks to queue
[2024-11-26T19:00:46.691+0000] {logging_mixin.py:190} INFO - [2024-11-26T19:00:46.691+0000] {dagbag.py:588} INFO - Filling up the DagBag from /home/airflow/.local/lib/python3.12/site-packages/airflow/example_dags/example_sla_dag.py
[2024-11-26T19:00:46.698+0000] {processor.py:925} INFO - DAG(s) 'example_sla_dag' retrieved from /home/airflow/.local/lib/python3.12/site-packages/airflow/example_dags/example_sla_dag.py
[2024-11-26T19:00:46.713+0000] {logging_mixin.py:190} INFO - [2024-11-26T19:00:46.713+0000] {dag.py:3239} INFO - Sync 1 DAGs
[2024-11-26T19:00:46.733+0000] {logging_mixin.py:190} INFO - [2024-11-26T19:00:46.733+0000] {dag.py:4180} INFO - Setting next_dagrun for example_sla_dag to 2024-11-26 18:58:00+00:00, run_after=2024-11-26 19:00:00+00:00
[2024-11-26T19:00:46.746+0000] {processor.py:208} INFO - Processing /home/airflow/.local/lib/python3.12/site-packages/airflow/example_dags/example_sla_dag.py took 0.062 seconds
[2024-11-26T19:01:17.358+0000] {processor.py:186} INFO - Started process (PID=2594) to work on /home/airflow/.local/lib/python3.12/site-packages/airflow/example_dags/example_sla_dag.py
[2024-11-26T19:01:17.359+0000] {processor.py:914} INFO - Processing file /home/airflow/.local/lib/python3.12/site-packages/airflow/example_dags/example_sla_dag.py for tasks to queue
[2024-11-26T19:01:17.361+0000] {logging_mixin.py:190} INFO - [2024-11-26T19:01:17.360+0000] {dagbag.py:588} INFO - Filling up the DagBag from /home/airflow/.local/lib/python3.12/site-packages/airflow/example_dags/example_sla_dag.py
[2024-11-26T19:01:17.368+0000] {processor.py:925} INFO - DAG(s) 'example_sla_dag' retrieved from /home/airflow/.local/lib/python3.12/site-packages/airflow/example_dags/example_sla_dag.py
[2024-11-26T19:01:17.383+0000] {logging_mixin.py:190} INFO - [2024-11-26T19:01:17.383+0000] {dag.py:3239} INFO - Sync 1 DAGs
[2024-11-26T19:01:17.402+0000] {logging_mixin.py:190} INFO - [2024-11-26T19:01:17.402+0000] {dag.py:4180} INFO - Setting next_dagrun for example_sla_dag to 2024-11-26 18:58:00+00:00, run_after=2024-11-26 19:00:00+00:00
[2024-11-26T19:01:17.416+0000] {processor.py:208} INFO - Processing /home/airflow/.local/lib/python3.12/site-packages/airflow/example_dags/example_sla_dag.py took 0.061 seconds
