[2024-11-26T17:54:00.135+0000] {processor.py:186} INFO - Started process (PID=111) to work on /home/airflow/.local/lib/python3.12/site-packages/airflow/example_dags/example_branch_operator.py
[2024-11-26T17:54:00.135+0000] {processor.py:914} INFO - Processing file /home/airflow/.local/lib/python3.12/site-packages/airflow/example_dags/example_branch_operator.py for tasks to queue
[2024-11-26T17:54:00.137+0000] {logging_mixin.py:190} INFO - [2024-11-26T17:54:00.137+0000] {dagbag.py:588} INFO - Filling up the DagBag from /home/airflow/.local/lib/python3.12/site-packages/airflow/example_dags/example_branch_operator.py
[2024-11-26T17:54:00.154+0000] {processor.py:925} INFO - DAG(s) 'example_branch_operator' retrieved from /home/airflow/.local/lib/python3.12/site-packages/airflow/example_dags/example_branch_operator.py
[2024-11-26T17:54:00.246+0000] {logging_mixin.py:190} INFO - [2024-11-26T17:54:00.245+0000] {override.py:1911} INFO - Created Permission View: can read on DAG:example_branch_operator
[2024-11-26T17:54:00.253+0000] {logging_mixin.py:190} INFO - [2024-11-26T17:54:00.253+0000] {override.py:1911} INFO - Created Permission View: can delete on DAG:example_branch_operator
[2024-11-26T17:54:00.261+0000] {logging_mixin.py:190} INFO - [2024-11-26T17:54:00.260+0000] {override.py:1911} INFO - Created Permission View: can edit on DAG:example_branch_operator
[2024-11-26T17:54:00.267+0000] {logging_mixin.py:190} INFO - [2024-11-26T17:54:00.267+0000] {override.py:1911} INFO - Created Permission View: can create on DAG Run:example_branch_operator
[2024-11-26T17:54:00.275+0000] {logging_mixin.py:190} INFO - [2024-11-26T17:54:00.274+0000] {override.py:1911} INFO - Created Permission View: can read on DAG Run:example_branch_operator
[2024-11-26T17:54:00.280+0000] {logging_mixin.py:190} INFO - [2024-11-26T17:54:00.280+0000] {override.py:1911} INFO - Created Permission View: can delete on DAG Run:example_branch_operator
[2024-11-26T17:54:00.286+0000] {logging_mixin.py:190} INFO - [2024-11-26T17:54:00.286+0000] {override.py:1911} INFO - Created Permission View: menu access on DAG Run:example_branch_operator
[2024-11-26T17:54:00.287+0000] {logging_mixin.py:190} INFO - [2024-11-26T17:54:00.287+0000] {dag.py:3239} INFO - Sync 1 DAGs
[2024-11-26T17:54:00.298+0000] {logging_mixin.py:190} INFO - [2024-11-26T17:54:00.297+0000] {dag.py:3262} INFO - Creating ORM DAG for example_branch_operator
[2024-11-26T17:54:00.307+0000] {logging_mixin.py:190} INFO - [2024-11-26T17:54:00.307+0000] {dag.py:4180} INFO - Setting next_dagrun for example_branch_operator to 2024-11-25 00:00:00+00:00, run_after=2024-11-26 00:00:00+00:00
[2024-11-26T17:54:00.322+0000] {processor.py:208} INFO - Processing /home/airflow/.local/lib/python3.12/site-packages/airflow/example_dags/example_branch_operator.py took 0.192 seconds
[2024-11-26T17:54:30.553+0000] {processor.py:186} INFO - Started process (PID=173) to work on /home/airflow/.local/lib/python3.12/site-packages/airflow/example_dags/example_branch_operator.py
[2024-11-26T17:54:30.554+0000] {processor.py:914} INFO - Processing file /home/airflow/.local/lib/python3.12/site-packages/airflow/example_dags/example_branch_operator.py for tasks to queue
[2024-11-26T17:54:30.557+0000] {logging_mixin.py:190} INFO - [2024-11-26T17:54:30.557+0000] {dagbag.py:588} INFO - Filling up the DagBag from /home/airflow/.local/lib/python3.12/site-packages/airflow/example_dags/example_branch_operator.py
[2024-11-26T17:54:30.577+0000] {processor.py:925} INFO - DAG(s) 'example_branch_operator' retrieved from /home/airflow/.local/lib/python3.12/site-packages/airflow/example_dags/example_branch_operator.py
[2024-11-26T17:54:30.608+0000] {logging_mixin.py:190} INFO - [2024-11-26T17:54:30.608+0000] {dag.py:3239} INFO - Sync 1 DAGs
[2024-11-26T17:54:30.627+0000] {logging_mixin.py:190} INFO - [2024-11-26T17:54:30.626+0000] {dag.py:4180} INFO - Setting next_dagrun for example_branch_operator to 2024-11-25 00:00:00+00:00, run_after=2024-11-26 00:00:00+00:00
[2024-11-26T17:54:30.646+0000] {processor.py:208} INFO - Processing /home/airflow/.local/lib/python3.12/site-packages/airflow/example_dags/example_branch_operator.py took 0.098 seconds
[2024-11-26T17:55:00.893+0000] {processor.py:186} INFO - Started process (PID=236) to work on /home/airflow/.local/lib/python3.12/site-packages/airflow/example_dags/example_branch_operator.py
[2024-11-26T17:55:00.894+0000] {processor.py:914} INFO - Processing file /home/airflow/.local/lib/python3.12/site-packages/airflow/example_dags/example_branch_operator.py for tasks to queue
[2024-11-26T17:55:00.896+0000] {logging_mixin.py:190} INFO - [2024-11-26T17:55:00.896+0000] {dagbag.py:588} INFO - Filling up the DagBag from /home/airflow/.local/lib/python3.12/site-packages/airflow/example_dags/example_branch_operator.py
[2024-11-26T17:55:00.912+0000] {processor.py:925} INFO - DAG(s) 'example_branch_operator' retrieved from /home/airflow/.local/lib/python3.12/site-packages/airflow/example_dags/example_branch_operator.py
[2024-11-26T17:55:00.938+0000] {logging_mixin.py:190} INFO - [2024-11-26T17:55:00.938+0000] {dag.py:3239} INFO - Sync 1 DAGs
[2024-11-26T17:55:00.958+0000] {logging_mixin.py:190} INFO - [2024-11-26T17:55:00.958+0000] {dag.py:4180} INFO - Setting next_dagrun for example_branch_operator to 2024-11-25 00:00:00+00:00, run_after=2024-11-26 00:00:00+00:00
[2024-11-26T17:55:00.975+0000] {processor.py:208} INFO - Processing /home/airflow/.local/lib/python3.12/site-packages/airflow/example_dags/example_branch_operator.py took 0.086 seconds
[2024-11-26T17:55:31.056+0000] {processor.py:186} INFO - Started process (PID=298) to work on /home/airflow/.local/lib/python3.12/site-packages/airflow/example_dags/example_branch_operator.py
[2024-11-26T17:55:31.057+0000] {processor.py:914} INFO - Processing file /home/airflow/.local/lib/python3.12/site-packages/airflow/example_dags/example_branch_operator.py for tasks to queue
[2024-11-26T17:55:31.058+0000] {logging_mixin.py:190} INFO - [2024-11-26T17:55:31.058+0000] {dagbag.py:588} INFO - Filling up the DagBag from /home/airflow/.local/lib/python3.12/site-packages/airflow/example_dags/example_branch_operator.py
[2024-11-26T17:55:31.071+0000] {processor.py:925} INFO - DAG(s) 'example_branch_operator' retrieved from /home/airflow/.local/lib/python3.12/site-packages/airflow/example_dags/example_branch_operator.py
[2024-11-26T17:55:31.094+0000] {logging_mixin.py:190} INFO - [2024-11-26T17:55:31.093+0000] {dag.py:3239} INFO - Sync 1 DAGs
[2024-11-26T17:55:31.116+0000] {logging_mixin.py:190} INFO - [2024-11-26T17:55:31.115+0000] {dag.py:4180} INFO - Setting next_dagrun for example_branch_operator to 2024-11-25 00:00:00+00:00, run_after=2024-11-26 00:00:00+00:00
[2024-11-26T17:55:31.135+0000] {processor.py:208} INFO - Processing /home/airflow/.local/lib/python3.12/site-packages/airflow/example_dags/example_branch_operator.py took 0.083 seconds
[2024-11-26T17:56:01.313+0000] {processor.py:186} INFO - Started process (PID=361) to work on /home/airflow/.local/lib/python3.12/site-packages/airflow/example_dags/example_branch_operator.py
[2024-11-26T17:56:01.314+0000] {processor.py:914} INFO - Processing file /home/airflow/.local/lib/python3.12/site-packages/airflow/example_dags/example_branch_operator.py for tasks to queue
[2024-11-26T17:56:01.316+0000] {logging_mixin.py:190} INFO - [2024-11-26T17:56:01.316+0000] {dagbag.py:588} INFO - Filling up the DagBag from /home/airflow/.local/lib/python3.12/site-packages/airflow/example_dags/example_branch_operator.py
[2024-11-26T17:56:01.331+0000] {processor.py:925} INFO - DAG(s) 'example_branch_operator' retrieved from /home/airflow/.local/lib/python3.12/site-packages/airflow/example_dags/example_branch_operator.py
[2024-11-26T17:56:01.355+0000] {logging_mixin.py:190} INFO - [2024-11-26T17:56:01.355+0000] {dag.py:3239} INFO - Sync 1 DAGs
[2024-11-26T17:56:01.374+0000] {logging_mixin.py:190} INFO - [2024-11-26T17:56:01.374+0000] {dag.py:4180} INFO - Setting next_dagrun for example_branch_operator to 2024-11-25 00:00:00+00:00, run_after=2024-11-26 00:00:00+00:00
[2024-11-26T17:56:01.391+0000] {processor.py:208} INFO - Processing /home/airflow/.local/lib/python3.12/site-packages/airflow/example_dags/example_branch_operator.py took 0.082 seconds
[2024-11-26T17:56:32.223+0000] {processor.py:186} INFO - Started process (PID=424) to work on /home/airflow/.local/lib/python3.12/site-packages/airflow/example_dags/example_branch_operator.py
[2024-11-26T17:56:32.223+0000] {processor.py:914} INFO - Processing file /home/airflow/.local/lib/python3.12/site-packages/airflow/example_dags/example_branch_operator.py for tasks to queue
[2024-11-26T17:56:32.225+0000] {logging_mixin.py:190} INFO - [2024-11-26T17:56:32.225+0000] {dagbag.py:588} INFO - Filling up the DagBag from /home/airflow/.local/lib/python3.12/site-packages/airflow/example_dags/example_branch_operator.py
[2024-11-26T17:56:32.237+0000] {processor.py:925} INFO - DAG(s) 'example_branch_operator' retrieved from /home/airflow/.local/lib/python3.12/site-packages/airflow/example_dags/example_branch_operator.py
[2024-11-26T17:56:32.262+0000] {logging_mixin.py:190} INFO - [2024-11-26T17:56:32.262+0000] {dag.py:3239} INFO - Sync 1 DAGs
[2024-11-26T17:56:32.280+0000] {logging_mixin.py:190} INFO - [2024-11-26T17:56:32.280+0000] {dag.py:4180} INFO - Setting next_dagrun for example_branch_operator to 2024-11-25 00:00:00+00:00, run_after=2024-11-26 00:00:00+00:00
[2024-11-26T17:56:32.298+0000] {processor.py:208} INFO - Processing /home/airflow/.local/lib/python3.12/site-packages/airflow/example_dags/example_branch_operator.py took 0.079 seconds
[2024-11-26T17:57:03.162+0000] {processor.py:186} INFO - Started process (PID=487) to work on /home/airflow/.local/lib/python3.12/site-packages/airflow/example_dags/example_branch_operator.py
[2024-11-26T17:57:03.162+0000] {processor.py:914} INFO - Processing file /home/airflow/.local/lib/python3.12/site-packages/airflow/example_dags/example_branch_operator.py for tasks to queue
[2024-11-26T17:57:03.164+0000] {logging_mixin.py:190} INFO - [2024-11-26T17:57:03.164+0000] {dagbag.py:588} INFO - Filling up the DagBag from /home/airflow/.local/lib/python3.12/site-packages/airflow/example_dags/example_branch_operator.py
[2024-11-26T17:57:03.179+0000] {processor.py:925} INFO - DAG(s) 'example_branch_operator' retrieved from /home/airflow/.local/lib/python3.12/site-packages/airflow/example_dags/example_branch_operator.py
[2024-11-26T17:57:03.203+0000] {logging_mixin.py:190} INFO - [2024-11-26T17:57:03.203+0000] {dag.py:3239} INFO - Sync 1 DAGs
[2024-11-26T17:57:03.223+0000] {logging_mixin.py:190} INFO - [2024-11-26T17:57:03.223+0000] {dag.py:4180} INFO - Setting next_dagrun for example_branch_operator to 2024-11-25 00:00:00+00:00, run_after=2024-11-26 00:00:00+00:00
[2024-11-26T17:57:03.239+0000] {processor.py:208} INFO - Processing /home/airflow/.local/lib/python3.12/site-packages/airflow/example_dags/example_branch_operator.py took 0.082 seconds
[2024-11-26T17:57:34.092+0000] {processor.py:186} INFO - Started process (PID=550) to work on /home/airflow/.local/lib/python3.12/site-packages/airflow/example_dags/example_branch_operator.py
[2024-11-26T17:57:34.093+0000] {processor.py:914} INFO - Processing file /home/airflow/.local/lib/python3.12/site-packages/airflow/example_dags/example_branch_operator.py for tasks to queue
[2024-11-26T17:57:34.094+0000] {logging_mixin.py:190} INFO - [2024-11-26T17:57:34.094+0000] {dagbag.py:588} INFO - Filling up the DagBag from /home/airflow/.local/lib/python3.12/site-packages/airflow/example_dags/example_branch_operator.py
[2024-11-26T17:57:34.107+0000] {processor.py:925} INFO - DAG(s) 'example_branch_operator' retrieved from /home/airflow/.local/lib/python3.12/site-packages/airflow/example_dags/example_branch_operator.py
[2024-11-26T17:57:34.139+0000] {logging_mixin.py:190} INFO - [2024-11-26T17:57:34.139+0000] {dag.py:3239} INFO - Sync 1 DAGs
[2024-11-26T17:57:34.165+0000] {logging_mixin.py:190} INFO - [2024-11-26T17:57:34.164+0000] {dag.py:4180} INFO - Setting next_dagrun for example_branch_operator to 2024-11-25 00:00:00+00:00, run_after=2024-11-26 00:00:00+00:00
[2024-11-26T17:57:34.185+0000] {processor.py:208} INFO - Processing /home/airflow/.local/lib/python3.12/site-packages/airflow/example_dags/example_branch_operator.py took 0.097 seconds
[2024-11-26T17:58:04.740+0000] {processor.py:186} INFO - Started process (PID=612) to work on /home/airflow/.local/lib/python3.12/site-packages/airflow/example_dags/example_branch_operator.py
[2024-11-26T17:58:04.741+0000] {processor.py:914} INFO - Processing file /home/airflow/.local/lib/python3.12/site-packages/airflow/example_dags/example_branch_operator.py for tasks to queue
[2024-11-26T17:58:04.743+0000] {logging_mixin.py:190} INFO - [2024-11-26T17:58:04.742+0000] {dagbag.py:588} INFO - Filling up the DagBag from /home/airflow/.local/lib/python3.12/site-packages/airflow/example_dags/example_branch_operator.py
[2024-11-26T17:58:04.756+0000] {processor.py:925} INFO - DAG(s) 'example_branch_operator' retrieved from /home/airflow/.local/lib/python3.12/site-packages/airflow/example_dags/example_branch_operator.py
[2024-11-26T17:58:04.779+0000] {logging_mixin.py:190} INFO - [2024-11-26T17:58:04.779+0000] {dag.py:3239} INFO - Sync 1 DAGs
[2024-11-26T17:58:04.799+0000] {logging_mixin.py:190} INFO - [2024-11-26T17:58:04.799+0000] {dag.py:4180} INFO - Setting next_dagrun for example_branch_operator to 2024-11-25 00:00:00+00:00, run_after=2024-11-26 00:00:00+00:00
[2024-11-26T17:58:04.813+0000] {processor.py:208} INFO - Processing /home/airflow/.local/lib/python3.12/site-packages/airflow/example_dags/example_branch_operator.py took 0.078 seconds
[2024-11-26T17:58:35.148+0000] {processor.py:186} INFO - Started process (PID=675) to work on /home/airflow/.local/lib/python3.12/site-packages/airflow/example_dags/example_branch_operator.py
[2024-11-26T17:58:35.149+0000] {processor.py:914} INFO - Processing file /home/airflow/.local/lib/python3.12/site-packages/airflow/example_dags/example_branch_operator.py for tasks to queue
[2024-11-26T17:58:35.151+0000] {logging_mixin.py:190} INFO - [2024-11-26T17:58:35.151+0000] {dagbag.py:588} INFO - Filling up the DagBag from /home/airflow/.local/lib/python3.12/site-packages/airflow/example_dags/example_branch_operator.py
[2024-11-26T17:58:35.166+0000] {processor.py:925} INFO - DAG(s) 'example_branch_operator' retrieved from /home/airflow/.local/lib/python3.12/site-packages/airflow/example_dags/example_branch_operator.py
[2024-11-26T17:58:35.190+0000] {logging_mixin.py:190} INFO - [2024-11-26T17:58:35.190+0000] {dag.py:3239} INFO - Sync 1 DAGs
[2024-11-26T17:58:35.214+0000] {logging_mixin.py:190} INFO - [2024-11-26T17:58:35.213+0000] {dag.py:4180} INFO - Setting next_dagrun for example_branch_operator to 2024-11-25 00:00:00+00:00, run_after=2024-11-26 00:00:00+00:00
[2024-11-26T17:58:35.230+0000] {processor.py:208} INFO - Processing /home/airflow/.local/lib/python3.12/site-packages/airflow/example_dags/example_branch_operator.py took 0.086 seconds
[2024-11-26T17:59:05.548+0000] {processor.py:186} INFO - Started process (PID=738) to work on /home/airflow/.local/lib/python3.12/site-packages/airflow/example_dags/example_branch_operator.py
[2024-11-26T17:59:05.549+0000] {processor.py:914} INFO - Processing file /home/airflow/.local/lib/python3.12/site-packages/airflow/example_dags/example_branch_operator.py for tasks to queue
[2024-11-26T17:59:05.550+0000] {logging_mixin.py:190} INFO - [2024-11-26T17:59:05.550+0000] {dagbag.py:588} INFO - Filling up the DagBag from /home/airflow/.local/lib/python3.12/site-packages/airflow/example_dags/example_branch_operator.py
[2024-11-26T17:59:05.563+0000] {processor.py:925} INFO - DAG(s) 'example_branch_operator' retrieved from /home/airflow/.local/lib/python3.12/site-packages/airflow/example_dags/example_branch_operator.py
[2024-11-26T17:59:05.586+0000] {logging_mixin.py:190} INFO - [2024-11-26T17:59:05.586+0000] {dag.py:3239} INFO - Sync 1 DAGs
[2024-11-26T17:59:05.604+0000] {logging_mixin.py:190} INFO - [2024-11-26T17:59:05.604+0000] {dag.py:4180} INFO - Setting next_dagrun for example_branch_operator to 2024-11-25 00:00:00+00:00, run_after=2024-11-26 00:00:00+00:00
[2024-11-26T17:59:05.618+0000] {processor.py:208} INFO - Processing /home/airflow/.local/lib/python3.12/site-packages/airflow/example_dags/example_branch_operator.py took 0.074 seconds
[2024-11-26T18:06:08.748+0000] {processor.py:186} INFO - Started process (PID=106) to work on /home/airflow/.local/lib/python3.12/site-packages/airflow/example_dags/example_branch_operator.py
[2024-11-26T18:06:08.749+0000] {processor.py:914} INFO - Processing file /home/airflow/.local/lib/python3.12/site-packages/airflow/example_dags/example_branch_operator.py for tasks to queue
[2024-11-26T18:06:08.751+0000] {logging_mixin.py:190} INFO - [2024-11-26T18:06:08.750+0000] {dagbag.py:588} INFO - Filling up the DagBag from /home/airflow/.local/lib/python3.12/site-packages/airflow/example_dags/example_branch_operator.py
[2024-11-26T18:06:08.764+0000] {processor.py:925} INFO - DAG(s) 'example_branch_operator' retrieved from /home/airflow/.local/lib/python3.12/site-packages/airflow/example_dags/example_branch_operator.py
[2024-11-26T18:06:08.862+0000] {logging_mixin.py:190} INFO - [2024-11-26T18:06:08.861+0000] {dag.py:3239} INFO - Sync 1 DAGs
[2024-11-26T18:06:08.879+0000] {logging_mixin.py:190} INFO - [2024-11-26T18:06:08.878+0000] {dag.py:4180} INFO - Setting next_dagrun for example_branch_operator to 2024-11-25 00:00:00+00:00, run_after=2024-11-26 00:00:00+00:00
[2024-11-26T18:06:08.894+0000] {processor.py:208} INFO - Processing /home/airflow/.local/lib/python3.12/site-packages/airflow/example_dags/example_branch_operator.py took 0.151 seconds
[2024-11-26T18:06:40.099+0000] {processor.py:186} INFO - Started process (PID=170) to work on /home/airflow/.local/lib/python3.12/site-packages/airflow/example_dags/example_branch_operator.py
[2024-11-26T18:06:40.099+0000] {processor.py:914} INFO - Processing file /home/airflow/.local/lib/python3.12/site-packages/airflow/example_dags/example_branch_operator.py for tasks to queue
[2024-11-26T18:06:40.101+0000] {logging_mixin.py:190} INFO - [2024-11-26T18:06:40.101+0000] {dagbag.py:588} INFO - Filling up the DagBag from /home/airflow/.local/lib/python3.12/site-packages/airflow/example_dags/example_branch_operator.py
[2024-11-26T18:06:40.115+0000] {processor.py:925} INFO - DAG(s) 'example_branch_operator' retrieved from /home/airflow/.local/lib/python3.12/site-packages/airflow/example_dags/example_branch_operator.py
[2024-11-26T18:06:40.142+0000] {logging_mixin.py:190} INFO - [2024-11-26T18:06:40.141+0000] {dag.py:3239} INFO - Sync 1 DAGs
[2024-11-26T18:06:40.160+0000] {logging_mixin.py:190} INFO - [2024-11-26T18:06:40.160+0000] {dag.py:4180} INFO - Setting next_dagrun for example_branch_operator to 2024-11-25 00:00:00+00:00, run_after=2024-11-26 00:00:00+00:00
[2024-11-26T18:06:40.176+0000] {processor.py:208} INFO - Processing /home/airflow/.local/lib/python3.12/site-packages/airflow/example_dags/example_branch_operator.py took 0.082 seconds
[2024-11-26T18:07:11.159+0000] {processor.py:186} INFO - Started process (PID=234) to work on /home/airflow/.local/lib/python3.12/site-packages/airflow/example_dags/example_branch_operator.py
[2024-11-26T18:07:11.160+0000] {processor.py:914} INFO - Processing file /home/airflow/.local/lib/python3.12/site-packages/airflow/example_dags/example_branch_operator.py for tasks to queue
[2024-11-26T18:07:11.161+0000] {logging_mixin.py:190} INFO - [2024-11-26T18:07:11.161+0000] {dagbag.py:588} INFO - Filling up the DagBag from /home/airflow/.local/lib/python3.12/site-packages/airflow/example_dags/example_branch_operator.py
[2024-11-26T18:07:11.174+0000] {processor.py:925} INFO - DAG(s) 'example_branch_operator' retrieved from /home/airflow/.local/lib/python3.12/site-packages/airflow/example_dags/example_branch_operator.py
[2024-11-26T18:07:11.196+0000] {logging_mixin.py:190} INFO - [2024-11-26T18:07:11.196+0000] {dag.py:3239} INFO - Sync 1 DAGs
[2024-11-26T18:07:11.214+0000] {logging_mixin.py:190} INFO - [2024-11-26T18:07:11.213+0000] {dag.py:4180} INFO - Setting next_dagrun for example_branch_operator to 2024-11-25 00:00:00+00:00, run_after=2024-11-26 00:00:00+00:00
[2024-11-26T18:07:11.228+0000] {processor.py:208} INFO - Processing /home/airflow/.local/lib/python3.12/site-packages/airflow/example_dags/example_branch_operator.py took 0.073 seconds
[2024-11-26T18:07:41.778+0000] {processor.py:186} INFO - Started process (PID=298) to work on /home/airflow/.local/lib/python3.12/site-packages/airflow/example_dags/example_branch_operator.py
[2024-11-26T18:07:41.779+0000] {processor.py:914} INFO - Processing file /home/airflow/.local/lib/python3.12/site-packages/airflow/example_dags/example_branch_operator.py for tasks to queue
[2024-11-26T18:07:41.780+0000] {logging_mixin.py:190} INFO - [2024-11-26T18:07:41.780+0000] {dagbag.py:588} INFO - Filling up the DagBag from /home/airflow/.local/lib/python3.12/site-packages/airflow/example_dags/example_branch_operator.py
[2024-11-26T18:07:41.793+0000] {processor.py:925} INFO - DAG(s) 'example_branch_operator' retrieved from /home/airflow/.local/lib/python3.12/site-packages/airflow/example_dags/example_branch_operator.py
[2024-11-26T18:07:41.814+0000] {logging_mixin.py:190} INFO - [2024-11-26T18:07:41.814+0000] {dag.py:3239} INFO - Sync 1 DAGs
[2024-11-26T18:07:41.831+0000] {logging_mixin.py:190} INFO - [2024-11-26T18:07:41.831+0000] {dag.py:4180} INFO - Setting next_dagrun for example_branch_operator to 2024-11-25 00:00:00+00:00, run_after=2024-11-26 00:00:00+00:00
[2024-11-26T18:07:41.846+0000] {processor.py:208} INFO - Processing /home/airflow/.local/lib/python3.12/site-packages/airflow/example_dags/example_branch_operator.py took 0.072 seconds
[2024-11-26T18:08:12.335+0000] {processor.py:186} INFO - Started process (PID=362) to work on /home/airflow/.local/lib/python3.12/site-packages/airflow/example_dags/example_branch_operator.py
[2024-11-26T18:08:12.336+0000] {processor.py:914} INFO - Processing file /home/airflow/.local/lib/python3.12/site-packages/airflow/example_dags/example_branch_operator.py for tasks to queue
[2024-11-26T18:08:12.338+0000] {logging_mixin.py:190} INFO - [2024-11-26T18:08:12.337+0000] {dagbag.py:588} INFO - Filling up the DagBag from /home/airflow/.local/lib/python3.12/site-packages/airflow/example_dags/example_branch_operator.py
[2024-11-26T18:08:12.350+0000] {processor.py:925} INFO - DAG(s) 'example_branch_operator' retrieved from /home/airflow/.local/lib/python3.12/site-packages/airflow/example_dags/example_branch_operator.py
[2024-11-26T18:08:12.371+0000] {logging_mixin.py:190} INFO - [2024-11-26T18:08:12.371+0000] {dag.py:3239} INFO - Sync 1 DAGs
[2024-11-26T18:08:12.389+0000] {logging_mixin.py:190} INFO - [2024-11-26T18:08:12.389+0000] {dag.py:4180} INFO - Setting next_dagrun for example_branch_operator to 2024-11-25 00:00:00+00:00, run_after=2024-11-26 00:00:00+00:00
[2024-11-26T18:08:12.402+0000] {processor.py:208} INFO - Processing /home/airflow/.local/lib/python3.12/site-packages/airflow/example_dags/example_branch_operator.py took 0.071 seconds
[2024-11-26T18:08:43.092+0000] {processor.py:186} INFO - Started process (PID=426) to work on /home/airflow/.local/lib/python3.12/site-packages/airflow/example_dags/example_branch_operator.py
[2024-11-26T18:08:43.093+0000] {processor.py:914} INFO - Processing file /home/airflow/.local/lib/python3.12/site-packages/airflow/example_dags/example_branch_operator.py for tasks to queue
[2024-11-26T18:08:43.095+0000] {logging_mixin.py:190} INFO - [2024-11-26T18:08:43.094+0000] {dagbag.py:588} INFO - Filling up the DagBag from /home/airflow/.local/lib/python3.12/site-packages/airflow/example_dags/example_branch_operator.py
[2024-11-26T18:08:43.107+0000] {processor.py:925} INFO - DAG(s) 'example_branch_operator' retrieved from /home/airflow/.local/lib/python3.12/site-packages/airflow/example_dags/example_branch_operator.py
[2024-11-26T18:08:43.129+0000] {logging_mixin.py:190} INFO - [2024-11-26T18:08:43.129+0000] {dag.py:3239} INFO - Sync 1 DAGs
[2024-11-26T18:08:43.148+0000] {logging_mixin.py:190} INFO - [2024-11-26T18:08:43.148+0000] {dag.py:4180} INFO - Setting next_dagrun for example_branch_operator to 2024-11-25 00:00:00+00:00, run_after=2024-11-26 00:00:00+00:00
[2024-11-26T18:08:43.162+0000] {processor.py:208} INFO - Processing /home/airflow/.local/lib/python3.12/site-packages/airflow/example_dags/example_branch_operator.py took 0.074 seconds
[2024-11-26T18:09:13.928+0000] {processor.py:186} INFO - Started process (PID=490) to work on /home/airflow/.local/lib/python3.12/site-packages/airflow/example_dags/example_branch_operator.py
[2024-11-26T18:09:13.929+0000] {processor.py:914} INFO - Processing file /home/airflow/.local/lib/python3.12/site-packages/airflow/example_dags/example_branch_operator.py for tasks to queue
[2024-11-26T18:09:13.931+0000] {logging_mixin.py:190} INFO - [2024-11-26T18:09:13.931+0000] {dagbag.py:588} INFO - Filling up the DagBag from /home/airflow/.local/lib/python3.12/site-packages/airflow/example_dags/example_branch_operator.py
[2024-11-26T18:09:13.945+0000] {processor.py:925} INFO - DAG(s) 'example_branch_operator' retrieved from /home/airflow/.local/lib/python3.12/site-packages/airflow/example_dags/example_branch_operator.py
[2024-11-26T18:09:13.970+0000] {logging_mixin.py:190} INFO - [2024-11-26T18:09:13.969+0000] {dag.py:3239} INFO - Sync 1 DAGs
[2024-11-26T18:09:13.992+0000] {logging_mixin.py:190} INFO - [2024-11-26T18:09:13.992+0000] {dag.py:4180} INFO - Setting next_dagrun for example_branch_operator to 2024-11-25 00:00:00+00:00, run_after=2024-11-26 00:00:00+00:00
[2024-11-26T18:09:14.012+0000] {processor.py:208} INFO - Processing /home/airflow/.local/lib/python3.12/site-packages/airflow/example_dags/example_branch_operator.py took 0.088 seconds
[2024-11-26T18:09:44.868+0000] {processor.py:186} INFO - Started process (PID=554) to work on /home/airflow/.local/lib/python3.12/site-packages/airflow/example_dags/example_branch_operator.py
[2024-11-26T18:09:44.868+0000] {processor.py:914} INFO - Processing file /home/airflow/.local/lib/python3.12/site-packages/airflow/example_dags/example_branch_operator.py for tasks to queue
[2024-11-26T18:09:44.870+0000] {logging_mixin.py:190} INFO - [2024-11-26T18:09:44.869+0000] {dagbag.py:588} INFO - Filling up the DagBag from /home/airflow/.local/lib/python3.12/site-packages/airflow/example_dags/example_branch_operator.py
[2024-11-26T18:09:44.882+0000] {processor.py:925} INFO - DAG(s) 'example_branch_operator' retrieved from /home/airflow/.local/lib/python3.12/site-packages/airflow/example_dags/example_branch_operator.py
[2024-11-26T18:09:44.904+0000] {logging_mixin.py:190} INFO - [2024-11-26T18:09:44.904+0000] {dag.py:3239} INFO - Sync 1 DAGs
[2024-11-26T18:09:44.923+0000] {logging_mixin.py:190} INFO - [2024-11-26T18:09:44.923+0000] {dag.py:4180} INFO - Setting next_dagrun for example_branch_operator to 2024-11-25 00:00:00+00:00, run_after=2024-11-26 00:00:00+00:00
[2024-11-26T18:09:44.939+0000] {processor.py:208} INFO - Processing /home/airflow/.local/lib/python3.12/site-packages/airflow/example_dags/example_branch_operator.py took 0.076 seconds
[2024-11-26T18:10:15.765+0000] {processor.py:186} INFO - Started process (PID=617) to work on /home/airflow/.local/lib/python3.12/site-packages/airflow/example_dags/example_branch_operator.py
[2024-11-26T18:10:15.766+0000] {processor.py:914} INFO - Processing file /home/airflow/.local/lib/python3.12/site-packages/airflow/example_dags/example_branch_operator.py for tasks to queue
[2024-11-26T18:10:15.767+0000] {logging_mixin.py:190} INFO - [2024-11-26T18:10:15.767+0000] {dagbag.py:588} INFO - Filling up the DagBag from /home/airflow/.local/lib/python3.12/site-packages/airflow/example_dags/example_branch_operator.py
[2024-11-26T18:10:15.783+0000] {processor.py:925} INFO - DAG(s) 'example_branch_operator' retrieved from /home/airflow/.local/lib/python3.12/site-packages/airflow/example_dags/example_branch_operator.py
[2024-11-26T18:10:15.813+0000] {logging_mixin.py:190} INFO - [2024-11-26T18:10:15.812+0000] {dag.py:3239} INFO - Sync 1 DAGs
[2024-11-26T18:10:15.839+0000] {logging_mixin.py:190} INFO - [2024-11-26T18:10:15.839+0000] {dag.py:4180} INFO - Setting next_dagrun for example_branch_operator to 2024-11-25 00:00:00+00:00, run_after=2024-11-26 00:00:00+00:00
[2024-11-26T18:10:15.859+0000] {processor.py:208} INFO - Processing /home/airflow/.local/lib/python3.12/site-packages/airflow/example_dags/example_branch_operator.py took 0.100 seconds
[2024-11-26T18:10:46.760+0000] {processor.py:186} INFO - Started process (PID=680) to work on /home/airflow/.local/lib/python3.12/site-packages/airflow/example_dags/example_branch_operator.py
[2024-11-26T18:10:46.760+0000] {processor.py:914} INFO - Processing file /home/airflow/.local/lib/python3.12/site-packages/airflow/example_dags/example_branch_operator.py for tasks to queue
[2024-11-26T18:10:46.761+0000] {logging_mixin.py:190} INFO - [2024-11-26T18:10:46.761+0000] {dagbag.py:588} INFO - Filling up the DagBag from /home/airflow/.local/lib/python3.12/site-packages/airflow/example_dags/example_branch_operator.py
[2024-11-26T18:10:46.774+0000] {processor.py:925} INFO - DAG(s) 'example_branch_operator' retrieved from /home/airflow/.local/lib/python3.12/site-packages/airflow/example_dags/example_branch_operator.py
[2024-11-26T18:10:46.795+0000] {logging_mixin.py:190} INFO - [2024-11-26T18:10:46.795+0000] {dag.py:3239} INFO - Sync 1 DAGs
[2024-11-26T18:10:46.813+0000] {logging_mixin.py:190} INFO - [2024-11-26T18:10:46.813+0000] {dag.py:4180} INFO - Setting next_dagrun for example_branch_operator to 2024-11-25 00:00:00+00:00, run_after=2024-11-26 00:00:00+00:00
[2024-11-26T18:10:46.827+0000] {processor.py:208} INFO - Processing /home/airflow/.local/lib/python3.12/site-packages/airflow/example_dags/example_branch_operator.py took 0.071 seconds
[2024-11-26T18:11:17.774+0000] {processor.py:186} INFO - Started process (PID=744) to work on /home/airflow/.local/lib/python3.12/site-packages/airflow/example_dags/example_branch_operator.py
[2024-11-26T18:11:17.775+0000] {processor.py:914} INFO - Processing file /home/airflow/.local/lib/python3.12/site-packages/airflow/example_dags/example_branch_operator.py for tasks to queue
[2024-11-26T18:11:17.775+0000] {logging_mixin.py:190} INFO - [2024-11-26T18:11:17.775+0000] {dagbag.py:588} INFO - Filling up the DagBag from /home/airflow/.local/lib/python3.12/site-packages/airflow/example_dags/example_branch_operator.py
[2024-11-26T18:11:17.789+0000] {processor.py:925} INFO - DAG(s) 'example_branch_operator' retrieved from /home/airflow/.local/lib/python3.12/site-packages/airflow/example_dags/example_branch_operator.py
[2024-11-26T18:11:17.812+0000] {logging_mixin.py:190} INFO - [2024-11-26T18:11:17.812+0000] {dag.py:3239} INFO - Sync 1 DAGs
[2024-11-26T18:11:17.832+0000] {logging_mixin.py:190} INFO - [2024-11-26T18:11:17.831+0000] {dag.py:4180} INFO - Setting next_dagrun for example_branch_operator to 2024-11-25 00:00:00+00:00, run_after=2024-11-26 00:00:00+00:00
[2024-11-26T18:11:17.847+0000] {processor.py:208} INFO - Processing /home/airflow/.local/lib/python3.12/site-packages/airflow/example_dags/example_branch_operator.py took 0.077 seconds
[2024-11-26T18:12:33.542+0000] {processor.py:186} INFO - Started process (PID=100) to work on /home/airflow/.local/lib/python3.12/site-packages/airflow/example_dags/example_branch_operator.py
[2024-11-26T18:12:33.543+0000] {processor.py:914} INFO - Processing file /home/airflow/.local/lib/python3.12/site-packages/airflow/example_dags/example_branch_operator.py for tasks to queue
[2024-11-26T18:12:33.545+0000] {logging_mixin.py:190} INFO - [2024-11-26T18:12:33.544+0000] {dagbag.py:588} INFO - Filling up the DagBag from /home/airflow/.local/lib/python3.12/site-packages/airflow/example_dags/example_branch_operator.py
[2024-11-26T18:12:33.557+0000] {processor.py:925} INFO - DAG(s) 'example_branch_operator' retrieved from /home/airflow/.local/lib/python3.12/site-packages/airflow/example_dags/example_branch_operator.py
[2024-11-26T18:12:33.645+0000] {logging_mixin.py:190} INFO - [2024-11-26T18:12:33.645+0000] {dag.py:3239} INFO - Sync 1 DAGs
[2024-11-26T18:12:33.660+0000] {logging_mixin.py:190} INFO - [2024-11-26T18:12:33.660+0000] {dag.py:4180} INFO - Setting next_dagrun for example_branch_operator to 2024-11-25 00:00:00+00:00, run_after=2024-11-26 00:00:00+00:00
[2024-11-26T18:12:33.677+0000] {processor.py:208} INFO - Processing /home/airflow/.local/lib/python3.12/site-packages/airflow/example_dags/example_branch_operator.py took 0.140 seconds
[2024-11-26T18:13:04.154+0000] {processor.py:186} INFO - Started process (PID=164) to work on /home/airflow/.local/lib/python3.12/site-packages/airflow/example_dags/example_branch_operator.py
[2024-11-26T18:13:04.155+0000] {processor.py:914} INFO - Processing file /home/airflow/.local/lib/python3.12/site-packages/airflow/example_dags/example_branch_operator.py for tasks to queue
[2024-11-26T18:13:04.157+0000] {logging_mixin.py:190} INFO - [2024-11-26T18:13:04.157+0000] {dagbag.py:588} INFO - Filling up the DagBag from /home/airflow/.local/lib/python3.12/site-packages/airflow/example_dags/example_branch_operator.py
[2024-11-26T18:13:04.169+0000] {processor.py:925} INFO - DAG(s) 'example_branch_operator' retrieved from /home/airflow/.local/lib/python3.12/site-packages/airflow/example_dags/example_branch_operator.py
[2024-11-26T18:13:04.192+0000] {logging_mixin.py:190} INFO - [2024-11-26T18:13:04.191+0000] {dag.py:3239} INFO - Sync 1 DAGs
[2024-11-26T18:13:04.209+0000] {logging_mixin.py:190} INFO - [2024-11-26T18:13:04.209+0000] {dag.py:4180} INFO - Setting next_dagrun for example_branch_operator to 2024-11-25 00:00:00+00:00, run_after=2024-11-26 00:00:00+00:00
[2024-11-26T18:13:04.223+0000] {processor.py:208} INFO - Processing /home/airflow/.local/lib/python3.12/site-packages/airflow/example_dags/example_branch_operator.py took 0.072 seconds
[2024-11-26T18:13:35.502+0000] {processor.py:186} INFO - Started process (PID=228) to work on /home/airflow/.local/lib/python3.12/site-packages/airflow/example_dags/example_branch_operator.py
[2024-11-26T18:13:35.503+0000] {processor.py:914} INFO - Processing file /home/airflow/.local/lib/python3.12/site-packages/airflow/example_dags/example_branch_operator.py for tasks to queue
[2024-11-26T18:13:35.504+0000] {logging_mixin.py:190} INFO - [2024-11-26T18:13:35.504+0000] {dagbag.py:588} INFO - Filling up the DagBag from /home/airflow/.local/lib/python3.12/site-packages/airflow/example_dags/example_branch_operator.py
[2024-11-26T18:13:35.517+0000] {processor.py:925} INFO - DAG(s) 'example_branch_operator' retrieved from /home/airflow/.local/lib/python3.12/site-packages/airflow/example_dags/example_branch_operator.py
[2024-11-26T18:13:35.539+0000] {logging_mixin.py:190} INFO - [2024-11-26T18:13:35.539+0000] {dag.py:3239} INFO - Sync 1 DAGs
[2024-11-26T18:13:35.556+0000] {logging_mixin.py:190} INFO - [2024-11-26T18:13:35.556+0000] {dag.py:4180} INFO - Setting next_dagrun for example_branch_operator to 2024-11-25 00:00:00+00:00, run_after=2024-11-26 00:00:00+00:00
[2024-11-26T18:13:35.570+0000] {processor.py:208} INFO - Processing /home/airflow/.local/lib/python3.12/site-packages/airflow/example_dags/example_branch_operator.py took 0.072 seconds
[2024-11-26T18:14:06.623+0000] {processor.py:186} INFO - Started process (PID=292) to work on /home/airflow/.local/lib/python3.12/site-packages/airflow/example_dags/example_branch_operator.py
[2024-11-26T18:14:06.623+0000] {processor.py:914} INFO - Processing file /home/airflow/.local/lib/python3.12/site-packages/airflow/example_dags/example_branch_operator.py for tasks to queue
[2024-11-26T18:14:06.625+0000] {logging_mixin.py:190} INFO - [2024-11-26T18:14:06.625+0000] {dagbag.py:588} INFO - Filling up the DagBag from /home/airflow/.local/lib/python3.12/site-packages/airflow/example_dags/example_branch_operator.py
[2024-11-26T18:14:06.639+0000] {processor.py:925} INFO - DAG(s) 'example_branch_operator' retrieved from /home/airflow/.local/lib/python3.12/site-packages/airflow/example_dags/example_branch_operator.py
[2024-11-26T18:14:06.671+0000] {logging_mixin.py:190} INFO - [2024-11-26T18:14:06.671+0000] {dag.py:3239} INFO - Sync 1 DAGs
[2024-11-26T18:14:06.695+0000] {logging_mixin.py:190} INFO - [2024-11-26T18:14:06.695+0000] {dag.py:4180} INFO - Setting next_dagrun for example_branch_operator to 2024-11-25 00:00:00+00:00, run_after=2024-11-26 00:00:00+00:00
[2024-11-26T18:14:06.713+0000] {processor.py:208} INFO - Processing /home/airflow/.local/lib/python3.12/site-packages/airflow/example_dags/example_branch_operator.py took 0.094 seconds
[2024-11-26T18:14:37.531+0000] {processor.py:186} INFO - Started process (PID=356) to work on /home/airflow/.local/lib/python3.12/site-packages/airflow/example_dags/example_branch_operator.py
[2024-11-26T18:14:37.531+0000] {processor.py:914} INFO - Processing file /home/airflow/.local/lib/python3.12/site-packages/airflow/example_dags/example_branch_operator.py for tasks to queue
[2024-11-26T18:14:37.533+0000] {logging_mixin.py:190} INFO - [2024-11-26T18:14:37.533+0000] {dagbag.py:588} INFO - Filling up the DagBag from /home/airflow/.local/lib/python3.12/site-packages/airflow/example_dags/example_branch_operator.py
[2024-11-26T18:14:37.546+0000] {processor.py:925} INFO - DAG(s) 'example_branch_operator' retrieved from /home/airflow/.local/lib/python3.12/site-packages/airflow/example_dags/example_branch_operator.py
[2024-11-26T18:14:37.572+0000] {logging_mixin.py:190} INFO - [2024-11-26T18:14:37.572+0000] {dag.py:3239} INFO - Sync 1 DAGs
[2024-11-26T18:14:37.592+0000] {logging_mixin.py:190} INFO - [2024-11-26T18:14:37.592+0000] {dag.py:4180} INFO - Setting next_dagrun for example_branch_operator to 2024-11-25 00:00:00+00:00, run_after=2024-11-26 00:00:00+00:00
[2024-11-26T18:14:37.610+0000] {processor.py:208} INFO - Processing /home/airflow/.local/lib/python3.12/site-packages/airflow/example_dags/example_branch_operator.py took 0.083 seconds
[2024-11-26T18:15:08.280+0000] {processor.py:186} INFO - Started process (PID=420) to work on /home/airflow/.local/lib/python3.12/site-packages/airflow/example_dags/example_branch_operator.py
[2024-11-26T18:15:08.281+0000] {processor.py:914} INFO - Processing file /home/airflow/.local/lib/python3.12/site-packages/airflow/example_dags/example_branch_operator.py for tasks to queue
[2024-11-26T18:15:08.283+0000] {logging_mixin.py:190} INFO - [2024-11-26T18:15:08.283+0000] {dagbag.py:588} INFO - Filling up the DagBag from /home/airflow/.local/lib/python3.12/site-packages/airflow/example_dags/example_branch_operator.py
[2024-11-26T18:15:08.297+0000] {processor.py:925} INFO - DAG(s) 'example_branch_operator' retrieved from /home/airflow/.local/lib/python3.12/site-packages/airflow/example_dags/example_branch_operator.py
[2024-11-26T18:15:08.321+0000] {logging_mixin.py:190} INFO - [2024-11-26T18:15:08.320+0000] {dag.py:3239} INFO - Sync 1 DAGs
[2024-11-26T18:15:08.340+0000] {logging_mixin.py:190} INFO - [2024-11-26T18:15:08.339+0000] {dag.py:4180} INFO - Setting next_dagrun for example_branch_operator to 2024-11-25 00:00:00+00:00, run_after=2024-11-26 00:00:00+00:00
[2024-11-26T18:15:08.358+0000] {processor.py:208} INFO - Processing /home/airflow/.local/lib/python3.12/site-packages/airflow/example_dags/example_branch_operator.py took 0.081 seconds
[2024-11-26T18:15:39.135+0000] {processor.py:186} INFO - Started process (PID=484) to work on /home/airflow/.local/lib/python3.12/site-packages/airflow/example_dags/example_branch_operator.py
[2024-11-26T18:15:39.136+0000] {processor.py:914} INFO - Processing file /home/airflow/.local/lib/python3.12/site-packages/airflow/example_dags/example_branch_operator.py for tasks to queue
[2024-11-26T18:15:39.139+0000] {logging_mixin.py:190} INFO - [2024-11-26T18:15:39.138+0000] {dagbag.py:588} INFO - Filling up the DagBag from /home/airflow/.local/lib/python3.12/site-packages/airflow/example_dags/example_branch_operator.py
[2024-11-26T18:15:39.153+0000] {processor.py:925} INFO - DAG(s) 'example_branch_operator' retrieved from /home/airflow/.local/lib/python3.12/site-packages/airflow/example_dags/example_branch_operator.py
[2024-11-26T18:15:39.176+0000] {logging_mixin.py:190} INFO - [2024-11-26T18:15:39.176+0000] {dag.py:3239} INFO - Sync 1 DAGs
[2024-11-26T18:15:39.197+0000] {logging_mixin.py:190} INFO - [2024-11-26T18:15:39.197+0000] {dag.py:4180} INFO - Setting next_dagrun for example_branch_operator to 2024-11-25 00:00:00+00:00, run_after=2024-11-26 00:00:00+00:00
[2024-11-26T18:15:39.213+0000] {processor.py:208} INFO - Processing /home/airflow/.local/lib/python3.12/site-packages/airflow/example_dags/example_branch_operator.py took 0.082 seconds
[2024-11-26T18:16:09.812+0000] {processor.py:186} INFO - Started process (PID=548) to work on /home/airflow/.local/lib/python3.12/site-packages/airflow/example_dags/example_branch_operator.py
[2024-11-26T18:16:09.813+0000] {processor.py:914} INFO - Processing file /home/airflow/.local/lib/python3.12/site-packages/airflow/example_dags/example_branch_operator.py for tasks to queue
[2024-11-26T18:16:09.814+0000] {logging_mixin.py:190} INFO - [2024-11-26T18:16:09.814+0000] {dagbag.py:588} INFO - Filling up the DagBag from /home/airflow/.local/lib/python3.12/site-packages/airflow/example_dags/example_branch_operator.py
[2024-11-26T18:16:09.827+0000] {processor.py:925} INFO - DAG(s) 'example_branch_operator' retrieved from /home/airflow/.local/lib/python3.12/site-packages/airflow/example_dags/example_branch_operator.py
[2024-11-26T18:16:09.848+0000] {logging_mixin.py:190} INFO - [2024-11-26T18:16:09.848+0000] {dag.py:3239} INFO - Sync 1 DAGs
[2024-11-26T18:16:09.866+0000] {logging_mixin.py:190} INFO - [2024-11-26T18:16:09.866+0000] {dag.py:4180} INFO - Setting next_dagrun for example_branch_operator to 2024-11-25 00:00:00+00:00, run_after=2024-11-26 00:00:00+00:00
[2024-11-26T18:16:09.880+0000] {processor.py:208} INFO - Processing /home/airflow/.local/lib/python3.12/site-packages/airflow/example_dags/example_branch_operator.py took 0.072 seconds
[2024-11-26T18:16:40.392+0000] {processor.py:186} INFO - Started process (PID=612) to work on /home/airflow/.local/lib/python3.12/site-packages/airflow/example_dags/example_branch_operator.py
[2024-11-26T18:16:40.392+0000] {processor.py:914} INFO - Processing file /home/airflow/.local/lib/python3.12/site-packages/airflow/example_dags/example_branch_operator.py for tasks to queue
[2024-11-26T18:16:40.394+0000] {logging_mixin.py:190} INFO - [2024-11-26T18:16:40.394+0000] {dagbag.py:588} INFO - Filling up the DagBag from /home/airflow/.local/lib/python3.12/site-packages/airflow/example_dags/example_branch_operator.py
[2024-11-26T18:16:40.406+0000] {processor.py:925} INFO - DAG(s) 'example_branch_operator' retrieved from /home/airflow/.local/lib/python3.12/site-packages/airflow/example_dags/example_branch_operator.py
[2024-11-26T18:16:40.428+0000] {logging_mixin.py:190} INFO - [2024-11-26T18:16:40.428+0000] {dag.py:3239} INFO - Sync 1 DAGs
[2024-11-26T18:16:40.447+0000] {logging_mixin.py:190} INFO - [2024-11-26T18:16:40.447+0000] {dag.py:4180} INFO - Setting next_dagrun for example_branch_operator to 2024-11-25 00:00:00+00:00, run_after=2024-11-26 00:00:00+00:00
[2024-11-26T18:16:40.460+0000] {processor.py:208} INFO - Processing /home/airflow/.local/lib/python3.12/site-packages/airflow/example_dags/example_branch_operator.py took 0.072 seconds
[2024-11-26T18:17:11.302+0000] {processor.py:186} INFO - Started process (PID=676) to work on /home/airflow/.local/lib/python3.12/site-packages/airflow/example_dags/example_branch_operator.py
[2024-11-26T18:17:11.303+0000] {processor.py:914} INFO - Processing file /home/airflow/.local/lib/python3.12/site-packages/airflow/example_dags/example_branch_operator.py for tasks to queue
[2024-11-26T18:17:11.305+0000] {logging_mixin.py:190} INFO - [2024-11-26T18:17:11.305+0000] {dagbag.py:588} INFO - Filling up the DagBag from /home/airflow/.local/lib/python3.12/site-packages/airflow/example_dags/example_branch_operator.py
[2024-11-26T18:17:11.321+0000] {processor.py:925} INFO - DAG(s) 'example_branch_operator' retrieved from /home/airflow/.local/lib/python3.12/site-packages/airflow/example_dags/example_branch_operator.py
[2024-11-26T18:17:11.347+0000] {logging_mixin.py:190} INFO - [2024-11-26T18:17:11.347+0000] {dag.py:3239} INFO - Sync 1 DAGs
[2024-11-26T18:17:11.365+0000] {logging_mixin.py:190} INFO - [2024-11-26T18:17:11.365+0000] {dag.py:4180} INFO - Setting next_dagrun for example_branch_operator to 2024-11-25 00:00:00+00:00, run_after=2024-11-26 00:00:00+00:00
[2024-11-26T18:17:11.380+0000] {processor.py:208} INFO - Processing /home/airflow/.local/lib/python3.12/site-packages/airflow/example_dags/example_branch_operator.py took 0.083 seconds
[2024-11-26T18:17:42.327+0000] {processor.py:186} INFO - Started process (PID=740) to work on /home/airflow/.local/lib/python3.12/site-packages/airflow/example_dags/example_branch_operator.py
[2024-11-26T18:17:42.328+0000] {processor.py:914} INFO - Processing file /home/airflow/.local/lib/python3.12/site-packages/airflow/example_dags/example_branch_operator.py for tasks to queue
[2024-11-26T18:17:42.329+0000] {logging_mixin.py:190} INFO - [2024-11-26T18:17:42.329+0000] {dagbag.py:588} INFO - Filling up the DagBag from /home/airflow/.local/lib/python3.12/site-packages/airflow/example_dags/example_branch_operator.py
[2024-11-26T18:17:42.342+0000] {processor.py:925} INFO - DAG(s) 'example_branch_operator' retrieved from /home/airflow/.local/lib/python3.12/site-packages/airflow/example_dags/example_branch_operator.py
[2024-11-26T18:17:42.364+0000] {logging_mixin.py:190} INFO - [2024-11-26T18:17:42.363+0000] {dag.py:3239} INFO - Sync 1 DAGs
[2024-11-26T18:17:42.382+0000] {logging_mixin.py:190} INFO - [2024-11-26T18:17:42.382+0000] {dag.py:4180} INFO - Setting next_dagrun for example_branch_operator to 2024-11-25 00:00:00+00:00, run_after=2024-11-26 00:00:00+00:00
[2024-11-26T18:17:42.396+0000] {processor.py:208} INFO - Processing /home/airflow/.local/lib/python3.12/site-packages/airflow/example_dags/example_branch_operator.py took 0.073 seconds
[2024-11-26T18:18:13.028+0000] {processor.py:186} INFO - Started process (PID=804) to work on /home/airflow/.local/lib/python3.12/site-packages/airflow/example_dags/example_branch_operator.py
[2024-11-26T18:18:13.029+0000] {processor.py:914} INFO - Processing file /home/airflow/.local/lib/python3.12/site-packages/airflow/example_dags/example_branch_operator.py for tasks to queue
[2024-11-26T18:18:13.032+0000] {logging_mixin.py:190} INFO - [2024-11-26T18:18:13.032+0000] {dagbag.py:588} INFO - Filling up the DagBag from /home/airflow/.local/lib/python3.12/site-packages/airflow/example_dags/example_branch_operator.py
[2024-11-26T18:18:13.045+0000] {processor.py:925} INFO - DAG(s) 'example_branch_operator' retrieved from /home/airflow/.local/lib/python3.12/site-packages/airflow/example_dags/example_branch_operator.py
[2024-11-26T18:18:13.066+0000] {logging_mixin.py:190} INFO - [2024-11-26T18:18:13.066+0000] {dag.py:3239} INFO - Sync 1 DAGs
[2024-11-26T18:18:13.084+0000] {logging_mixin.py:190} INFO - [2024-11-26T18:18:13.084+0000] {dag.py:4180} INFO - Setting next_dagrun for example_branch_operator to 2024-11-25 00:00:00+00:00, run_after=2024-11-26 00:00:00+00:00
[2024-11-26T18:18:13.100+0000] {processor.py:208} INFO - Processing /home/airflow/.local/lib/python3.12/site-packages/airflow/example_dags/example_branch_operator.py took 0.076 seconds
[2024-11-26T18:44:12.841+0000] {processor.py:186} INFO - Started process (PID=117) to work on /home/airflow/.local/lib/python3.12/site-packages/airflow/example_dags/example_branch_operator.py
[2024-11-26T18:44:12.841+0000] {processor.py:914} INFO - Processing file /home/airflow/.local/lib/python3.12/site-packages/airflow/example_dags/example_branch_operator.py for tasks to queue
[2024-11-26T18:44:12.843+0000] {logging_mixin.py:190} INFO - [2024-11-26T18:44:12.843+0000] {dagbag.py:588} INFO - Filling up the DagBag from /home/airflow/.local/lib/python3.12/site-packages/airflow/example_dags/example_branch_operator.py
[2024-11-26T18:44:12.858+0000] {processor.py:925} INFO - DAG(s) 'example_branch_operator' retrieved from /home/airflow/.local/lib/python3.12/site-packages/airflow/example_dags/example_branch_operator.py
[2024-11-26T18:44:12.947+0000] {logging_mixin.py:190} INFO - [2024-11-26T18:44:12.946+0000] {dag.py:3239} INFO - Sync 1 DAGs
[2024-11-26T18:44:12.963+0000] {logging_mixin.py:190} INFO - [2024-11-26T18:44:12.963+0000] {dag.py:4180} INFO - Setting next_dagrun for example_branch_operator to 2024-11-25 00:00:00+00:00, run_after=2024-11-26 00:00:00+00:00
[2024-11-26T18:44:12.981+0000] {processor.py:208} INFO - Processing /home/airflow/.local/lib/python3.12/site-packages/airflow/example_dags/example_branch_operator.py took 0.144 seconds
[2024-11-26T18:44:44.314+0000] {processor.py:186} INFO - Started process (PID=192) to work on /home/airflow/.local/lib/python3.12/site-packages/airflow/example_dags/example_branch_operator.py
[2024-11-26T18:44:44.315+0000] {processor.py:914} INFO - Processing file /home/airflow/.local/lib/python3.12/site-packages/airflow/example_dags/example_branch_operator.py for tasks to queue
[2024-11-26T18:44:44.317+0000] {logging_mixin.py:190} INFO - [2024-11-26T18:44:44.317+0000] {dagbag.py:588} INFO - Filling up the DagBag from /home/airflow/.local/lib/python3.12/site-packages/airflow/example_dags/example_branch_operator.py
[2024-11-26T18:44:44.330+0000] {processor.py:925} INFO - DAG(s) 'example_branch_operator' retrieved from /home/airflow/.local/lib/python3.12/site-packages/airflow/example_dags/example_branch_operator.py
[2024-11-26T18:44:44.351+0000] {logging_mixin.py:190} INFO - [2024-11-26T18:44:44.351+0000] {dag.py:3239} INFO - Sync 1 DAGs
[2024-11-26T18:44:44.368+0000] {logging_mixin.py:190} INFO - [2024-11-26T18:44:44.368+0000] {dag.py:4180} INFO - Setting next_dagrun for example_branch_operator to 2024-11-25 00:00:00+00:00, run_after=2024-11-26 00:00:00+00:00
[2024-11-26T18:44:44.382+0000] {processor.py:208} INFO - Processing /home/airflow/.local/lib/python3.12/site-packages/airflow/example_dags/example_branch_operator.py took 0.072 seconds
[2024-11-26T18:45:15.624+0000] {processor.py:186} INFO - Started process (PID=267) to work on /home/airflow/.local/lib/python3.12/site-packages/airflow/example_dags/example_branch_operator.py
[2024-11-26T18:45:15.625+0000] {processor.py:914} INFO - Processing file /home/airflow/.local/lib/python3.12/site-packages/airflow/example_dags/example_branch_operator.py for tasks to queue
[2024-11-26T18:45:15.627+0000] {logging_mixin.py:190} INFO - [2024-11-26T18:45:15.626+0000] {dagbag.py:588} INFO - Filling up the DagBag from /home/airflow/.local/lib/python3.12/site-packages/airflow/example_dags/example_branch_operator.py
[2024-11-26T18:45:15.644+0000] {processor.py:925} INFO - DAG(s) 'example_branch_operator' retrieved from /home/airflow/.local/lib/python3.12/site-packages/airflow/example_dags/example_branch_operator.py
[2024-11-26T18:45:15.671+0000] {logging_mixin.py:190} INFO - [2024-11-26T18:45:15.670+0000] {dag.py:3239} INFO - Sync 1 DAGs
[2024-11-26T18:45:15.698+0000] {logging_mixin.py:190} INFO - [2024-11-26T18:45:15.697+0000] {dag.py:4180} INFO - Setting next_dagrun for example_branch_operator to 2024-11-25 00:00:00+00:00, run_after=2024-11-26 00:00:00+00:00
[2024-11-26T18:45:15.720+0000] {processor.py:208} INFO - Processing /home/airflow/.local/lib/python3.12/site-packages/airflow/example_dags/example_branch_operator.py took 0.101 seconds
[2024-11-26T18:45:46.477+0000] {processor.py:186} INFO - Started process (PID=342) to work on /home/airflow/.local/lib/python3.12/site-packages/airflow/example_dags/example_branch_operator.py
[2024-11-26T18:45:46.478+0000] {processor.py:914} INFO - Processing file /home/airflow/.local/lib/python3.12/site-packages/airflow/example_dags/example_branch_operator.py for tasks to queue
[2024-11-26T18:45:46.480+0000] {logging_mixin.py:190} INFO - [2024-11-26T18:45:46.479+0000] {dagbag.py:588} INFO - Filling up the DagBag from /home/airflow/.local/lib/python3.12/site-packages/airflow/example_dags/example_branch_operator.py
[2024-11-26T18:45:46.496+0000] {processor.py:925} INFO - DAG(s) 'example_branch_operator' retrieved from /home/airflow/.local/lib/python3.12/site-packages/airflow/example_dags/example_branch_operator.py
[2024-11-26T18:45:46.523+0000] {logging_mixin.py:190} INFO - [2024-11-26T18:45:46.522+0000] {dag.py:3239} INFO - Sync 1 DAGs
[2024-11-26T18:45:46.550+0000] {logging_mixin.py:190} INFO - [2024-11-26T18:45:46.550+0000] {dag.py:4180} INFO - Setting next_dagrun for example_branch_operator to 2024-11-25 00:00:00+00:00, run_after=2024-11-26 00:00:00+00:00
[2024-11-26T18:45:46.572+0000] {processor.py:208} INFO - Processing /home/airflow/.local/lib/python3.12/site-packages/airflow/example_dags/example_branch_operator.py took 0.099 seconds
[2024-11-26T18:46:17.267+0000] {processor.py:186} INFO - Started process (PID=417) to work on /home/airflow/.local/lib/python3.12/site-packages/airflow/example_dags/example_branch_operator.py
[2024-11-26T18:46:17.268+0000] {processor.py:914} INFO - Processing file /home/airflow/.local/lib/python3.12/site-packages/airflow/example_dags/example_branch_operator.py for tasks to queue
[2024-11-26T18:46:17.269+0000] {logging_mixin.py:190} INFO - [2024-11-26T18:46:17.269+0000] {dagbag.py:588} INFO - Filling up the DagBag from /home/airflow/.local/lib/python3.12/site-packages/airflow/example_dags/example_branch_operator.py
[2024-11-26T18:46:17.283+0000] {processor.py:925} INFO - DAG(s) 'example_branch_operator' retrieved from /home/airflow/.local/lib/python3.12/site-packages/airflow/example_dags/example_branch_operator.py
[2024-11-26T18:46:17.307+0000] {logging_mixin.py:190} INFO - [2024-11-26T18:46:17.307+0000] {dag.py:3239} INFO - Sync 1 DAGs
[2024-11-26T18:46:17.328+0000] {logging_mixin.py:190} INFO - [2024-11-26T18:46:17.328+0000] {dag.py:4180} INFO - Setting next_dagrun for example_branch_operator to 2024-11-25 00:00:00+00:00, run_after=2024-11-26 00:00:00+00:00
[2024-11-26T18:46:17.345+0000] {processor.py:208} INFO - Processing /home/airflow/.local/lib/python3.12/site-packages/airflow/example_dags/example_branch_operator.py took 0.083 seconds
[2024-11-26T18:46:47.808+0000] {processor.py:186} INFO - Started process (PID=492) to work on /home/airflow/.local/lib/python3.12/site-packages/airflow/example_dags/example_branch_operator.py
[2024-11-26T18:46:47.808+0000] {processor.py:914} INFO - Processing file /home/airflow/.local/lib/python3.12/site-packages/airflow/example_dags/example_branch_operator.py for tasks to queue
[2024-11-26T18:46:47.810+0000] {logging_mixin.py:190} INFO - [2024-11-26T18:46:47.810+0000] {dagbag.py:588} INFO - Filling up the DagBag from /home/airflow/.local/lib/python3.12/site-packages/airflow/example_dags/example_branch_operator.py
[2024-11-26T18:46:47.823+0000] {processor.py:925} INFO - DAG(s) 'example_branch_operator' retrieved from /home/airflow/.local/lib/python3.12/site-packages/airflow/example_dags/example_branch_operator.py
[2024-11-26T18:46:47.847+0000] {logging_mixin.py:190} INFO - [2024-11-26T18:46:47.847+0000] {dag.py:3239} INFO - Sync 1 DAGs
[2024-11-26T18:46:47.867+0000] {logging_mixin.py:190} INFO - [2024-11-26T18:46:47.867+0000] {dag.py:4180} INFO - Setting next_dagrun for example_branch_operator to 2024-11-25 00:00:00+00:00, run_after=2024-11-26 00:00:00+00:00
[2024-11-26T18:46:47.887+0000] {processor.py:208} INFO - Processing /home/airflow/.local/lib/python3.12/site-packages/airflow/example_dags/example_branch_operator.py took 0.083 seconds
[2024-11-26T18:47:19.175+0000] {processor.py:186} INFO - Started process (PID=566) to work on /home/airflow/.local/lib/python3.12/site-packages/airflow/example_dags/example_branch_operator.py
[2024-11-26T18:47:19.176+0000] {processor.py:914} INFO - Processing file /home/airflow/.local/lib/python3.12/site-packages/airflow/example_dags/example_branch_operator.py for tasks to queue
[2024-11-26T18:47:19.177+0000] {logging_mixin.py:190} INFO - [2024-11-26T18:47:19.177+0000] {dagbag.py:588} INFO - Filling up the DagBag from /home/airflow/.local/lib/python3.12/site-packages/airflow/example_dags/example_branch_operator.py
[2024-11-26T18:47:19.191+0000] {processor.py:925} INFO - DAG(s) 'example_branch_operator' retrieved from /home/airflow/.local/lib/python3.12/site-packages/airflow/example_dags/example_branch_operator.py
[2024-11-26T18:47:19.213+0000] {logging_mixin.py:190} INFO - [2024-11-26T18:47:19.212+0000] {dag.py:3239} INFO - Sync 1 DAGs
[2024-11-26T18:47:19.229+0000] {logging_mixin.py:190} INFO - [2024-11-26T18:47:19.229+0000] {dag.py:4180} INFO - Setting next_dagrun for example_branch_operator to 2024-11-25 00:00:00+00:00, run_after=2024-11-26 00:00:00+00:00
[2024-11-26T18:47:19.245+0000] {processor.py:208} INFO - Processing /home/airflow/.local/lib/python3.12/site-packages/airflow/example_dags/example_branch_operator.py took 0.075 seconds
[2024-11-26T18:47:50.936+0000] {processor.py:186} INFO - Started process (PID=641) to work on /home/airflow/.local/lib/python3.12/site-packages/airflow/example_dags/example_branch_operator.py
[2024-11-26T18:47:50.937+0000] {processor.py:914} INFO - Processing file /home/airflow/.local/lib/python3.12/site-packages/airflow/example_dags/example_branch_operator.py for tasks to queue
[2024-11-26T18:47:50.938+0000] {logging_mixin.py:190} INFO - [2024-11-26T18:47:50.938+0000] {dagbag.py:588} INFO - Filling up the DagBag from /home/airflow/.local/lib/python3.12/site-packages/airflow/example_dags/example_branch_operator.py
[2024-11-26T18:47:50.951+0000] {processor.py:925} INFO - DAG(s) 'example_branch_operator' retrieved from /home/airflow/.local/lib/python3.12/site-packages/airflow/example_dags/example_branch_operator.py
[2024-11-26T18:47:50.975+0000] {logging_mixin.py:190} INFO - [2024-11-26T18:47:50.974+0000] {dag.py:3239} INFO - Sync 1 DAGs
[2024-11-26T18:47:50.994+0000] {logging_mixin.py:190} INFO - [2024-11-26T18:47:50.994+0000] {dag.py:4180} INFO - Setting next_dagrun for example_branch_operator to 2024-11-25 00:00:00+00:00, run_after=2024-11-26 00:00:00+00:00
[2024-11-26T18:47:51.009+0000] {processor.py:208} INFO - Processing /home/airflow/.local/lib/python3.12/site-packages/airflow/example_dags/example_branch_operator.py took 0.077 seconds
[2024-11-26T18:48:21.224+0000] {processor.py:186} INFO - Started process (PID=715) to work on /home/airflow/.local/lib/python3.12/site-packages/airflow/example_dags/example_branch_operator.py
[2024-11-26T18:48:21.225+0000] {processor.py:914} INFO - Processing file /home/airflow/.local/lib/python3.12/site-packages/airflow/example_dags/example_branch_operator.py for tasks to queue
[2024-11-26T18:48:21.227+0000] {logging_mixin.py:190} INFO - [2024-11-26T18:48:21.227+0000] {dagbag.py:588} INFO - Filling up the DagBag from /home/airflow/.local/lib/python3.12/site-packages/airflow/example_dags/example_branch_operator.py
[2024-11-26T18:48:21.240+0000] {processor.py:925} INFO - DAG(s) 'example_branch_operator' retrieved from /home/airflow/.local/lib/python3.12/site-packages/airflow/example_dags/example_branch_operator.py
[2024-11-26T18:48:21.262+0000] {logging_mixin.py:190} INFO - [2024-11-26T18:48:21.262+0000] {dag.py:3239} INFO - Sync 1 DAGs
[2024-11-26T18:48:21.280+0000] {logging_mixin.py:190} INFO - [2024-11-26T18:48:21.279+0000] {dag.py:4180} INFO - Setting next_dagrun for example_branch_operator to 2024-11-25 00:00:00+00:00, run_after=2024-11-26 00:00:00+00:00
[2024-11-26T18:48:21.295+0000] {processor.py:208} INFO - Processing /home/airflow/.local/lib/python3.12/site-packages/airflow/example_dags/example_branch_operator.py took 0.074 seconds
[2024-11-26T18:48:51.927+0000] {processor.py:186} INFO - Started process (PID=790) to work on /home/airflow/.local/lib/python3.12/site-packages/airflow/example_dags/example_branch_operator.py
[2024-11-26T18:48:51.928+0000] {processor.py:914} INFO - Processing file /home/airflow/.local/lib/python3.12/site-packages/airflow/example_dags/example_branch_operator.py for tasks to queue
[2024-11-26T18:48:51.930+0000] {logging_mixin.py:190} INFO - [2024-11-26T18:48:51.929+0000] {dagbag.py:588} INFO - Filling up the DagBag from /home/airflow/.local/lib/python3.12/site-packages/airflow/example_dags/example_branch_operator.py
[2024-11-26T18:48:51.943+0000] {processor.py:925} INFO - DAG(s) 'example_branch_operator' retrieved from /home/airflow/.local/lib/python3.12/site-packages/airflow/example_dags/example_branch_operator.py
[2024-11-26T18:48:51.965+0000] {logging_mixin.py:190} INFO - [2024-11-26T18:48:51.964+0000] {dag.py:3239} INFO - Sync 1 DAGs
[2024-11-26T18:48:51.983+0000] {logging_mixin.py:190} INFO - [2024-11-26T18:48:51.982+0000] {dag.py:4180} INFO - Setting next_dagrun for example_branch_operator to 2024-11-25 00:00:00+00:00, run_after=2024-11-26 00:00:00+00:00
[2024-11-26T18:48:51.997+0000] {processor.py:208} INFO - Processing /home/airflow/.local/lib/python3.12/site-packages/airflow/example_dags/example_branch_operator.py took 0.074 seconds
[2024-11-26T18:49:23.404+0000] {processor.py:186} INFO - Started process (PID=866) to work on /home/airflow/.local/lib/python3.12/site-packages/airflow/example_dags/example_branch_operator.py
[2024-11-26T18:49:23.405+0000] {processor.py:914} INFO - Processing file /home/airflow/.local/lib/python3.12/site-packages/airflow/example_dags/example_branch_operator.py for tasks to queue
[2024-11-26T18:49:23.406+0000] {logging_mixin.py:190} INFO - [2024-11-26T18:49:23.406+0000] {dagbag.py:588} INFO - Filling up the DagBag from /home/airflow/.local/lib/python3.12/site-packages/airflow/example_dags/example_branch_operator.py
[2024-11-26T18:49:23.421+0000] {processor.py:925} INFO - DAG(s) 'example_branch_operator' retrieved from /home/airflow/.local/lib/python3.12/site-packages/airflow/example_dags/example_branch_operator.py
[2024-11-26T18:49:23.446+0000] {logging_mixin.py:190} INFO - [2024-11-26T18:49:23.446+0000] {dag.py:3239} INFO - Sync 1 DAGs
[2024-11-26T18:49:23.470+0000] {logging_mixin.py:190} INFO - [2024-11-26T18:49:23.470+0000] {dag.py:4180} INFO - Setting next_dagrun for example_branch_operator to 2024-11-25 00:00:00+00:00, run_after=2024-11-26 00:00:00+00:00
[2024-11-26T18:49:23.487+0000] {processor.py:208} INFO - Processing /home/airflow/.local/lib/python3.12/site-packages/airflow/example_dags/example_branch_operator.py took 0.088 seconds
[2024-11-26T18:49:54.289+0000] {processor.py:186} INFO - Started process (PID=941) to work on /home/airflow/.local/lib/python3.12/site-packages/airflow/example_dags/example_branch_operator.py
[2024-11-26T18:49:54.290+0000] {processor.py:914} INFO - Processing file /home/airflow/.local/lib/python3.12/site-packages/airflow/example_dags/example_branch_operator.py for tasks to queue
[2024-11-26T18:49:54.291+0000] {logging_mixin.py:190} INFO - [2024-11-26T18:49:54.291+0000] {dagbag.py:588} INFO - Filling up the DagBag from /home/airflow/.local/lib/python3.12/site-packages/airflow/example_dags/example_branch_operator.py
[2024-11-26T18:49:54.304+0000] {processor.py:925} INFO - DAG(s) 'example_branch_operator' retrieved from /home/airflow/.local/lib/python3.12/site-packages/airflow/example_dags/example_branch_operator.py
[2024-11-26T18:49:54.327+0000] {logging_mixin.py:190} INFO - [2024-11-26T18:49:54.326+0000] {dag.py:3239} INFO - Sync 1 DAGs
[2024-11-26T18:49:54.345+0000] {logging_mixin.py:190} INFO - [2024-11-26T18:49:54.345+0000] {dag.py:4180} INFO - Setting next_dagrun for example_branch_operator to 2024-11-25 00:00:00+00:00, run_after=2024-11-26 00:00:00+00:00
[2024-11-26T18:49:54.362+0000] {processor.py:208} INFO - Processing /home/airflow/.local/lib/python3.12/site-packages/airflow/example_dags/example_branch_operator.py took 0.077 seconds
[2024-11-26T18:50:24.827+0000] {processor.py:186} INFO - Started process (PID=1016) to work on /home/airflow/.local/lib/python3.12/site-packages/airflow/example_dags/example_branch_operator.py
[2024-11-26T18:50:24.827+0000] {processor.py:914} INFO - Processing file /home/airflow/.local/lib/python3.12/site-packages/airflow/example_dags/example_branch_operator.py for tasks to queue
[2024-11-26T18:50:24.829+0000] {logging_mixin.py:190} INFO - [2024-11-26T18:50:24.829+0000] {dagbag.py:588} INFO - Filling up the DagBag from /home/airflow/.local/lib/python3.12/site-packages/airflow/example_dags/example_branch_operator.py
[2024-11-26T18:50:24.843+0000] {processor.py:925} INFO - DAG(s) 'example_branch_operator' retrieved from /home/airflow/.local/lib/python3.12/site-packages/airflow/example_dags/example_branch_operator.py
[2024-11-26T18:50:24.868+0000] {logging_mixin.py:190} INFO - [2024-11-26T18:50:24.868+0000] {dag.py:3239} INFO - Sync 1 DAGs
[2024-11-26T18:50:24.886+0000] {logging_mixin.py:190} INFO - [2024-11-26T18:50:24.885+0000] {dag.py:4180} INFO - Setting next_dagrun for example_branch_operator to 2024-11-25 00:00:00+00:00, run_after=2024-11-26 00:00:00+00:00
[2024-11-26T18:50:24.900+0000] {processor.py:208} INFO - Processing /home/airflow/.local/lib/python3.12/site-packages/airflow/example_dags/example_branch_operator.py took 0.078 seconds
[2024-11-26T18:50:55.965+0000] {processor.py:186} INFO - Started process (PID=1091) to work on /home/airflow/.local/lib/python3.12/site-packages/airflow/example_dags/example_branch_operator.py
[2024-11-26T18:50:55.966+0000] {processor.py:914} INFO - Processing file /home/airflow/.local/lib/python3.12/site-packages/airflow/example_dags/example_branch_operator.py for tasks to queue
[2024-11-26T18:50:55.968+0000] {logging_mixin.py:190} INFO - [2024-11-26T18:50:55.968+0000] {dagbag.py:588} INFO - Filling up the DagBag from /home/airflow/.local/lib/python3.12/site-packages/airflow/example_dags/example_branch_operator.py
[2024-11-26T18:50:55.982+0000] {processor.py:925} INFO - DAG(s) 'example_branch_operator' retrieved from /home/airflow/.local/lib/python3.12/site-packages/airflow/example_dags/example_branch_operator.py
[2024-11-26T18:50:56.004+0000] {logging_mixin.py:190} INFO - [2024-11-26T18:50:56.004+0000] {dag.py:3239} INFO - Sync 1 DAGs
[2024-11-26T18:50:56.023+0000] {logging_mixin.py:190} INFO - [2024-11-26T18:50:56.023+0000] {dag.py:4180} INFO - Setting next_dagrun for example_branch_operator to 2024-11-25 00:00:00+00:00, run_after=2024-11-26 00:00:00+00:00
[2024-11-26T18:50:56.037+0000] {processor.py:208} INFO - Processing /home/airflow/.local/lib/python3.12/site-packages/airflow/example_dags/example_branch_operator.py took 0.076 seconds
[2024-11-26T18:51:27.024+0000] {processor.py:186} INFO - Started process (PID=1166) to work on /home/airflow/.local/lib/python3.12/site-packages/airflow/example_dags/example_branch_operator.py
[2024-11-26T18:51:27.025+0000] {processor.py:914} INFO - Processing file /home/airflow/.local/lib/python3.12/site-packages/airflow/example_dags/example_branch_operator.py for tasks to queue
[2024-11-26T18:51:27.027+0000] {logging_mixin.py:190} INFO - [2024-11-26T18:51:27.027+0000] {dagbag.py:588} INFO - Filling up the DagBag from /home/airflow/.local/lib/python3.12/site-packages/airflow/example_dags/example_branch_operator.py
[2024-11-26T18:51:27.042+0000] {processor.py:925} INFO - DAG(s) 'example_branch_operator' retrieved from /home/airflow/.local/lib/python3.12/site-packages/airflow/example_dags/example_branch_operator.py
[2024-11-26T18:51:27.065+0000] {logging_mixin.py:190} INFO - [2024-11-26T18:51:27.064+0000] {dag.py:3239} INFO - Sync 1 DAGs
[2024-11-26T18:51:27.083+0000] {logging_mixin.py:190} INFO - [2024-11-26T18:51:27.083+0000] {dag.py:4180} INFO - Setting next_dagrun for example_branch_operator to 2024-11-25 00:00:00+00:00, run_after=2024-11-26 00:00:00+00:00
[2024-11-26T18:51:27.099+0000] {processor.py:208} INFO - Processing /home/airflow/.local/lib/python3.12/site-packages/airflow/example_dags/example_branch_operator.py took 0.080 seconds
[2024-11-26T18:51:58.647+0000] {processor.py:186} INFO - Started process (PID=1242) to work on /home/airflow/.local/lib/python3.12/site-packages/airflow/example_dags/example_branch_operator.py
[2024-11-26T18:51:58.648+0000] {processor.py:914} INFO - Processing file /home/airflow/.local/lib/python3.12/site-packages/airflow/example_dags/example_branch_operator.py for tasks to queue
[2024-11-26T18:51:58.649+0000] {logging_mixin.py:190} INFO - [2024-11-26T18:51:58.649+0000] {dagbag.py:588} INFO - Filling up the DagBag from /home/airflow/.local/lib/python3.12/site-packages/airflow/example_dags/example_branch_operator.py
[2024-11-26T18:51:58.662+0000] {processor.py:925} INFO - DAG(s) 'example_branch_operator' retrieved from /home/airflow/.local/lib/python3.12/site-packages/airflow/example_dags/example_branch_operator.py
[2024-11-26T18:51:58.684+0000] {logging_mixin.py:190} INFO - [2024-11-26T18:51:58.684+0000] {dag.py:3239} INFO - Sync 1 DAGs
[2024-11-26T18:51:58.703+0000] {logging_mixin.py:190} INFO - [2024-11-26T18:51:58.703+0000] {dag.py:4180} INFO - Setting next_dagrun for example_branch_operator to 2024-11-25 00:00:00+00:00, run_after=2024-11-26 00:00:00+00:00
[2024-11-26T18:51:58.719+0000] {processor.py:208} INFO - Processing /home/airflow/.local/lib/python3.12/site-packages/airflow/example_dags/example_branch_operator.py took 0.075 seconds
[2024-11-26T18:52:29.580+0000] {processor.py:186} INFO - Started process (PID=1317) to work on /home/airflow/.local/lib/python3.12/site-packages/airflow/example_dags/example_branch_operator.py
[2024-11-26T18:52:29.581+0000] {processor.py:914} INFO - Processing file /home/airflow/.local/lib/python3.12/site-packages/airflow/example_dags/example_branch_operator.py for tasks to queue
[2024-11-26T18:52:29.583+0000] {logging_mixin.py:190} INFO - [2024-11-26T18:52:29.583+0000] {dagbag.py:588} INFO - Filling up the DagBag from /home/airflow/.local/lib/python3.12/site-packages/airflow/example_dags/example_branch_operator.py
[2024-11-26T18:52:29.599+0000] {processor.py:925} INFO - DAG(s) 'example_branch_operator' retrieved from /home/airflow/.local/lib/python3.12/site-packages/airflow/example_dags/example_branch_operator.py
[2024-11-26T18:52:29.621+0000] {logging_mixin.py:190} INFO - [2024-11-26T18:52:29.621+0000] {dag.py:3239} INFO - Sync 1 DAGs
[2024-11-26T18:52:29.639+0000] {logging_mixin.py:190} INFO - [2024-11-26T18:52:29.638+0000] {dag.py:4180} INFO - Setting next_dagrun for example_branch_operator to 2024-11-25 00:00:00+00:00, run_after=2024-11-26 00:00:00+00:00
[2024-11-26T18:52:29.654+0000] {processor.py:208} INFO - Processing /home/airflow/.local/lib/python3.12/site-packages/airflow/example_dags/example_branch_operator.py took 0.079 seconds
[2024-11-26T18:53:01.338+0000] {processor.py:186} INFO - Started process (PID=1392) to work on /home/airflow/.local/lib/python3.12/site-packages/airflow/example_dags/example_branch_operator.py
[2024-11-26T18:53:01.339+0000] {processor.py:914} INFO - Processing file /home/airflow/.local/lib/python3.12/site-packages/airflow/example_dags/example_branch_operator.py for tasks to queue
[2024-11-26T18:53:01.340+0000] {logging_mixin.py:190} INFO - [2024-11-26T18:53:01.340+0000] {dagbag.py:588} INFO - Filling up the DagBag from /home/airflow/.local/lib/python3.12/site-packages/airflow/example_dags/example_branch_operator.py
[2024-11-26T18:53:01.353+0000] {processor.py:925} INFO - DAG(s) 'example_branch_operator' retrieved from /home/airflow/.local/lib/python3.12/site-packages/airflow/example_dags/example_branch_operator.py
[2024-11-26T18:53:01.376+0000] {logging_mixin.py:190} INFO - [2024-11-26T18:53:01.376+0000] {dag.py:3239} INFO - Sync 1 DAGs
[2024-11-26T18:53:01.394+0000] {logging_mixin.py:190} INFO - [2024-11-26T18:53:01.394+0000] {dag.py:4180} INFO - Setting next_dagrun for example_branch_operator to 2024-11-25 00:00:00+00:00, run_after=2024-11-26 00:00:00+00:00
[2024-11-26T18:53:01.410+0000] {processor.py:208} INFO - Processing /home/airflow/.local/lib/python3.12/site-packages/airflow/example_dags/example_branch_operator.py took 0.076 seconds
[2024-11-26T18:53:33.050+0000] {processor.py:186} INFO - Started process (PID=1467) to work on /home/airflow/.local/lib/python3.12/site-packages/airflow/example_dags/example_branch_operator.py
[2024-11-26T18:53:33.051+0000] {processor.py:914} INFO - Processing file /home/airflow/.local/lib/python3.12/site-packages/airflow/example_dags/example_branch_operator.py for tasks to queue
[2024-11-26T18:53:33.052+0000] {logging_mixin.py:190} INFO - [2024-11-26T18:53:33.052+0000] {dagbag.py:588} INFO - Filling up the DagBag from /home/airflow/.local/lib/python3.12/site-packages/airflow/example_dags/example_branch_operator.py
[2024-11-26T18:53:33.066+0000] {processor.py:925} INFO - DAG(s) 'example_branch_operator' retrieved from /home/airflow/.local/lib/python3.12/site-packages/airflow/example_dags/example_branch_operator.py
[2024-11-26T18:53:33.089+0000] {logging_mixin.py:190} INFO - [2024-11-26T18:53:33.088+0000] {dag.py:3239} INFO - Sync 1 DAGs
[2024-11-26T18:53:33.107+0000] {logging_mixin.py:190} INFO - [2024-11-26T18:53:33.107+0000] {dag.py:4180} INFO - Setting next_dagrun for example_branch_operator to 2024-11-25 00:00:00+00:00, run_after=2024-11-26 00:00:00+00:00
[2024-11-26T18:53:33.121+0000] {processor.py:208} INFO - Processing /home/airflow/.local/lib/python3.12/site-packages/airflow/example_dags/example_branch_operator.py took 0.075 seconds
[2024-11-26T18:54:03.163+0000] {processor.py:186} INFO - Started process (PID=1541) to work on /home/airflow/.local/lib/python3.12/site-packages/airflow/example_dags/example_branch_operator.py
[2024-11-26T18:54:03.164+0000] {processor.py:914} INFO - Processing file /home/airflow/.local/lib/python3.12/site-packages/airflow/example_dags/example_branch_operator.py for tasks to queue
[2024-11-26T18:54:03.166+0000] {logging_mixin.py:190} INFO - [2024-11-26T18:54:03.166+0000] {dagbag.py:588} INFO - Filling up the DagBag from /home/airflow/.local/lib/python3.12/site-packages/airflow/example_dags/example_branch_operator.py
[2024-11-26T18:54:03.178+0000] {processor.py:925} INFO - DAG(s) 'example_branch_operator' retrieved from /home/airflow/.local/lib/python3.12/site-packages/airflow/example_dags/example_branch_operator.py
[2024-11-26T18:54:03.201+0000] {logging_mixin.py:190} INFO - [2024-11-26T18:54:03.201+0000] {dag.py:3239} INFO - Sync 1 DAGs
[2024-11-26T18:54:03.221+0000] {logging_mixin.py:190} INFO - [2024-11-26T18:54:03.220+0000] {dag.py:4180} INFO - Setting next_dagrun for example_branch_operator to 2024-11-25 00:00:00+00:00, run_after=2024-11-26 00:00:00+00:00
[2024-11-26T18:54:03.237+0000] {processor.py:208} INFO - Processing /home/airflow/.local/lib/python3.12/site-packages/airflow/example_dags/example_branch_operator.py took 0.078 seconds
[2024-11-26T18:54:34.485+0000] {processor.py:186} INFO - Started process (PID=1615) to work on /home/airflow/.local/lib/python3.12/site-packages/airflow/example_dags/example_branch_operator.py
[2024-11-26T18:54:34.485+0000] {processor.py:914} INFO - Processing file /home/airflow/.local/lib/python3.12/site-packages/airflow/example_dags/example_branch_operator.py for tasks to queue
[2024-11-26T18:54:34.487+0000] {logging_mixin.py:190} INFO - [2024-11-26T18:54:34.487+0000] {dagbag.py:588} INFO - Filling up the DagBag from /home/airflow/.local/lib/python3.12/site-packages/airflow/example_dags/example_branch_operator.py
[2024-11-26T18:54:34.500+0000] {processor.py:925} INFO - DAG(s) 'example_branch_operator' retrieved from /home/airflow/.local/lib/python3.12/site-packages/airflow/example_dags/example_branch_operator.py
[2024-11-26T18:54:34.524+0000] {logging_mixin.py:190} INFO - [2024-11-26T18:54:34.524+0000] {dag.py:3239} INFO - Sync 1 DAGs
[2024-11-26T18:54:34.542+0000] {logging_mixin.py:190} INFO - [2024-11-26T18:54:34.541+0000] {dag.py:4180} INFO - Setting next_dagrun for example_branch_operator to 2024-11-25 00:00:00+00:00, run_after=2024-11-26 00:00:00+00:00
[2024-11-26T18:54:34.556+0000] {processor.py:208} INFO - Processing /home/airflow/.local/lib/python3.12/site-packages/airflow/example_dags/example_branch_operator.py took 0.076 seconds
[2024-11-26T18:55:06.148+0000] {processor.py:186} INFO - Started process (PID=1692) to work on /home/airflow/.local/lib/python3.12/site-packages/airflow/example_dags/example_branch_operator.py
[2024-11-26T18:55:06.149+0000] {processor.py:914} INFO - Processing file /home/airflow/.local/lib/python3.12/site-packages/airflow/example_dags/example_branch_operator.py for tasks to queue
[2024-11-26T18:55:06.151+0000] {logging_mixin.py:190} INFO - [2024-11-26T18:55:06.151+0000] {dagbag.py:588} INFO - Filling up the DagBag from /home/airflow/.local/lib/python3.12/site-packages/airflow/example_dags/example_branch_operator.py
[2024-11-26T18:55:06.164+0000] {processor.py:925} INFO - DAG(s) 'example_branch_operator' retrieved from /home/airflow/.local/lib/python3.12/site-packages/airflow/example_dags/example_branch_operator.py
[2024-11-26T18:55:06.185+0000] {logging_mixin.py:190} INFO - [2024-11-26T18:55:06.184+0000] {dag.py:3239} INFO - Sync 1 DAGs
[2024-11-26T18:55:06.201+0000] {logging_mixin.py:190} INFO - [2024-11-26T18:55:06.201+0000] {dag.py:4180} INFO - Setting next_dagrun for example_branch_operator to 2024-11-25 00:00:00+00:00, run_after=2024-11-26 00:00:00+00:00
[2024-11-26T18:55:06.215+0000] {processor.py:208} INFO - Processing /home/airflow/.local/lib/python3.12/site-packages/airflow/example_dags/example_branch_operator.py took 0.070 seconds
[2024-11-26T18:55:37.609+0000] {processor.py:186} INFO - Started process (PID=1767) to work on /home/airflow/.local/lib/python3.12/site-packages/airflow/example_dags/example_branch_operator.py
[2024-11-26T18:55:37.610+0000] {processor.py:914} INFO - Processing file /home/airflow/.local/lib/python3.12/site-packages/airflow/example_dags/example_branch_operator.py for tasks to queue
[2024-11-26T18:55:37.611+0000] {logging_mixin.py:190} INFO - [2024-11-26T18:55:37.611+0000] {dagbag.py:588} INFO - Filling up the DagBag from /home/airflow/.local/lib/python3.12/site-packages/airflow/example_dags/example_branch_operator.py
[2024-11-26T18:55:37.624+0000] {processor.py:925} INFO - DAG(s) 'example_branch_operator' retrieved from /home/airflow/.local/lib/python3.12/site-packages/airflow/example_dags/example_branch_operator.py
[2024-11-26T18:55:37.647+0000] {logging_mixin.py:190} INFO - [2024-11-26T18:55:37.647+0000] {dag.py:3239} INFO - Sync 1 DAGs
[2024-11-26T18:55:37.665+0000] {logging_mixin.py:190} INFO - [2024-11-26T18:55:37.664+0000] {dag.py:4180} INFO - Setting next_dagrun for example_branch_operator to 2024-11-25 00:00:00+00:00, run_after=2024-11-26 00:00:00+00:00
[2024-11-26T18:55:37.680+0000] {processor.py:208} INFO - Processing /home/airflow/.local/lib/python3.12/site-packages/airflow/example_dags/example_branch_operator.py took 0.076 seconds
[2024-11-26T18:56:09.018+0000] {processor.py:186} INFO - Started process (PID=1841) to work on /home/airflow/.local/lib/python3.12/site-packages/airflow/example_dags/example_branch_operator.py
[2024-11-26T18:56:09.019+0000] {processor.py:914} INFO - Processing file /home/airflow/.local/lib/python3.12/site-packages/airflow/example_dags/example_branch_operator.py for tasks to queue
[2024-11-26T18:56:09.020+0000] {logging_mixin.py:190} INFO - [2024-11-26T18:56:09.020+0000] {dagbag.py:588} INFO - Filling up the DagBag from /home/airflow/.local/lib/python3.12/site-packages/airflow/example_dags/example_branch_operator.py
[2024-11-26T18:56:09.034+0000] {processor.py:925} INFO - DAG(s) 'example_branch_operator' retrieved from /home/airflow/.local/lib/python3.12/site-packages/airflow/example_dags/example_branch_operator.py
[2024-11-26T18:56:09.058+0000] {logging_mixin.py:190} INFO - [2024-11-26T18:56:09.058+0000] {dag.py:3239} INFO - Sync 1 DAGs
[2024-11-26T18:56:09.078+0000] {logging_mixin.py:190} INFO - [2024-11-26T18:56:09.078+0000] {dag.py:4180} INFO - Setting next_dagrun for example_branch_operator to 2024-11-25 00:00:00+00:00, run_after=2024-11-26 00:00:00+00:00
[2024-11-26T18:56:09.092+0000] {processor.py:208} INFO - Processing /home/airflow/.local/lib/python3.12/site-packages/airflow/example_dags/example_branch_operator.py took 0.078 seconds
[2024-11-26T18:56:40.463+0000] {processor.py:186} INFO - Started process (PID=1916) to work on /home/airflow/.local/lib/python3.12/site-packages/airflow/example_dags/example_branch_operator.py
[2024-11-26T18:56:40.464+0000] {processor.py:914} INFO - Processing file /home/airflow/.local/lib/python3.12/site-packages/airflow/example_dags/example_branch_operator.py for tasks to queue
[2024-11-26T18:56:40.465+0000] {logging_mixin.py:190} INFO - [2024-11-26T18:56:40.465+0000] {dagbag.py:588} INFO - Filling up the DagBag from /home/airflow/.local/lib/python3.12/site-packages/airflow/example_dags/example_branch_operator.py
[2024-11-26T18:56:40.479+0000] {processor.py:925} INFO - DAG(s) 'example_branch_operator' retrieved from /home/airflow/.local/lib/python3.12/site-packages/airflow/example_dags/example_branch_operator.py
[2024-11-26T18:56:40.502+0000] {logging_mixin.py:190} INFO - [2024-11-26T18:56:40.502+0000] {dag.py:3239} INFO - Sync 1 DAGs
[2024-11-26T18:56:40.520+0000] {logging_mixin.py:190} INFO - [2024-11-26T18:56:40.520+0000] {dag.py:4180} INFO - Setting next_dagrun for example_branch_operator to 2024-11-25 00:00:00+00:00, run_after=2024-11-26 00:00:00+00:00
[2024-11-26T18:56:40.535+0000] {processor.py:208} INFO - Processing /home/airflow/.local/lib/python3.12/site-packages/airflow/example_dags/example_branch_operator.py took 0.076 seconds
[2024-11-26T18:57:10.821+0000] {processor.py:186} INFO - Started process (PID=1990) to work on /home/airflow/.local/lib/python3.12/site-packages/airflow/example_dags/example_branch_operator.py
[2024-11-26T18:57:10.822+0000] {processor.py:914} INFO - Processing file /home/airflow/.local/lib/python3.12/site-packages/airflow/example_dags/example_branch_operator.py for tasks to queue
[2024-11-26T18:57:10.823+0000] {logging_mixin.py:190} INFO - [2024-11-26T18:57:10.823+0000] {dagbag.py:588} INFO - Filling up the DagBag from /home/airflow/.local/lib/python3.12/site-packages/airflow/example_dags/example_branch_operator.py
[2024-11-26T18:57:10.836+0000] {processor.py:925} INFO - DAG(s) 'example_branch_operator' retrieved from /home/airflow/.local/lib/python3.12/site-packages/airflow/example_dags/example_branch_operator.py
[2024-11-26T18:57:10.860+0000] {logging_mixin.py:190} INFO - [2024-11-26T18:57:10.860+0000] {dag.py:3239} INFO - Sync 1 DAGs
[2024-11-26T18:57:10.880+0000] {logging_mixin.py:190} INFO - [2024-11-26T18:57:10.880+0000] {dag.py:4180} INFO - Setting next_dagrun for example_branch_operator to 2024-11-25 00:00:00+00:00, run_after=2024-11-26 00:00:00+00:00
[2024-11-26T18:57:10.897+0000] {processor.py:208} INFO - Processing /home/airflow/.local/lib/python3.12/site-packages/airflow/example_dags/example_branch_operator.py took 0.080 seconds
[2024-11-26T18:57:42.056+0000] {processor.py:186} INFO - Started process (PID=2071) to work on /home/airflow/.local/lib/python3.12/site-packages/airflow/example_dags/example_branch_operator.py
[2024-11-26T18:57:42.057+0000] {processor.py:914} INFO - Processing file /home/airflow/.local/lib/python3.12/site-packages/airflow/example_dags/example_branch_operator.py for tasks to queue
[2024-11-26T18:57:42.059+0000] {logging_mixin.py:190} INFO - [2024-11-26T18:57:42.059+0000] {dagbag.py:588} INFO - Filling up the DagBag from /home/airflow/.local/lib/python3.12/site-packages/airflow/example_dags/example_branch_operator.py
[2024-11-26T18:57:42.072+0000] {processor.py:925} INFO - DAG(s) 'example_branch_operator' retrieved from /home/airflow/.local/lib/python3.12/site-packages/airflow/example_dags/example_branch_operator.py
[2024-11-26T18:57:42.098+0000] {logging_mixin.py:190} INFO - [2024-11-26T18:57:42.098+0000] {dag.py:3239} INFO - Sync 1 DAGs
[2024-11-26T18:57:42.119+0000] {logging_mixin.py:190} INFO - [2024-11-26T18:57:42.119+0000] {dag.py:4180} INFO - Setting next_dagrun for example_branch_operator to 2024-11-25 00:00:00+00:00, run_after=2024-11-26 00:00:00+00:00
[2024-11-26T18:57:42.135+0000] {processor.py:208} INFO - Processing /home/airflow/.local/lib/python3.12/site-packages/airflow/example_dags/example_branch_operator.py took 0.083 seconds
[2024-11-26T18:58:13.708+0000] {processor.py:186} INFO - Started process (PID=2147) to work on /home/airflow/.local/lib/python3.12/site-packages/airflow/example_dags/example_branch_operator.py
[2024-11-26T18:58:13.709+0000] {processor.py:914} INFO - Processing file /home/airflow/.local/lib/python3.12/site-packages/airflow/example_dags/example_branch_operator.py for tasks to queue
[2024-11-26T18:58:13.711+0000] {logging_mixin.py:190} INFO - [2024-11-26T18:58:13.711+0000] {dagbag.py:588} INFO - Filling up the DagBag from /home/airflow/.local/lib/python3.12/site-packages/airflow/example_dags/example_branch_operator.py
[2024-11-26T18:58:13.729+0000] {processor.py:925} INFO - DAG(s) 'example_branch_operator' retrieved from /home/airflow/.local/lib/python3.12/site-packages/airflow/example_dags/example_branch_operator.py
[2024-11-26T18:58:13.754+0000] {logging_mixin.py:190} INFO - [2024-11-26T18:58:13.754+0000] {dag.py:3239} INFO - Sync 1 DAGs
[2024-11-26T18:58:13.774+0000] {logging_mixin.py:190} INFO - [2024-11-26T18:58:13.774+0000] {dag.py:4180} INFO - Setting next_dagrun for example_branch_operator to 2024-11-25 00:00:00+00:00, run_after=2024-11-26 00:00:00+00:00
[2024-11-26T18:58:13.789+0000] {processor.py:208} INFO - Processing /home/airflow/.local/lib/python3.12/site-packages/airflow/example_dags/example_branch_operator.py took 0.085 seconds
[2024-11-26T18:58:44.313+0000] {processor.py:186} INFO - Started process (PID=2222) to work on /home/airflow/.local/lib/python3.12/site-packages/airflow/example_dags/example_branch_operator.py
[2024-11-26T18:58:44.314+0000] {processor.py:914} INFO - Processing file /home/airflow/.local/lib/python3.12/site-packages/airflow/example_dags/example_branch_operator.py for tasks to queue
[2024-11-26T18:58:44.316+0000] {logging_mixin.py:190} INFO - [2024-11-26T18:58:44.316+0000] {dagbag.py:588} INFO - Filling up the DagBag from /home/airflow/.local/lib/python3.12/site-packages/airflow/example_dags/example_branch_operator.py
[2024-11-26T18:58:44.329+0000] {processor.py:925} INFO - DAG(s) 'example_branch_operator' retrieved from /home/airflow/.local/lib/python3.12/site-packages/airflow/example_dags/example_branch_operator.py
[2024-11-26T18:58:44.354+0000] {logging_mixin.py:190} INFO - [2024-11-26T18:58:44.354+0000] {dag.py:3239} INFO - Sync 1 DAGs
[2024-11-26T18:58:44.372+0000] {logging_mixin.py:190} INFO - [2024-11-26T18:58:44.372+0000] {dag.py:4180} INFO - Setting next_dagrun for example_branch_operator to 2024-11-25 00:00:00+00:00, run_after=2024-11-26 00:00:00+00:00
[2024-11-26T18:58:44.388+0000] {processor.py:208} INFO - Processing /home/airflow/.local/lib/python3.12/site-packages/airflow/example_dags/example_branch_operator.py took 0.078 seconds
[2024-11-26T18:59:15.087+0000] {processor.py:186} INFO - Started process (PID=2297) to work on /home/airflow/.local/lib/python3.12/site-packages/airflow/example_dags/example_branch_operator.py
[2024-11-26T18:59:15.088+0000] {processor.py:914} INFO - Processing file /home/airflow/.local/lib/python3.12/site-packages/airflow/example_dags/example_branch_operator.py for tasks to queue
[2024-11-26T18:59:15.089+0000] {logging_mixin.py:190} INFO - [2024-11-26T18:59:15.089+0000] {dagbag.py:588} INFO - Filling up the DagBag from /home/airflow/.local/lib/python3.12/site-packages/airflow/example_dags/example_branch_operator.py
[2024-11-26T18:59:15.103+0000] {processor.py:925} INFO - DAG(s) 'example_branch_operator' retrieved from /home/airflow/.local/lib/python3.12/site-packages/airflow/example_dags/example_branch_operator.py
[2024-11-26T18:59:15.125+0000] {logging_mixin.py:190} INFO - [2024-11-26T18:59:15.125+0000] {dag.py:3239} INFO - Sync 1 DAGs
[2024-11-26T18:59:15.144+0000] {logging_mixin.py:190} INFO - [2024-11-26T18:59:15.143+0000] {dag.py:4180} INFO - Setting next_dagrun for example_branch_operator to 2024-11-25 00:00:00+00:00, run_after=2024-11-26 00:00:00+00:00
[2024-11-26T18:59:15.158+0000] {processor.py:208} INFO - Processing /home/airflow/.local/lib/python3.12/site-packages/airflow/example_dags/example_branch_operator.py took 0.075 seconds
[2024-11-26T18:59:45.907+0000] {processor.py:186} INFO - Started process (PID=2373) to work on /home/airflow/.local/lib/python3.12/site-packages/airflow/example_dags/example_branch_operator.py
[2024-11-26T18:59:45.908+0000] {processor.py:914} INFO - Processing file /home/airflow/.local/lib/python3.12/site-packages/airflow/example_dags/example_branch_operator.py for tasks to queue
[2024-11-26T18:59:45.909+0000] {logging_mixin.py:190} INFO - [2024-11-26T18:59:45.909+0000] {dagbag.py:588} INFO - Filling up the DagBag from /home/airflow/.local/lib/python3.12/site-packages/airflow/example_dags/example_branch_operator.py
[2024-11-26T18:59:45.925+0000] {processor.py:925} INFO - DAG(s) 'example_branch_operator' retrieved from /home/airflow/.local/lib/python3.12/site-packages/airflow/example_dags/example_branch_operator.py
[2024-11-26T18:59:45.951+0000] {logging_mixin.py:190} INFO - [2024-11-26T18:59:45.951+0000] {dag.py:3239} INFO - Sync 1 DAGs
[2024-11-26T18:59:45.971+0000] {logging_mixin.py:190} INFO - [2024-11-26T18:59:45.971+0000] {dag.py:4180} INFO - Setting next_dagrun for example_branch_operator to 2024-11-25 00:00:00+00:00, run_after=2024-11-26 00:00:00+00:00
[2024-11-26T18:59:45.986+0000] {processor.py:208} INFO - Processing /home/airflow/.local/lib/python3.12/site-packages/airflow/example_dags/example_branch_operator.py took 0.086 seconds
[2024-11-26T19:00:16.631+0000] {processor.py:186} INFO - Started process (PID=2448) to work on /home/airflow/.local/lib/python3.12/site-packages/airflow/example_dags/example_branch_operator.py
[2024-11-26T19:00:16.632+0000] {processor.py:914} INFO - Processing file /home/airflow/.local/lib/python3.12/site-packages/airflow/example_dags/example_branch_operator.py for tasks to queue
[2024-11-26T19:00:16.634+0000] {logging_mixin.py:190} INFO - [2024-11-26T19:00:16.633+0000] {dagbag.py:588} INFO - Filling up the DagBag from /home/airflow/.local/lib/python3.12/site-packages/airflow/example_dags/example_branch_operator.py
[2024-11-26T19:00:16.647+0000] {processor.py:925} INFO - DAG(s) 'example_branch_operator' retrieved from /home/airflow/.local/lib/python3.12/site-packages/airflow/example_dags/example_branch_operator.py
[2024-11-26T19:00:16.671+0000] {logging_mixin.py:190} INFO - [2024-11-26T19:00:16.670+0000] {dag.py:3239} INFO - Sync 1 DAGs
[2024-11-26T19:00:16.691+0000] {logging_mixin.py:190} INFO - [2024-11-26T19:00:16.691+0000] {dag.py:4180} INFO - Setting next_dagrun for example_branch_operator to 2024-11-25 00:00:00+00:00, run_after=2024-11-26 00:00:00+00:00
[2024-11-26T19:00:16.708+0000] {processor.py:208} INFO - Processing /home/airflow/.local/lib/python3.12/site-packages/airflow/example_dags/example_branch_operator.py took 0.082 seconds
[2024-11-26T19:00:47.396+0000] {processor.py:186} INFO - Started process (PID=2523) to work on /home/airflow/.local/lib/python3.12/site-packages/airflow/example_dags/example_branch_operator.py
[2024-11-26T19:00:47.396+0000] {processor.py:914} INFO - Processing file /home/airflow/.local/lib/python3.12/site-packages/airflow/example_dags/example_branch_operator.py for tasks to queue
[2024-11-26T19:00:47.398+0000] {logging_mixin.py:190} INFO - [2024-11-26T19:00:47.398+0000] {dagbag.py:588} INFO - Filling up the DagBag from /home/airflow/.local/lib/python3.12/site-packages/airflow/example_dags/example_branch_operator.py
[2024-11-26T19:00:47.411+0000] {processor.py:925} INFO - DAG(s) 'example_branch_operator' retrieved from /home/airflow/.local/lib/python3.12/site-packages/airflow/example_dags/example_branch_operator.py
[2024-11-26T19:00:47.433+0000] {logging_mixin.py:190} INFO - [2024-11-26T19:00:47.432+0000] {dag.py:3239} INFO - Sync 1 DAGs
[2024-11-26T19:00:47.451+0000] {logging_mixin.py:190} INFO - [2024-11-26T19:00:47.450+0000] {dag.py:4180} INFO - Setting next_dagrun for example_branch_operator to 2024-11-25 00:00:00+00:00, run_after=2024-11-26 00:00:00+00:00
[2024-11-26T19:00:47.464+0000] {processor.py:208} INFO - Processing /home/airflow/.local/lib/python3.12/site-packages/airflow/example_dags/example_branch_operator.py took 0.072 seconds
[2024-11-26T19:01:18.121+0000] {processor.py:186} INFO - Started process (PID=2598) to work on /home/airflow/.local/lib/python3.12/site-packages/airflow/example_dags/example_branch_operator.py
[2024-11-26T19:01:18.121+0000] {processor.py:914} INFO - Processing file /home/airflow/.local/lib/python3.12/site-packages/airflow/example_dags/example_branch_operator.py for tasks to queue
[2024-11-26T19:01:18.123+0000] {logging_mixin.py:190} INFO - [2024-11-26T19:01:18.123+0000] {dagbag.py:588} INFO - Filling up the DagBag from /home/airflow/.local/lib/python3.12/site-packages/airflow/example_dags/example_branch_operator.py
[2024-11-26T19:01:18.136+0000] {processor.py:925} INFO - DAG(s) 'example_branch_operator' retrieved from /home/airflow/.local/lib/python3.12/site-packages/airflow/example_dags/example_branch_operator.py
[2024-11-26T19:01:18.158+0000] {logging_mixin.py:190} INFO - [2024-11-26T19:01:18.158+0000] {dag.py:3239} INFO - Sync 1 DAGs
[2024-11-26T19:01:18.176+0000] {logging_mixin.py:190} INFO - [2024-11-26T19:01:18.175+0000] {dag.py:4180} INFO - Setting next_dagrun for example_branch_operator to 2024-11-25 00:00:00+00:00, run_after=2024-11-26 00:00:00+00:00
[2024-11-26T19:01:18.190+0000] {processor.py:208} INFO - Processing /home/airflow/.local/lib/python3.12/site-packages/airflow/example_dags/example_branch_operator.py took 0.073 seconds
