[2024-11-26T17:53:56.072+0000] {processor.py:186} INFO - Started process (PID=80) to work on /home/airflow/.local/lib/python3.12/site-packages/airflow/example_dags/tutorial.py
[2024-11-26T17:53:56.073+0000] {processor.py:914} INFO - Processing file /home/airflow/.local/lib/python3.12/site-packages/airflow/example_dags/tutorial.py for tasks to queue
[2024-11-26T17:53:56.075+0000] {logging_mixin.py:190} INFO - [2024-11-26T17:53:56.075+0000] {dagbag.py:588} INFO - Filling up the DagBag from /home/airflow/.local/lib/python3.12/site-packages/airflow/example_dags/tutorial.py
[2024-11-26T17:53:56.081+0000] {processor.py:925} INFO - DAG(s) 'tutorial' retrieved from /home/airflow/.local/lib/python3.12/site-packages/airflow/example_dags/tutorial.py
[2024-11-26T17:53:56.179+0000] {logging_mixin.py:190} INFO - [2024-11-26T17:53:56.178+0000] {override.py:1911} INFO - Created Permission View: can read on DAG:tutorial
[2024-11-26T17:53:56.191+0000] {logging_mixin.py:190} INFO - [2024-11-26T17:53:56.190+0000] {override.py:1911} INFO - Created Permission View: can delete on DAG:tutorial
[2024-11-26T17:53:56.198+0000] {logging_mixin.py:190} INFO - [2024-11-26T17:53:56.198+0000] {override.py:1911} INFO - Created Permission View: can edit on DAG:tutorial
[2024-11-26T17:53:56.209+0000] {logging_mixin.py:190} INFO - [2024-11-26T17:53:56.208+0000] {override.py:1911} INFO - Created Permission View: can create on DAG Run:tutorial
[2024-11-26T17:53:56.217+0000] {logging_mixin.py:190} INFO - [2024-11-26T17:53:56.217+0000] {override.py:1911} INFO - Created Permission View: can read on DAG Run:tutorial
[2024-11-26T17:53:56.226+0000] {logging_mixin.py:190} INFO - [2024-11-26T17:53:56.226+0000] {override.py:1911} INFO - Created Permission View: can delete on DAG Run:tutorial
[2024-11-26T17:53:56.234+0000] {logging_mixin.py:190} INFO - [2024-11-26T17:53:56.233+0000] {override.py:1911} INFO - Created Permission View: menu access on DAG Run:tutorial
[2024-11-26T17:53:56.234+0000] {logging_mixin.py:190} INFO - [2024-11-26T17:53:56.234+0000] {dag.py:3239} INFO - Sync 1 DAGs
[2024-11-26T17:53:56.248+0000] {logging_mixin.py:190} INFO - [2024-11-26T17:53:56.248+0000] {dag.py:3262} INFO - Creating ORM DAG for tutorial
[2024-11-26T17:53:56.257+0000] {logging_mixin.py:190} INFO - [2024-11-26T17:53:56.257+0000] {dag.py:4180} INFO - Setting next_dagrun for tutorial to 2024-11-25 00:00:00+00:00, run_after=2024-11-26 00:00:00+00:00
[2024-11-26T17:53:56.272+0000] {processor.py:208} INFO - Processing /home/airflow/.local/lib/python3.12/site-packages/airflow/example_dags/tutorial.py took 0.204 seconds
[2024-11-26T17:54:26.914+0000] {processor.py:186} INFO - Started process (PID=149) to work on /home/airflow/.local/lib/python3.12/site-packages/airflow/example_dags/tutorial.py
[2024-11-26T17:54:26.915+0000] {processor.py:914} INFO - Processing file /home/airflow/.local/lib/python3.12/site-packages/airflow/example_dags/tutorial.py for tasks to queue
[2024-11-26T17:54:26.917+0000] {logging_mixin.py:190} INFO - [2024-11-26T17:54:26.917+0000] {dagbag.py:588} INFO - Filling up the DagBag from /home/airflow/.local/lib/python3.12/site-packages/airflow/example_dags/tutorial.py
[2024-11-26T17:54:26.923+0000] {processor.py:925} INFO - DAG(s) 'tutorial' retrieved from /home/airflow/.local/lib/python3.12/site-packages/airflow/example_dags/tutorial.py
[2024-11-26T17:54:26.938+0000] {logging_mixin.py:190} INFO - [2024-11-26T17:54:26.938+0000] {dag.py:3239} INFO - Sync 1 DAGs
[2024-11-26T17:54:26.956+0000] {logging_mixin.py:190} INFO - [2024-11-26T17:54:26.956+0000] {dag.py:4180} INFO - Setting next_dagrun for tutorial to 2024-11-25 00:00:00+00:00, run_after=2024-11-26 00:00:00+00:00
[2024-11-26T17:54:26.972+0000] {processor.py:208} INFO - Processing /home/airflow/.local/lib/python3.12/site-packages/airflow/example_dags/tutorial.py took 0.062 seconds
[2024-11-26T17:54:57.592+0000] {processor.py:186} INFO - Started process (PID=212) to work on /home/airflow/.local/lib/python3.12/site-packages/airflow/example_dags/tutorial.py
[2024-11-26T17:54:57.593+0000] {processor.py:914} INFO - Processing file /home/airflow/.local/lib/python3.12/site-packages/airflow/example_dags/tutorial.py for tasks to queue
[2024-11-26T17:54:57.595+0000] {logging_mixin.py:190} INFO - [2024-11-26T17:54:57.595+0000] {dagbag.py:588} INFO - Filling up the DagBag from /home/airflow/.local/lib/python3.12/site-packages/airflow/example_dags/tutorial.py
[2024-11-26T17:54:57.601+0000] {processor.py:925} INFO - DAG(s) 'tutorial' retrieved from /home/airflow/.local/lib/python3.12/site-packages/airflow/example_dags/tutorial.py
[2024-11-26T17:54:57.615+0000] {logging_mixin.py:190} INFO - [2024-11-26T17:54:57.615+0000] {dag.py:3239} INFO - Sync 1 DAGs
[2024-11-26T17:54:57.632+0000] {logging_mixin.py:190} INFO - [2024-11-26T17:54:57.631+0000] {dag.py:4180} INFO - Setting next_dagrun for tutorial to 2024-11-25 00:00:00+00:00, run_after=2024-11-26 00:00:00+00:00
[2024-11-26T17:54:57.646+0000] {processor.py:208} INFO - Processing /home/airflow/.local/lib/python3.12/site-packages/airflow/example_dags/tutorial.py took 0.058 seconds
[2024-11-26T17:55:28.242+0000] {processor.py:186} INFO - Started process (PID=275) to work on /home/airflow/.local/lib/python3.12/site-packages/airflow/example_dags/tutorial.py
[2024-11-26T17:55:28.243+0000] {processor.py:914} INFO - Processing file /home/airflow/.local/lib/python3.12/site-packages/airflow/example_dags/tutorial.py for tasks to queue
[2024-11-26T17:55:28.245+0000] {logging_mixin.py:190} INFO - [2024-11-26T17:55:28.245+0000] {dagbag.py:588} INFO - Filling up the DagBag from /home/airflow/.local/lib/python3.12/site-packages/airflow/example_dags/tutorial.py
[2024-11-26T17:55:28.251+0000] {processor.py:925} INFO - DAG(s) 'tutorial' retrieved from /home/airflow/.local/lib/python3.12/site-packages/airflow/example_dags/tutorial.py
[2024-11-26T17:55:28.266+0000] {logging_mixin.py:190} INFO - [2024-11-26T17:55:28.266+0000] {dag.py:3239} INFO - Sync 1 DAGs
[2024-11-26T17:55:28.283+0000] {logging_mixin.py:190} INFO - [2024-11-26T17:55:28.282+0000] {dag.py:4180} INFO - Setting next_dagrun for tutorial to 2024-11-25 00:00:00+00:00, run_after=2024-11-26 00:00:00+00:00
[2024-11-26T17:55:28.297+0000] {processor.py:208} INFO - Processing /home/airflow/.local/lib/python3.12/site-packages/airflow/example_dags/tutorial.py took 0.059 seconds
[2024-11-26T17:55:58.661+0000] {processor.py:186} INFO - Started process (PID=337) to work on /home/airflow/.local/lib/python3.12/site-packages/airflow/example_dags/tutorial.py
[2024-11-26T17:55:58.662+0000] {processor.py:914} INFO - Processing file /home/airflow/.local/lib/python3.12/site-packages/airflow/example_dags/tutorial.py for tasks to queue
[2024-11-26T17:55:58.663+0000] {logging_mixin.py:190} INFO - [2024-11-26T17:55:58.663+0000] {dagbag.py:588} INFO - Filling up the DagBag from /home/airflow/.local/lib/python3.12/site-packages/airflow/example_dags/tutorial.py
[2024-11-26T17:55:58.671+0000] {processor.py:925} INFO - DAG(s) 'tutorial' retrieved from /home/airflow/.local/lib/python3.12/site-packages/airflow/example_dags/tutorial.py
[2024-11-26T17:55:58.688+0000] {logging_mixin.py:190} INFO - [2024-11-26T17:55:58.688+0000] {dag.py:3239} INFO - Sync 1 DAGs
[2024-11-26T17:55:58.706+0000] {logging_mixin.py:190} INFO - [2024-11-26T17:55:58.706+0000] {dag.py:4180} INFO - Setting next_dagrun for tutorial to 2024-11-25 00:00:00+00:00, run_after=2024-11-26 00:00:00+00:00
[2024-11-26T17:55:58.722+0000] {processor.py:208} INFO - Processing /home/airflow/.local/lib/python3.12/site-packages/airflow/example_dags/tutorial.py took 0.065 seconds
[2024-11-26T17:56:29.614+0000] {processor.py:186} INFO - Started process (PID=401) to work on /home/airflow/.local/lib/python3.12/site-packages/airflow/example_dags/tutorial.py
[2024-11-26T17:56:29.616+0000] {processor.py:914} INFO - Processing file /home/airflow/.local/lib/python3.12/site-packages/airflow/example_dags/tutorial.py for tasks to queue
[2024-11-26T17:56:29.619+0000] {logging_mixin.py:190} INFO - [2024-11-26T17:56:29.618+0000] {dagbag.py:588} INFO - Filling up the DagBag from /home/airflow/.local/lib/python3.12/site-packages/airflow/example_dags/tutorial.py
[2024-11-26T17:56:29.625+0000] {processor.py:925} INFO - DAG(s) 'tutorial' retrieved from /home/airflow/.local/lib/python3.12/site-packages/airflow/example_dags/tutorial.py
[2024-11-26T17:56:29.640+0000] {logging_mixin.py:190} INFO - [2024-11-26T17:56:29.640+0000] {dag.py:3239} INFO - Sync 1 DAGs
[2024-11-26T17:56:29.658+0000] {logging_mixin.py:190} INFO - [2024-11-26T17:56:29.658+0000] {dag.py:4180} INFO - Setting next_dagrun for tutorial to 2024-11-25 00:00:00+00:00, run_after=2024-11-26 00:00:00+00:00
[2024-11-26T17:56:29.675+0000] {processor.py:208} INFO - Processing /home/airflow/.local/lib/python3.12/site-packages/airflow/example_dags/tutorial.py took 0.067 seconds
[2024-11-26T17:57:00.571+0000] {processor.py:186} INFO - Started process (PID=464) to work on /home/airflow/.local/lib/python3.12/site-packages/airflow/example_dags/tutorial.py
[2024-11-26T17:57:00.571+0000] {processor.py:914} INFO - Processing file /home/airflow/.local/lib/python3.12/site-packages/airflow/example_dags/tutorial.py for tasks to queue
[2024-11-26T17:57:00.573+0000] {logging_mixin.py:190} INFO - [2024-11-26T17:57:00.573+0000] {dagbag.py:588} INFO - Filling up the DagBag from /home/airflow/.local/lib/python3.12/site-packages/airflow/example_dags/tutorial.py
[2024-11-26T17:57:00.579+0000] {processor.py:925} INFO - DAG(s) 'tutorial' retrieved from /home/airflow/.local/lib/python3.12/site-packages/airflow/example_dags/tutorial.py
[2024-11-26T17:57:00.595+0000] {logging_mixin.py:190} INFO - [2024-11-26T17:57:00.595+0000] {dag.py:3239} INFO - Sync 1 DAGs
[2024-11-26T17:57:00.614+0000] {logging_mixin.py:190} INFO - [2024-11-26T17:57:00.614+0000] {dag.py:4180} INFO - Setting next_dagrun for tutorial to 2024-11-25 00:00:00+00:00, run_after=2024-11-26 00:00:00+00:00
[2024-11-26T17:57:00.630+0000] {processor.py:208} INFO - Processing /home/airflow/.local/lib/python3.12/site-packages/airflow/example_dags/tutorial.py took 0.063 seconds
[2024-11-26T17:57:31.529+0000] {processor.py:186} INFO - Started process (PID=527) to work on /home/airflow/.local/lib/python3.12/site-packages/airflow/example_dags/tutorial.py
[2024-11-26T17:57:31.531+0000] {processor.py:914} INFO - Processing file /home/airflow/.local/lib/python3.12/site-packages/airflow/example_dags/tutorial.py for tasks to queue
[2024-11-26T17:57:31.533+0000] {logging_mixin.py:190} INFO - [2024-11-26T17:57:31.532+0000] {dagbag.py:588} INFO - Filling up the DagBag from /home/airflow/.local/lib/python3.12/site-packages/airflow/example_dags/tutorial.py
[2024-11-26T17:57:31.538+0000] {processor.py:925} INFO - DAG(s) 'tutorial' retrieved from /home/airflow/.local/lib/python3.12/site-packages/airflow/example_dags/tutorial.py
[2024-11-26T17:57:31.554+0000] {logging_mixin.py:190} INFO - [2024-11-26T17:57:31.554+0000] {dag.py:3239} INFO - Sync 1 DAGs
[2024-11-26T17:57:31.573+0000] {logging_mixin.py:190} INFO - [2024-11-26T17:57:31.573+0000] {dag.py:4180} INFO - Setting next_dagrun for tutorial to 2024-11-25 00:00:00+00:00, run_after=2024-11-26 00:00:00+00:00
[2024-11-26T17:57:31.588+0000] {processor.py:208} INFO - Processing /home/airflow/.local/lib/python3.12/site-packages/airflow/example_dags/tutorial.py took 0.063 seconds
[2024-11-26T17:58:02.267+0000] {processor.py:186} INFO - Started process (PID=590) to work on /home/airflow/.local/lib/python3.12/site-packages/airflow/example_dags/tutorial.py
[2024-11-26T17:58:02.267+0000] {processor.py:914} INFO - Processing file /home/airflow/.local/lib/python3.12/site-packages/airflow/example_dags/tutorial.py for tasks to queue
[2024-11-26T17:58:02.269+0000] {logging_mixin.py:190} INFO - [2024-11-26T17:58:02.269+0000] {dagbag.py:588} INFO - Filling up the DagBag from /home/airflow/.local/lib/python3.12/site-packages/airflow/example_dags/tutorial.py
[2024-11-26T17:58:02.274+0000] {processor.py:925} INFO - DAG(s) 'tutorial' retrieved from /home/airflow/.local/lib/python3.12/site-packages/airflow/example_dags/tutorial.py
[2024-11-26T17:58:02.289+0000] {logging_mixin.py:190} INFO - [2024-11-26T17:58:02.289+0000] {dag.py:3239} INFO - Sync 1 DAGs
[2024-11-26T17:58:02.306+0000] {logging_mixin.py:190} INFO - [2024-11-26T17:58:02.306+0000] {dag.py:4180} INFO - Setting next_dagrun for tutorial to 2024-11-25 00:00:00+00:00, run_after=2024-11-26 00:00:00+00:00
[2024-11-26T17:58:02.322+0000] {processor.py:208} INFO - Processing /home/airflow/.local/lib/python3.12/site-packages/airflow/example_dags/tutorial.py took 0.059 seconds
[2024-11-26T17:58:32.402+0000] {processor.py:186} INFO - Started process (PID=652) to work on /home/airflow/.local/lib/python3.12/site-packages/airflow/example_dags/tutorial.py
[2024-11-26T17:58:32.403+0000] {processor.py:914} INFO - Processing file /home/airflow/.local/lib/python3.12/site-packages/airflow/example_dags/tutorial.py for tasks to queue
[2024-11-26T17:58:32.405+0000] {logging_mixin.py:190} INFO - [2024-11-26T17:58:32.405+0000] {dagbag.py:588} INFO - Filling up the DagBag from /home/airflow/.local/lib/python3.12/site-packages/airflow/example_dags/tutorial.py
[2024-11-26T17:58:32.411+0000] {processor.py:925} INFO - DAG(s) 'tutorial' retrieved from /home/airflow/.local/lib/python3.12/site-packages/airflow/example_dags/tutorial.py
[2024-11-26T17:58:32.428+0000] {logging_mixin.py:190} INFO - [2024-11-26T17:58:32.428+0000] {dag.py:3239} INFO - Sync 1 DAGs
[2024-11-26T17:58:32.448+0000] {logging_mixin.py:190} INFO - [2024-11-26T17:58:32.448+0000] {dag.py:4180} INFO - Setting next_dagrun for tutorial to 2024-11-25 00:00:00+00:00, run_after=2024-11-26 00:00:00+00:00
[2024-11-26T17:58:32.463+0000] {processor.py:208} INFO - Processing /home/airflow/.local/lib/python3.12/site-packages/airflow/example_dags/tutorial.py took 0.066 seconds
[2024-11-26T17:59:03.140+0000] {processor.py:186} INFO - Started process (PID=715) to work on /home/airflow/.local/lib/python3.12/site-packages/airflow/example_dags/tutorial.py
[2024-11-26T17:59:03.141+0000] {processor.py:914} INFO - Processing file /home/airflow/.local/lib/python3.12/site-packages/airflow/example_dags/tutorial.py for tasks to queue
[2024-11-26T17:59:03.143+0000] {logging_mixin.py:190} INFO - [2024-11-26T17:59:03.143+0000] {dagbag.py:588} INFO - Filling up the DagBag from /home/airflow/.local/lib/python3.12/site-packages/airflow/example_dags/tutorial.py
[2024-11-26T17:59:03.149+0000] {processor.py:925} INFO - DAG(s) 'tutorial' retrieved from /home/airflow/.local/lib/python3.12/site-packages/airflow/example_dags/tutorial.py
[2024-11-26T17:59:03.163+0000] {logging_mixin.py:190} INFO - [2024-11-26T17:59:03.163+0000] {dag.py:3239} INFO - Sync 1 DAGs
[2024-11-26T17:59:03.181+0000] {logging_mixin.py:190} INFO - [2024-11-26T17:59:03.180+0000] {dag.py:4180} INFO - Setting next_dagrun for tutorial to 2024-11-25 00:00:00+00:00, run_after=2024-11-26 00:00:00+00:00
[2024-11-26T17:59:03.195+0000] {processor.py:208} INFO - Processing /home/airflow/.local/lib/python3.12/site-packages/airflow/example_dags/tutorial.py took 0.059 seconds
[2024-11-26T18:06:06.344+0000] {processor.py:186} INFO - Started process (PID=81) to work on /home/airflow/.local/lib/python3.12/site-packages/airflow/example_dags/tutorial.py
[2024-11-26T18:06:06.344+0000] {processor.py:914} INFO - Processing file /home/airflow/.local/lib/python3.12/site-packages/airflow/example_dags/tutorial.py for tasks to queue
[2024-11-26T18:06:06.346+0000] {logging_mixin.py:190} INFO - [2024-11-26T18:06:06.346+0000] {dagbag.py:588} INFO - Filling up the DagBag from /home/airflow/.local/lib/python3.12/site-packages/airflow/example_dags/tutorial.py
[2024-11-26T18:06:06.353+0000] {processor.py:925} INFO - DAG(s) 'tutorial' retrieved from /home/airflow/.local/lib/python3.12/site-packages/airflow/example_dags/tutorial.py
[2024-11-26T18:06:06.373+0000] {logging_mixin.py:190} INFO - [2024-11-26T18:06:06.373+0000] {dag.py:3239} INFO - Sync 1 DAGs
[2024-11-26T18:06:06.392+0000] {logging_mixin.py:190} INFO - [2024-11-26T18:06:06.391+0000] {dag.py:4180} INFO - Setting next_dagrun for tutorial to 2024-11-25 00:00:00+00:00, run_after=2024-11-26 00:00:00+00:00
[2024-11-26T18:06:06.410+0000] {processor.py:208} INFO - Processing /home/airflow/.local/lib/python3.12/site-packages/airflow/example_dags/tutorial.py took 0.070 seconds
[2024-11-26T18:06:36.793+0000] {processor.py:186} INFO - Started process (PID=145) to work on /home/airflow/.local/lib/python3.12/site-packages/airflow/example_dags/tutorial.py
[2024-11-26T18:06:36.794+0000] {processor.py:914} INFO - Processing file /home/airflow/.local/lib/python3.12/site-packages/airflow/example_dags/tutorial.py for tasks to queue
[2024-11-26T18:06:36.795+0000] {logging_mixin.py:190} INFO - [2024-11-26T18:06:36.795+0000] {dagbag.py:588} INFO - Filling up the DagBag from /home/airflow/.local/lib/python3.12/site-packages/airflow/example_dags/tutorial.py
[2024-11-26T18:06:36.801+0000] {processor.py:925} INFO - DAG(s) 'tutorial' retrieved from /home/airflow/.local/lib/python3.12/site-packages/airflow/example_dags/tutorial.py
[2024-11-26T18:06:36.815+0000] {logging_mixin.py:190} INFO - [2024-11-26T18:06:36.815+0000] {dag.py:3239} INFO - Sync 1 DAGs
[2024-11-26T18:06:36.832+0000] {logging_mixin.py:190} INFO - [2024-11-26T18:06:36.832+0000] {dag.py:4180} INFO - Setting next_dagrun for tutorial to 2024-11-25 00:00:00+00:00, run_after=2024-11-26 00:00:00+00:00
[2024-11-26T18:06:36.846+0000] {processor.py:208} INFO - Processing /home/airflow/.local/lib/python3.12/site-packages/airflow/example_dags/tutorial.py took 0.057 seconds
[2024-11-26T18:07:06.904+0000] {processor.py:186} INFO - Started process (PID=208) to work on /home/airflow/.local/lib/python3.12/site-packages/airflow/example_dags/tutorial.py
[2024-11-26T18:07:06.905+0000] {processor.py:914} INFO - Processing file /home/airflow/.local/lib/python3.12/site-packages/airflow/example_dags/tutorial.py for tasks to queue
[2024-11-26T18:07:06.906+0000] {logging_mixin.py:190} INFO - [2024-11-26T18:07:06.906+0000] {dagbag.py:588} INFO - Filling up the DagBag from /home/airflow/.local/lib/python3.12/site-packages/airflow/example_dags/tutorial.py
[2024-11-26T18:07:06.912+0000] {processor.py:925} INFO - DAG(s) 'tutorial' retrieved from /home/airflow/.local/lib/python3.12/site-packages/airflow/example_dags/tutorial.py
[2024-11-26T18:07:06.927+0000] {logging_mixin.py:190} INFO - [2024-11-26T18:07:06.926+0000] {dag.py:3239} INFO - Sync 1 DAGs
[2024-11-26T18:07:06.943+0000] {logging_mixin.py:190} INFO - [2024-11-26T18:07:06.943+0000] {dag.py:4180} INFO - Setting next_dagrun for tutorial to 2024-11-25 00:00:00+00:00, run_after=2024-11-26 00:00:00+00:00
[2024-11-26T18:07:06.957+0000] {processor.py:208} INFO - Processing /home/airflow/.local/lib/python3.12/site-packages/airflow/example_dags/tutorial.py took 0.057 seconds
[2024-11-26T18:07:37.609+0000] {processor.py:186} INFO - Started process (PID=272) to work on /home/airflow/.local/lib/python3.12/site-packages/airflow/example_dags/tutorial.py
[2024-11-26T18:07:37.610+0000] {processor.py:914} INFO - Processing file /home/airflow/.local/lib/python3.12/site-packages/airflow/example_dags/tutorial.py for tasks to queue
[2024-11-26T18:07:37.612+0000] {logging_mixin.py:190} INFO - [2024-11-26T18:07:37.611+0000] {dagbag.py:588} INFO - Filling up the DagBag from /home/airflow/.local/lib/python3.12/site-packages/airflow/example_dags/tutorial.py
[2024-11-26T18:07:37.617+0000] {processor.py:925} INFO - DAG(s) 'tutorial' retrieved from /home/airflow/.local/lib/python3.12/site-packages/airflow/example_dags/tutorial.py
[2024-11-26T18:07:37.632+0000] {logging_mixin.py:190} INFO - [2024-11-26T18:07:37.632+0000] {dag.py:3239} INFO - Sync 1 DAGs
[2024-11-26T18:07:37.649+0000] {logging_mixin.py:190} INFO - [2024-11-26T18:07:37.648+0000] {dag.py:4180} INFO - Setting next_dagrun for tutorial to 2024-11-25 00:00:00+00:00, run_after=2024-11-26 00:00:00+00:00
[2024-11-26T18:07:37.664+0000] {processor.py:208} INFO - Processing /home/airflow/.local/lib/python3.12/site-packages/airflow/example_dags/tutorial.py took 0.059 seconds
[2024-11-26T18:08:08.218+0000] {processor.py:186} INFO - Started process (PID=336) to work on /home/airflow/.local/lib/python3.12/site-packages/airflow/example_dags/tutorial.py
[2024-11-26T18:08:08.219+0000] {processor.py:914} INFO - Processing file /home/airflow/.local/lib/python3.12/site-packages/airflow/example_dags/tutorial.py for tasks to queue
[2024-11-26T18:08:08.221+0000] {logging_mixin.py:190} INFO - [2024-11-26T18:08:08.220+0000] {dagbag.py:588} INFO - Filling up the DagBag from /home/airflow/.local/lib/python3.12/site-packages/airflow/example_dags/tutorial.py
[2024-11-26T18:08:08.226+0000] {processor.py:925} INFO - DAG(s) 'tutorial' retrieved from /home/airflow/.local/lib/python3.12/site-packages/airflow/example_dags/tutorial.py
[2024-11-26T18:08:08.241+0000] {logging_mixin.py:190} INFO - [2024-11-26T18:08:08.241+0000] {dag.py:3239} INFO - Sync 1 DAGs
[2024-11-26T18:08:08.259+0000] {logging_mixin.py:190} INFO - [2024-11-26T18:08:08.259+0000] {dag.py:4180} INFO - Setting next_dagrun for tutorial to 2024-11-25 00:00:00+00:00, run_after=2024-11-26 00:00:00+00:00
[2024-11-26T18:08:08.273+0000] {processor.py:208} INFO - Processing /home/airflow/.local/lib/python3.12/site-packages/airflow/example_dags/tutorial.py took 0.059 seconds
[2024-11-26T18:08:38.937+0000] {processor.py:186} INFO - Started process (PID=400) to work on /home/airflow/.local/lib/python3.12/site-packages/airflow/example_dags/tutorial.py
[2024-11-26T18:08:38.938+0000] {processor.py:914} INFO - Processing file /home/airflow/.local/lib/python3.12/site-packages/airflow/example_dags/tutorial.py for tasks to queue
[2024-11-26T18:08:38.940+0000] {logging_mixin.py:190} INFO - [2024-11-26T18:08:38.939+0000] {dagbag.py:588} INFO - Filling up the DagBag from /home/airflow/.local/lib/python3.12/site-packages/airflow/example_dags/tutorial.py
[2024-11-26T18:08:38.945+0000] {processor.py:925} INFO - DAG(s) 'tutorial' retrieved from /home/airflow/.local/lib/python3.12/site-packages/airflow/example_dags/tutorial.py
[2024-11-26T18:08:38.959+0000] {logging_mixin.py:190} INFO - [2024-11-26T18:08:38.959+0000] {dag.py:3239} INFO - Sync 1 DAGs
[2024-11-26T18:08:38.976+0000] {logging_mixin.py:190} INFO - [2024-11-26T18:08:38.975+0000] {dag.py:4180} INFO - Setting next_dagrun for tutorial to 2024-11-25 00:00:00+00:00, run_after=2024-11-26 00:00:00+00:00
[2024-11-26T18:08:38.989+0000] {processor.py:208} INFO - Processing /home/airflow/.local/lib/python3.12/site-packages/airflow/example_dags/tutorial.py took 0.056 seconds
[2024-11-26T18:09:09.780+0000] {processor.py:186} INFO - Started process (PID=465) to work on /home/airflow/.local/lib/python3.12/site-packages/airflow/example_dags/tutorial.py
[2024-11-26T18:09:09.781+0000] {processor.py:914} INFO - Processing file /home/airflow/.local/lib/python3.12/site-packages/airflow/example_dags/tutorial.py for tasks to queue
[2024-11-26T18:09:09.783+0000] {logging_mixin.py:190} INFO - [2024-11-26T18:09:09.783+0000] {dagbag.py:588} INFO - Filling up the DagBag from /home/airflow/.local/lib/python3.12/site-packages/airflow/example_dags/tutorial.py
[2024-11-26T18:09:09.789+0000] {processor.py:925} INFO - DAG(s) 'tutorial' retrieved from /home/airflow/.local/lib/python3.12/site-packages/airflow/example_dags/tutorial.py
[2024-11-26T18:09:09.804+0000] {logging_mixin.py:190} INFO - [2024-11-26T18:09:09.804+0000] {dag.py:3239} INFO - Sync 1 DAGs
[2024-11-26T18:09:09.821+0000] {logging_mixin.py:190} INFO - [2024-11-26T18:09:09.821+0000] {dag.py:4180} INFO - Setting next_dagrun for tutorial to 2024-11-25 00:00:00+00:00, run_after=2024-11-26 00:00:00+00:00
[2024-11-26T18:09:09.835+0000] {processor.py:208} INFO - Processing /home/airflow/.local/lib/python3.12/site-packages/airflow/example_dags/tutorial.py took 0.058 seconds
[2024-11-26T18:09:40.116+0000] {processor.py:186} INFO - Started process (PID=529) to work on /home/airflow/.local/lib/python3.12/site-packages/airflow/example_dags/tutorial.py
[2024-11-26T18:09:40.117+0000] {processor.py:914} INFO - Processing file /home/airflow/.local/lib/python3.12/site-packages/airflow/example_dags/tutorial.py for tasks to queue
[2024-11-26T18:09:40.120+0000] {logging_mixin.py:190} INFO - [2024-11-26T18:09:40.119+0000] {dagbag.py:588} INFO - Filling up the DagBag from /home/airflow/.local/lib/python3.12/site-packages/airflow/example_dags/tutorial.py
[2024-11-26T18:09:40.126+0000] {processor.py:925} INFO - DAG(s) 'tutorial' retrieved from /home/airflow/.local/lib/python3.12/site-packages/airflow/example_dags/tutorial.py
[2024-11-26T18:09:40.144+0000] {logging_mixin.py:190} INFO - [2024-11-26T18:09:40.144+0000] {dag.py:3239} INFO - Sync 1 DAGs
[2024-11-26T18:09:40.162+0000] {logging_mixin.py:190} INFO - [2024-11-26T18:09:40.162+0000] {dag.py:4180} INFO - Setting next_dagrun for tutorial to 2024-11-25 00:00:00+00:00, run_after=2024-11-26 00:00:00+00:00
[2024-11-26T18:09:40.178+0000] {processor.py:208} INFO - Processing /home/airflow/.local/lib/python3.12/site-packages/airflow/example_dags/tutorial.py took 0.066 seconds
[2024-11-26T18:10:10.757+0000] {processor.py:186} INFO - Started process (PID=592) to work on /home/airflow/.local/lib/python3.12/site-packages/airflow/example_dags/tutorial.py
[2024-11-26T18:10:10.757+0000] {processor.py:914} INFO - Processing file /home/airflow/.local/lib/python3.12/site-packages/airflow/example_dags/tutorial.py for tasks to queue
[2024-11-26T18:10:10.758+0000] {logging_mixin.py:190} INFO - [2024-11-26T18:10:10.758+0000] {dagbag.py:588} INFO - Filling up the DagBag from /home/airflow/.local/lib/python3.12/site-packages/airflow/example_dags/tutorial.py
[2024-11-26T18:10:10.764+0000] {processor.py:925} INFO - DAG(s) 'tutorial' retrieved from /home/airflow/.local/lib/python3.12/site-packages/airflow/example_dags/tutorial.py
[2024-11-26T18:10:10.778+0000] {logging_mixin.py:190} INFO - [2024-11-26T18:10:10.778+0000] {dag.py:3239} INFO - Sync 1 DAGs
[2024-11-26T18:10:10.795+0000] {logging_mixin.py:190} INFO - [2024-11-26T18:10:10.794+0000] {dag.py:4180} INFO - Setting next_dagrun for tutorial to 2024-11-25 00:00:00+00:00, run_after=2024-11-26 00:00:00+00:00
[2024-11-26T18:10:10.808+0000] {processor.py:208} INFO - Processing /home/airflow/.local/lib/python3.12/site-packages/airflow/example_dags/tutorial.py took 0.055 seconds
[2024-11-26T18:10:40.895+0000] {processor.py:186} INFO - Started process (PID=655) to work on /home/airflow/.local/lib/python3.12/site-packages/airflow/example_dags/tutorial.py
[2024-11-26T18:10:40.895+0000] {processor.py:914} INFO - Processing file /home/airflow/.local/lib/python3.12/site-packages/airflow/example_dags/tutorial.py for tasks to queue
[2024-11-26T18:10:40.896+0000] {logging_mixin.py:190} INFO - [2024-11-26T18:10:40.896+0000] {dagbag.py:588} INFO - Filling up the DagBag from /home/airflow/.local/lib/python3.12/site-packages/airflow/example_dags/tutorial.py
[2024-11-26T18:10:40.904+0000] {processor.py:925} INFO - DAG(s) 'tutorial' retrieved from /home/airflow/.local/lib/python3.12/site-packages/airflow/example_dags/tutorial.py
[2024-11-26T18:10:40.917+0000] {logging_mixin.py:190} INFO - [2024-11-26T18:10:40.917+0000] {dag.py:3239} INFO - Sync 1 DAGs
[2024-11-26T18:10:40.934+0000] {logging_mixin.py:190} INFO - [2024-11-26T18:10:40.934+0000] {dag.py:4180} INFO - Setting next_dagrun for tutorial to 2024-11-25 00:00:00+00:00, run_after=2024-11-26 00:00:00+00:00
[2024-11-26T18:10:40.949+0000] {processor.py:208} INFO - Processing /home/airflow/.local/lib/python3.12/site-packages/airflow/example_dags/tutorial.py took 0.057 seconds
[2024-11-26T18:11:11.058+0000] {processor.py:186} INFO - Started process (PID=719) to work on /home/airflow/.local/lib/python3.12/site-packages/airflow/example_dags/tutorial.py
[2024-11-26T18:11:11.059+0000] {processor.py:914} INFO - Processing file /home/airflow/.local/lib/python3.12/site-packages/airflow/example_dags/tutorial.py for tasks to queue
[2024-11-26T18:11:11.060+0000] {logging_mixin.py:190} INFO - [2024-11-26T18:11:11.060+0000] {dagbag.py:588} INFO - Filling up the DagBag from /home/airflow/.local/lib/python3.12/site-packages/airflow/example_dags/tutorial.py
[2024-11-26T18:11:11.066+0000] {processor.py:925} INFO - DAG(s) 'tutorial' retrieved from /home/airflow/.local/lib/python3.12/site-packages/airflow/example_dags/tutorial.py
[2024-11-26T18:11:11.080+0000] {logging_mixin.py:190} INFO - [2024-11-26T18:11:11.080+0000] {dag.py:3239} INFO - Sync 1 DAGs
[2024-11-26T18:11:11.098+0000] {logging_mixin.py:190} INFO - [2024-11-26T18:11:11.098+0000] {dag.py:4180} INFO - Setting next_dagrun for tutorial to 2024-11-25 00:00:00+00:00, run_after=2024-11-26 00:00:00+00:00
[2024-11-26T18:11:11.114+0000] {processor.py:208} INFO - Processing /home/airflow/.local/lib/python3.12/site-packages/airflow/example_dags/tutorial.py took 0.059 seconds
[2024-11-26T18:12:30.885+0000] {processor.py:186} INFO - Started process (PID=69) to work on /home/airflow/.local/lib/python3.12/site-packages/airflow/example_dags/tutorial.py
[2024-11-26T18:12:30.886+0000] {processor.py:914} INFO - Processing file /home/airflow/.local/lib/python3.12/site-packages/airflow/example_dags/tutorial.py for tasks to queue
[2024-11-26T18:12:30.888+0000] {logging_mixin.py:190} INFO - [2024-11-26T18:12:30.887+0000] {dagbag.py:588} INFO - Filling up the DagBag from /home/airflow/.local/lib/python3.12/site-packages/airflow/example_dags/tutorial.py
[2024-11-26T18:12:30.894+0000] {processor.py:925} INFO - DAG(s) 'tutorial' retrieved from /home/airflow/.local/lib/python3.12/site-packages/airflow/example_dags/tutorial.py
[2024-11-26T18:12:30.916+0000] {logging_mixin.py:190} INFO - [2024-11-26T18:12:30.916+0000] {dag.py:3239} INFO - Sync 1 DAGs
[2024-11-26T18:12:30.934+0000] {logging_mixin.py:190} INFO - [2024-11-26T18:12:30.934+0000] {dag.py:4180} INFO - Setting next_dagrun for tutorial to 2024-11-25 00:00:00+00:00, run_after=2024-11-26 00:00:00+00:00
[2024-11-26T18:12:30.951+0000] {processor.py:208} INFO - Processing /home/airflow/.local/lib/python3.12/site-packages/airflow/example_dags/tutorial.py took 0.070 seconds
[2024-11-26T18:13:01.467+0000] {processor.py:186} INFO - Started process (PID=133) to work on /home/airflow/.local/lib/python3.12/site-packages/airflow/example_dags/tutorial.py
[2024-11-26T18:13:01.467+0000] {processor.py:914} INFO - Processing file /home/airflow/.local/lib/python3.12/site-packages/airflow/example_dags/tutorial.py for tasks to queue
[2024-11-26T18:13:01.469+0000] {logging_mixin.py:190} INFO - [2024-11-26T18:13:01.469+0000] {dagbag.py:588} INFO - Filling up the DagBag from /home/airflow/.local/lib/python3.12/site-packages/airflow/example_dags/tutorial.py
[2024-11-26T18:13:01.475+0000] {processor.py:925} INFO - DAG(s) 'tutorial' retrieved from /home/airflow/.local/lib/python3.12/site-packages/airflow/example_dags/tutorial.py
[2024-11-26T18:13:01.491+0000] {logging_mixin.py:190} INFO - [2024-11-26T18:13:01.491+0000] {dag.py:3239} INFO - Sync 1 DAGs
[2024-11-26T18:13:01.511+0000] {logging_mixin.py:190} INFO - [2024-11-26T18:13:01.510+0000] {dag.py:4180} INFO - Setting next_dagrun for tutorial to 2024-11-25 00:00:00+00:00, run_after=2024-11-26 00:00:00+00:00
[2024-11-26T18:13:01.525+0000] {processor.py:208} INFO - Processing /home/airflow/.local/lib/python3.12/site-packages/airflow/example_dags/tutorial.py took 0.062 seconds
[2024-11-26T18:13:32.207+0000] {processor.py:186} INFO - Started process (PID=203) to work on /home/airflow/.local/lib/python3.12/site-packages/airflow/example_dags/tutorial.py
[2024-11-26T18:13:32.208+0000] {processor.py:914} INFO - Processing file /home/airflow/.local/lib/python3.12/site-packages/airflow/example_dags/tutorial.py for tasks to queue
[2024-11-26T18:13:32.210+0000] {logging_mixin.py:190} INFO - [2024-11-26T18:13:32.210+0000] {dagbag.py:588} INFO - Filling up the DagBag from /home/airflow/.local/lib/python3.12/site-packages/airflow/example_dags/tutorial.py
[2024-11-26T18:13:32.216+0000] {processor.py:925} INFO - DAG(s) 'tutorial' retrieved from /home/airflow/.local/lib/python3.12/site-packages/airflow/example_dags/tutorial.py
[2024-11-26T18:13:32.232+0000] {logging_mixin.py:190} INFO - [2024-11-26T18:13:32.232+0000] {dag.py:3239} INFO - Sync 1 DAGs
[2024-11-26T18:13:32.252+0000] {logging_mixin.py:190} INFO - [2024-11-26T18:13:32.251+0000] {dag.py:4180} INFO - Setting next_dagrun for tutorial to 2024-11-25 00:00:00+00:00, run_after=2024-11-26 00:00:00+00:00
[2024-11-26T18:13:32.267+0000] {processor.py:208} INFO - Processing /home/airflow/.local/lib/python3.12/site-packages/airflow/example_dags/tutorial.py took 0.064 seconds
[2024-11-26T18:14:02.969+0000] {processor.py:186} INFO - Started process (PID=267) to work on /home/airflow/.local/lib/python3.12/site-packages/airflow/example_dags/tutorial.py
[2024-11-26T18:14:02.970+0000] {processor.py:914} INFO - Processing file /home/airflow/.local/lib/python3.12/site-packages/airflow/example_dags/tutorial.py for tasks to queue
[2024-11-26T18:14:02.972+0000] {logging_mixin.py:190} INFO - [2024-11-26T18:14:02.972+0000] {dagbag.py:588} INFO - Filling up the DagBag from /home/airflow/.local/lib/python3.12/site-packages/airflow/example_dags/tutorial.py
[2024-11-26T18:14:02.978+0000] {processor.py:925} INFO - DAG(s) 'tutorial' retrieved from /home/airflow/.local/lib/python3.12/site-packages/airflow/example_dags/tutorial.py
[2024-11-26T18:14:02.997+0000] {logging_mixin.py:190} INFO - [2024-11-26T18:14:02.997+0000] {dag.py:3239} INFO - Sync 1 DAGs
[2024-11-26T18:14:03.016+0000] {logging_mixin.py:190} INFO - [2024-11-26T18:14:03.016+0000] {dag.py:4180} INFO - Setting next_dagrun for tutorial to 2024-11-25 00:00:00+00:00, run_after=2024-11-26 00:00:00+00:00
[2024-11-26T18:14:03.032+0000] {processor.py:208} INFO - Processing /home/airflow/.local/lib/python3.12/site-packages/airflow/example_dags/tutorial.py took 0.070 seconds
[2024-11-26T18:14:33.365+0000] {processor.py:186} INFO - Started process (PID=331) to work on /home/airflow/.local/lib/python3.12/site-packages/airflow/example_dags/tutorial.py
[2024-11-26T18:14:33.366+0000] {processor.py:914} INFO - Processing file /home/airflow/.local/lib/python3.12/site-packages/airflow/example_dags/tutorial.py for tasks to queue
[2024-11-26T18:14:33.367+0000] {logging_mixin.py:190} INFO - [2024-11-26T18:14:33.367+0000] {dagbag.py:588} INFO - Filling up the DagBag from /home/airflow/.local/lib/python3.12/site-packages/airflow/example_dags/tutorial.py
[2024-11-26T18:14:33.374+0000] {processor.py:925} INFO - DAG(s) 'tutorial' retrieved from /home/airflow/.local/lib/python3.12/site-packages/airflow/example_dags/tutorial.py
[2024-11-26T18:14:33.390+0000] {logging_mixin.py:190} INFO - [2024-11-26T18:14:33.390+0000] {dag.py:3239} INFO - Sync 1 DAGs
[2024-11-26T18:14:33.408+0000] {logging_mixin.py:190} INFO - [2024-11-26T18:14:33.408+0000] {dag.py:4180} INFO - Setting next_dagrun for tutorial to 2024-11-25 00:00:00+00:00, run_after=2024-11-26 00:00:00+00:00
[2024-11-26T18:14:33.421+0000] {processor.py:208} INFO - Processing /home/airflow/.local/lib/python3.12/site-packages/airflow/example_dags/tutorial.py took 0.060 seconds
[2024-11-26T18:15:04.100+0000] {processor.py:186} INFO - Started process (PID=395) to work on /home/airflow/.local/lib/python3.12/site-packages/airflow/example_dags/tutorial.py
[2024-11-26T18:15:04.101+0000] {processor.py:914} INFO - Processing file /home/airflow/.local/lib/python3.12/site-packages/airflow/example_dags/tutorial.py for tasks to queue
[2024-11-26T18:15:04.102+0000] {logging_mixin.py:190} INFO - [2024-11-26T18:15:04.102+0000] {dagbag.py:588} INFO - Filling up the DagBag from /home/airflow/.local/lib/python3.12/site-packages/airflow/example_dags/tutorial.py
[2024-11-26T18:15:04.108+0000] {processor.py:925} INFO - DAG(s) 'tutorial' retrieved from /home/airflow/.local/lib/python3.12/site-packages/airflow/example_dags/tutorial.py
[2024-11-26T18:15:04.123+0000] {logging_mixin.py:190} INFO - [2024-11-26T18:15:04.123+0000] {dag.py:3239} INFO - Sync 1 DAGs
[2024-11-26T18:15:04.140+0000] {logging_mixin.py:190} INFO - [2024-11-26T18:15:04.139+0000] {dag.py:4180} INFO - Setting next_dagrun for tutorial to 2024-11-25 00:00:00+00:00, run_after=2024-11-26 00:00:00+00:00
[2024-11-26T18:15:04.155+0000] {processor.py:208} INFO - Processing /home/airflow/.local/lib/python3.12/site-packages/airflow/example_dags/tutorial.py took 0.059 seconds
[2024-11-26T18:15:34.832+0000] {processor.py:186} INFO - Started process (PID=459) to work on /home/airflow/.local/lib/python3.12/site-packages/airflow/example_dags/tutorial.py
[2024-11-26T18:15:34.833+0000] {processor.py:914} INFO - Processing file /home/airflow/.local/lib/python3.12/site-packages/airflow/example_dags/tutorial.py for tasks to queue
[2024-11-26T18:15:34.834+0000] {logging_mixin.py:190} INFO - [2024-11-26T18:15:34.834+0000] {dagbag.py:588} INFO - Filling up the DagBag from /home/airflow/.local/lib/python3.12/site-packages/airflow/example_dags/tutorial.py
[2024-11-26T18:15:34.840+0000] {processor.py:925} INFO - DAG(s) 'tutorial' retrieved from /home/airflow/.local/lib/python3.12/site-packages/airflow/example_dags/tutorial.py
[2024-11-26T18:15:34.854+0000] {logging_mixin.py:190} INFO - [2024-11-26T18:15:34.854+0000] {dag.py:3239} INFO - Sync 1 DAGs
[2024-11-26T18:15:34.871+0000] {logging_mixin.py:190} INFO - [2024-11-26T18:15:34.871+0000] {dag.py:4180} INFO - Setting next_dagrun for tutorial to 2024-11-25 00:00:00+00:00, run_after=2024-11-26 00:00:00+00:00
[2024-11-26T18:15:34.884+0000] {processor.py:208} INFO - Processing /home/airflow/.local/lib/python3.12/site-packages/airflow/example_dags/tutorial.py took 0.056 seconds
[2024-11-26T18:16:05.697+0000] {processor.py:186} INFO - Started process (PID=523) to work on /home/airflow/.local/lib/python3.12/site-packages/airflow/example_dags/tutorial.py
[2024-11-26T18:16:05.698+0000] {processor.py:914} INFO - Processing file /home/airflow/.local/lib/python3.12/site-packages/airflow/example_dags/tutorial.py for tasks to queue
[2024-11-26T18:16:05.700+0000] {logging_mixin.py:190} INFO - [2024-11-26T18:16:05.699+0000] {dagbag.py:588} INFO - Filling up the DagBag from /home/airflow/.local/lib/python3.12/site-packages/airflow/example_dags/tutorial.py
[2024-11-26T18:16:05.705+0000] {processor.py:925} INFO - DAG(s) 'tutorial' retrieved from /home/airflow/.local/lib/python3.12/site-packages/airflow/example_dags/tutorial.py
[2024-11-26T18:16:05.720+0000] {logging_mixin.py:190} INFO - [2024-11-26T18:16:05.719+0000] {dag.py:3239} INFO - Sync 1 DAGs
[2024-11-26T18:16:05.736+0000] {logging_mixin.py:190} INFO - [2024-11-26T18:16:05.736+0000] {dag.py:4180} INFO - Setting next_dagrun for tutorial to 2024-11-25 00:00:00+00:00, run_after=2024-11-26 00:00:00+00:00
[2024-11-26T18:16:05.748+0000] {processor.py:208} INFO - Processing /home/airflow/.local/lib/python3.12/site-packages/airflow/example_dags/tutorial.py took 0.055 seconds
[2024-11-26T18:16:36.213+0000] {processor.py:186} INFO - Started process (PID=586) to work on /home/airflow/.local/lib/python3.12/site-packages/airflow/example_dags/tutorial.py
[2024-11-26T18:16:36.214+0000] {processor.py:914} INFO - Processing file /home/airflow/.local/lib/python3.12/site-packages/airflow/example_dags/tutorial.py for tasks to queue
[2024-11-26T18:16:36.216+0000] {logging_mixin.py:190} INFO - [2024-11-26T18:16:36.215+0000] {dagbag.py:588} INFO - Filling up the DagBag from /home/airflow/.local/lib/python3.12/site-packages/airflow/example_dags/tutorial.py
[2024-11-26T18:16:36.222+0000] {processor.py:925} INFO - DAG(s) 'tutorial' retrieved from /home/airflow/.local/lib/python3.12/site-packages/airflow/example_dags/tutorial.py
[2024-11-26T18:16:36.237+0000] {logging_mixin.py:190} INFO - [2024-11-26T18:16:36.237+0000] {dag.py:3239} INFO - Sync 1 DAGs
[2024-11-26T18:16:36.255+0000] {logging_mixin.py:190} INFO - [2024-11-26T18:16:36.255+0000] {dag.py:4180} INFO - Setting next_dagrun for tutorial to 2024-11-25 00:00:00+00:00, run_after=2024-11-26 00:00:00+00:00
[2024-11-26T18:16:36.269+0000] {processor.py:208} INFO - Processing /home/airflow/.local/lib/python3.12/site-packages/airflow/example_dags/tutorial.py took 0.059 seconds
[2024-11-26T18:17:07.008+0000] {processor.py:186} INFO - Started process (PID=650) to work on /home/airflow/.local/lib/python3.12/site-packages/airflow/example_dags/tutorial.py
[2024-11-26T18:17:07.009+0000] {processor.py:914} INFO - Processing file /home/airflow/.local/lib/python3.12/site-packages/airflow/example_dags/tutorial.py for tasks to queue
[2024-11-26T18:17:07.010+0000] {logging_mixin.py:190} INFO - [2024-11-26T18:17:07.010+0000] {dagbag.py:588} INFO - Filling up the DagBag from /home/airflow/.local/lib/python3.12/site-packages/airflow/example_dags/tutorial.py
[2024-11-26T18:17:07.017+0000] {processor.py:925} INFO - DAG(s) 'tutorial' retrieved from /home/airflow/.local/lib/python3.12/site-packages/airflow/example_dags/tutorial.py
[2024-11-26T18:17:07.031+0000] {logging_mixin.py:190} INFO - [2024-11-26T18:17:07.031+0000] {dag.py:3239} INFO - Sync 1 DAGs
[2024-11-26T18:17:07.047+0000] {logging_mixin.py:190} INFO - [2024-11-26T18:17:07.047+0000] {dag.py:4180} INFO - Setting next_dagrun for tutorial to 2024-11-25 00:00:00+00:00, run_after=2024-11-26 00:00:00+00:00
[2024-11-26T18:17:07.060+0000] {processor.py:208} INFO - Processing /home/airflow/.local/lib/python3.12/site-packages/airflow/example_dags/tutorial.py took 0.056 seconds
[2024-11-26T18:17:37.720+0000] {processor.py:186} INFO - Started process (PID=714) to work on /home/airflow/.local/lib/python3.12/site-packages/airflow/example_dags/tutorial.py
[2024-11-26T18:17:37.721+0000] {processor.py:914} INFO - Processing file /home/airflow/.local/lib/python3.12/site-packages/airflow/example_dags/tutorial.py for tasks to queue
[2024-11-26T18:17:37.722+0000] {logging_mixin.py:190} INFO - [2024-11-26T18:17:37.722+0000] {dagbag.py:588} INFO - Filling up the DagBag from /home/airflow/.local/lib/python3.12/site-packages/airflow/example_dags/tutorial.py
[2024-11-26T18:17:37.728+0000] {processor.py:925} INFO - DAG(s) 'tutorial' retrieved from /home/airflow/.local/lib/python3.12/site-packages/airflow/example_dags/tutorial.py
[2024-11-26T18:17:37.743+0000] {logging_mixin.py:190} INFO - [2024-11-26T18:17:37.743+0000] {dag.py:3239} INFO - Sync 1 DAGs
[2024-11-26T18:17:37.760+0000] {logging_mixin.py:190} INFO - [2024-11-26T18:17:37.760+0000] {dag.py:4180} INFO - Setting next_dagrun for tutorial to 2024-11-25 00:00:00+00:00, run_after=2024-11-26 00:00:00+00:00
[2024-11-26T18:17:37.773+0000] {processor.py:208} INFO - Processing /home/airflow/.local/lib/python3.12/site-packages/airflow/example_dags/tutorial.py took 0.057 seconds
[2024-11-26T18:18:08.645+0000] {processor.py:186} INFO - Started process (PID=778) to work on /home/airflow/.local/lib/python3.12/site-packages/airflow/example_dags/tutorial.py
[2024-11-26T18:18:08.645+0000] {processor.py:914} INFO - Processing file /home/airflow/.local/lib/python3.12/site-packages/airflow/example_dags/tutorial.py for tasks to queue
[2024-11-26T18:18:08.647+0000] {logging_mixin.py:190} INFO - [2024-11-26T18:18:08.647+0000] {dagbag.py:588} INFO - Filling up the DagBag from /home/airflow/.local/lib/python3.12/site-packages/airflow/example_dags/tutorial.py
[2024-11-26T18:18:08.653+0000] {processor.py:925} INFO - DAG(s) 'tutorial' retrieved from /home/airflow/.local/lib/python3.12/site-packages/airflow/example_dags/tutorial.py
[2024-11-26T18:18:08.668+0000] {logging_mixin.py:190} INFO - [2024-11-26T18:18:08.668+0000] {dag.py:3239} INFO - Sync 1 DAGs
[2024-11-26T18:18:08.684+0000] {logging_mixin.py:190} INFO - [2024-11-26T18:18:08.684+0000] {dag.py:4180} INFO - Setting next_dagrun for tutorial to 2024-11-25 00:00:00+00:00, run_after=2024-11-26 00:00:00+00:00
[2024-11-26T18:18:08.697+0000] {processor.py:208} INFO - Processing /home/airflow/.local/lib/python3.12/site-packages/airflow/example_dags/tutorial.py took 0.056 seconds
[2024-11-26T18:44:10.423+0000] {processor.py:186} INFO - Started process (PID=86) to work on /home/airflow/.local/lib/python3.12/site-packages/airflow/example_dags/tutorial.py
[2024-11-26T18:44:10.424+0000] {processor.py:914} INFO - Processing file /home/airflow/.local/lib/python3.12/site-packages/airflow/example_dags/tutorial.py for tasks to queue
[2024-11-26T18:44:10.426+0000] {logging_mixin.py:190} INFO - [2024-11-26T18:44:10.425+0000] {dagbag.py:588} INFO - Filling up the DagBag from /home/airflow/.local/lib/python3.12/site-packages/airflow/example_dags/tutorial.py
[2024-11-26T18:44:10.434+0000] {processor.py:925} INFO - DAG(s) 'tutorial' retrieved from /home/airflow/.local/lib/python3.12/site-packages/airflow/example_dags/tutorial.py
[2024-11-26T18:44:10.457+0000] {logging_mixin.py:190} INFO - [2024-11-26T18:44:10.457+0000] {dag.py:3239} INFO - Sync 1 DAGs
[2024-11-26T18:44:10.477+0000] {logging_mixin.py:190} INFO - [2024-11-26T18:44:10.477+0000] {dag.py:4180} INFO - Setting next_dagrun for tutorial to 2024-11-25 00:00:00+00:00, run_after=2024-11-26 00:00:00+00:00
[2024-11-26T18:44:10.493+0000] {processor.py:208} INFO - Processing /home/airflow/.local/lib/python3.12/site-packages/airflow/example_dags/tutorial.py took 0.074 seconds
[2024-11-26T18:44:41.046+0000] {processor.py:186} INFO - Started process (PID=167) to work on /home/airflow/.local/lib/python3.12/site-packages/airflow/example_dags/tutorial.py
[2024-11-26T18:44:41.047+0000] {processor.py:914} INFO - Processing file /home/airflow/.local/lib/python3.12/site-packages/airflow/example_dags/tutorial.py for tasks to queue
[2024-11-26T18:44:41.049+0000] {logging_mixin.py:190} INFO - [2024-11-26T18:44:41.049+0000] {dagbag.py:588} INFO - Filling up the DagBag from /home/airflow/.local/lib/python3.12/site-packages/airflow/example_dags/tutorial.py
[2024-11-26T18:44:41.056+0000] {processor.py:925} INFO - DAG(s) 'tutorial' retrieved from /home/airflow/.local/lib/python3.12/site-packages/airflow/example_dags/tutorial.py
[2024-11-26T18:44:41.070+0000] {logging_mixin.py:190} INFO - [2024-11-26T18:44:41.070+0000] {dag.py:3239} INFO - Sync 1 DAGs
[2024-11-26T18:44:41.086+0000] {logging_mixin.py:190} INFO - [2024-11-26T18:44:41.086+0000] {dag.py:4180} INFO - Setting next_dagrun for tutorial to 2024-11-25 00:00:00+00:00, run_after=2024-11-26 00:00:00+00:00
[2024-11-26T18:44:41.099+0000] {processor.py:208} INFO - Processing /home/airflow/.local/lib/python3.12/site-packages/airflow/example_dags/tutorial.py took 0.056 seconds
[2024-11-26T18:45:12.355+0000] {processor.py:186} INFO - Started process (PID=242) to work on /home/airflow/.local/lib/python3.12/site-packages/airflow/example_dags/tutorial.py
[2024-11-26T18:45:12.356+0000] {processor.py:914} INFO - Processing file /home/airflow/.local/lib/python3.12/site-packages/airflow/example_dags/tutorial.py for tasks to queue
[2024-11-26T18:45:12.357+0000] {logging_mixin.py:190} INFO - [2024-11-26T18:45:12.357+0000] {dagbag.py:588} INFO - Filling up the DagBag from /home/airflow/.local/lib/python3.12/site-packages/airflow/example_dags/tutorial.py
[2024-11-26T18:45:12.363+0000] {processor.py:925} INFO - DAG(s) 'tutorial' retrieved from /home/airflow/.local/lib/python3.12/site-packages/airflow/example_dags/tutorial.py
[2024-11-26T18:45:12.377+0000] {logging_mixin.py:190} INFO - [2024-11-26T18:45:12.377+0000] {dag.py:3239} INFO - Sync 1 DAGs
[2024-11-26T18:45:12.394+0000] {logging_mixin.py:190} INFO - [2024-11-26T18:45:12.394+0000] {dag.py:4180} INFO - Setting next_dagrun for tutorial to 2024-11-25 00:00:00+00:00, run_after=2024-11-26 00:00:00+00:00
[2024-11-26T18:45:12.408+0000] {processor.py:208} INFO - Processing /home/airflow/.local/lib/python3.12/site-packages/airflow/example_dags/tutorial.py took 0.057 seconds
[2024-11-26T18:45:44.268+0000] {processor.py:186} INFO - Started process (PID=317) to work on /home/airflow/.local/lib/python3.12/site-packages/airflow/example_dags/tutorial.py
[2024-11-26T18:45:44.268+0000] {processor.py:914} INFO - Processing file /home/airflow/.local/lib/python3.12/site-packages/airflow/example_dags/tutorial.py for tasks to queue
[2024-11-26T18:45:44.271+0000] {logging_mixin.py:190} INFO - [2024-11-26T18:45:44.270+0000] {dagbag.py:588} INFO - Filling up the DagBag from /home/airflow/.local/lib/python3.12/site-packages/airflow/example_dags/tutorial.py
[2024-11-26T18:45:44.279+0000] {processor.py:925} INFO - DAG(s) 'tutorial' retrieved from /home/airflow/.local/lib/python3.12/site-packages/airflow/example_dags/tutorial.py
[2024-11-26T18:45:44.298+0000] {logging_mixin.py:190} INFO - [2024-11-26T18:45:44.297+0000] {dag.py:3239} INFO - Sync 1 DAGs
[2024-11-26T18:45:44.325+0000] {logging_mixin.py:190} INFO - [2024-11-26T18:45:44.324+0000] {dag.py:4180} INFO - Setting next_dagrun for tutorial to 2024-11-25 00:00:00+00:00, run_after=2024-11-26 00:00:00+00:00
[2024-11-26T18:45:44.346+0000] {processor.py:208} INFO - Processing /home/airflow/.local/lib/python3.12/site-packages/airflow/example_dags/tutorial.py took 0.083 seconds
[2024-11-26T18:46:15.106+0000] {processor.py:186} INFO - Started process (PID=392) to work on /home/airflow/.local/lib/python3.12/site-packages/airflow/example_dags/tutorial.py
[2024-11-26T18:46:15.107+0000] {processor.py:914} INFO - Processing file /home/airflow/.local/lib/python3.12/site-packages/airflow/example_dags/tutorial.py for tasks to queue
[2024-11-26T18:46:15.109+0000] {logging_mixin.py:190} INFO - [2024-11-26T18:46:15.109+0000] {dagbag.py:588} INFO - Filling up the DagBag from /home/airflow/.local/lib/python3.12/site-packages/airflow/example_dags/tutorial.py
[2024-11-26T18:46:15.115+0000] {processor.py:925} INFO - DAG(s) 'tutorial' retrieved from /home/airflow/.local/lib/python3.12/site-packages/airflow/example_dags/tutorial.py
[2024-11-26T18:46:15.133+0000] {logging_mixin.py:190} INFO - [2024-11-26T18:46:15.133+0000] {dag.py:3239} INFO - Sync 1 DAGs
[2024-11-26T18:46:15.152+0000] {logging_mixin.py:190} INFO - [2024-11-26T18:46:15.152+0000] {dag.py:4180} INFO - Setting next_dagrun for tutorial to 2024-11-25 00:00:00+00:00, run_after=2024-11-26 00:00:00+00:00
[2024-11-26T18:46:15.168+0000] {processor.py:208} INFO - Processing /home/airflow/.local/lib/python3.12/site-packages/airflow/example_dags/tutorial.py took 0.065 seconds
[2024-11-26T18:46:45.612+0000] {processor.py:186} INFO - Started process (PID=467) to work on /home/airflow/.local/lib/python3.12/site-packages/airflow/example_dags/tutorial.py
[2024-11-26T18:46:45.612+0000] {processor.py:914} INFO - Processing file /home/airflow/.local/lib/python3.12/site-packages/airflow/example_dags/tutorial.py for tasks to queue
[2024-11-26T18:46:45.614+0000] {logging_mixin.py:190} INFO - [2024-11-26T18:46:45.614+0000] {dagbag.py:588} INFO - Filling up the DagBag from /home/airflow/.local/lib/python3.12/site-packages/airflow/example_dags/tutorial.py
[2024-11-26T18:46:45.620+0000] {processor.py:925} INFO - DAG(s) 'tutorial' retrieved from /home/airflow/.local/lib/python3.12/site-packages/airflow/example_dags/tutorial.py
[2024-11-26T18:46:45.636+0000] {logging_mixin.py:190} INFO - [2024-11-26T18:46:45.635+0000] {dag.py:3239} INFO - Sync 1 DAGs
[2024-11-26T18:46:45.653+0000] {logging_mixin.py:190} INFO - [2024-11-26T18:46:45.653+0000] {dag.py:4180} INFO - Setting next_dagrun for tutorial to 2024-11-25 00:00:00+00:00, run_after=2024-11-26 00:00:00+00:00
[2024-11-26T18:46:45.668+0000] {processor.py:208} INFO - Processing /home/airflow/.local/lib/python3.12/site-packages/airflow/example_dags/tutorial.py took 0.060 seconds
[2024-11-26T18:47:15.711+0000] {processor.py:186} INFO - Started process (PID=530) to work on /home/airflow/.local/lib/python3.12/site-packages/airflow/example_dags/tutorial.py
[2024-11-26T18:47:15.712+0000] {processor.py:914} INFO - Processing file /home/airflow/.local/lib/python3.12/site-packages/airflow/example_dags/tutorial.py for tasks to queue
[2024-11-26T18:47:15.714+0000] {logging_mixin.py:190} INFO - [2024-11-26T18:47:15.714+0000] {dagbag.py:588} INFO - Filling up the DagBag from /home/airflow/.local/lib/python3.12/site-packages/airflow/example_dags/tutorial.py
[2024-11-26T18:47:15.721+0000] {processor.py:925} INFO - DAG(s) 'tutorial' retrieved from /home/airflow/.local/lib/python3.12/site-packages/airflow/example_dags/tutorial.py
[2024-11-26T18:47:15.736+0000] {logging_mixin.py:190} INFO - [2024-11-26T18:47:15.736+0000] {dag.py:3239} INFO - Sync 1 DAGs
[2024-11-26T18:47:15.753+0000] {logging_mixin.py:190} INFO - [2024-11-26T18:47:15.753+0000] {dag.py:4180} INFO - Setting next_dagrun for tutorial to 2024-11-25 00:00:00+00:00, run_after=2024-11-26 00:00:00+00:00
[2024-11-26T18:47:15.767+0000] {processor.py:208} INFO - Processing /home/airflow/.local/lib/python3.12/site-packages/airflow/example_dags/tutorial.py took 0.061 seconds
[2024-11-26T18:47:46.395+0000] {processor.py:186} INFO - Started process (PID=605) to work on /home/airflow/.local/lib/python3.12/site-packages/airflow/example_dags/tutorial.py
[2024-11-26T18:47:46.396+0000] {processor.py:914} INFO - Processing file /home/airflow/.local/lib/python3.12/site-packages/airflow/example_dags/tutorial.py for tasks to queue
[2024-11-26T18:47:46.398+0000] {logging_mixin.py:190} INFO - [2024-11-26T18:47:46.397+0000] {dagbag.py:588} INFO - Filling up the DagBag from /home/airflow/.local/lib/python3.12/site-packages/airflow/example_dags/tutorial.py
[2024-11-26T18:47:46.405+0000] {processor.py:925} INFO - DAG(s) 'tutorial' retrieved from /home/airflow/.local/lib/python3.12/site-packages/airflow/example_dags/tutorial.py
[2024-11-26T18:47:46.425+0000] {logging_mixin.py:190} INFO - [2024-11-26T18:47:46.425+0000] {dag.py:3239} INFO - Sync 1 DAGs
[2024-11-26T18:47:46.450+0000] {logging_mixin.py:190} INFO - [2024-11-26T18:47:46.450+0000] {dag.py:4180} INFO - Setting next_dagrun for tutorial to 2024-11-25 00:00:00+00:00, run_after=2024-11-26 00:00:00+00:00
[2024-11-26T18:47:46.469+0000] {processor.py:208} INFO - Processing /home/airflow/.local/lib/python3.12/site-packages/airflow/example_dags/tutorial.py took 0.079 seconds
[2024-11-26T18:48:17.013+0000] {processor.py:186} INFO - Started process (PID=680) to work on /home/airflow/.local/lib/python3.12/site-packages/airflow/example_dags/tutorial.py
[2024-11-26T18:48:17.013+0000] {processor.py:914} INFO - Processing file /home/airflow/.local/lib/python3.12/site-packages/airflow/example_dags/tutorial.py for tasks to queue
[2024-11-26T18:48:17.015+0000] {logging_mixin.py:190} INFO - [2024-11-26T18:48:17.015+0000] {dagbag.py:588} INFO - Filling up the DagBag from /home/airflow/.local/lib/python3.12/site-packages/airflow/example_dags/tutorial.py
[2024-11-26T18:48:17.020+0000] {processor.py:925} INFO - DAG(s) 'tutorial' retrieved from /home/airflow/.local/lib/python3.12/site-packages/airflow/example_dags/tutorial.py
[2024-11-26T18:48:17.038+0000] {logging_mixin.py:190} INFO - [2024-11-26T18:48:17.037+0000] {dag.py:3239} INFO - Sync 1 DAGs
[2024-11-26T18:48:17.056+0000] {logging_mixin.py:190} INFO - [2024-11-26T18:48:17.056+0000] {dag.py:4180} INFO - Setting next_dagrun for tutorial to 2024-11-25 00:00:00+00:00, run_after=2024-11-26 00:00:00+00:00
[2024-11-26T18:48:17.075+0000] {processor.py:208} INFO - Processing /home/airflow/.local/lib/python3.12/site-packages/airflow/example_dags/tutorial.py took 0.067 seconds
[2024-11-26T18:48:47.642+0000] {processor.py:186} INFO - Started process (PID=755) to work on /home/airflow/.local/lib/python3.12/site-packages/airflow/example_dags/tutorial.py
[2024-11-26T18:48:47.643+0000] {processor.py:914} INFO - Processing file /home/airflow/.local/lib/python3.12/site-packages/airflow/example_dags/tutorial.py for tasks to queue
[2024-11-26T18:48:47.645+0000] {logging_mixin.py:190} INFO - [2024-11-26T18:48:47.644+0000] {dagbag.py:588} INFO - Filling up the DagBag from /home/airflow/.local/lib/python3.12/site-packages/airflow/example_dags/tutorial.py
[2024-11-26T18:48:47.650+0000] {processor.py:925} INFO - DAG(s) 'tutorial' retrieved from /home/airflow/.local/lib/python3.12/site-packages/airflow/example_dags/tutorial.py
[2024-11-26T18:48:47.665+0000] {logging_mixin.py:190} INFO - [2024-11-26T18:48:47.665+0000] {dag.py:3239} INFO - Sync 1 DAGs
[2024-11-26T18:48:47.683+0000] {logging_mixin.py:190} INFO - [2024-11-26T18:48:47.683+0000] {dag.py:4180} INFO - Setting next_dagrun for tutorial to 2024-11-25 00:00:00+00:00, run_after=2024-11-26 00:00:00+00:00
[2024-11-26T18:48:47.696+0000] {processor.py:208} INFO - Processing /home/airflow/.local/lib/python3.12/site-packages/airflow/example_dags/tutorial.py took 0.058 seconds
[2024-11-26T18:49:17.831+0000] {processor.py:186} INFO - Started process (PID=829) to work on /home/airflow/.local/lib/python3.12/site-packages/airflow/example_dags/tutorial.py
[2024-11-26T18:49:17.832+0000] {processor.py:914} INFO - Processing file /home/airflow/.local/lib/python3.12/site-packages/airflow/example_dags/tutorial.py for tasks to queue
[2024-11-26T18:49:17.834+0000] {logging_mixin.py:190} INFO - [2024-11-26T18:49:17.833+0000] {dagbag.py:588} INFO - Filling up the DagBag from /home/airflow/.local/lib/python3.12/site-packages/airflow/example_dags/tutorial.py
[2024-11-26T18:49:17.841+0000] {processor.py:925} INFO - DAG(s) 'tutorial' retrieved from /home/airflow/.local/lib/python3.12/site-packages/airflow/example_dags/tutorial.py
[2024-11-26T18:49:17.858+0000] {logging_mixin.py:190} INFO - [2024-11-26T18:49:17.857+0000] {dag.py:3239} INFO - Sync 1 DAGs
[2024-11-26T18:49:17.882+0000] {logging_mixin.py:190} INFO - [2024-11-26T18:49:17.882+0000] {dag.py:4180} INFO - Setting next_dagrun for tutorial to 2024-11-25 00:00:00+00:00, run_after=2024-11-26 00:00:00+00:00
[2024-11-26T18:49:17.897+0000] {processor.py:208} INFO - Processing /home/airflow/.local/lib/python3.12/site-packages/airflow/example_dags/tutorial.py took 0.070 seconds
[2024-11-26T18:49:48.172+0000] {processor.py:186} INFO - Started process (PID=904) to work on /home/airflow/.local/lib/python3.12/site-packages/airflow/example_dags/tutorial.py
[2024-11-26T18:49:48.173+0000] {processor.py:914} INFO - Processing file /home/airflow/.local/lib/python3.12/site-packages/airflow/example_dags/tutorial.py for tasks to queue
[2024-11-26T18:49:48.174+0000] {logging_mixin.py:190} INFO - [2024-11-26T18:49:48.174+0000] {dagbag.py:588} INFO - Filling up the DagBag from /home/airflow/.local/lib/python3.12/site-packages/airflow/example_dags/tutorial.py
[2024-11-26T18:49:48.180+0000] {processor.py:925} INFO - DAG(s) 'tutorial' retrieved from /home/airflow/.local/lib/python3.12/site-packages/airflow/example_dags/tutorial.py
[2024-11-26T18:49:48.194+0000] {logging_mixin.py:190} INFO - [2024-11-26T18:49:48.194+0000] {dag.py:3239} INFO - Sync 1 DAGs
[2024-11-26T18:49:48.211+0000] {logging_mixin.py:190} INFO - [2024-11-26T18:49:48.210+0000] {dag.py:4180} INFO - Setting next_dagrun for tutorial to 2024-11-25 00:00:00+00:00, run_after=2024-11-26 00:00:00+00:00
[2024-11-26T18:49:48.224+0000] {processor.py:208} INFO - Processing /home/airflow/.local/lib/python3.12/site-packages/airflow/example_dags/tutorial.py took 0.056 seconds
[2024-11-26T18:50:18.476+0000] {processor.py:186} INFO - Started process (PID=979) to work on /home/airflow/.local/lib/python3.12/site-packages/airflow/example_dags/tutorial.py
[2024-11-26T18:50:18.477+0000] {processor.py:914} INFO - Processing file /home/airflow/.local/lib/python3.12/site-packages/airflow/example_dags/tutorial.py for tasks to queue
[2024-11-26T18:50:18.478+0000] {logging_mixin.py:190} INFO - [2024-11-26T18:50:18.478+0000] {dagbag.py:588} INFO - Filling up the DagBag from /home/airflow/.local/lib/python3.12/site-packages/airflow/example_dags/tutorial.py
[2024-11-26T18:50:18.484+0000] {processor.py:925} INFO - DAG(s) 'tutorial' retrieved from /home/airflow/.local/lib/python3.12/site-packages/airflow/example_dags/tutorial.py
[2024-11-26T18:50:18.502+0000] {logging_mixin.py:190} INFO - [2024-11-26T18:50:18.501+0000] {dag.py:3239} INFO - Sync 1 DAGs
[2024-11-26T18:50:18.519+0000] {logging_mixin.py:190} INFO - [2024-11-26T18:50:18.519+0000] {dag.py:4180} INFO - Setting next_dagrun for tutorial to 2024-11-25 00:00:00+00:00, run_after=2024-11-26 00:00:00+00:00
[2024-11-26T18:50:18.535+0000] {processor.py:208} INFO - Processing /home/airflow/.local/lib/python3.12/site-packages/airflow/example_dags/tutorial.py took 0.063 seconds
[2024-11-26T18:50:48.599+0000] {processor.py:186} INFO - Started process (PID=1054) to work on /home/airflow/.local/lib/python3.12/site-packages/airflow/example_dags/tutorial.py
[2024-11-26T18:50:48.599+0000] {processor.py:914} INFO - Processing file /home/airflow/.local/lib/python3.12/site-packages/airflow/example_dags/tutorial.py for tasks to queue
[2024-11-26T18:50:48.601+0000] {logging_mixin.py:190} INFO - [2024-11-26T18:50:48.600+0000] {dagbag.py:588} INFO - Filling up the DagBag from /home/airflow/.local/lib/python3.12/site-packages/airflow/example_dags/tutorial.py
[2024-11-26T18:50:48.606+0000] {processor.py:925} INFO - DAG(s) 'tutorial' retrieved from /home/airflow/.local/lib/python3.12/site-packages/airflow/example_dags/tutorial.py
[2024-11-26T18:50:48.622+0000] {logging_mixin.py:190} INFO - [2024-11-26T18:50:48.621+0000] {dag.py:3239} INFO - Sync 1 DAGs
[2024-11-26T18:50:48.639+0000] {logging_mixin.py:190} INFO - [2024-11-26T18:50:48.638+0000] {dag.py:4180} INFO - Setting next_dagrun for tutorial to 2024-11-25 00:00:00+00:00, run_after=2024-11-26 00:00:00+00:00
[2024-11-26T18:50:48.652+0000] {processor.py:208} INFO - Processing /home/airflow/.local/lib/python3.12/site-packages/airflow/example_dags/tutorial.py took 0.057 seconds
[2024-11-26T18:51:19.338+0000] {processor.py:186} INFO - Started process (PID=1129) to work on /home/airflow/.local/lib/python3.12/site-packages/airflow/example_dags/tutorial.py
[2024-11-26T18:51:19.339+0000] {processor.py:914} INFO - Processing file /home/airflow/.local/lib/python3.12/site-packages/airflow/example_dags/tutorial.py for tasks to queue
[2024-11-26T18:51:19.341+0000] {logging_mixin.py:190} INFO - [2024-11-26T18:51:19.341+0000] {dagbag.py:588} INFO - Filling up the DagBag from /home/airflow/.local/lib/python3.12/site-packages/airflow/example_dags/tutorial.py
[2024-11-26T18:51:19.347+0000] {processor.py:925} INFO - DAG(s) 'tutorial' retrieved from /home/airflow/.local/lib/python3.12/site-packages/airflow/example_dags/tutorial.py
[2024-11-26T18:51:19.363+0000] {logging_mixin.py:190} INFO - [2024-11-26T18:51:19.363+0000] {dag.py:3239} INFO - Sync 1 DAGs
[2024-11-26T18:51:19.381+0000] {logging_mixin.py:190} INFO - [2024-11-26T18:51:19.380+0000] {dag.py:4180} INFO - Setting next_dagrun for tutorial to 2024-11-25 00:00:00+00:00, run_after=2024-11-26 00:00:00+00:00
[2024-11-26T18:51:19.395+0000] {processor.py:208} INFO - Processing /home/airflow/.local/lib/python3.12/site-packages/airflow/example_dags/tutorial.py took 0.062 seconds
[2024-11-26T18:51:49.872+0000] {processor.py:186} INFO - Started process (PID=1204) to work on /home/airflow/.local/lib/python3.12/site-packages/airflow/example_dags/tutorial.py
[2024-11-26T18:51:49.873+0000] {processor.py:914} INFO - Processing file /home/airflow/.local/lib/python3.12/site-packages/airflow/example_dags/tutorial.py for tasks to queue
[2024-11-26T18:51:49.875+0000] {logging_mixin.py:190} INFO - [2024-11-26T18:51:49.874+0000] {dagbag.py:588} INFO - Filling up the DagBag from /home/airflow/.local/lib/python3.12/site-packages/airflow/example_dags/tutorial.py
[2024-11-26T18:51:49.881+0000] {processor.py:925} INFO - DAG(s) 'tutorial' retrieved from /home/airflow/.local/lib/python3.12/site-packages/airflow/example_dags/tutorial.py
[2024-11-26T18:51:49.896+0000] {logging_mixin.py:190} INFO - [2024-11-26T18:51:49.896+0000] {dag.py:3239} INFO - Sync 1 DAGs
[2024-11-26T18:51:49.914+0000] {logging_mixin.py:190} INFO - [2024-11-26T18:51:49.914+0000] {dag.py:4180} INFO - Setting next_dagrun for tutorial to 2024-11-25 00:00:00+00:00, run_after=2024-11-26 00:00:00+00:00
[2024-11-26T18:51:49.929+0000] {processor.py:208} INFO - Processing /home/airflow/.local/lib/python3.12/site-packages/airflow/example_dags/tutorial.py took 0.062 seconds
[2024-11-26T18:52:20.016+0000] {processor.py:186} INFO - Started process (PID=1279) to work on /home/airflow/.local/lib/python3.12/site-packages/airflow/example_dags/tutorial.py
[2024-11-26T18:52:20.017+0000] {processor.py:914} INFO - Processing file /home/airflow/.local/lib/python3.12/site-packages/airflow/example_dags/tutorial.py for tasks to queue
[2024-11-26T18:52:20.018+0000] {logging_mixin.py:190} INFO - [2024-11-26T18:52:20.018+0000] {dagbag.py:588} INFO - Filling up the DagBag from /home/airflow/.local/lib/python3.12/site-packages/airflow/example_dags/tutorial.py
[2024-11-26T18:52:20.024+0000] {processor.py:925} INFO - DAG(s) 'tutorial' retrieved from /home/airflow/.local/lib/python3.12/site-packages/airflow/example_dags/tutorial.py
[2024-11-26T18:52:20.039+0000] {logging_mixin.py:190} INFO - [2024-11-26T18:52:20.039+0000] {dag.py:3239} INFO - Sync 1 DAGs
[2024-11-26T18:52:20.055+0000] {logging_mixin.py:190} INFO - [2024-11-26T18:52:20.055+0000] {dag.py:4180} INFO - Setting next_dagrun for tutorial to 2024-11-25 00:00:00+00:00, run_after=2024-11-26 00:00:00+00:00
[2024-11-26T18:52:20.069+0000] {processor.py:208} INFO - Processing /home/airflow/.local/lib/python3.12/site-packages/airflow/example_dags/tutorial.py took 0.058 seconds
[2024-11-26T18:52:50.329+0000] {processor.py:186} INFO - Started process (PID=1354) to work on /home/airflow/.local/lib/python3.12/site-packages/airflow/example_dags/tutorial.py
[2024-11-26T18:52:50.330+0000] {processor.py:914} INFO - Processing file /home/airflow/.local/lib/python3.12/site-packages/airflow/example_dags/tutorial.py for tasks to queue
[2024-11-26T18:52:50.331+0000] {logging_mixin.py:190} INFO - [2024-11-26T18:52:50.331+0000] {dagbag.py:588} INFO - Filling up the DagBag from /home/airflow/.local/lib/python3.12/site-packages/airflow/example_dags/tutorial.py
[2024-11-26T18:52:50.337+0000] {processor.py:925} INFO - DAG(s) 'tutorial' retrieved from /home/airflow/.local/lib/python3.12/site-packages/airflow/example_dags/tutorial.py
[2024-11-26T18:52:50.352+0000] {logging_mixin.py:190} INFO - [2024-11-26T18:52:50.352+0000] {dag.py:3239} INFO - Sync 1 DAGs
[2024-11-26T18:52:50.369+0000] {logging_mixin.py:190} INFO - [2024-11-26T18:52:50.369+0000] {dag.py:4180} INFO - Setting next_dagrun for tutorial to 2024-11-25 00:00:00+00:00, run_after=2024-11-26 00:00:00+00:00
[2024-11-26T18:52:50.383+0000] {processor.py:208} INFO - Processing /home/airflow/.local/lib/python3.12/site-packages/airflow/example_dags/tutorial.py took 0.057 seconds
[2024-11-26T18:53:20.963+0000] {processor.py:186} INFO - Started process (PID=1429) to work on /home/airflow/.local/lib/python3.12/site-packages/airflow/example_dags/tutorial.py
[2024-11-26T18:53:20.964+0000] {processor.py:914} INFO - Processing file /home/airflow/.local/lib/python3.12/site-packages/airflow/example_dags/tutorial.py for tasks to queue
[2024-11-26T18:53:20.966+0000] {logging_mixin.py:190} INFO - [2024-11-26T18:53:20.966+0000] {dagbag.py:588} INFO - Filling up the DagBag from /home/airflow/.local/lib/python3.12/site-packages/airflow/example_dags/tutorial.py
[2024-11-26T18:53:20.973+0000] {processor.py:925} INFO - DAG(s) 'tutorial' retrieved from /home/airflow/.local/lib/python3.12/site-packages/airflow/example_dags/tutorial.py
[2024-11-26T18:53:20.988+0000] {logging_mixin.py:190} INFO - [2024-11-26T18:53:20.988+0000] {dag.py:3239} INFO - Sync 1 DAGs
[2024-11-26T18:53:21.006+0000] {logging_mixin.py:190} INFO - [2024-11-26T18:53:21.006+0000] {dag.py:4180} INFO - Setting next_dagrun for tutorial to 2024-11-25 00:00:00+00:00, run_after=2024-11-26 00:00:00+00:00
[2024-11-26T18:53:21.022+0000] {processor.py:208} INFO - Processing /home/airflow/.local/lib/python3.12/site-packages/airflow/example_dags/tutorial.py took 0.064 seconds
[2024-11-26T18:53:51.836+0000] {processor.py:186} INFO - Started process (PID=1504) to work on /home/airflow/.local/lib/python3.12/site-packages/airflow/example_dags/tutorial.py
[2024-11-26T18:53:51.837+0000] {processor.py:914} INFO - Processing file /home/airflow/.local/lib/python3.12/site-packages/airflow/example_dags/tutorial.py for tasks to queue
[2024-11-26T18:53:51.838+0000] {logging_mixin.py:190} INFO - [2024-11-26T18:53:51.838+0000] {dagbag.py:588} INFO - Filling up the DagBag from /home/airflow/.local/lib/python3.12/site-packages/airflow/example_dags/tutorial.py
[2024-11-26T18:53:51.845+0000] {processor.py:925} INFO - DAG(s) 'tutorial' retrieved from /home/airflow/.local/lib/python3.12/site-packages/airflow/example_dags/tutorial.py
[2024-11-26T18:53:51.861+0000] {logging_mixin.py:190} INFO - [2024-11-26T18:53:51.860+0000] {dag.py:3239} INFO - Sync 1 DAGs
[2024-11-26T18:53:51.878+0000] {logging_mixin.py:190} INFO - [2024-11-26T18:53:51.878+0000] {dag.py:4180} INFO - Setting next_dagrun for tutorial to 2024-11-25 00:00:00+00:00, run_after=2024-11-26 00:00:00+00:00
[2024-11-26T18:53:51.893+0000] {processor.py:208} INFO - Processing /home/airflow/.local/lib/python3.12/site-packages/airflow/example_dags/tutorial.py took 0.061 seconds
[2024-11-26T18:54:22.315+0000] {processor.py:186} INFO - Started process (PID=1579) to work on /home/airflow/.local/lib/python3.12/site-packages/airflow/example_dags/tutorial.py
[2024-11-26T18:54:22.316+0000] {processor.py:914} INFO - Processing file /home/airflow/.local/lib/python3.12/site-packages/airflow/example_dags/tutorial.py for tasks to queue
[2024-11-26T18:54:22.318+0000] {logging_mixin.py:190} INFO - [2024-11-26T18:54:22.317+0000] {dagbag.py:588} INFO - Filling up the DagBag from /home/airflow/.local/lib/python3.12/site-packages/airflow/example_dags/tutorial.py
[2024-11-26T18:54:22.323+0000] {processor.py:925} INFO - DAG(s) 'tutorial' retrieved from /home/airflow/.local/lib/python3.12/site-packages/airflow/example_dags/tutorial.py
[2024-11-26T18:54:22.338+0000] {logging_mixin.py:190} INFO - [2024-11-26T18:54:22.338+0000] {dag.py:3239} INFO - Sync 1 DAGs
[2024-11-26T18:54:22.355+0000] {logging_mixin.py:190} INFO - [2024-11-26T18:54:22.355+0000] {dag.py:4180} INFO - Setting next_dagrun for tutorial to 2024-11-25 00:00:00+00:00, run_after=2024-11-26 00:00:00+00:00
[2024-11-26T18:54:22.369+0000] {processor.py:208} INFO - Processing /home/airflow/.local/lib/python3.12/site-packages/airflow/example_dags/tutorial.py took 0.058 seconds
[2024-11-26T18:54:52.507+0000] {processor.py:186} INFO - Started process (PID=1654) to work on /home/airflow/.local/lib/python3.12/site-packages/airflow/example_dags/tutorial.py
[2024-11-26T18:54:52.508+0000] {processor.py:914} INFO - Processing file /home/airflow/.local/lib/python3.12/site-packages/airflow/example_dags/tutorial.py for tasks to queue
[2024-11-26T18:54:52.510+0000] {logging_mixin.py:190} INFO - [2024-11-26T18:54:52.510+0000] {dagbag.py:588} INFO - Filling up the DagBag from /home/airflow/.local/lib/python3.12/site-packages/airflow/example_dags/tutorial.py
[2024-11-26T18:54:52.516+0000] {processor.py:925} INFO - DAG(s) 'tutorial' retrieved from /home/airflow/.local/lib/python3.12/site-packages/airflow/example_dags/tutorial.py
[2024-11-26T18:54:52.530+0000] {logging_mixin.py:190} INFO - [2024-11-26T18:54:52.530+0000] {dag.py:3239} INFO - Sync 1 DAGs
[2024-11-26T18:54:52.547+0000] {logging_mixin.py:190} INFO - [2024-11-26T18:54:52.546+0000] {dag.py:4180} INFO - Setting next_dagrun for tutorial to 2024-11-25 00:00:00+00:00, run_after=2024-11-26 00:00:00+00:00
[2024-11-26T18:54:52.560+0000] {processor.py:208} INFO - Processing /home/airflow/.local/lib/python3.12/site-packages/airflow/example_dags/tutorial.py took 0.056 seconds
[2024-11-26T18:55:22.643+0000] {processor.py:186} INFO - Started process (PID=1729) to work on /home/airflow/.local/lib/python3.12/site-packages/airflow/example_dags/tutorial.py
[2024-11-26T18:55:22.644+0000] {processor.py:914} INFO - Processing file /home/airflow/.local/lib/python3.12/site-packages/airflow/example_dags/tutorial.py for tasks to queue
[2024-11-26T18:55:22.645+0000] {logging_mixin.py:190} INFO - [2024-11-26T18:55:22.645+0000] {dagbag.py:588} INFO - Filling up the DagBag from /home/airflow/.local/lib/python3.12/site-packages/airflow/example_dags/tutorial.py
[2024-11-26T18:55:22.651+0000] {processor.py:925} INFO - DAG(s) 'tutorial' retrieved from /home/airflow/.local/lib/python3.12/site-packages/airflow/example_dags/tutorial.py
[2024-11-26T18:55:22.666+0000] {logging_mixin.py:190} INFO - [2024-11-26T18:55:22.666+0000] {dag.py:3239} INFO - Sync 1 DAGs
[2024-11-26T18:55:22.682+0000] {logging_mixin.py:190} INFO - [2024-11-26T18:55:22.682+0000] {dag.py:4180} INFO - Setting next_dagrun for tutorial to 2024-11-25 00:00:00+00:00, run_after=2024-11-26 00:00:00+00:00
[2024-11-26T18:55:22.695+0000] {processor.py:208} INFO - Processing /home/airflow/.local/lib/python3.12/site-packages/airflow/example_dags/tutorial.py took 0.056 seconds
[2024-11-26T18:55:53.136+0000] {processor.py:186} INFO - Started process (PID=1803) to work on /home/airflow/.local/lib/python3.12/site-packages/airflow/example_dags/tutorial.py
[2024-11-26T18:55:53.137+0000] {processor.py:914} INFO - Processing file /home/airflow/.local/lib/python3.12/site-packages/airflow/example_dags/tutorial.py for tasks to queue
[2024-11-26T18:55:53.139+0000] {logging_mixin.py:190} INFO - [2024-11-26T18:55:53.138+0000] {dagbag.py:588} INFO - Filling up the DagBag from /home/airflow/.local/lib/python3.12/site-packages/airflow/example_dags/tutorial.py
[2024-11-26T18:55:53.144+0000] {processor.py:925} INFO - DAG(s) 'tutorial' retrieved from /home/airflow/.local/lib/python3.12/site-packages/airflow/example_dags/tutorial.py
[2024-11-26T18:55:53.160+0000] {logging_mixin.py:190} INFO - [2024-11-26T18:55:53.160+0000] {dag.py:3239} INFO - Sync 1 DAGs
[2024-11-26T18:55:53.178+0000] {logging_mixin.py:190} INFO - [2024-11-26T18:55:53.178+0000] {dag.py:4180} INFO - Setting next_dagrun for tutorial to 2024-11-25 00:00:00+00:00, run_after=2024-11-26 00:00:00+00:00
[2024-11-26T18:55:53.191+0000] {processor.py:208} INFO - Processing /home/airflow/.local/lib/python3.12/site-packages/airflow/example_dags/tutorial.py took 0.060 seconds
[2024-11-26T18:56:23.449+0000] {processor.py:186} INFO - Started process (PID=1878) to work on /home/airflow/.local/lib/python3.12/site-packages/airflow/example_dags/tutorial.py
[2024-11-26T18:56:23.450+0000] {processor.py:914} INFO - Processing file /home/airflow/.local/lib/python3.12/site-packages/airflow/example_dags/tutorial.py for tasks to queue
[2024-11-26T18:56:23.452+0000] {logging_mixin.py:190} INFO - [2024-11-26T18:56:23.451+0000] {dagbag.py:588} INFO - Filling up the DagBag from /home/airflow/.local/lib/python3.12/site-packages/airflow/example_dags/tutorial.py
[2024-11-26T18:56:23.457+0000] {processor.py:925} INFO - DAG(s) 'tutorial' retrieved from /home/airflow/.local/lib/python3.12/site-packages/airflow/example_dags/tutorial.py
[2024-11-26T18:56:23.473+0000] {logging_mixin.py:190} INFO - [2024-11-26T18:56:23.473+0000] {dag.py:3239} INFO - Sync 1 DAGs
[2024-11-26T18:56:23.490+0000] {logging_mixin.py:190} INFO - [2024-11-26T18:56:23.490+0000] {dag.py:4180} INFO - Setting next_dagrun for tutorial to 2024-11-25 00:00:00+00:00, run_after=2024-11-26 00:00:00+00:00
[2024-11-26T18:56:23.503+0000] {processor.py:208} INFO - Processing /home/airflow/.local/lib/python3.12/site-packages/airflow/example_dags/tutorial.py took 0.058 seconds
[2024-11-26T18:56:54.085+0000] {processor.py:186} INFO - Started process (PID=1953) to work on /home/airflow/.local/lib/python3.12/site-packages/airflow/example_dags/tutorial.py
[2024-11-26T18:56:54.086+0000] {processor.py:914} INFO - Processing file /home/airflow/.local/lib/python3.12/site-packages/airflow/example_dags/tutorial.py for tasks to queue
[2024-11-26T18:56:54.088+0000] {logging_mixin.py:190} INFO - [2024-11-26T18:56:54.087+0000] {dagbag.py:588} INFO - Filling up the DagBag from /home/airflow/.local/lib/python3.12/site-packages/airflow/example_dags/tutorial.py
[2024-11-26T18:56:54.094+0000] {processor.py:925} INFO - DAG(s) 'tutorial' retrieved from /home/airflow/.local/lib/python3.12/site-packages/airflow/example_dags/tutorial.py
[2024-11-26T18:56:54.108+0000] {logging_mixin.py:190} INFO - [2024-11-26T18:56:54.108+0000] {dag.py:3239} INFO - Sync 1 DAGs
[2024-11-26T18:56:54.125+0000] {logging_mixin.py:190} INFO - [2024-11-26T18:56:54.124+0000] {dag.py:4180} INFO - Setting next_dagrun for tutorial to 2024-11-25 00:00:00+00:00, run_after=2024-11-26 00:00:00+00:00
[2024-11-26T18:56:54.139+0000] {processor.py:208} INFO - Processing /home/airflow/.local/lib/python3.12/site-packages/airflow/example_dags/tutorial.py took 0.058 seconds
[2024-11-26T18:57:24.802+0000] {processor.py:186} INFO - Started process (PID=2028) to work on /home/airflow/.local/lib/python3.12/site-packages/airflow/example_dags/tutorial.py
[2024-11-26T18:57:24.803+0000] {processor.py:914} INFO - Processing file /home/airflow/.local/lib/python3.12/site-packages/airflow/example_dags/tutorial.py for tasks to queue
[2024-11-26T18:57:24.805+0000] {logging_mixin.py:190} INFO - [2024-11-26T18:57:24.804+0000] {dagbag.py:588} INFO - Filling up the DagBag from /home/airflow/.local/lib/python3.12/site-packages/airflow/example_dags/tutorial.py
[2024-11-26T18:57:24.810+0000] {processor.py:925} INFO - DAG(s) 'tutorial' retrieved from /home/airflow/.local/lib/python3.12/site-packages/airflow/example_dags/tutorial.py
[2024-11-26T18:57:24.825+0000] {logging_mixin.py:190} INFO - [2024-11-26T18:57:24.825+0000] {dag.py:3239} INFO - Sync 1 DAGs
[2024-11-26T18:57:24.843+0000] {logging_mixin.py:190} INFO - [2024-11-26T18:57:24.843+0000] {dag.py:4180} INFO - Setting next_dagrun for tutorial to 2024-11-25 00:00:00+00:00, run_after=2024-11-26 00:00:00+00:00
[2024-11-26T18:57:24.857+0000] {processor.py:208} INFO - Processing /home/airflow/.local/lib/python3.12/site-packages/airflow/example_dags/tutorial.py took 0.058 seconds
[2024-11-26T18:57:54.931+0000] {processor.py:186} INFO - Started process (PID=2103) to work on /home/airflow/.local/lib/python3.12/site-packages/airflow/example_dags/tutorial.py
[2024-11-26T18:57:54.932+0000] {processor.py:914} INFO - Processing file /home/airflow/.local/lib/python3.12/site-packages/airflow/example_dags/tutorial.py for tasks to queue
[2024-11-26T18:57:54.933+0000] {logging_mixin.py:190} INFO - [2024-11-26T18:57:54.933+0000] {dagbag.py:588} INFO - Filling up the DagBag from /home/airflow/.local/lib/python3.12/site-packages/airflow/example_dags/tutorial.py
[2024-11-26T18:57:54.940+0000] {processor.py:925} INFO - DAG(s) 'tutorial' retrieved from /home/airflow/.local/lib/python3.12/site-packages/airflow/example_dags/tutorial.py
[2024-11-26T18:57:54.956+0000] {logging_mixin.py:190} INFO - [2024-11-26T18:57:54.956+0000] {dag.py:3239} INFO - Sync 1 DAGs
[2024-11-26T18:57:54.974+0000] {logging_mixin.py:190} INFO - [2024-11-26T18:57:54.974+0000] {dag.py:4180} INFO - Setting next_dagrun for tutorial to 2024-11-25 00:00:00+00:00, run_after=2024-11-26 00:00:00+00:00
[2024-11-26T18:57:54.989+0000] {processor.py:208} INFO - Processing /home/airflow/.local/lib/python3.12/site-packages/airflow/example_dags/tutorial.py took 0.061 seconds
[2024-11-26T18:58:25.238+0000] {processor.py:186} INFO - Started process (PID=2178) to work on /home/airflow/.local/lib/python3.12/site-packages/airflow/example_dags/tutorial.py
[2024-11-26T18:58:25.239+0000] {processor.py:914} INFO - Processing file /home/airflow/.local/lib/python3.12/site-packages/airflow/example_dags/tutorial.py for tasks to queue
[2024-11-26T18:58:25.240+0000] {logging_mixin.py:190} INFO - [2024-11-26T18:58:25.240+0000] {dagbag.py:588} INFO - Filling up the DagBag from /home/airflow/.local/lib/python3.12/site-packages/airflow/example_dags/tutorial.py
[2024-11-26T18:58:25.247+0000] {processor.py:925} INFO - DAG(s) 'tutorial' retrieved from /home/airflow/.local/lib/python3.12/site-packages/airflow/example_dags/tutorial.py
[2024-11-26T18:58:25.266+0000] {logging_mixin.py:190} INFO - [2024-11-26T18:58:25.266+0000] {dag.py:3239} INFO - Sync 1 DAGs
[2024-11-26T18:58:25.285+0000] {logging_mixin.py:190} INFO - [2024-11-26T18:58:25.285+0000] {dag.py:4180} INFO - Setting next_dagrun for tutorial to 2024-11-25 00:00:00+00:00, run_after=2024-11-26 00:00:00+00:00
[2024-11-26T18:58:25.308+0000] {processor.py:208} INFO - Processing /home/airflow/.local/lib/python3.12/site-packages/airflow/example_dags/tutorial.py took 0.074 seconds
[2024-11-26T18:58:55.873+0000] {processor.py:186} INFO - Started process (PID=2253) to work on /home/airflow/.local/lib/python3.12/site-packages/airflow/example_dags/tutorial.py
[2024-11-26T18:58:55.874+0000] {processor.py:914} INFO - Processing file /home/airflow/.local/lib/python3.12/site-packages/airflow/example_dags/tutorial.py for tasks to queue
[2024-11-26T18:58:55.875+0000] {logging_mixin.py:190} INFO - [2024-11-26T18:58:55.875+0000] {dagbag.py:588} INFO - Filling up the DagBag from /home/airflow/.local/lib/python3.12/site-packages/airflow/example_dags/tutorial.py
[2024-11-26T18:58:55.882+0000] {processor.py:925} INFO - DAG(s) 'tutorial' retrieved from /home/airflow/.local/lib/python3.12/site-packages/airflow/example_dags/tutorial.py
[2024-11-26T18:58:55.898+0000] {logging_mixin.py:190} INFO - [2024-11-26T18:58:55.898+0000] {dag.py:3239} INFO - Sync 1 DAGs
[2024-11-26T18:58:55.917+0000] {logging_mixin.py:190} INFO - [2024-11-26T18:58:55.917+0000] {dag.py:4180} INFO - Setting next_dagrun for tutorial to 2024-11-25 00:00:00+00:00, run_after=2024-11-26 00:00:00+00:00
[2024-11-26T18:58:55.933+0000] {processor.py:208} INFO - Processing /home/airflow/.local/lib/python3.12/site-packages/airflow/example_dags/tutorial.py took 0.066 seconds
[2024-11-26T18:59:26.570+0000] {processor.py:186} INFO - Started process (PID=2328) to work on /home/airflow/.local/lib/python3.12/site-packages/airflow/example_dags/tutorial.py
[2024-11-26T18:59:26.571+0000] {processor.py:914} INFO - Processing file /home/airflow/.local/lib/python3.12/site-packages/airflow/example_dags/tutorial.py for tasks to queue
[2024-11-26T18:59:26.572+0000] {logging_mixin.py:190} INFO - [2024-11-26T18:59:26.572+0000] {dagbag.py:588} INFO - Filling up the DagBag from /home/airflow/.local/lib/python3.12/site-packages/airflow/example_dags/tutorial.py
[2024-11-26T18:59:26.578+0000] {processor.py:925} INFO - DAG(s) 'tutorial' retrieved from /home/airflow/.local/lib/python3.12/site-packages/airflow/example_dags/tutorial.py
[2024-11-26T18:59:26.592+0000] {logging_mixin.py:190} INFO - [2024-11-26T18:59:26.592+0000] {dag.py:3239} INFO - Sync 1 DAGs
[2024-11-26T18:59:26.608+0000] {logging_mixin.py:190} INFO - [2024-11-26T18:59:26.608+0000] {dag.py:4180} INFO - Setting next_dagrun for tutorial to 2024-11-25 00:00:00+00:00, run_after=2024-11-26 00:00:00+00:00
[2024-11-26T18:59:26.622+0000] {processor.py:208} INFO - Processing /home/airflow/.local/lib/python3.12/site-packages/airflow/example_dags/tutorial.py took 0.057 seconds
[2024-11-26T18:59:57.504+0000] {processor.py:186} INFO - Started process (PID=2404) to work on /home/airflow/.local/lib/python3.12/site-packages/airflow/example_dags/tutorial.py
[2024-11-26T18:59:57.505+0000] {processor.py:914} INFO - Processing file /home/airflow/.local/lib/python3.12/site-packages/airflow/example_dags/tutorial.py for tasks to queue
[2024-11-26T18:59:57.506+0000] {logging_mixin.py:190} INFO - [2024-11-26T18:59:57.506+0000] {dagbag.py:588} INFO - Filling up the DagBag from /home/airflow/.local/lib/python3.12/site-packages/airflow/example_dags/tutorial.py
[2024-11-26T18:59:57.512+0000] {processor.py:925} INFO - DAG(s) 'tutorial' retrieved from /home/airflow/.local/lib/python3.12/site-packages/airflow/example_dags/tutorial.py
[2024-11-26T18:59:57.526+0000] {logging_mixin.py:190} INFO - [2024-11-26T18:59:57.526+0000] {dag.py:3239} INFO - Sync 1 DAGs
[2024-11-26T18:59:57.542+0000] {logging_mixin.py:190} INFO - [2024-11-26T18:59:57.542+0000] {dag.py:4180} INFO - Setting next_dagrun for tutorial to 2024-11-25 00:00:00+00:00, run_after=2024-11-26 00:00:00+00:00
[2024-11-26T18:59:57.555+0000] {processor.py:208} INFO - Processing /home/airflow/.local/lib/python3.12/site-packages/airflow/example_dags/tutorial.py took 0.056 seconds
[2024-11-26T19:00:28.160+0000] {processor.py:186} INFO - Started process (PID=2479) to work on /home/airflow/.local/lib/python3.12/site-packages/airflow/example_dags/tutorial.py
[2024-11-26T19:00:28.161+0000] {processor.py:914} INFO - Processing file /home/airflow/.local/lib/python3.12/site-packages/airflow/example_dags/tutorial.py for tasks to queue
[2024-11-26T19:00:28.163+0000] {logging_mixin.py:190} INFO - [2024-11-26T19:00:28.162+0000] {dagbag.py:588} INFO - Filling up the DagBag from /home/airflow/.local/lib/python3.12/site-packages/airflow/example_dags/tutorial.py
[2024-11-26T19:00:28.170+0000] {processor.py:925} INFO - DAG(s) 'tutorial' retrieved from /home/airflow/.local/lib/python3.12/site-packages/airflow/example_dags/tutorial.py
[2024-11-26T19:00:28.190+0000] {logging_mixin.py:190} INFO - [2024-11-26T19:00:28.190+0000] {dag.py:3239} INFO - Sync 1 DAGs
[2024-11-26T19:00:28.213+0000] {logging_mixin.py:190} INFO - [2024-11-26T19:00:28.213+0000] {dag.py:4180} INFO - Setting next_dagrun for tutorial to 2024-11-25 00:00:00+00:00, run_after=2024-11-26 00:00:00+00:00
[2024-11-26T19:00:28.231+0000] {processor.py:208} INFO - Processing /home/airflow/.local/lib/python3.12/site-packages/airflow/example_dags/tutorial.py took 0.075 seconds
[2024-11-26T19:00:58.905+0000] {processor.py:186} INFO - Started process (PID=2554) to work on /home/airflow/.local/lib/python3.12/site-packages/airflow/example_dags/tutorial.py
[2024-11-26T19:00:58.905+0000] {processor.py:914} INFO - Processing file /home/airflow/.local/lib/python3.12/site-packages/airflow/example_dags/tutorial.py for tasks to queue
[2024-11-26T19:00:58.907+0000] {logging_mixin.py:190} INFO - [2024-11-26T19:00:58.907+0000] {dagbag.py:588} INFO - Filling up the DagBag from /home/airflow/.local/lib/python3.12/site-packages/airflow/example_dags/tutorial.py
[2024-11-26T19:00:58.913+0000] {processor.py:925} INFO - DAG(s) 'tutorial' retrieved from /home/airflow/.local/lib/python3.12/site-packages/airflow/example_dags/tutorial.py
[2024-11-26T19:00:58.928+0000] {logging_mixin.py:190} INFO - [2024-11-26T19:00:58.927+0000] {dag.py:3239} INFO - Sync 1 DAGs
[2024-11-26T19:00:58.944+0000] {logging_mixin.py:190} INFO - [2024-11-26T19:00:58.944+0000] {dag.py:4180} INFO - Setting next_dagrun for tutorial to 2024-11-25 00:00:00+00:00, run_after=2024-11-26 00:00:00+00:00
[2024-11-26T19:00:58.957+0000] {processor.py:208} INFO - Processing /home/airflow/.local/lib/python3.12/site-packages/airflow/example_dags/tutorial.py took 0.057 seconds
[2024-11-26T19:01:29.692+0000] {processor.py:186} INFO - Started process (PID=2629) to work on /home/airflow/.local/lib/python3.12/site-packages/airflow/example_dags/tutorial.py
[2024-11-26T19:01:29.693+0000] {processor.py:914} INFO - Processing file /home/airflow/.local/lib/python3.12/site-packages/airflow/example_dags/tutorial.py for tasks to queue
[2024-11-26T19:01:29.695+0000] {logging_mixin.py:190} INFO - [2024-11-26T19:01:29.695+0000] {dagbag.py:588} INFO - Filling up the DagBag from /home/airflow/.local/lib/python3.12/site-packages/airflow/example_dags/tutorial.py
[2024-11-26T19:01:29.702+0000] {processor.py:925} INFO - DAG(s) 'tutorial' retrieved from /home/airflow/.local/lib/python3.12/site-packages/airflow/example_dags/tutorial.py
[2024-11-26T19:01:29.722+0000] {logging_mixin.py:190} INFO - [2024-11-26T19:01:29.722+0000] {dag.py:3239} INFO - Sync 1 DAGs
[2024-11-26T19:01:29.739+0000] {logging_mixin.py:190} INFO - [2024-11-26T19:01:29.739+0000] {dag.py:4180} INFO - Setting next_dagrun for tutorial to 2024-11-25 00:00:00+00:00, run_after=2024-11-26 00:00:00+00:00
[2024-11-26T19:01:29.755+0000] {processor.py:208} INFO - Processing /home/airflow/.local/lib/python3.12/site-packages/airflow/example_dags/tutorial.py took 0.067 seconds
