[2024-12-07T13:35:00.207+0000] {local_task_job_runner.py:123} INFO - ::group::Pre task execution logs
[2024-12-07T13:35:00.227+0000] {taskinstance.py:2613} INFO - Dependencies all met for dep_context=non-requeueable deps ti=<TaskInstance: weather_data_pipeline.train_model manual__2024-12-07T13:34:44.648194+00:00 [queued]>
[2024-12-07T13:35:00.237+0000] {taskinstance.py:2613} INFO - Dependencies all met for dep_context=requeueable deps ti=<TaskInstance: weather_data_pipeline.train_model manual__2024-12-07T13:34:44.648194+00:00 [queued]>
[2024-12-07T13:35:00.238+0000] {taskinstance.py:2866} INFO - Starting attempt 1 of 2
[2024-12-07T13:35:00.917+0000] {taskinstance.py:2889} INFO - Executing <Task(PythonOperator): train_model> on 2024-12-07 13:34:44.648194+00:00
[2024-12-07T13:35:00.928+0000] {warnings.py:112} WARNING - /home/***/.local/lib/python3.12/site-packages/***/task/task_runner/standard_task_runner.py:70: DeprecationWarning: This process (pid=825) is multi-threaded, use of fork() may lead to deadlocks in the child.
  pid = os.fork()

[2024-12-07T13:35:00.930+0000] {standard_task_runner.py:72} INFO - Started process 838 to run task
[2024-12-07T13:35:00.930+0000] {standard_task_runner.py:104} INFO - Running: ['***', 'tasks', 'run', 'weather_data_pipeline', 'train_model', 'manual__2024-12-07T13:34:44.648194+00:00', '--job-id', '55', '--raw', '--subdir', 'DAGS_FOLDER/Airflow-DAG.py', '--cfg-path', '/tmp/tmpohmmpdyz']
[2024-12-07T13:35:00.931+0000] {standard_task_runner.py:105} INFO - Job 55: Subtask train_model
[2024-12-07T13:35:00.989+0000] {task_command.py:467} INFO - Running <TaskInstance: weather_data_pipeline.train_model manual__2024-12-07T13:34:44.648194+00:00 [running]> on host 463dd5f2fe24
[2024-12-07T13:35:01.093+0000] {taskinstance.py:3132} INFO - Exporting env vars: AIRFLOW_CTX_DAG_OWNER='***' AIRFLOW_CTX_DAG_ID='weather_data_pipeline' AIRFLOW_CTX_TASK_ID='train_model' AIRFLOW_CTX_EXECUTION_DATE='2024-12-07T13:34:44.648194+00:00' AIRFLOW_CTX_TRY_NUMBER='1' AIRFLOW_CTX_DAG_RUN_ID='manual__2024-12-07T13:34:44.648194+00:00'
[2024-12-07T13:35:01.094+0000] {logging_mixin.py:190} INFO - Task instance is in running state
[2024-12-07T13:35:01.095+0000] {logging_mixin.py:190} INFO -  Previous state of the Task instance: queued
[2024-12-07T13:35:01.095+0000] {logging_mixin.py:190} INFO - Current task name:train_model state:running start_date:2024-12-07 13:35:00.227884+00:00
[2024-12-07T13:35:01.095+0000] {logging_mixin.py:190} INFO - Dag name:weather_data_pipeline and current dag run status:running
[2024-12-07T13:35:01.096+0000] {taskinstance.py:731} INFO - ::endgroup::
[2024-12-07T13:35:01.125+0000] {python.py:240} INFO - Done. Returned value was: None
[2024-12-07T13:35:01.136+0000] {taskinstance.py:340} INFO - ::group::Post task execution logs
[2024-12-07T13:35:01.136+0000] {taskinstance.py:352} INFO - Marking task as SUCCESS. dag_id=weather_data_pipeline, task_id=train_model, run_id=manual__2024-12-07T13:34:44.648194+00:00, execution_date=20241207T133444, start_date=20241207T133500, end_date=20241207T133501
[2024-12-07T13:35:01.146+0000] {logging_mixin.py:190} INFO - Task instance in success state
[2024-12-07T13:35:01.147+0000] {logging_mixin.py:190} INFO -  Previous state of the Task instance: running
[2024-12-07T13:35:01.147+0000] {logging_mixin.py:190} INFO - Dag name:weather_data_pipeline queued_at:2024-12-07 13:34:44.751213+00:00
[2024-12-07T13:35:01.148+0000] {logging_mixin.py:190} INFO - Task hostname:463dd5f2fe24 operator:PythonOperator
[2024-12-07T13:35:01.186+0000] {local_task_job_runner.py:266} INFO - Task exited with return code 0
[2024-12-07T13:35:01.204+0000] {taskinstance.py:3895} INFO - 0 downstream tasks scheduled from follow-on schedule check
[2024-12-07T13:35:01.207+0000] {local_task_job_runner.py:245} INFO - ::endgroup::
