[2024-12-07T12:37:17.849+0000] {local_task_job_runner.py:123} INFO - ::group::Pre task execution logs
[2024-12-07T12:37:17.906+0000] {taskinstance.py:2613} INFO - Dependencies all met for dep_context=non-requeueable deps ti=<TaskInstance: weather_data_pipeline.fetch_weather_data scheduled__2024-12-03T00:00:00+00:00 [queued]>
[2024-12-07T12:37:17.921+0000] {taskinstance.py:2613} INFO - Dependencies all met for dep_context=requeueable deps ti=<TaskInstance: weather_data_pipeline.fetch_weather_data scheduled__2024-12-03T00:00:00+00:00 [queued]>
[2024-12-07T12:37:17.922+0000] {taskinstance.py:2866} INFO - Starting attempt 1 of 2
[2024-12-07T12:37:17.962+0000] {taskinstance.py:2889} INFO - Executing <Task(PythonOperator): fetch_weather_data> on 2024-12-03 00:00:00+00:00
[2024-12-07T12:37:18.066+0000] {warnings.py:112} WARNING - /home/***/.local/lib/python3.12/site-packages/***/task/task_runner/standard_task_runner.py:70: DeprecationWarning: This process (pid=90) is multi-threaded, use of fork() may lead to deadlocks in the child.
  pid = os.fork()

[2024-12-07T12:37:18.075+0000] {standard_task_runner.py:72} INFO - Started process 216 to run task
[2024-12-07T12:37:18.075+0000] {standard_task_runner.py:104} INFO - Running: ['***', 'tasks', 'run', 'weather_data_pipeline', 'fetch_weather_data', 'scheduled__2024-12-03T00:00:00+00:00', '--job-id', '18', '--raw', '--subdir', 'DAGS_FOLDER/Airflow-DAG.py', '--cfg-path', '/tmp/tmpdro0cmnq']
[2024-12-07T12:37:18.078+0000] {standard_task_runner.py:105} INFO - Job 18: Subtask fetch_weather_data
[2024-12-07T12:37:18.165+0000] {task_command.py:467} INFO - Running <TaskInstance: weather_data_pipeline.fetch_weather_data scheduled__2024-12-03T00:00:00+00:00 [running]> on host df52f7d1f9fa
[2024-12-07T12:37:18.381+0000] {taskinstance.py:3132} INFO - Exporting env vars: AIRFLOW_CTX_DAG_OWNER='***' AIRFLOW_CTX_DAG_ID='weather_data_pipeline' AIRFLOW_CTX_TASK_ID='fetch_weather_data' AIRFLOW_CTX_EXECUTION_DATE='2024-12-03T00:00:00+00:00' AIRFLOW_CTX_TRY_NUMBER='1' AIRFLOW_CTX_DAG_RUN_ID='scheduled__2024-12-03T00:00:00+00:00'
[2024-12-07T12:37:18.414+0000] {logging_mixin.py:190} INFO - Task instance is in running state
[2024-12-07T12:37:18.415+0000] {logging_mixin.py:190} INFO -  Previous state of the Task instance: queued
[2024-12-07T12:37:18.420+0000] {logging_mixin.py:190} INFO - Current task name:fetch_weather_data state:running start_date:2024-12-07 12:37:17.907322+00:00
[2024-12-07T12:37:18.420+0000] {logging_mixin.py:190} INFO - Dag name:weather_data_pipeline and current dag run status:running
[2024-12-07T12:37:18.429+0000] {taskinstance.py:731} INFO - ::endgroup::
[2024-12-07T12:37:19.186+0000] {python.py:240} INFO - Done. Returned value was: None
[2024-12-07T12:37:19.337+0000] {taskinstance.py:340} INFO - ::group::Post task execution logs
[2024-12-07T12:37:19.339+0000] {taskinstance.py:352} INFO - Marking task as SUCCESS. dag_id=weather_data_pipeline, task_id=fetch_weather_data, run_id=scheduled__2024-12-03T00:00:00+00:00, execution_date=20241203T000000, start_date=20241207T123717, end_date=20241207T123719
[2024-12-07T12:37:19.372+0000] {logging_mixin.py:190} INFO - Task instance in success state
[2024-12-07T12:37:19.378+0000] {logging_mixin.py:190} INFO -  Previous state of the Task instance: running
[2024-12-07T12:37:19.378+0000] {logging_mixin.py:190} INFO - Dag name:weather_data_pipeline queued_at:2024-12-07 12:37:04.878289+00:00
[2024-12-07T12:37:19.379+0000] {logging_mixin.py:190} INFO - Task hostname:df52f7d1f9fa operator:PythonOperator
[2024-12-07T12:37:19.435+0000] {local_task_job_runner.py:266} INFO - Task exited with return code 0
[2024-12-07T12:37:19.492+0000] {taskinstance.py:3895} INFO - 1 downstream tasks scheduled from follow-on schedule check
[2024-12-07T12:37:19.498+0000] {local_task_job_runner.py:245} INFO - ::endgroup::
