[2024-12-07T12:37:34.729+0000] {local_task_job_runner.py:123} INFO - ::group::Pre task execution logs
[2024-12-07T12:37:34.753+0000] {taskinstance.py:2613} INFO - Dependencies all met for dep_context=non-requeueable deps ti=<TaskInstance: weather_data_pipeline.train_model scheduled__2024-11-30T00:00:00+00:00 [queued]>
[2024-12-07T12:37:34.765+0000] {taskinstance.py:2613} INFO - Dependencies all met for dep_context=requeueable deps ti=<TaskInstance: weather_data_pipeline.train_model scheduled__2024-11-30T00:00:00+00:00 [queued]>
[2024-12-07T12:37:34.766+0000] {taskinstance.py:2866} INFO - Starting attempt 1 of 2
[2024-12-07T12:37:34.786+0000] {taskinstance.py:2889} INFO - Executing <Task(PythonOperator): train_model> on 2024-11-30 00:00:00+00:00
[2024-12-07T12:37:34.801+0000] {warnings.py:112} WARNING - /home/***/.local/lib/python3.12/site-packages/***/task/task_runner/standard_task_runner.py:70: DeprecationWarning: This process (pid=495) is multi-threaded, use of fork() may lead to deadlocks in the child.
  pid = os.fork()

[2024-12-07T12:37:34.804+0000] {standard_task_runner.py:72} INFO - Started process 648 to run task
[2024-12-07T12:37:34.805+0000] {standard_task_runner.py:104} INFO - Running: ['***', 'tasks', 'run', 'weather_data_pipeline', 'train_model', 'scheduled__2024-11-30T00:00:00+00:00', '--job-id', '49', '--raw', '--subdir', 'DAGS_FOLDER/Airflow-DAG.py', '--cfg-path', '/tmp/tmpsadhovoq']
[2024-12-07T12:37:34.806+0000] {standard_task_runner.py:105} INFO - Job 49: Subtask train_model
[2024-12-07T12:37:34.877+0000] {task_command.py:467} INFO - Running <TaskInstance: weather_data_pipeline.train_model scheduled__2024-11-30T00:00:00+00:00 [running]> on host df52f7d1f9fa
[2024-12-07T12:37:35.036+0000] {taskinstance.py:3132} INFO - Exporting env vars: AIRFLOW_CTX_DAG_OWNER='***' AIRFLOW_CTX_DAG_ID='weather_data_pipeline' AIRFLOW_CTX_TASK_ID='train_model' AIRFLOW_CTX_EXECUTION_DATE='2024-11-30T00:00:00+00:00' AIRFLOW_CTX_TRY_NUMBER='1' AIRFLOW_CTX_DAG_RUN_ID='scheduled__2024-11-30T00:00:00+00:00'
[2024-12-07T12:37:35.040+0000] {logging_mixin.py:190} INFO - Task instance is in running state
[2024-12-07T12:37:35.041+0000] {logging_mixin.py:190} INFO -  Previous state of the Task instance: queued
[2024-12-07T12:37:35.042+0000] {logging_mixin.py:190} INFO - Current task name:train_model state:running start_date:2024-12-07 12:37:34.756012+00:00
[2024-12-07T12:37:35.042+0000] {logging_mixin.py:190} INFO - Dag name:weather_data_pipeline and current dag run status:running
[2024-12-07T12:37:35.043+0000] {taskinstance.py:731} INFO - ::endgroup::
[2024-12-07T12:37:35.081+0000] {python.py:240} INFO - Done. Returned value was: None
[2024-12-07T12:37:35.096+0000] {taskinstance.py:340} INFO - ::group::Post task execution logs
[2024-12-07T12:37:35.097+0000] {taskinstance.py:352} INFO - Marking task as SUCCESS. dag_id=weather_data_pipeline, task_id=train_model, run_id=scheduled__2024-11-30T00:00:00+00:00, execution_date=20241130T000000, start_date=20241207T123734, end_date=20241207T123735
[2024-12-07T12:37:35.113+0000] {logging_mixin.py:190} INFO - Task instance in success state
[2024-12-07T12:37:35.113+0000] {logging_mixin.py:190} INFO -  Previous state of the Task instance: running
[2024-12-07T12:37:35.114+0000] {logging_mixin.py:190} INFO - Dag name:weather_data_pipeline queued_at:2024-12-07 12:37:04.333479+00:00
[2024-12-07T12:37:35.115+0000] {logging_mixin.py:190} INFO - Task hostname:df52f7d1f9fa operator:PythonOperator
[2024-12-07T12:37:35.184+0000] {local_task_job_runner.py:266} INFO - Task exited with return code 0
[2024-12-07T12:37:35.213+0000] {taskinstance.py:3895} INFO - 0 downstream tasks scheduled from follow-on schedule check
[2024-12-07T12:37:35.216+0000] {local_task_job_runner.py:245} INFO - ::endgroup::
