[2024-12-07T12:37:29.384+0000] {local_task_job_runner.py:123} INFO - ::group::Pre task execution logs
[2024-12-07T12:37:29.416+0000] {taskinstance.py:2613} INFO - Dependencies all met for dep_context=non-requeueable deps ti=<TaskInstance: weather_data_pipeline.preprocess_data scheduled__2024-11-27T00:00:00+00:00 [queued]>
[2024-12-07T12:37:29.443+0000] {taskinstance.py:2613} INFO - Dependencies all met for dep_context=requeueable deps ti=<TaskInstance: weather_data_pipeline.preprocess_data scheduled__2024-11-27T00:00:00+00:00 [queued]>
[2024-12-07T12:37:29.444+0000] {taskinstance.py:2866} INFO - Starting attempt 1 of 2
[2024-12-07T12:37:29.478+0000] {taskinstance.py:2889} INFO - Executing <Task(PythonOperator): preprocess_data> on 2024-11-27 00:00:00+00:00
[2024-12-07T12:37:29.498+0000] {warnings.py:112} WARNING - /home/***/.local/lib/python3.12/site-packages/***/task/task_runner/standard_task_runner.py:70: DeprecationWarning: This process (pid=285) is multi-threaded, use of fork() may lead to deadlocks in the child.
  pid = os.fork()

[2024-12-07T12:37:29.503+0000] {standard_task_runner.py:72} INFO - Started process 435 to run task
[2024-12-07T12:37:29.504+0000] {standard_task_runner.py:104} INFO - Running: ['***', 'tasks', 'run', 'weather_data_pipeline', 'preprocess_data', 'scheduled__2024-11-27T00:00:00+00:00', '--job-id', '31', '--raw', '--subdir', 'DAGS_FOLDER/Airflow-DAG.py', '--cfg-path', '/tmp/tmpehd392_n']
[2024-12-07T12:37:29.507+0000] {standard_task_runner.py:105} INFO - Job 31: Subtask preprocess_data
[2024-12-07T12:37:29.673+0000] {task_command.py:467} INFO - Running <TaskInstance: weather_data_pipeline.preprocess_data scheduled__2024-11-27T00:00:00+00:00 [running]> on host df52f7d1f9fa
[2024-12-07T12:37:29.918+0000] {taskinstance.py:3132} INFO - Exporting env vars: AIRFLOW_CTX_DAG_OWNER='***' AIRFLOW_CTX_DAG_ID='weather_data_pipeline' AIRFLOW_CTX_TASK_ID='preprocess_data' AIRFLOW_CTX_EXECUTION_DATE='2024-11-27T00:00:00+00:00' AIRFLOW_CTX_TRY_NUMBER='1' AIRFLOW_CTX_DAG_RUN_ID='scheduled__2024-11-27T00:00:00+00:00'
[2024-12-07T12:37:29.920+0000] {logging_mixin.py:190} INFO - Task instance is in running state
[2024-12-07T12:37:29.921+0000] {logging_mixin.py:190} INFO -  Previous state of the Task instance: queued
[2024-12-07T12:37:29.922+0000] {logging_mixin.py:190} INFO - Current task name:preprocess_data state:running start_date:2024-12-07 12:37:29.417099+00:00
[2024-12-07T12:37:29.922+0000] {logging_mixin.py:190} INFO - Dag name:weather_data_pipeline and current dag run status:running
[2024-12-07T12:37:29.924+0000] {taskinstance.py:731} INFO - ::endgroup::
[2024-12-07T12:37:30.026+0000] {python.py:240} INFO - Done. Returned value was: None
[2024-12-07T12:37:30.042+0000] {taskinstance.py:340} INFO - ::group::Post task execution logs
[2024-12-07T12:37:30.043+0000] {taskinstance.py:352} INFO - Marking task as SUCCESS. dag_id=weather_data_pipeline, task_id=preprocess_data, run_id=scheduled__2024-11-27T00:00:00+00:00, execution_date=20241127T000000, start_date=20241207T123729, end_date=20241207T123730
[2024-12-07T12:37:30.069+0000] {logging_mixin.py:190} INFO - Task instance in success state
[2024-12-07T12:37:30.077+0000] {logging_mixin.py:190} INFO -  Previous state of the Task instance: running
[2024-12-07T12:37:30.077+0000] {logging_mixin.py:190} INFO - Dag name:weather_data_pipeline queued_at:2024-12-07 12:37:03.941668+00:00
[2024-12-07T12:37:30.078+0000] {logging_mixin.py:190} INFO - Task hostname:df52f7d1f9fa operator:PythonOperator
[2024-12-07T12:37:30.140+0000] {local_task_job_runner.py:266} INFO - Task exited with return code 0
[2024-12-07T12:37:30.181+0000] {taskinstance.py:3895} INFO - 1 downstream tasks scheduled from follow-on schedule check
[2024-12-07T12:37:30.190+0000] {local_task_job_runner.py:245} INFO - ::endgroup::
