[2024-11-26T18:47:46.767+0000] {local_task_job_runner.py:123} INFO - ::group::Pre task execution logs
[2024-11-26T18:47:46.779+0000] {taskinstance.py:2613} INFO - Dependencies all met for dep_context=non-requeueable deps ti=<TaskInstance: weather_data_pipeline.fetch_weather_data manual__2024-11-26T18:47:43.705969+00:00 [queued]>
[2024-11-26T18:47:46.785+0000] {taskinstance.py:2613} INFO - Dependencies all met for dep_context=requeueable deps ti=<TaskInstance: weather_data_pipeline.fetch_weather_data manual__2024-11-26T18:47:43.705969+00:00 [queued]>
[2024-11-26T18:47:46.786+0000] {taskinstance.py:2866} INFO - Starting attempt 1 of 2
[2024-11-26T18:47:46.796+0000] {taskinstance.py:2889} INFO - Executing <Task(PythonOperator): fetch_weather_data> on 2024-11-26 18:47:43.705969+00:00
[2024-11-26T18:47:46.805+0000] {warnings.py:112} WARNING - /home/***/.local/lib/python3.12/site-packages/***/task/task_runner/standard_task_runner.py:70: DeprecationWarning: This process (pid=171) is multi-threaded, use of fork() may lead to deadlocks in the child.
  pid = os.fork()

[2024-11-26T18:47:46.806+0000] {standard_task_runner.py:104} INFO - Running: ['***', 'tasks', 'run', 'weather_data_pipeline', 'fetch_weather_data', 'manual__2024-11-26T18:47:43.705969+00:00', '--job-id', '13', '--raw', '--subdir', 'DAGS_FOLDER/Airflow-DAG.py', '--cfg-path', '/tmp/tmp2aitzucd']
[2024-11-26T18:47:46.807+0000] {standard_task_runner.py:72} INFO - Started process 184 to run task
[2024-11-26T18:47:46.807+0000] {standard_task_runner.py:105} INFO - Job 13: Subtask fetch_weather_data
[2024-11-26T18:47:46.841+0000] {task_command.py:467} INFO - Running <TaskInstance: weather_data_pipeline.fetch_weather_data manual__2024-11-26T18:47:43.705969+00:00 [running]> on host df52f7d1f9fa
[2024-11-26T18:47:46.918+0000] {taskinstance.py:3132} INFO - Exporting env vars: AIRFLOW_CTX_DAG_OWNER='***' AIRFLOW_CTX_DAG_ID='weather_data_pipeline' AIRFLOW_CTX_TASK_ID='fetch_weather_data' AIRFLOW_CTX_EXECUTION_DATE='2024-11-26T18:47:43.705969+00:00' AIRFLOW_CTX_TRY_NUMBER='1' AIRFLOW_CTX_DAG_RUN_ID='manual__2024-11-26T18:47:43.705969+00:00'
[2024-11-26T18:47:46.919+0000] {logging_mixin.py:190} INFO - Task instance is in running state
[2024-11-26T18:47:46.920+0000] {logging_mixin.py:190} INFO -  Previous state of the Task instance: queued
[2024-11-26T18:47:46.920+0000] {logging_mixin.py:190} INFO - Current task name:fetch_weather_data state:running start_date:2024-11-26 18:47:46.780226+00:00
[2024-11-26T18:47:46.921+0000] {logging_mixin.py:190} INFO - Dag name:weather_data_pipeline and current dag run status:running
[2024-11-26T18:47:46.921+0000] {taskinstance.py:731} INFO - ::endgroup::
[2024-11-26T18:47:47.533+0000] {python.py:240} INFO - Done. Returned value was: None
[2024-11-26T18:47:47.542+0000] {taskinstance.py:340} INFO - ::group::Post task execution logs
[2024-11-26T18:47:47.543+0000] {taskinstance.py:352} INFO - Marking task as SUCCESS. dag_id=weather_data_pipeline, task_id=fetch_weather_data, run_id=manual__2024-11-26T18:47:43.705969+00:00, execution_date=20241126T184743, start_date=20241126T184746, end_date=20241126T184747
[2024-11-26T18:47:47.554+0000] {logging_mixin.py:190} INFO - Task instance in success state
[2024-11-26T18:47:47.555+0000] {logging_mixin.py:190} INFO -  Previous state of the Task instance: running
[2024-11-26T18:47:47.555+0000] {logging_mixin.py:190} INFO - Dag name:weather_data_pipeline queued_at:2024-11-26 18:47:43.715567+00:00
[2024-11-26T18:47:47.555+0000] {logging_mixin.py:190} INFO - Task hostname:df52f7d1f9fa operator:PythonOperator
[2024-11-26T18:47:47.583+0000] {local_task_job_runner.py:266} INFO - Task exited with return code 0
[2024-11-26T18:47:47.605+0000] {taskinstance.py:3895} INFO - 1 downstream tasks scheduled from follow-on schedule check
[2024-11-26T18:47:47.608+0000] {local_task_job_runner.py:245} INFO - ::endgroup::
