[2024-12-07T12:37:29.375+0000] {local_task_job_runner.py:123} INFO - ::group::Pre task execution logs
[2024-12-07T12:37:29.403+0000] {taskinstance.py:2613} INFO - Dependencies all met for dep_context=non-requeueable deps ti=<TaskInstance: weather_data_pipeline.preprocess_data scheduled__2024-11-26T00:00:00+00:00 [queued]>
[2024-12-07T12:37:29.416+0000] {taskinstance.py:2613} INFO - Dependencies all met for dep_context=requeueable deps ti=<TaskInstance: weather_data_pipeline.preprocess_data scheduled__2024-11-26T00:00:00+00:00 [queued]>
[2024-12-07T12:37:29.417+0000] {taskinstance.py:2866} INFO - Starting attempt 1 of 2
[2024-12-07T12:37:29.443+0000] {taskinstance.py:2889} INFO - Executing <Task(PythonOperator): preprocess_data> on 2024-11-26 00:00:00+00:00
[2024-12-07T12:37:29.465+0000] {warnings.py:112} WARNING - /home/***/.local/lib/python3.12/site-packages/***/task/task_runner/standard_task_runner.py:70: DeprecationWarning: This process (pid=286) is multi-threaded, use of fork() may lead to deadlocks in the child.
  pid = os.fork()

[2024-12-07T12:37:29.467+0000] {standard_task_runner.py:72} INFO - Started process 428 to run task
[2024-12-07T12:37:29.485+0000] {standard_task_runner.py:104} INFO - Running: ['***', 'tasks', 'run', 'weather_data_pipeline', 'preprocess_data', 'scheduled__2024-11-26T00:00:00+00:00', '--job-id', '34', '--raw', '--subdir', 'DAGS_FOLDER/Airflow-DAG.py', '--cfg-path', '/tmp/tmp6pths1p7']
[2024-12-07T12:37:29.488+0000] {standard_task_runner.py:105} INFO - Job 34: Subtask preprocess_data
[2024-12-07T12:37:29.659+0000] {task_command.py:467} INFO - Running <TaskInstance: weather_data_pipeline.preprocess_data scheduled__2024-11-26T00:00:00+00:00 [running]> on host df52f7d1f9fa
[2024-12-07T12:37:29.840+0000] {taskinstance.py:3132} INFO - Exporting env vars: AIRFLOW_CTX_DAG_OWNER='***' AIRFLOW_CTX_DAG_ID='weather_data_pipeline' AIRFLOW_CTX_TASK_ID='preprocess_data' AIRFLOW_CTX_EXECUTION_DATE='2024-11-26T00:00:00+00:00' AIRFLOW_CTX_TRY_NUMBER='1' AIRFLOW_CTX_DAG_RUN_ID='scheduled__2024-11-26T00:00:00+00:00'
[2024-12-07T12:37:29.845+0000] {logging_mixin.py:190} INFO - Task instance is in running state
[2024-12-07T12:37:29.846+0000] {logging_mixin.py:190} INFO -  Previous state of the Task instance: queued
[2024-12-07T12:37:29.847+0000] {logging_mixin.py:190} INFO - Current task name:preprocess_data state:running start_date:2024-12-07 12:37:29.404285+00:00
[2024-12-07T12:37:29.850+0000] {logging_mixin.py:190} INFO - Dag name:weather_data_pipeline and current dag run status:running
[2024-12-07T12:37:29.851+0000] {taskinstance.py:731} INFO - ::endgroup::
[2024-12-07T12:37:29.965+0000] {python.py:240} INFO - Done. Returned value was: None
[2024-12-07T12:37:29.992+0000] {taskinstance.py:340} INFO - ::group::Post task execution logs
[2024-12-07T12:37:29.993+0000] {taskinstance.py:352} INFO - Marking task as SUCCESS. dag_id=weather_data_pipeline, task_id=preprocess_data, run_id=scheduled__2024-11-26T00:00:00+00:00, execution_date=20241126T000000, start_date=20241207T123729, end_date=20241207T123729
[2024-12-07T12:37:30.012+0000] {logging_mixin.py:190} INFO - Task instance in success state
[2024-12-07T12:37:30.013+0000] {logging_mixin.py:190} INFO -  Previous state of the Task instance: running
[2024-12-07T12:37:30.018+0000] {logging_mixin.py:190} INFO - Dag name:weather_data_pipeline queued_at:2024-12-07 12:37:03.577800+00:00
[2024-12-07T12:37:30.019+0000] {logging_mixin.py:190} INFO - Task hostname:df52f7d1f9fa operator:PythonOperator
[2024-12-07T12:37:30.063+0000] {local_task_job_runner.py:266} INFO - Task exited with return code 0
[2024-12-07T12:37:30.092+0000] {taskinstance.py:3895} INFO - 1 downstream tasks scheduled from follow-on schedule check
[2024-12-07T12:37:30.096+0000] {local_task_job_runner.py:245} INFO - ::endgroup::
